{"C:\\ruvo-application\\src\\components\\FloatingNavBar.js": {"path":"C:\\ruvo-application\\src\\components\\FloatingNavBar.js","statementMap":{"0":{"start":{"line":7,"column":18},"end":{"line":7,"column":42}},"1":{"start":{"line":9,"column":15},"end":{"line":13,"column":1}},"2":{"start":{"line":16,"column":21},"end":{"line":16,"column":36}},"3":{"start":{"line":18,"column":27},"end":{"line":21,"column":3}},"4":{"start":{"line":19,"column":4},"end":{"line":19,"column":35}},"5":{"start":{"line":19,"column":28},"end":{"line":19,"column":35}},"6":{"start":{"line":20,"column":4},"end":{"line":20,"column":32}},"7":{"start":{"line":23,"column":2},"end":{"line":52,"column":4}},"8":{"start":{"line":27,"column":64},"end":{"line":27,"column":88}},"9":{"start":{"line":32,"column":64},"end":{"line":32,"column":93}},"10":{"start":{"line":37,"column":64},"end":{"line":37,"column":88}},"11":{"start":{"line":42,"column":64},"end":{"line":42,"column":91}},"12":{"start":{"line":47,"column":64},"end":{"line":47,"column":91}},"13":{"start":{"line":55,"column":15},"end":{"line":84,"column":2}}},"fnMap":{"0":{"name":"FloatingNavBar","decl":{"start":{"line":15,"column":24},"end":{"line":15,"column":38}},"loc":{"start":{"line":15,"column":52},"end":{"line":53,"column":1}},"line":15},"1":{"name":"(anonymous_1)","decl":{"start":{"line":18,"column":27},"end":{"line":18,"column":28}},"loc":{"start":{"line":18,"column":39},"end":{"line":21,"column":3}},"line":18},"2":{"name":"(anonymous_2)","decl":{"start":{"line":27,"column":58},"end":{"line":27,"column":59}},"loc":{"start":{"line":27,"column":64},"end":{"line":27,"column":88}},"line":27},"3":{"name":"(anonymous_3)","decl":{"start":{"line":32,"column":58},"end":{"line":32,"column":59}},"loc":{"start":{"line":32,"column":64},"end":{"line":32,"column":93}},"line":32},"4":{"name":"(anonymous_4)","decl":{"start":{"line":37,"column":58},"end":{"line":37,"column":59}},"loc":{"start":{"line":37,"column":64},"end":{"line":37,"column":88}},"line":37},"5":{"name":"(anonymous_5)","decl":{"start":{"line":42,"column":58},"end":{"line":42,"column":59}},"loc":{"start":{"line":42,"column":64},"end":{"line":42,"column":91}},"line":42},"6":{"name":"(anonymous_6)","decl":{"start":{"line":47,"column":58},"end":{"line":47,"column":59}},"loc":{"start":{"line":47,"column":64},"end":{"line":47,"column":91}},"line":47}},"branchMap":{"0":{"loc":{"start":{"line":19,"column":4},"end":{"line":19,"column":35}},"type":"if","locations":[{"start":{"line":19,"column":4},"end":{"line":19,"column":35}},{"start":{},"end":{}}],"line":19},"1":{"loc":{"start":{"line":28,"column":28},"end":{"line":28,"column":72}},"type":"cond-expr","locations":[{"start":{"line":28,"column":49},"end":{"line":28,"column":55}},{"start":{"line":28,"column":58},"end":{"line":28,"column":72}}],"line":28},"2":{"loc":{"start":{"line":28,"column":91},"end":{"line":28,"column":143}},"type":"cond-expr","locations":[{"start":{"line":28,"column":112},"end":{"line":28,"column":125}},{"start":{"line":28,"column":128},"end":{"line":28,"column":143}}],"line":28},"3":{"loc":{"start":{"line":33,"column":28},"end":{"line":33,"column":81}},"type":"cond-expr","locations":[{"start":{"line":33,"column":54},"end":{"line":33,"column":62}},{"start":{"line":33,"column":65},"end":{"line":33,"column":81}}],"line":33},"4":{"loc":{"start":{"line":33,"column":100},"end":{"line":33,"column":157}},"type":"cond-expr","locations":[{"start":{"line":33,"column":126},"end":{"line":33,"column":139}},{"start":{"line":33,"column":142},"end":{"line":33,"column":157}}],"line":33},"5":{"loc":{"start":{"line":38,"column":28},"end":{"line":38,"column":80}},"type":"cond-expr","locations":[{"start":{"line":38,"column":49},"end":{"line":38,"column":59}},{"start":{"line":38,"column":62},"end":{"line":38,"column":80}}],"line":38},"6":{"loc":{"start":{"line":38,"column":99},"end":{"line":38,"column":151}},"type":"cond-expr","locations":[{"start":{"line":38,"column":120},"end":{"line":38,"column":133}},{"start":{"line":38,"column":136},"end":{"line":38,"column":151}}],"line":38},"7":{"loc":{"start":{"line":43,"column":28},"end":{"line":43,"column":75}},"type":"cond-expr","locations":[{"start":{"line":43,"column":52},"end":{"line":43,"column":58}},{"start":{"line":43,"column":61},"end":{"line":43,"column":75}}],"line":43},"8":{"loc":{"start":{"line":43,"column":94},"end":{"line":43,"column":149}},"type":"cond-expr","locations":[{"start":{"line":43,"column":118},"end":{"line":43,"column":131}},{"start":{"line":43,"column":134},"end":{"line":43,"column":149}}],"line":43},"9":{"loc":{"start":{"line":48,"column":28},"end":{"line":48,"column":79}},"type":"cond-expr","locations":[{"start":{"line":48,"column":52},"end":{"line":48,"column":60}},{"start":{"line":48,"column":63},"end":{"line":48,"column":79}}],"line":48},"10":{"loc":{"start":{"line":48,"column":98},"end":{"line":48,"column":153}},"type":"cond-expr","locations":[{"start":{"line":48,"column":122},"end":{"line":48,"column":135}},{"start":{"line":48,"column":138},"end":{"line":48,"column":153}}],"line":48}},"s":{"0":0,"1":0,"2":0,"3":0,"4":0,"5":0,"6":0,"7":0,"8":0,"9":0,"10":0,"11":0,"12":0,"13":0},"f":{"0":0,"1":0,"2":0,"3":0,"4":0,"5":0,"6":0},"b":{"0":[0,0],"1":[0,0],"2":[0,0],"3":[0,0],"4":[0,0],"5":[0,0],"6":[0,0],"7":[0,0],"8":[0,0],"9":[0,0],"10":[0,0]}}
,"C:\\ruvo-application\\src\\components\\NotificationBell.js": {"path":"C:\\ruvo-application\\src\\components\\NotificationBell.js","statementMap":{"0":{"start":{"line":8,"column":28},"end":{"line":8,"column":46}},"1":{"start":{"line":10,"column":4},"end":{"line":23,"column":6}},"2":{"start":{"line":26,"column":15},"end":{"line":49,"column":2}}},"fnMap":{"0":{"name":"NotificationBell","decl":{"start":{"line":7,"column":24},"end":{"line":7,"column":40}},"loc":{"start":{"line":7,"column":54},"end":{"line":24,"column":1}},"line":7}},"branchMap":{"0":{"loc":{"start":{"line":15,"column":13},"end":{"line":21,"column":13}},"type":"binary-expr","locations":[{"start":{"line":15,"column":13},"end":{"line":15,"column":28}},{"start":{"line":16,"column":16},"end":{"line":20,"column":23}}],"line":15},"1":{"loc":{"start":{"line":18,"column":25},"end":{"line":18,"column":61}},"type":"cond-expr","locations":[{"start":{"line":18,"column":43},"end":{"line":18,"column":47}},{"start":{"line":18,"column":50},"end":{"line":18,"column":61}}],"line":18}},"s":{"0":0,"1":0,"2":0},"f":{"0":0},"b":{"0":[0,0],"1":[0,0]}}
,"C:\\ruvo-application\\src\\components\\NotificationSheet.js": {"path":"C:\\ruvo-application\\src\\components\\NotificationSheet.js","statementMap":{"0":{"start":{"line":8,"column":15},"end":{"line":14,"column":1}},"1":{"start":{"line":16,"column":19},"end":{"line":16,"column":43}},"2":{"start":{"line":19,"column":31},"end":{"line":41,"column":1}},"3":{"start":{"line":20,"column":4},"end":{"line":20,"column":30}},"4":{"start":{"line":20,"column":20},"end":{"line":20,"column":30}},"5":{"start":{"line":21,"column":17},"end":{"line":21,"column":36}},"6":{"start":{"line":22,"column":4},"end":{"line":22,"column":41}},"7":{"start":{"line":22,"column":31},"end":{"line":22,"column":41}},"8":{"start":{"line":24,"column":16},"end":{"line":24,"column":26}},"9":{"start":{"line":25,"column":22},"end":{"line":25,"column":32}},"10":{"start":{"line":26,"column":4},"end":{"line":26,"column":41}},"11":{"start":{"line":28,"column":19},"end":{"line":28,"column":29}},"12":{"start":{"line":29,"column":21},"end":{"line":29,"column":47}},"13":{"start":{"line":31,"column":4},"end":{"line":31,"column":40}},"14":{"start":{"line":31,"column":22},"end":{"line":31,"column":40}},"15":{"start":{"line":32,"column":4},"end":{"line":32,"column":49}},"16":{"start":{"line":32,"column":23},"end":{"line":32,"column":49}},"17":{"start":{"line":34,"column":4},"end":{"line":36,"column":5}},"18":{"start":{"line":35,"column":8},"end":{"line":35,"column":83}},"19":{"start":{"line":37,"column":4},"end":{"line":39,"column":5}},"20":{"start":{"line":38,"column":8},"end":{"line":38,"column":99}},"21":{"start":{"line":40,"column":4},"end":{"line":40,"column":111}},"22":{"start":{"line":44,"column":72},"end":{"line":44,"column":90}},"23":{"start":{"line":45,"column":27},"end":{"line":45,"column":36}},"24":{"start":{"line":48,"column":40},"end":{"line":48,"column":54}},"25":{"start":{"line":49,"column":36},"end":{"line":49,"column":56}},"26":{"start":{"line":50,"column":48},"end":{"line":50,"column":63}},"27":{"start":{"line":52,"column":34},"end":{"line":60,"column":35}},"28":{"start":{"line":53,"column":8},"end":{"line":53,"column":46}},"29":{"start":{"line":53,"column":25},"end":{"line":53,"column":46}},"30":{"start":{"line":54,"column":8},"end":{"line":59,"column":11}},"31":{"start":{"line":55,"column":26},"end":{"line":55,"column":42}},"32":{"start":{"line":56,"column":12},"end":{"line":58,"column":68}},"33":{"start":{"line":62,"column":27},"end":{"line":65,"column":5}},"34":{"start":{"line":63,"column":8},"end":{"line":63,"column":46}},"35":{"start":{"line":64,"column":8},"end":{"line":64,"column":32}},"36":{"start":{"line":67,"column":29},"end":{"line":74,"column":5}},"37":{"start":{"line":68,"column":8},"end":{"line":73,"column":9}},"38":{"start":{"line":69,"column":12},"end":{"line":69,"column":37}},"39":{"start":{"line":70,"column":12},"end":{"line":70,"column":58}},"40":{"start":{"line":70,"column":30},"end":{"line":70,"column":58}},"41":{"start":{"line":72,"column":12},"end":{"line":72,"column":56}},"42":{"start":{"line":72,"column":30},"end":{"line":72,"column":56}},"43":{"start":{"line":76,"column":24},"end":{"line":79,"column":5}},"44":{"start":{"line":77,"column":8},"end":{"line":77,"column":32}},"45":{"start":{"line":78,"column":8},"end":{"line":78,"column":33}},"46":{"start":{"line":82,"column":25},"end":{"line":91,"column":5}},"47":{"start":{"line":83,"column":8},"end":{"line":89,"column":9}},"48":{"start":{"line":84,"column":12},"end":{"line":88,"column":15}},"49":{"start":{"line":90,"column":8},"end":{"line":90,"column":44}},"50":{"start":{"line":94,"column":26},"end":{"line":96,"column":5}},"51":{"start":{"line":95,"column":8},"end":{"line":95,"column":31}},"52":{"start":{"line":99,"column":25},"end":{"line":112,"column":5}},"53":{"start":{"line":100,"column":8},"end":{"line":111,"column":9}},"54":{"start":{"line":101,"column":35},"end":{"line":101,"column":114}},"55":{"start":{"line":102,"column":35},"end":{"line":102,"column":114}},"56":{"start":{"line":103,"column":28},"end":{"line":103,"column":99}},"57":{"start":{"line":104,"column":29},"end":{"line":104,"column":107}},"58":{"start":{"line":105,"column":28},"end":{"line":105,"column":114}},"59":{"start":{"line":106,"column":25},"end":{"line":106,"column":99}},"60":{"start":{"line":107,"column":34},"end":{"line":107,"column":111}},"61":{"start":{"line":108,"column":32},"end":{"line":108,"column":106}},"62":{"start":{"line":109,"column":26},"end":{"line":109,"column":110}},"63":{"start":{"line":110,"column":21},"end":{"line":110,"column":107}},"64":{"start":{"line":114,"column":23},"end":{"line":152,"column":5}},"65":{"start":{"line":115,"column":25},"end":{"line":115,"column":35}},"66":{"start":{"line":116,"column":26},"end":{"line":116,"column":49}},"67":{"start":{"line":118,"column":8},"end":{"line":151,"column":10}},"68":{"start":{"line":122,"column":31},"end":{"line":122,"column":50}},"69":{"start":{"line":141,"column":86},"end":{"line":141,"column":104}},"70":{"start":{"line":144,"column":87},"end":{"line":144,"column":109}},"71":{"start":{"line":154,"column":4},"end":{"line":224,"column":6}},"72":{"start":{"line":167,"column":69},"end":{"line":167,"column":88}},"73":{"start":{"line":181,"column":50},"end":{"line":181,"column":57}},"74":{"start":{"line":193,"column":97},"end":{"line":193,"column":121}},"75":{"start":{"line":208,"column":81},"end":{"line":208,"column":105}},"76":{"start":{"line":227,"column":15},"end":{"line":261,"column":2}}},"fnMap":{"0":{"name":"(anonymous_0)","decl":{"start":{"line":19,"column":31},"end":{"line":19,"column":32}},"loc":{"start":{"line":19,"column":46},"end":{"line":41,"column":1}},"line":19},"1":{"name":"NotificationSheet","decl":{"start":{"line":43,"column":24},"end":{"line":43,"column":41}},"loc":{"start":{"line":43,"column":64},"end":{"line":225,"column":1}},"line":43},"2":{"name":"(anonymous_2)","decl":{"start":{"line":52,"column":42},"end":{"line":52,"column":43}},"loc":{"start":{"line":52,"column":48},"end":{"line":60,"column":5}},"line":52},"3":{"name":"(anonymous_3)","decl":{"start":{"line":54,"column":36},"end":{"line":54,"column":37}},"loc":{"start":{"line":54,"column":41},"end":{"line":59,"column":9}},"line":54},"4":{"name":"(anonymous_4)","decl":{"start":{"line":62,"column":27},"end":{"line":62,"column":28}},"loc":{"start":{"line":62,"column":33},"end":{"line":65,"column":5}},"line":62},"5":{"name":"(anonymous_5)","decl":{"start":{"line":67,"column":29},"end":{"line":67,"column":30}},"loc":{"start":{"line":67,"column":54},"end":{"line":74,"column":5}},"line":67},"6":{"name":"(anonymous_6)","decl":{"start":{"line":76,"column":24},"end":{"line":76,"column":25}},"loc":{"start":{"line":76,"column":30},"end":{"line":79,"column":5}},"line":76},"7":{"name":"(anonymous_7)","decl":{"start":{"line":82,"column":25},"end":{"line":82,"column":26}},"loc":{"start":{"line":82,"column":43},"end":{"line":91,"column":5}},"line":82},"8":{"name":"(anonymous_8)","decl":{"start":{"line":94,"column":26},"end":{"line":94,"column":27}},"loc":{"start":{"line":94,"column":34},"end":{"line":96,"column":5}},"line":94},"9":{"name":"(anonymous_9)","decl":{"start":{"line":99,"column":25},"end":{"line":99,"column":26}},"loc":{"start":{"line":99,"column":35},"end":{"line":112,"column":5}},"line":99},"10":{"name":"(anonymous_10)","decl":{"start":{"line":114,"column":23},"end":{"line":114,"column":24}},"loc":{"start":{"line":114,"column":37},"end":{"line":152,"column":5}},"line":114},"11":{"name":"(anonymous_11)","decl":{"start":{"line":122,"column":25},"end":{"line":122,"column":26}},"loc":{"start":{"line":122,"column":31},"end":{"line":122,"column":50}},"line":122},"12":{"name":"(anonymous_12)","decl":{"start":{"line":141,"column":80},"end":{"line":141,"column":81}},"loc":{"start":{"line":141,"column":86},"end":{"line":141,"column":104}},"line":141},"13":{"name":"(anonymous_13)","decl":{"start":{"line":144,"column":81},"end":{"line":144,"column":82}},"loc":{"start":{"line":144,"column":87},"end":{"line":144,"column":109}},"line":144},"14":{"name":"(anonymous_14)","decl":{"start":{"line":167,"column":63},"end":{"line":167,"column":64}},"loc":{"start":{"line":167,"column":69},"end":{"line":167,"column":88}},"line":167},"15":{"name":"(anonymous_15)","decl":{"start":{"line":181,"column":42},"end":{"line":181,"column":43}},"loc":{"start":{"line":181,"column":50},"end":{"line":181,"column":57}},"line":181},"16":{"name":"(anonymous_16)","decl":{"start":{"line":193,"column":91},"end":{"line":193,"column":92}},"loc":{"start":{"line":193,"column":97},"end":{"line":193,"column":121}},"line":193},"17":{"name":"(anonymous_17)","decl":{"start":{"line":208,"column":75},"end":{"line":208,"column":76}},"loc":{"start":{"line":208,"column":81},"end":{"line":208,"column":105}},"line":208}},"branchMap":{"0":{"loc":{"start":{"line":20,"column":4},"end":{"line":20,"column":30}},"type":"if","locations":[{"start":{"line":20,"column":4},"end":{"line":20,"column":30}},{"start":{},"end":{}}],"line":20},"1":{"loc":{"start":{"line":22,"column":4},"end":{"line":22,"column":41}},"type":"if","locations":[{"start":{"line":22,"column":4},"end":{"line":22,"column":41}},{"start":{},"end":{}}],"line":22},"2":{"loc":{"start":{"line":31,"column":4},"end":{"line":31,"column":40}},"type":"if","locations":[{"start":{"line":31,"column":4},"end":{"line":31,"column":40}},{"start":{},"end":{}}],"line":31},"3":{"loc":{"start":{"line":32,"column":4},"end":{"line":32,"column":49}},"type":"if","locations":[{"start":{"line":32,"column":4},"end":{"line":32,"column":49}},{"start":{},"end":{}}],"line":32},"4":{"loc":{"start":{"line":34,"column":4},"end":{"line":36,"column":5}},"type":"if","locations":[{"start":{"line":34,"column":4},"end":{"line":36,"column":5}},{"start":{},"end":{}}],"line":34},"5":{"loc":{"start":{"line":37,"column":4},"end":{"line":39,"column":5}},"type":"if","locations":[{"start":{"line":37,"column":4},"end":{"line":39,"column":5}},{"start":{},"end":{}}],"line":37},"6":{"loc":{"start":{"line":53,"column":8},"end":{"line":53,"column":46}},"type":"if","locations":[{"start":{"line":53,"column":8},"end":{"line":53,"column":46}},{"start":{},"end":{}}],"line":53},"7":{"loc":{"start":{"line":56,"column":19},"end":{"line":58,"column":67}},"type":"binary-expr","locations":[{"start":{"line":56,"column":19},"end":{"line":56,"column":59}},{"start":{"line":57,"column":19},"end":{"line":57,"column":61}},{"start":{"line":58,"column":19},"end":{"line":58,"column":67}}],"line":56},"8":{"loc":{"start":{"line":63,"column":20},"end":{"line":63,"column":44}},"type":"binary-expr","locations":[{"start":{"line":63,"column":20},"end":{"line":63,"column":30}},{"start":{"line":63,"column":34},"end":{"line":63,"column":44}}],"line":63},"9":{"loc":{"start":{"line":68,"column":8},"end":{"line":73,"column":9}},"type":"if","locations":[{"start":{"line":68,"column":8},"end":{"line":73,"column":9}},{"start":{"line":71,"column":15},"end":{"line":73,"column":9}}],"line":68},"10":{"loc":{"start":{"line":70,"column":12},"end":{"line":70,"column":58}},"type":"if","locations":[{"start":{"line":70,"column":12},"end":{"line":70,"column":58}},{"start":{},"end":{}}],"line":70},"11":{"loc":{"start":{"line":72,"column":12},"end":{"line":72,"column":56}},"type":"if","locations":[{"start":{"line":72,"column":12},"end":{"line":72,"column":56}},{"start":{},"end":{}}],"line":72},"12":{"loc":{"start":{"line":83,"column":8},"end":{"line":89,"column":9}},"type":"if","locations":[{"start":{"line":83,"column":8},"end":{"line":89,"column":9}},{"start":{},"end":{}}],"line":83},"13":{"loc":{"start":{"line":83,"column":12},"end":{"line":83,"column":57}},"type":"binary-expr","locations":[{"start":{"line":83,"column":12},"end":{"line":83,"column":29}},{"start":{"line":83,"column":33},"end":{"line":83,"column":57}}],"line":83},"14":{"loc":{"start":{"line":86,"column":22},"end":{"line":86,"column":64}},"type":"binary-expr","locations":[{"start":{"line":86,"column":22},"end":{"line":86,"column":48}},{"start":{"line":86,"column":52},"end":{"line":86,"column":64}}],"line":86},"15":{"loc":{"start":{"line":100,"column":8},"end":{"line":111,"column":9}},"type":"switch","locations":[{"start":{"line":101,"column":12},"end":{"line":101,"column":114}},{"start":{"line":102,"column":12},"end":{"line":102,"column":114}},{"start":{"line":103,"column":12},"end":{"line":103,"column":99}},{"start":{"line":104,"column":12},"end":{"line":104,"column":107}},{"start":{"line":105,"column":12},"end":{"line":105,"column":114}},{"start":{"line":106,"column":12},"end":{"line":106,"column":99}},{"start":{"line":107,"column":12},"end":{"line":107,"column":111}},{"start":{"line":108,"column":12},"end":{"line":108,"column":106}},{"start":{"line":109,"column":12},"end":{"line":109,"column":110}},{"start":{"line":110,"column":12},"end":{"line":110,"column":107}}],"line":100},"16":{"loc":{"start":{"line":121,"column":46},"end":{"line":121,"column":75}},"type":"binary-expr","locations":[{"start":{"line":121,"column":46},"end":{"line":121,"column":54}},{"start":{"line":121,"column":58},"end":{"line":121,"column":75}}],"line":121},"17":{"loc":{"start":{"line":128,"column":31},"end":{"line":128,"column":66}},"type":"cond-expr","locations":[{"start":{"line":128,"column":42},"end":{"line":128,"column":57}},{"start":{"line":128,"column":60},"end":{"line":128,"column":66}}],"line":128},"18":{"loc":{"start":{"line":133,"column":56},"end":{"line":133,"column":86}},"type":"binary-expr","locations":[{"start":{"line":133,"column":56},"end":{"line":133,"column":64}},{"start":{"line":133,"column":68},"end":{"line":133,"column":86}}],"line":133},"19":{"loc":{"start":{"line":134,"column":55},"end":{"line":134,"column":91}},"type":"binary-expr","locations":[{"start":{"line":134,"column":55},"end":{"line":134,"column":63}},{"start":{"line":134,"column":67},"end":{"line":134,"column":91}}],"line":134},"20":{"loc":{"start":{"line":136,"column":51},"end":{"line":136,"column":81}},"type":"binary-expr","locations":[{"start":{"line":136,"column":51},"end":{"line":136,"column":60}},{"start":{"line":136,"column":64},"end":{"line":136,"column":81}}],"line":136},"21":{"loc":{"start":{"line":139,"column":21},"end":{"line":148,"column":21}},"type":"binary-expr","locations":[{"start":{"line":139,"column":21},"end":{"line":139,"column":51}},{"start":{"line":140,"column":24},"end":{"line":147,"column":31}}],"line":139},"22":{"loc":{"start":{"line":163,"column":52},"end":{"line":163,"column":96}},"type":"cond-expr","locations":[{"start":{"line":163,"column":65},"end":{"line":163,"column":75}},{"start":{"line":163,"column":78},"end":{"line":163,"column":96}}],"line":163},"23":{"loc":{"start":{"line":163,"column":115},"end":{"line":163,"column":158}},"type":"cond-expr","locations":[{"start":{"line":163,"column":128},"end":{"line":163,"column":141}},{"start":{"line":163,"column":144},"end":{"line":163,"column":158}}],"line":163},"24":{"loc":{"start":{"line":164,"column":37},"end":{"line":164,"column":163}},"type":"binary-expr","locations":[{"start":{"line":164,"column":37},"end":{"line":164,"column":47}},{"start":{"line":164,"column":51},"end":{"line":164,"column":163}}],"line":164},"25":{"loc":{"start":{"line":166,"column":33},"end":{"line":170,"column":33}},"type":"binary-expr","locations":[{"start":{"line":166,"column":33},"end":{"line":166,"column":43}},{"start":{"line":167,"column":36},"end":{"line":169,"column":55}}],"line":166},"26":{"loc":{"start":{"line":172,"column":79},"end":{"line":172,"column":115}},"type":"cond-expr","locations":[{"start":{"line":172,"column":108},"end":{"line":172,"column":111}},{"start":{"line":172,"column":114},"end":{"line":172,"column":115}}],"line":172},"27":{"loc":{"start":{"line":192,"column":25},"end":{"line":219,"column":25}},"type":"binary-expr","locations":[{"start":{"line":192,"column":25},"end":{"line":192,"column":39}},{"start":{"line":193,"column":28},"end":{"line":218,"column":36}}],"line":192},"28":{"loc":{"start":{"line":200,"column":53},"end":{"line":200,"column":98}},"type":"cond-expr","locations":[{"start":{"line":200,"column":77},"end":{"line":200,"column":86}},{"start":{"line":200,"column":89},"end":{"line":200,"column":98}}],"line":200},"29":{"loc":{"start":{"line":206,"column":41},"end":{"line":215,"column":41}},"type":"binary-expr","locations":[{"start":{"line":206,"column":41},"end":{"line":206,"column":62}},{"start":{"line":207,"column":44},"end":{"line":214,"column":51}}],"line":206}},"s":{"0":0,"1":0,"2":0,"3":0,"4":0,"5":0,"6":0,"7":0,"8":0,"9":0,"10":0,"11":0,"12":0,"13":0,"14":0,"15":0,"16":0,"17":0,"18":0,"19":0,"20":0,"21":0,"22":0,"23":0,"24":0,"25":0,"26":0,"27":0,"28":0,"29":0,"30":0,"31":0,"32":0,"33":0,"34":0,"35":0,"36":0,"37":0,"38":0,"39":0,"40":0,"41":0,"42":0,"43":0,"44":0,"45":0,"46":0,"47":0,"48":0,"49":0,"50":0,"51":0,"52":0,"53":0,"54":0,"55":0,"56":0,"57":0,"58":0,"59":0,"60":0,"61":0,"62":0,"63":0,"64":0,"65":0,"66":0,"67":0,"68":0,"69":0,"70":0,"71":0,"72":0,"73":0,"74":0,"75":0,"76":0},"f":{"0":0,"1":0,"2":0,"3":0,"4":0,"5":0,"6":0,"7":0,"8":0,"9":0,"10":0,"11":0,"12":0,"13":0,"14":0,"15":0,"16":0,"17":0},"b":{"0":[0,0],"1":[0,0],"2":[0,0],"3":[0,0],"4":[0,0],"5":[0,0],"6":[0,0],"7":[0,0,0],"8":[0,0],"9":[0,0],"10":[0,0],"11":[0,0],"12":[0,0],"13":[0,0],"14":[0,0],"15":[0,0,0,0,0,0,0,0,0,0],"16":[0,0],"17":[0,0],"18":[0,0],"19":[0,0],"20":[0,0],"21":[0,0],"22":[0,0],"23":[0,0],"24":[0,0],"25":[0,0],"26":[0,0],"27":[0,0],"28":[0,0],"29":[0,0]}}
,"C:\\ruvo-application\\src\\config\\firebase.js": {"path":"C:\\ruvo-application\\src\\config\\firebase.js","statementMap":{"0":{"start":{"line":9,"column":23},"end":{"line":16,"column":1}},"1":{"start":{"line":19,"column":12},"end":{"line":19,"column":41}},"2":{"start":{"line":22,"column":13},"end":{"line":24,"column":2}},"3":{"start":{"line":27,"column":11},"end":{"line":27,"column":28}},"4":{"start":{"line":30,"column":16},"end":{"line":30,"column":31}}},"fnMap":{},"branchMap":{},"s":{"0":0,"1":0,"2":0,"3":0,"4":0},"f":{},"b":{}}
,"C:\\ruvo-application\\src\\constants\\badges.js": {"path":"C:\\ruvo-application\\src\\constants\\badges.js","statementMap":{"0":{"start":{"line":2,"column":22},"end":{"line":186,"column":1}},"1":{"start":{"line":11,"column":37},"end":{"line":11,"column":57}},"2":{"start":{"line":20,"column":28},"end":{"line":20,"column":45}},"3":{"start":{"line":29,"column":28},"end":{"line":29,"column":46}},"4":{"start":{"line":38,"column":28},"end":{"line":38,"column":50}},"5":{"start":{"line":50,"column":25},"end":{"line":50,"column":43}},"6":{"start":{"line":51,"column":25},"end":{"line":51,"column":40}},"7":{"start":{"line":52,"column":12},"end":{"line":52,"column":28}},"8":{"start":{"line":63,"column":25},"end":{"line":63,"column":43}},"9":{"start":{"line":64,"column":25},"end":{"line":64,"column":40}},"10":{"start":{"line":65,"column":12},"end":{"line":65,"column":30}},"11":{"start":{"line":77,"column":37},"end":{"line":77,"column":57}},"12":{"start":{"line":88,"column":28},"end":{"line":88,"column":45}},"13":{"start":{"line":89,"column":32},"end":{"line":89,"column":88}},"14":{"start":{"line":89,"column":49},"end":{"line":89,"column":80}},"15":{"start":{"line":91,"column":25},"end":{"line":91,"column":26}},"16":{"start":{"line":92,"column":12},"end":{"line":103,"column":13}},"17":{"start":{"line":92,"column":25},"end":{"line":92,"column":26}},"18":{"start":{"line":93,"column":29},"end":{"line":93,"column":57}},"19":{"start":{"line":94,"column":29},"end":{"line":94,"column":53}},"20":{"start":{"line":95,"column":33},"end":{"line":95,"column":82}},"21":{"start":{"line":97,"column":16},"end":{"line":102,"column":17}},"22":{"start":{"line":98,"column":20},"end":{"line":98,"column":29}},"23":{"start":{"line":99,"column":20},"end":{"line":99,"column":49}},"24":{"start":{"line":99,"column":37},"end":{"line":99,"column":49}},"25":{"start":{"line":100,"column":23},"end":{"line":102,"column":17}},"26":{"start":{"line":101,"column":20},"end":{"line":101,"column":31}},"27":{"start":{"line":104,"column":12},"end":{"line":104,"column":25}},"28":{"start":{"line":117,"column":28},"end":{"line":117,"column":128}},"29":{"start":{"line":117,"column":55},"end":{"line":117,"column":90}},"30":{"start":{"line":118,"column":12},"end":{"line":118,"column":34}},"31":{"start":{"line":132,"column":32},"end":{"line":132,"column":50}},"32":{"start":{"line":133,"column":31},"end":{"line":133,"column":51}},"33":{"start":{"line":136,"column":31},"end":{"line":140,"column":14}},"34":{"start":{"line":137,"column":32},"end":{"line":137,"column":48}},"35":{"start":{"line":138,"column":33},"end":{"line":138,"column":92}},"36":{"start":{"line":139,"column":16},"end":{"line":139,"column":37}},"37":{"start":{"line":142,"column":32},"end":{"line":142,"column":85}},"38":{"start":{"line":142,"column":53},"end":{"line":142,"column":84}},"39":{"start":{"line":143,"column":30},"end":{"line":143,"column":83}},"40":{"start":{"line":143,"column":51},"end":{"line":143,"column":82}},"41":{"start":{"line":145,"column":12},"end":{"line":145,"column":44}},"42":{"start":{"line":158,"column":29},"end":{"line":158,"column":87}},"43":{"start":{"line":158,"column":49},"end":{"line":158,"column":86}},"44":{"start":{"line":159,"column":34},"end":{"line":159,"column":73}},"45":{"start":{"line":160,"column":12},"end":{"line":160,"column":57}},"46":{"start":{"line":174,"column":34},"end":{"line":178,"column":13}},"47":{"start":{"line":175,"column":16},"end":{"line":175,"column":72}},"48":{"start":{"line":175,"column":61},"end":{"line":175,"column":72}},"49":{"start":{"line":176,"column":30},"end":{"line":176,"column":48}},"50":{"start":{"line":177,"column":16},"end":{"line":177,"column":68}},"51":{"start":{"line":180,"column":29},"end":{"line":180,"column":77}},"52":{"start":{"line":180,"column":49},"end":{"line":180,"column":76}},"53":{"start":{"line":181,"column":34},"end":{"line":181,"column":63}},"54":{"start":{"line":183,"column":12},"end":{"line":183,"column":57}}},"fnMap":{"0":{"name":"(anonymous_0)","decl":{"start":{"line":11,"column":19},"end":{"line":11,"column":20}},"loc":{"start":{"line":11,"column":37},"end":{"line":11,"column":57}},"line":11},"1":{"name":"(anonymous_1)","decl":{"start":{"line":20,"column":19},"end":{"line":20,"column":20}},"loc":{"start":{"line":20,"column":28},"end":{"line":20,"column":45}},"line":20},"2":{"name":"(anonymous_2)","decl":{"start":{"line":29,"column":19},"end":{"line":29,"column":20}},"loc":{"start":{"line":29,"column":28},"end":{"line":29,"column":46}},"line":29},"3":{"name":"(anonymous_3)","decl":{"start":{"line":38,"column":19},"end":{"line":38,"column":20}},"loc":{"start":{"line":38,"column":28},"end":{"line":38,"column":50}},"line":38},"4":{"name":"(anonymous_4)","decl":{"start":{"line":49,"column":19},"end":{"line":49,"column":20}},"loc":{"start":{"line":49,"column":28},"end":{"line":53,"column":9}},"line":49},"5":{"name":"(anonymous_5)","decl":{"start":{"line":62,"column":19},"end":{"line":62,"column":20}},"loc":{"start":{"line":62,"column":28},"end":{"line":66,"column":9}},"line":62},"6":{"name":"(anonymous_6)","decl":{"start":{"line":77,"column":19},"end":{"line":77,"column":20}},"loc":{"start":{"line":77,"column":37},"end":{"line":77,"column":57}},"line":77},"7":{"name":"(anonymous_7)","decl":{"start":{"line":86,"column":19},"end":{"line":86,"column":20}},"loc":{"start":{"line":86,"column":37},"end":{"line":105,"column":9}},"line":86},"8":{"name":"(anonymous_8)","decl":{"start":{"line":89,"column":44},"end":{"line":89,"column":45}},"loc":{"start":{"line":89,"column":49},"end":{"line":89,"column":80}},"line":89},"9":{"name":"(anonymous_9)","decl":{"start":{"line":116,"column":19},"end":{"line":116,"column":20}},"loc":{"start":{"line":116,"column":37},"end":{"line":119,"column":9}},"line":116},"10":{"name":"(anonymous_10)","decl":{"start":{"line":117,"column":43},"end":{"line":117,"column":44}},"loc":{"start":{"line":117,"column":55},"end":{"line":117,"column":90}},"line":117},"11":{"name":"(anonymous_11)","decl":{"start":{"line":130,"column":19},"end":{"line":130,"column":20}},"loc":{"start":{"line":130,"column":37},"end":{"line":146,"column":9}},"line":130},"12":{"name":"(anonymous_12)","decl":{"start":{"line":136,"column":56},"end":{"line":136,"column":57}},"loc":{"start":{"line":136,"column":61},"end":{"line":140,"column":13}},"line":136},"13":{"name":"(anonymous_13)","decl":{"start":{"line":142,"column":48},"end":{"line":142,"column":49}},"loc":{"start":{"line":142,"column":53},"end":{"line":142,"column":84}},"line":142},"14":{"name":"(anonymous_14)","decl":{"start":{"line":143,"column":46},"end":{"line":143,"column":47}},"loc":{"start":{"line":143,"column":51},"end":{"line":143,"column":82}},"line":143},"15":{"name":"(anonymous_15)","decl":{"start":{"line":157,"column":19},"end":{"line":157,"column":20}},"loc":{"start":{"line":157,"column":37},"end":{"line":161,"column":9}},"line":157},"16":{"name":"(anonymous_16)","decl":{"start":{"line":158,"column":44},"end":{"line":158,"column":45}},"loc":{"start":{"line":158,"column":49},"end":{"line":158,"column":86}},"line":158},"17":{"name":"(anonymous_17)","decl":{"start":{"line":172,"column":19},"end":{"line":172,"column":20}},"loc":{"start":{"line":172,"column":37},"end":{"line":184,"column":9}},"line":172},"18":{"name":"(anonymous_18)","decl":{"start":{"line":174,"column":34},"end":{"line":174,"column":35}},"loc":{"start":{"line":174,"column":47},"end":{"line":178,"column":13}},"line":174},"19":{"name":"(anonymous_19)","decl":{"start":{"line":180,"column":44},"end":{"line":180,"column":45}},"loc":{"start":{"line":180,"column":49},"end":{"line":180,"column":76}},"line":180}},"branchMap":{"0":{"loc":{"start":{"line":97,"column":16},"end":{"line":102,"column":17}},"type":"if","locations":[{"start":{"line":97,"column":16},"end":{"line":102,"column":17}},{"start":{"line":100,"column":23},"end":{"line":102,"column":17}}],"line":97},"1":{"loc":{"start":{"line":99,"column":20},"end":{"line":99,"column":49}},"type":"if","locations":[{"start":{"line":99,"column":20},"end":{"line":99,"column":49}},{"start":{},"end":{}}],"line":99},"2":{"loc":{"start":{"line":100,"column":23},"end":{"line":102,"column":17}},"type":"if","locations":[{"start":{"line":100,"column":23},"end":{"line":102,"column":17}},{"start":{},"end":{}}],"line":100},"3":{"loc":{"start":{"line":117,"column":62},"end":{"line":117,"column":89}},"type":"binary-expr","locations":[{"start":{"line":117,"column":62},"end":{"line":117,"column":84}},{"start":{"line":117,"column":88},"end":{"line":117,"column":89}}],"line":117},"4":{"loc":{"start":{"line":117,"column":98},"end":{"line":117,"column":127}},"type":"binary-expr","locations":[{"start":{"line":117,"column":98},"end":{"line":117,"column":122}},{"start":{"line":117,"column":126},"end":{"line":117,"column":127}}],"line":117},"5":{"loc":{"start":{"line":145,"column":19},"end":{"line":145,"column":43}},"type":"binary-expr","locations":[{"start":{"line":145,"column":19},"end":{"line":145,"column":30}},{"start":{"line":145,"column":34},"end":{"line":145,"column":43}}],"line":145},"6":{"loc":{"start":{"line":158,"column":50},"end":{"line":158,"column":78}},"type":"binary-expr","locations":[{"start":{"line":158,"column":50},"end":{"line":158,"column":73}},{"start":{"line":158,"column":77},"end":{"line":158,"column":78}}],"line":158},"7":{"loc":{"start":{"line":159,"column":35},"end":{"line":159,"column":65}},"type":"binary-expr","locations":[{"start":{"line":159,"column":35},"end":{"line":159,"column":60}},{"start":{"line":159,"column":64},"end":{"line":159,"column":65}}],"line":159},"8":{"loc":{"start":{"line":160,"column":19},"end":{"line":160,"column":56}},"type":"binary-expr","locations":[{"start":{"line":160,"column":19},"end":{"line":160,"column":32}},{"start":{"line":160,"column":36},"end":{"line":160,"column":56}}],"line":160},"9":{"loc":{"start":{"line":175,"column":16},"end":{"line":175,"column":72}},"type":"if","locations":[{"start":{"line":175,"column":16},"end":{"line":175,"column":72}},{"start":{},"end":{}}],"line":175},"10":{"loc":{"start":{"line":175,"column":20},"end":{"line":175,"column":59}},"type":"binary-expr","locations":[{"start":{"line":175,"column":20},"end":{"line":175,"column":28}},{"start":{"line":175,"column":32},"end":{"line":175,"column":59}}],"line":175},"11":{"loc":{"start":{"line":183,"column":19},"end":{"line":183,"column":56}},"type":"binary-expr","locations":[{"start":{"line":183,"column":19},"end":{"line":183,"column":32}},{"start":{"line":183,"column":36},"end":{"line":183,"column":56}}],"line":183}},"s":{"0":0,"1":0,"2":0,"3":0,"4":0,"5":0,"6":0,"7":0,"8":0,"9":0,"10":0,"11":0,"12":0,"13":0,"14":0,"15":0,"16":0,"17":0,"18":0,"19":0,"20":0,"21":0,"22":0,"23":0,"24":0,"25":0,"26":0,"27":0,"28":0,"29":0,"30":0,"31":0,"32":0,"33":0,"34":0,"35":0,"36":0,"37":0,"38":0,"39":0,"40":0,"41":0,"42":0,"43":0,"44":0,"45":0,"46":0,"47":0,"48":0,"49":0,"50":0,"51":0,"52":0,"53":0,"54":0},"f":{"0":0,"1":0,"2":0,"3":0,"4":0,"5":0,"6":0,"7":0,"8":0,"9":0,"10":0,"11":0,"12":0,"13":0,"14":0,"15":0,"16":0,"17":0,"18":0,"19":0},"b":{"0":[0,0],"1":[0,0],"2":[0,0],"3":[0,0],"4":[0,0],"5":[0,0],"6":[0,0],"7":[0,0],"8":[0,0],"9":[0,0],"10":[0,0],"11":[0,0]}}
,"C:\\ruvo-application\\src\\constants\\countries.js": {"path":"C:\\ruvo-application\\src\\constants\\countries.js","statementMap":{"0":{"start":{"line":1,"column":25},"end":{"line":198,"column":1}}},"fnMap":{},"branchMap":{},"s":{"0":0},"f":{},"b":{}}
,"C:\\ruvo-application\\src\\constants\\helpData.js": {"path":"C:\\ruvo-application\\src\\constants\\helpData.js","statementMap":{"0":{"start":{"line":1,"column":31},"end":{"line":74,"column":1}}},"fnMap":{},"branchMap":{},"s":{"0":0},"f":{},"b":{}}
,"C:\\ruvo-application\\src\\constants\\legacy-theme.js": {"path":"C:\\ruvo-application\\src\\constants\\legacy-theme.js","statementMap":{"0":{"start":{"line":1,"column":22},"end":{"line":13,"column":1}},"1":{"start":{"line":15,"column":21},"end":{"line":24,"column":1}}},"fnMap":{},"branchMap":{},"s":{"0":0,"1":0},"f":{},"b":{}}
,"C:\\ruvo-application\\src\\constants\\theme.js": {"path":"C:\\ruvo-application\\src\\constants\\theme.js","statementMap":{"0":{"start":{"line":1,"column":22},"end":{"line":13,"column":1}},"1":{"start":{"line":15,"column":21},"end":{"line":24,"column":1}}},"fnMap":{},"branchMap":{},"s":{"0":0,"1":0},"f":{},"b":{}}
,"C:\\ruvo-application\\src\\context\\NotificationContext.js": {"path":"C:\\ruvo-application\\src\\context\\NotificationContext.js","statementMap":{"0":{"start":{"line":4,"column":28},"end":{"line":4,"column":43}},"1":{"start":{"line":6,"column":0},"end":{"line":12,"column":3}},"2":{"start":{"line":7,"column":37},"end":{"line":11,"column":5}},"3":{"start":{"line":14,"column":32},"end":{"line":20,"column":1}},"4":{"start":{"line":15,"column":20},"end":{"line":15,"column":51}},"5":{"start":{"line":16,"column":4},"end":{"line":18,"column":5}},"6":{"start":{"line":17,"column":8},"end":{"line":17,"column":87}},"7":{"start":{"line":19,"column":4},"end":{"line":19,"column":19}},"8":{"start":{"line":22,"column":36},"end":{"line":165,"column":1}},"9":{"start":{"line":23,"column":46},"end":{"line":23,"column":58}},"10":{"start":{"line":24,"column":42},"end":{"line":24,"column":53}},"11":{"start":{"line":27,"column":4},"end":{"line":55,"column":11}},"12":{"start":{"line":28,"column":50},"end":{"line":39,"column":9}},"13":{"start":{"line":29,"column":47},"end":{"line":29,"column":88}},"14":{"start":{"line":30,"column":30},"end":{"line":30,"column":44}},"15":{"start":{"line":31,"column":12},"end":{"line":34,"column":13}},"16":{"start":{"line":32,"column":35},"end":{"line":32,"column":80}},"17":{"start":{"line":33,"column":16},"end":{"line":33,"column":37}},"18":{"start":{"line":35,"column":12},"end":{"line":38,"column":13}},"19":{"start":{"line":36,"column":16},"end":{"line":36,"column":79}},"20":{"start":{"line":37,"column":16},"end":{"line":37,"column":23}},"21":{"start":{"line":41,"column":8},"end":{"line":41,"column":44}},"22":{"start":{"line":44,"column":29},"end":{"line":52,"column":10}},"23":{"start":{"line":45,"column":42},"end":{"line":45,"column":70}},"24":{"start":{"line":46,"column":12},"end":{"line":51,"column":15}},"25":{"start":{"line":54,"column":8},"end":{"line":54,"column":43}},"26":{"start":{"line":54,"column":21},"end":{"line":54,"column":42}},"27":{"start":{"line":58,"column":28},"end":{"line":70,"column":5}},"28":{"start":{"line":59,"column":25},"end":{"line":67,"column":9}},"29":{"start":{"line":68,"column":8},"end":{"line":68,"column":54}},"30":{"start":{"line":68,"column":33},"end":{"line":68,"column":52}},"31":{"start":{"line":69,"column":8},"end":{"line":69,"column":41}},"32":{"start":{"line":69,"column":31},"end":{"line":69,"column":39}},"33":{"start":{"line":73,"column":23},"end":{"line":76,"column":5}},"34":{"start":{"line":74,"column":8},"end":{"line":74,"column":88}},"35":{"start":{"line":74,"column":33},"end":{"line":74,"column":86}},"36":{"start":{"line":74,"column":47},"end":{"line":74,"column":85}},"37":{"start":{"line":75,"column":8},"end":{"line":75,"column":54}},"38":{"start":{"line":75,"column":31},"end":{"line":75,"column":52}},"39":{"start":{"line":79,"column":26},"end":{"line":82,"column":5}},"40":{"start":{"line":80,"column":8},"end":{"line":80,"column":72}},"41":{"start":{"line":80,"column":33},"end":{"line":80,"column":70}},"42":{"start":{"line":80,"column":48},"end":{"line":80,"column":68}},"43":{"start":{"line":81,"column":8},"end":{"line":81,"column":26}},"44":{"start":{"line":85,"column":31},"end":{"line":88,"column":5}},"45":{"start":{"line":86,"column":8},"end":{"line":86,"column":29}},"46":{"start":{"line":87,"column":8},"end":{"line":87,"column":26}},"47":{"start":{"line":91,"column":31},"end":{"line":97,"column":5}},"48":{"start":{"line":92,"column":8},"end":{"line":96,"column":11}},"49":{"start":{"line":93,"column":28},"end":{"line":93,"column":57}},"50":{"start":{"line":93,"column":45},"end":{"line":93,"column":56}},"51":{"start":{"line":94,"column":12},"end":{"line":94,"column":64}},"52":{"start":{"line":94,"column":47},"end":{"line":94,"column":54}},"53":{"start":{"line":95,"column":12},"end":{"line":95,"column":27}},"54":{"start":{"line":100,"column":30},"end":{"line":138,"column":5}},"55":{"start":{"line":102,"column":8},"end":{"line":102,"column":67}},"56":{"start":{"line":104,"column":8},"end":{"line":107,"column":9}},"57":{"start":{"line":105,"column":12},"end":{"line":105,"column":62}},"58":{"start":{"line":106,"column":12},"end":{"line":106,"column":19}},"59":{"start":{"line":109,"column":8},"end":{"line":109,"column":63}},"60":{"start":{"line":109,"column":56},"end":{"line":109,"column":63}},"61":{"start":{"line":111,"column":24},"end":{"line":116,"column":9}},"62":{"start":{"line":118,"column":21},"end":{"line":118,"column":61}},"63":{"start":{"line":120,"column":8},"end":{"line":137,"column":9}},"64":{"start":{"line":121,"column":12},"end":{"line":133,"column":15}},"65":{"start":{"line":134,"column":12},"end":{"line":134,"column":74}},"66":{"start":{"line":136,"column":12},"end":{"line":136,"column":65}},"67":{"start":{"line":141,"column":29},"end":{"line":147,"column":5}},"68":{"start":{"line":142,"column":8},"end":{"line":146,"column":11}},"69":{"start":{"line":149,"column":4},"end":{"line":164,"column":6}}},"fnMap":{"0":{"name":"(anonymous_0)","decl":{"start":{"line":7,"column":24},"end":{"line":7,"column":25}},"loc":{"start":{"line":7,"column":37},"end":{"line":11,"column":5}},"line":7},"1":{"name":"(anonymous_1)","decl":{"start":{"line":14,"column":32},"end":{"line":14,"column":33}},"loc":{"start":{"line":14,"column":38},"end":{"line":20,"column":1}},"line":14},"2":{"name":"(anonymous_2)","decl":{"start":{"line":22,"column":36},"end":{"line":22,"column":37}},"loc":{"start":{"line":22,"column":54},"end":{"line":165,"column":1}},"line":22},"3":{"name":"(anonymous_3)","decl":{"start":{"line":27,"column":14},"end":{"line":27,"column":15}},"loc":{"start":{"line":27,"column":20},"end":{"line":55,"column":5}},"line":27},"4":{"name":"(anonymous_4)","decl":{"start":{"line":28,"column":50},"end":{"line":28,"column":51}},"loc":{"start":{"line":28,"column":62},"end":{"line":39,"column":9}},"line":28},"5":{"name":"(anonymous_5)","decl":{"start":{"line":44,"column":75},"end":{"line":44,"column":76}},"loc":{"start":{"line":44,"column":91},"end":{"line":52,"column":9}},"line":44},"6":{"name":"(anonymous_6)","decl":{"start":{"line":54,"column":15},"end":{"line":54,"column":16}},"loc":{"start":{"line":54,"column":21},"end":{"line":54,"column":42}},"line":54},"7":{"name":"(anonymous_7)","decl":{"start":{"line":58,"column":28},"end":{"line":58,"column":29}},"loc":{"start":{"line":58,"column":68},"end":{"line":70,"column":5}},"line":58},"8":{"name":"(anonymous_8)","decl":{"start":{"line":68,"column":25},"end":{"line":68,"column":26}},"loc":{"start":{"line":68,"column":33},"end":{"line":68,"column":52}},"line":68},"9":{"name":"(anonymous_9)","decl":{"start":{"line":69,"column":23},"end":{"line":69,"column":24}},"loc":{"start":{"line":69,"column":31},"end":{"line":69,"column":39}},"line":69},"10":{"name":"(anonymous_10)","decl":{"start":{"line":73,"column":23},"end":{"line":73,"column":24}},"loc":{"start":{"line":73,"column":31},"end":{"line":76,"column":5}},"line":73},"11":{"name":"(anonymous_11)","decl":{"start":{"line":74,"column":25},"end":{"line":74,"column":26}},"loc":{"start":{"line":74,"column":33},"end":{"line":74,"column":86}},"line":74},"12":{"name":"(anonymous_12)","decl":{"start":{"line":74,"column":42},"end":{"line":74,"column":43}},"loc":{"start":{"line":74,"column":47},"end":{"line":74,"column":85}},"line":74},"13":{"name":"(anonymous_13)","decl":{"start":{"line":75,"column":23},"end":{"line":75,"column":24}},"loc":{"start":{"line":75,"column":31},"end":{"line":75,"column":52}},"line":75},"14":{"name":"(anonymous_14)","decl":{"start":{"line":79,"column":26},"end":{"line":79,"column":27}},"loc":{"start":{"line":79,"column":32},"end":{"line":82,"column":5}},"line":79},"15":{"name":"(anonymous_15)","decl":{"start":{"line":80,"column":25},"end":{"line":80,"column":26}},"loc":{"start":{"line":80,"column":33},"end":{"line":80,"column":70}},"line":80},"16":{"name":"(anonymous_16)","decl":{"start":{"line":80,"column":42},"end":{"line":80,"column":43}},"loc":{"start":{"line":80,"column":48},"end":{"line":80,"column":68}},"line":80},"17":{"name":"(anonymous_17)","decl":{"start":{"line":85,"column":31},"end":{"line":85,"column":32}},"loc":{"start":{"line":85,"column":37},"end":{"line":88,"column":5}},"line":85},"18":{"name":"(anonymous_18)","decl":{"start":{"line":91,"column":31},"end":{"line":91,"column":32}},"loc":{"start":{"line":91,"column":39},"end":{"line":97,"column":5}},"line":91},"19":{"name":"(anonymous_19)","decl":{"start":{"line":92,"column":25},"end":{"line":92,"column":26}},"loc":{"start":{"line":92,"column":33},"end":{"line":96,"column":9}},"line":92},"20":{"name":"(anonymous_20)","decl":{"start":{"line":93,"column":40},"end":{"line":93,"column":41}},"loc":{"start":{"line":93,"column":45},"end":{"line":93,"column":56}},"line":93},"21":{"name":"(anonymous_21)","decl":{"start":{"line":94,"column":42},"end":{"line":94,"column":43}},"loc":{"start":{"line":94,"column":47},"end":{"line":94,"column":54}},"line":94},"22":{"name":"(anonymous_22)","decl":{"start":{"line":100,"column":30},"end":{"line":100,"column":31}},"loc":{"start":{"line":100,"column":71},"end":{"line":138,"column":5}},"line":100},"23":{"name":"(anonymous_23)","decl":{"start":{"line":141,"column":29},"end":{"line":141,"column":30}},"loc":{"start":{"line":141,"column":52},"end":{"line":147,"column":5}},"line":141}},"branchMap":{"0":{"loc":{"start":{"line":16,"column":4},"end":{"line":18,"column":5}},"type":"if","locations":[{"start":{"line":16,"column":4},"end":{"line":18,"column":5}},{"start":{},"end":{}}],"line":16},"1":{"loc":{"start":{"line":31,"column":12},"end":{"line":34,"column":13}},"type":"if","locations":[{"start":{"line":31,"column":12},"end":{"line":34,"column":13}},{"start":{},"end":{}}],"line":31},"2":{"loc":{"start":{"line":35,"column":12},"end":{"line":38,"column":13}},"type":"if","locations":[{"start":{"line":35,"column":12},"end":{"line":38,"column":13}},{"start":{},"end":{}}],"line":35},"3":{"loc":{"start":{"line":47,"column":23},"end":{"line":47,"column":50}},"type":"binary-expr","locations":[{"start":{"line":47,"column":23},"end":{"line":47,"column":28}},{"start":{"line":47,"column":32},"end":{"line":47,"column":50}}],"line":47},"4":{"loc":{"start":{"line":48,"column":22},"end":{"line":48,"column":32}},"type":"binary-expr","locations":[{"start":{"line":48,"column":22},"end":{"line":48,"column":26}},{"start":{"line":48,"column":30},"end":{"line":48,"column":32}}],"line":48},"5":{"loc":{"start":{"line":49,"column":22},"end":{"line":49,"column":44}},"type":"binary-expr","locations":[{"start":{"line":49,"column":22},"end":{"line":49,"column":32}},{"start":{"line":49,"column":36},"end":{"line":49,"column":44}}],"line":49},"6":{"loc":{"start":{"line":50,"column":22},"end":{"line":50,"column":34}},"type":"binary-expr","locations":[{"start":{"line":50,"column":22},"end":{"line":50,"column":26}},{"start":{"line":50,"column":30},"end":{"line":50,"column":34}}],"line":50},"7":{"loc":{"start":{"line":58,"column":50},"end":{"line":58,"column":61}},"type":"default-arg","locations":[{"start":{"line":58,"column":57},"end":{"line":58,"column":61}}],"line":58},"8":{"loc":{"start":{"line":74,"column":47},"end":{"line":74,"column":85}},"type":"cond-expr","locations":[{"start":{"line":74,"column":61},"end":{"line":74,"column":81}},{"start":{"line":74,"column":84},"end":{"line":74,"column":85}}],"line":74},"9":{"loc":{"start":{"line":100,"column":50},"end":{"line":100,"column":66}},"type":"default-arg","locations":[{"start":{"line":100,"column":62},"end":{"line":100,"column":66}}],"line":100},"10":{"loc":{"start":{"line":104,"column":8},"end":{"line":107,"column":9}},"type":"if","locations":[{"start":{"line":104,"column":8},"end":{"line":107,"column":9}},{"start":{},"end":{}}],"line":104},"11":{"loc":{"start":{"line":109,"column":8},"end":{"line":109,"column":63}},"type":"if","locations":[{"start":{"line":109,"column":8},"end":{"line":109,"column":63}},{"start":{},"end":{}}],"line":109},"12":{"loc":{"start":{"line":109,"column":12},"end":{"line":109,"column":54}},"type":"binary-expr","locations":[{"start":{"line":109,"column":12},"end":{"line":109,"column":24}},{"start":{"line":109,"column":28},"end":{"line":109,"column":54}}],"line":109},"13":{"loc":{"start":{"line":118,"column":21},"end":{"line":118,"column":61}},"type":"binary-expr","locations":[{"start":{"line":118,"column":21},"end":{"line":118,"column":55}},{"start":{"line":118,"column":59},"end":{"line":118,"column":61}}],"line":118}},"s":{"0":0,"1":0,"2":0,"3":0,"4":0,"5":0,"6":0,"7":0,"8":0,"9":0,"10":0,"11":0,"12":0,"13":0,"14":0,"15":0,"16":0,"17":0,"18":0,"19":0,"20":0,"21":0,"22":0,"23":0,"24":0,"25":0,"26":0,"27":0,"28":0,"29":0,"30":0,"31":0,"32":0,"33":0,"34":0,"35":0,"36":0,"37":0,"38":0,"39":0,"40":0,"41":0,"42":0,"43":0,"44":0,"45":0,"46":0,"47":0,"48":0,"49":0,"50":0,"51":0,"52":0,"53":0,"54":0,"55":0,"56":0,"57":0,"58":0,"59":0,"60":0,"61":0,"62":0,"63":0,"64":0,"65":0,"66":0,"67":0,"68":0,"69":0},"f":{"0":0,"1":0,"2":0,"3":0,"4":0,"5":0,"6":0,"7":0,"8":0,"9":0,"10":0,"11":0,"12":0,"13":0,"14":0,"15":0,"16":0,"17":0,"18":0,"19":0,"20":0,"21":0,"22":0,"23":0},"b":{"0":[0,0],"1":[0,0],"2":[0,0],"3":[0,0],"4":[0,0],"5":[0,0],"6":[0,0],"7":[0],"8":[0,0],"9":[0],"10":[0,0],"11":[0,0],"12":[0,0],"13":[0,0]}}
,"C:\\ruvo-application\\src\\context\\ThemeContext.js": {"path":"C:\\ruvo-application\\src\\context\\ThemeContext.js","statementMap":{"0":{"start":{"line":3,"column":21},"end":{"line":3,"column":36}},"1":{"start":{"line":5,"column":24},"end":{"line":5,"column":54}},"2":{"start":{"line":5,"column":30},"end":{"line":5,"column":54}},"3":{"start":{"line":7,"column":29},"end":{"line":30,"column":1}},"4":{"start":{"line":8,"column":38},"end":{"line":8,"column":52}},"5":{"start":{"line":10,"column":22},"end":{"line":10,"column":56}},"6":{"start":{"line":10,"column":28},"end":{"line":10,"column":56}},"7":{"start":{"line":10,"column":50},"end":{"line":10,"column":55}},"8":{"start":{"line":12,"column":16},"end":{"line":23,"column":3}},"9":{"start":{"line":25,"column":2},"end":{"line":29,"column":4}}},"fnMap":{"0":{"name":"(anonymous_0)","decl":{"start":{"line":5,"column":24},"end":{"line":5,"column":25}},"loc":{"start":{"line":5,"column":30},"end":{"line":5,"column":54}},"line":5},"1":{"name":"(anonymous_1)","decl":{"start":{"line":7,"column":29},"end":{"line":7,"column":30}},"loc":{"start":{"line":7,"column":47},"end":{"line":30,"column":1}},"line":7},"2":{"name":"(anonymous_2)","decl":{"start":{"line":10,"column":22},"end":{"line":10,"column":23}},"loc":{"start":{"line":10,"column":28},"end":{"line":10,"column":56}},"line":10},"3":{"name":"(anonymous_3)","decl":{"start":{"line":10,"column":42},"end":{"line":10,"column":43}},"loc":{"start":{"line":10,"column":50},"end":{"line":10,"column":55}},"line":10}},"branchMap":{"0":{"loc":{"start":{"line":15,"column":18},"end":{"line":15,"column":52}},"type":"cond-expr","locations":[{"start":{"line":15,"column":31},"end":{"line":15,"column":40}},{"start":{"line":15,"column":43},"end":{"line":15,"column":52}}],"line":15},"1":{"loc":{"start":{"line":16,"column":12},"end":{"line":16,"column":46}},"type":"cond-expr","locations":[{"start":{"line":16,"column":25},"end":{"line":16,"column":34}},{"start":{"line":16,"column":37},"end":{"line":16,"column":46}}],"line":16},"2":{"loc":{"start":{"line":17,"column":12},"end":{"line":17,"column":46}},"type":"cond-expr","locations":[{"start":{"line":17,"column":25},"end":{"line":17,"column":34}},{"start":{"line":17,"column":37},"end":{"line":17,"column":46}}],"line":17},"3":{"loc":{"start":{"line":18,"column":15},"end":{"line":18,"column":49}},"type":"cond-expr","locations":[{"start":{"line":18,"column":28},"end":{"line":18,"column":37}},{"start":{"line":18,"column":40},"end":{"line":18,"column":49}}],"line":18},"4":{"loc":{"start":{"line":19,"column":14},"end":{"line":19,"column":48}},"type":"cond-expr","locations":[{"start":{"line":19,"column":27},"end":{"line":19,"column":36}},{"start":{"line":19,"column":39},"end":{"line":19,"column":48}}],"line":19},"5":{"loc":{"start":{"line":21,"column":12},"end":{"line":21,"column":46}},"type":"cond-expr","locations":[{"start":{"line":21,"column":25},"end":{"line":21,"column":34}},{"start":{"line":21,"column":37},"end":{"line":21,"column":46}}],"line":21}},"s":{"0":0,"1":0,"2":0,"3":0,"4":0,"5":0,"6":0,"7":0,"8":0,"9":0},"f":{"0":0,"1":0,"2":0,"3":0},"b":{"0":[0,0],"1":[0,0],"2":[0,0],"3":[0,0],"4":[0,0],"5":[0,0]}}
,"C:\\ruvo-application\\src\\context\\UserContext.js": {"path":"C:\\ruvo-application\\src\\context\\UserContext.js","statementMap":{"0":{"start":{"line":40,"column":20},"end":{"line":40,"column":35}},"1":{"start":{"line":42,"column":23},"end":{"line":42,"column":52}},"2":{"start":{"line":42,"column":29},"end":{"line":42,"column":52}},"3":{"start":{"line":45,"column":29},"end":{"line":53,"column":1}},"4":{"start":{"line":55,"column":27},"end":{"line":62,"column":1}},"5":{"start":{"line":69,"column":26},"end":{"line":110,"column":1}},"6":{"start":{"line":126,"column":28},"end":{"line":1007,"column":1}},"7":{"start":{"line":127,"column":67},"end":{"line":127,"column":85}},"8":{"start":{"line":129,"column":26},"end":{"line":129,"column":40}},"9":{"start":{"line":130,"column":34},"end":{"line":130,"column":61}},"10":{"start":{"line":131,"column":28},"end":{"line":131,"column":40}},"11":{"start":{"line":132,"column":36},"end":{"line":132,"column":48}},"12":{"start":{"line":133,"column":42},"end":{"line":133,"column":54}},"13":{"start":{"line":134,"column":36},"end":{"line":134,"column":50}},"14":{"start":{"line":135,"column":44},"end":{"line":135,"column":58}},"15":{"start":{"line":138,"column":2},"end":{"line":153,"column":9}},"16":{"start":{"line":139,"column":4},"end":{"line":139,"column":44}},"17":{"start":{"line":140,"column":24},"end":{"line":151,"column":6}},"18":{"start":{"line":141,"column":6},"end":{"line":141,"column":79}},"19":{"start":{"line":142,"column":6},"end":{"line":142,"column":27}},"20":{"start":{"line":143,"column":6},"end":{"line":148,"column":7}},"21":{"start":{"line":144,"column":8},"end":{"line":144,"column":64}},"22":{"start":{"line":146,"column":8},"end":{"line":146,"column":39}},"23":{"start":{"line":147,"column":8},"end":{"line":147,"column":21}},"24":{"start":{"line":149,"column":6},"end":{"line":149,"column":51}},"25":{"start":{"line":150,"column":6},"end":{"line":150,"column":26}},"26":{"start":{"line":152,"column":4},"end":{"line":152,"column":23}},"27":{"start":{"line":156,"column":24},"end":{"line":189,"column":3}},"28":{"start":{"line":157,"column":4},"end":{"line":188,"column":5}},"29":{"start":{"line":158,"column":21},"end":{"line":158,"column":42}},"30":{"start":{"line":159,"column":22},"end":{"line":159,"column":42}},"31":{"start":{"line":161,"column":6},"end":{"line":185,"column":7}},"32":{"start":{"line":162,"column":21},"end":{"line":162,"column":41}},"33":{"start":{"line":165,"column":8},"end":{"line":173,"column":9}},"34":{"start":{"line":166,"column":28},"end":{"line":166,"column":118}},"35":{"start":{"line":167,"column":31},"end":{"line":167,"column":70}},"36":{"start":{"line":168,"column":26},"end":{"line":168,"column":55}},"37":{"start":{"line":171,"column":10},"end":{"line":171,"column":75}},"38":{"start":{"line":172,"column":10},"end":{"line":172,"column":38}},"39":{"start":{"line":175,"column":8},"end":{"line":175,"column":55}},"40":{"start":{"line":178,"column":8},"end":{"line":181,"column":11}},"41":{"start":{"line":179,"column":10},"end":{"line":179,"column":57}},"42":{"start":{"line":180,"column":10},"end":{"line":180,"column":23}},"43":{"start":{"line":184,"column":8},"end":{"line":184,"column":39}},"44":{"start":{"line":187,"column":6},"end":{"line":187,"column":56}},"45":{"start":{"line":192,"column":44},"end":{"line":233,"column":3}},"46":{"start":{"line":195,"column":4},"end":{"line":202,"column":5}},"47":{"start":{"line":196,"column":6},"end":{"line":201,"column":9}},"48":{"start":{"line":204,"column":4},"end":{"line":230,"column":5}},"49":{"start":{"line":205,"column":41},"end":{"line":205,"column":82}},"50":{"start":{"line":206,"column":24},"end":{"line":206,"column":38}},"51":{"start":{"line":207,"column":6},"end":{"line":210,"column":7}},"52":{"start":{"line":208,"column":27},"end":{"line":208,"column":72}},"53":{"start":{"line":209,"column":8},"end":{"line":209,"column":29}},"54":{"start":{"line":211,"column":6},"end":{"line":214,"column":7}},"55":{"start":{"line":213,"column":8},"end":{"line":213,"column":20}},"56":{"start":{"line":219,"column":6},"end":{"line":226,"column":7}},"57":{"start":{"line":220,"column":26},"end":{"line":220,"column":105}},"58":{"start":{"line":221,"column":8},"end":{"line":221,"column":80}},"59":{"start":{"line":222,"column":8},"end":{"line":222,"column":55}},"60":{"start":{"line":224,"column":8},"end":{"line":224,"column":54}},"61":{"start":{"line":225,"column":8},"end":{"line":225,"column":20}},"62":{"start":{"line":228,"column":6},"end":{"line":228,"column":69}},"63":{"start":{"line":229,"column":6},"end":{"line":229,"column":18}},"64":{"start":{"line":232,"column":4},"end":{"line":232,"column":17}},"65":{"start":{"line":241,"column":34},"end":{"line":258,"column":3}},"66":{"start":{"line":242,"column":4},"end":{"line":257,"column":5}},"67":{"start":{"line":243,"column":23},"end":{"line":243,"column":46}},"68":{"start":{"line":244,"column":25},"end":{"line":244,"column":51}},"69":{"start":{"line":246,"column":28},"end":{"line":246,"column":53}},"70":{"start":{"line":247,"column":24},"end":{"line":251,"column":9}},"71":{"start":{"line":247,"column":55},"end":{"line":251,"column":7}},"72":{"start":{"line":253,"column":6},"end":{"line":253,"column":26}},"73":{"start":{"line":255,"column":6},"end":{"line":255,"column":63}},"74":{"start":{"line":256,"column":6},"end":{"line":256,"column":19}},"75":{"start":{"line":263,"column":17},"end":{"line":304,"column":3}},"76":{"start":{"line":264,"column":4},"end":{"line":264,"column":23}},"77":{"start":{"line":265,"column":4},"end":{"line":303,"column":5}},"78":{"start":{"line":266,"column":29},"end":{"line":266,"column":88}},"79":{"start":{"line":269,"column":24},"end":{"line":269,"column":109}},"80":{"start":{"line":270,"column":27},"end":{"line":270,"column":66}},"81":{"start":{"line":271,"column":30},"end":{"line":271,"column":59}},"82":{"start":{"line":273,"column":23},"end":{"line":273,"column":27}},"83":{"start":{"line":276,"column":6},"end":{"line":283,"column":7}},"84":{"start":{"line":277,"column":25},"end":{"line":277,"column":70}},"85":{"start":{"line":278,"column":8},"end":{"line":282,"column":9}},"86":{"start":{"line":279,"column":10},"end":{"line":279,"column":36}},"87":{"start":{"line":281,"column":10},"end":{"line":281,"column":96}},"88":{"start":{"line":285,"column":25},"end":{"line":293,"column":7}},"89":{"start":{"line":295,"column":6},"end":{"line":295,"column":74}},"90":{"start":{"line":296,"column":6},"end":{"line":296,"column":30}},"91":{"start":{"line":297,"column":6},"end":{"line":297,"column":35}},"92":{"start":{"line":299,"column":6},"end":{"line":299,"column":27}},"93":{"start":{"line":300,"column":6},"end":{"line":300,"column":50}},"94":{"start":{"line":302,"column":6},"end":{"line":302,"column":26}},"95":{"start":{"line":306,"column":16},"end":{"line":309,"column":3}},"96":{"start":{"line":307,"column":4},"end":{"line":308,"column":75}},"97":{"start":{"line":307,"column":10},"end":{"line":307,"column":66}},"98":{"start":{"line":307,"column":67},"end":{"line":307,"column":79}},"99":{"start":{"line":308,"column":20},"end":{"line":308,"column":59}},"100":{"start":{"line":308,"column":60},"end":{"line":308,"column":73}},"101":{"start":{"line":311,"column":26},"end":{"line":315,"column":3}},"102":{"start":{"line":313,"column":4},"end":{"line":313,"column":102}},"103":{"start":{"line":314,"column":4},"end":{"line":314,"column":30}},"104":{"start":{"line":317,"column":17},"end":{"line":320,"column":3}},"105":{"start":{"line":318,"column":4},"end":{"line":319,"column":51}},"106":{"start":{"line":318,"column":10},"end":{"line":318,"column":30}},"107":{"start":{"line":318,"column":31},"end":{"line":318,"column":62}},"108":{"start":{"line":319,"column":16},"end":{"line":319,"column":49}},"109":{"start":{"line":322,"column":28},"end":{"line":393,"column":3}},"110":{"start":{"line":324,"column":4},"end":{"line":327,"column":7}},"111":{"start":{"line":325,"column":23},"end":{"line":325,"column":48}},"112":{"start":{"line":326,"column":6},"end":{"line":326,"column":41}},"113":{"start":{"line":329,"column":4},"end":{"line":392,"column":5}},"114":{"start":{"line":330,"column":22},"end":{"line":330,"column":48}},"115":{"start":{"line":331,"column":6},"end":{"line":391,"column":7}},"116":{"start":{"line":332,"column":8},"end":{"line":332,"column":42}},"117":{"start":{"line":335,"column":28},"end":{"line":335,"column":74}},"118":{"start":{"line":336,"column":30},"end":{"line":336,"column":96}},"119":{"start":{"line":338,"column":8},"end":{"line":366,"column":9}},"120":{"start":{"line":342,"column":27},"end":{"line":342,"column":50}},"121":{"start":{"line":343,"column":20},"end":{"line":343,"column":68}},"122":{"start":{"line":345,"column":32},"end":{"line":345,"column":48}},"123":{"start":{"line":348,"column":24},"end":{"line":348,"column":38}},"124":{"start":{"line":349,"column":22},"end":{"line":349,"column":23}},"125":{"start":{"line":351,"column":10},"end":{"line":360,"column":13}},"126":{"start":{"line":352,"column":28},"end":{"line":352,"column":35}},"127":{"start":{"line":353,"column":32},"end":{"line":353,"column":34}},"128":{"start":{"line":355,"column":12},"end":{"line":355,"column":61}},"129":{"start":{"line":355,"column":29},"end":{"line":355,"column":61}},"130":{"start":{"line":356,"column":12},"end":{"line":356,"column":67}},"131":{"start":{"line":356,"column":31},"end":{"line":356,"column":67}},"132":{"start":{"line":358,"column":12},"end":{"line":358,"column":47}},"133":{"start":{"line":359,"column":12},"end":{"line":359,"column":20}},"134":{"start":{"line":362,"column":10},"end":{"line":365,"column":11}},"135":{"start":{"line":363,"column":12},"end":{"line":363,"column":33}},"136":{"start":{"line":364,"column":12},"end":{"line":364,"column":72}},"137":{"start":{"line":369,"column":8},"end":{"line":387,"column":9}},"138":{"start":{"line":372,"column":10},"end":{"line":375,"column":13}},"139":{"start":{"line":377,"column":28},"end":{"line":377,"column":85}},"140":{"start":{"line":378,"column":31},"end":{"line":378,"column":98}},"141":{"start":{"line":381,"column":38},"end":{"line":381,"column":77}},"142":{"start":{"line":382,"column":30},"end":{"line":382,"column":57}},"143":{"start":{"line":385,"column":10},"end":{"line":385,"column":60}},"144":{"start":{"line":386,"column":10},"end":{"line":386,"column":41}},"145":{"start":{"line":390,"column":8},"end":{"line":390,"column":39}},"146":{"start":{"line":396,"column":18},"end":{"line":400,"column":3}},"147":{"start":{"line":397,"column":20},"end":{"line":397,"column":156}},"148":{"start":{"line":398,"column":24},"end":{"line":398,"column":63}},"149":{"start":{"line":399,"column":4},"end":{"line":399,"column":49}},"150":{"start":{"line":401,"column":28},"end":{"line":404,"column":3}},"151":{"start":{"line":402,"column":24},"end":{"line":402,"column":107}},"152":{"start":{"line":402,"column":63},"end":{"line":402,"column":105}},"153":{"start":{"line":403,"column":4},"end":{"line":403,"column":49}},"154":{"start":{"line":405,"column":21},"end":{"line":408,"column":3}},"155":{"start":{"line":406,"column":24},"end":{"line":406,"column":84}},"156":{"start":{"line":406,"column":65},"end":{"line":406,"column":83}},"157":{"start":{"line":407,"column":4},"end":{"line":407,"column":49}},"158":{"start":{"line":409,"column":21},"end":{"line":412,"column":3}},"159":{"start":{"line":410,"column":24},"end":{"line":410,"column":114}},"160":{"start":{"line":410,"column":62},"end":{"line":410,"column":113}},"161":{"start":{"line":411,"column":4},"end":{"line":411,"column":49}},"162":{"start":{"line":414,"column":22},"end":{"line":427,"column":3}},"163":{"start":{"line":415,"column":23},"end":{"line":415,"column":140}},"164":{"start":{"line":416,"column":4},"end":{"line":426,"column":7}},"165":{"start":{"line":417,"column":23},"end":{"line":417,"column":48}},"166":{"start":{"line":418,"column":27},"end":{"line":418,"column":47}},"167":{"start":{"line":419,"column":27},"end":{"line":419,"column":58}},"168":{"start":{"line":420,"column":27},"end":{"line":420,"column":92}},"169":{"start":{"line":421,"column":6},"end":{"line":424,"column":7}},"170":{"start":{"line":422,"column":24},"end":{"line":422,"column":50}},"171":{"start":{"line":423,"column":8},"end":{"line":423,"column":81}},"172":{"start":{"line":423,"column":63},"end":{"line":423,"column":79}},"173":{"start":{"line":425,"column":6},"end":{"line":425,"column":50}},"174":{"start":{"line":429,"column":20},"end":{"line":432,"column":3}},"175":{"start":{"line":430,"column":23},"end":{"line":430,"column":60}},"176":{"start":{"line":431,"column":4},"end":{"line":431,"column":47}},"177":{"start":{"line":433,"column":22},"end":{"line":436,"column":3}},"178":{"start":{"line":434,"column":23},"end":{"line":434,"column":75}},"179":{"start":{"line":434,"column":61},"end":{"line":434,"column":74}},"180":{"start":{"line":435,"column":4},"end":{"line":435,"column":47}},"181":{"start":{"line":439,"column":32},"end":{"line":443,"column":3}},"182":{"start":{"line":440,"column":28},"end":{"line":440,"column":58}},"183":{"start":{"line":441,"column":28},"end":{"line":441,"column":63}},"184":{"start":{"line":442,"column":4},"end":{"line":442,"column":66}},"185":{"start":{"line":445,"column":33},"end":{"line":480,"column":3}},"186":{"start":{"line":446,"column":4},"end":{"line":446,"column":47}},"187":{"start":{"line":446,"column":34},"end":{"line":446,"column":47}},"188":{"start":{"line":449,"column":4},"end":{"line":449,"column":53}},"189":{"start":{"line":449,"column":41},"end":{"line":449,"column":53}},"190":{"start":{"line":451,"column":20},"end":{"line":451,"column":56}},"191":{"start":{"line":452,"column":21},"end":{"line":452,"column":72}},"192":{"start":{"line":454,"column":4},"end":{"line":479,"column":5}},"193":{"start":{"line":456,"column":8},"end":{"line":456,"column":66}},"194":{"start":{"line":456,"column":53},"end":{"line":456,"column":66}},"195":{"start":{"line":457,"column":8},"end":{"line":457,"column":69}},"196":{"start":{"line":457,"column":53},"end":{"line":457,"column":69}},"197":{"start":{"line":458,"column":8},"end":{"line":458,"column":20}},"198":{"start":{"line":461,"column":8},"end":{"line":461,"column":52}},"199":{"start":{"line":464,"column":8},"end":{"line":464,"column":61}},"200":{"start":{"line":464,"column":48},"end":{"line":464,"column":61}},"201":{"start":{"line":465,"column":8},"end":{"line":465,"column":65}},"202":{"start":{"line":465,"column":49},"end":{"line":465,"column":65}},"203":{"start":{"line":466,"column":8},"end":{"line":466,"column":20}},"204":{"start":{"line":469,"column":8},"end":{"line":469,"column":60}},"205":{"start":{"line":469,"column":47},"end":{"line":469,"column":60}},"206":{"start":{"line":470,"column":8},"end":{"line":470,"column":64}},"207":{"start":{"line":470,"column":48},"end":{"line":470,"column":64}},"208":{"start":{"line":471,"column":8},"end":{"line":471,"column":20}},"209":{"start":{"line":474,"column":8},"end":{"line":474,"column":66}},"210":{"start":{"line":474,"column":50},"end":{"line":474,"column":66}},"211":{"start":{"line":475,"column":8},"end":{"line":475,"column":20}},"212":{"start":{"line":478,"column":8},"end":{"line":478,"column":20}},"213":{"start":{"line":483,"column":28},"end":{"line":483,"column":108}},"214":{"start":{"line":483,"column":38},"end":{"line":483,"column":106}},"215":{"start":{"line":484,"column":30},"end":{"line":484,"column":123}},"216":{"start":{"line":484,"column":40},"end":{"line":484,"column":121}},"217":{"start":{"line":484,"column":108},"end":{"line":484,"column":116}},"218":{"start":{"line":487,"column":21},"end":{"line":561,"column":3}},"219":{"start":{"line":488,"column":4},"end":{"line":488,"column":44}},"220":{"start":{"line":488,"column":37},"end":{"line":488,"column":44}},"221":{"start":{"line":489,"column":4},"end":{"line":492,"column":5}},"222":{"start":{"line":490,"column":6},"end":{"line":490,"column":45}},"223":{"start":{"line":491,"column":6},"end":{"line":491,"column":13}},"224":{"start":{"line":494,"column":4},"end":{"line":560,"column":5}},"225":{"start":{"line":496,"column":6},"end":{"line":499,"column":7}},"226":{"start":{"line":497,"column":8},"end":{"line":497,"column":51}},"227":{"start":{"line":498,"column":8},"end":{"line":498,"column":15}},"228":{"start":{"line":502,"column":29},"end":{"line":502,"column":73}},"229":{"start":{"line":503,"column":6},"end":{"line":506,"column":7}},"230":{"start":{"line":504,"column":8},"end":{"line":504,"column":47}},"231":{"start":{"line":505,"column":8},"end":{"line":505,"column":15}},"232":{"start":{"line":508,"column":29},"end":{"line":508,"column":50}},"233":{"start":{"line":511,"column":6},"end":{"line":514,"column":7}},"234":{"start":{"line":512,"column":8},"end":{"line":512,"column":53}},"235":{"start":{"line":513,"column":8},"end":{"line":513,"column":15}},"236":{"start":{"line":517,"column":6},"end":{"line":523,"column":7}},"237":{"start":{"line":518,"column":8},"end":{"line":521,"column":10}},"238":{"start":{"line":522,"column":8},"end":{"line":522,"column":15}},"239":{"start":{"line":525,"column":20},"end":{"line":525,"column":34}},"240":{"start":{"line":528,"column":6},"end":{"line":530,"column":9}},"241":{"start":{"line":533,"column":6},"end":{"line":535,"column":9}},"242":{"start":{"line":537,"column":6},"end":{"line":537,"column":27}},"243":{"start":{"line":538,"column":6},"end":{"line":538,"column":54}},"244":{"start":{"line":542,"column":28},"end":{"line":542,"column":87}},"245":{"start":{"line":544,"column":6},"end":{"line":551,"column":7}},"246":{"start":{"line":545,"column":8},"end":{"line":550,"column":10}},"247":{"start":{"line":554,"column":6},"end":{"line":557,"column":10}},"248":{"start":{"line":554,"column":27},"end":{"line":557,"column":7}},"249":{"start":{"line":559,"column":6},"end":{"line":559,"column":52}},"250":{"start":{"line":563,"column":23},"end":{"line":590,"column":3}},"251":{"start":{"line":564,"column":4},"end":{"line":564,"column":44}},"252":{"start":{"line":564,"column":37},"end":{"line":564,"column":44}},"253":{"start":{"line":566,"column":4},"end":{"line":589,"column":5}},"254":{"start":{"line":567,"column":20},"end":{"line":567,"column":34}},"255":{"start":{"line":570,"column":6},"end":{"line":572,"column":9}},"256":{"start":{"line":575,"column":6},"end":{"line":577,"column":9}},"257":{"start":{"line":579,"column":6},"end":{"line":579,"column":27}},"258":{"start":{"line":580,"column":6},"end":{"line":580,"column":56}},"259":{"start":{"line":583,"column":6},"end":{"line":586,"column":10}},"260":{"start":{"line":583,"column":27},"end":{"line":586,"column":7}},"261":{"start":{"line":585,"column":55},"end":{"line":585,"column":74}},"262":{"start":{"line":588,"column":6},"end":{"line":588,"column":54}},"263":{"start":{"line":594,"column":31},"end":{"line":604,"column":3}},"264":{"start":{"line":595,"column":25},"end":{"line":600,"column":6}},"265":{"start":{"line":596,"column":6},"end":{"line":598,"column":7}},"266":{"start":{"line":597,"column":8},"end":{"line":597,"column":49}},"267":{"start":{"line":599,"column":6},"end":{"line":599,"column":18}},"268":{"start":{"line":601,"column":4},"end":{"line":601,"column":27}},"269":{"start":{"line":602,"column":22},"end":{"line":602,"column":71}},"270":{"start":{"line":602,"column":47},"end":{"line":602,"column":55}},"271":{"start":{"line":602,"column":66},"end":{"line":602,"column":70}},"272":{"start":{"line":603,"column":4},"end":{"line":603,"column":50}},"273":{"start":{"line":607,"column":21},"end":{"line":631,"column":3}},"274":{"start":{"line":608,"column":4},"end":{"line":630,"column":5}},"275":{"start":{"line":610,"column":23},"end":{"line":616,"column":7}},"276":{"start":{"line":618,"column":6},"end":{"line":618,"column":54}},"277":{"start":{"line":621,"column":6},"end":{"line":621,"column":65}},"278":{"start":{"line":621,"column":23},"end":{"line":621,"column":63}},"279":{"start":{"line":624,"column":31},"end":{"line":624,"column":76}},"280":{"start":{"line":625,"column":6},"end":{"line":625,"column":59}},"281":{"start":{"line":628,"column":6},"end":{"line":628,"column":47}},"282":{"start":{"line":629,"column":6},"end":{"line":629,"column":56}},"283":{"start":{"line":634,"column":18},"end":{"line":649,"column":3}},"284":{"start":{"line":635,"column":4},"end":{"line":648,"column":5}},"285":{"start":{"line":636,"column":6},"end":{"line":642,"column":9}},"286":{"start":{"line":643,"column":6},"end":{"line":643,"column":60}},"287":{"start":{"line":644,"column":6},"end":{"line":644,"column":18}},"288":{"start":{"line":646,"column":6},"end":{"line":646,"column":45}},"289":{"start":{"line":647,"column":6},"end":{"line":647,"column":19}},"290":{"start":{"line":652,"column":21},"end":{"line":709,"column":3}},"291":{"start":{"line":653,"column":4},"end":{"line":653,"column":22}},"292":{"start":{"line":653,"column":15},"end":{"line":653,"column":22}},"293":{"start":{"line":654,"column":20},"end":{"line":654,"column":44}},"294":{"start":{"line":656,"column":4},"end":{"line":708,"column":5}},"295":{"start":{"line":657,"column":21},"end":{"line":682,"column":8}},"296":{"start":{"line":658,"column":24},"end":{"line":658,"column":54}},"297":{"start":{"line":659,"column":8},"end":{"line":661,"column":9}},"298":{"start":{"line":660,"column":10},"end":{"line":660,"column":39}},"299":{"start":{"line":663,"column":21},"end":{"line":663,"column":35}},"300":{"start":{"line":664,"column":24},"end":{"line":664,"column":42}},"301":{"start":{"line":665,"column":24},"end":{"line":665,"column":50}},"302":{"start":{"line":667,"column":8},"end":{"line":681,"column":9}},"303":{"start":{"line":669,"column":10},"end":{"line":672,"column":13}},"304":{"start":{"line":673,"column":10},"end":{"line":673,"column":62}},"305":{"start":{"line":676,"column":10},"end":{"line":679,"column":13}},"306":{"start":{"line":680,"column":10},"end":{"line":680,"column":60}},"307":{"start":{"line":685,"column":6},"end":{"line":702,"column":7}},"308":{"start":{"line":686,"column":27},"end":{"line":686,"column":74}},"309":{"start":{"line":687,"column":8},"end":{"line":701,"column":9}},"310":{"start":{"line":688,"column":29},"end":{"line":688,"column":46}},"311":{"start":{"line":691,"column":33},"end":{"line":691,"column":93}},"312":{"start":{"line":693,"column":10},"end":{"line":700,"column":11}},"313":{"start":{"line":694,"column":12},"end":{"line":699,"column":14}},"314":{"start":{"line":704,"column":6},"end":{"line":704,"column":18}},"315":{"start":{"line":706,"column":6},"end":{"line":706,"column":52}},"316":{"start":{"line":707,"column":6},"end":{"line":707,"column":19}},"317":{"start":{"line":712,"column":25},"end":{"line":763,"column":3}},"318":{"start":{"line":713,"column":4},"end":{"line":713,"column":38}},"319":{"start":{"line":713,"column":31},"end":{"line":713,"column":38}},"320":{"start":{"line":715,"column":4},"end":{"line":762,"column":5}},"321":{"start":{"line":717,"column":26},"end":{"line":717,"column":69}},"322":{"start":{"line":718,"column":6},"end":{"line":725,"column":9}},"323":{"start":{"line":728,"column":22},"end":{"line":728,"column":46}},"324":{"start":{"line":729,"column":6},"end":{"line":731,"column":9}},"325":{"start":{"line":735,"column":23},"end":{"line":735,"column":44}},"326":{"start":{"line":736,"column":6},"end":{"line":756,"column":7}},"327":{"start":{"line":737,"column":25},"end":{"line":737,"column":40}},"328":{"start":{"line":738,"column":8},"end":{"line":755,"column":9}},"329":{"start":{"line":739,"column":29},"end":{"line":739,"column":76}},"330":{"start":{"line":740,"column":10},"end":{"line":754,"column":11}},"331":{"start":{"line":741,"column":31},"end":{"line":741,"column":48}},"332":{"start":{"line":744,"column":35},"end":{"line":744,"column":95}},"333":{"start":{"line":746,"column":12},"end":{"line":753,"column":13}},"334":{"start":{"line":747,"column":14},"end":{"line":752,"column":16}},"335":{"start":{"line":758,"column":6},"end":{"line":758,"column":18}},"336":{"start":{"line":760,"column":6},"end":{"line":760,"column":49}},"337":{"start":{"line":761,"column":6},"end":{"line":761,"column":19}},"338":{"start":{"line":766,"column":22},"end":{"line":794,"column":3}},"339":{"start":{"line":767,"column":4},"end":{"line":767,"column":38}},"340":{"start":{"line":767,"column":31},"end":{"line":767,"column":38}},"341":{"start":{"line":769,"column":4},"end":{"line":793,"column":5}},"342":{"start":{"line":770,"column":6},"end":{"line":782,"column":9}},"343":{"start":{"line":783,"column":6},"end":{"line":783,"column":52}},"344":{"start":{"line":786,"column":6},"end":{"line":790,"column":7}},"345":{"start":{"line":787,"column":8},"end":{"line":787,"column":69}},"346":{"start":{"line":789,"column":8},"end":{"line":789,"column":72}},"347":{"start":{"line":792,"column":6},"end":{"line":792,"column":54}},"348":{"start":{"line":797,"column":29},"end":{"line":817,"column":3}},"349":{"start":{"line":798,"column":4},"end":{"line":798,"column":49}},"350":{"start":{"line":798,"column":42},"end":{"line":798,"column":49}},"351":{"start":{"line":800,"column":4},"end":{"line":816,"column":5}},"352":{"start":{"line":801,"column":22},"end":{"line":801,"column":63}},"353":{"start":{"line":802,"column":23},"end":{"line":802,"column":44}},"354":{"start":{"line":804,"column":6},"end":{"line":813,"column":7}},"355":{"start":{"line":805,"column":24},"end":{"line":805,"column":67}},"356":{"start":{"line":807,"column":8},"end":{"line":810,"column":11}},"357":{"start":{"line":812,"column":8},"end":{"line":812,"column":79}},"358":{"start":{"line":815,"column":6},"end":{"line":815,"column":61}},"359":{"start":{"line":820,"column":28},"end":{"line":820,"column":37}},"360":{"start":{"line":821,"column":25},"end":{"line":821,"column":34}},"361":{"start":{"line":822,"column":21},"end":{"line":822,"column":30}},"362":{"start":{"line":823,"column":21},"end":{"line":823,"column":30}},"363":{"start":{"line":824,"column":25},"end":{"line":824,"column":54}},"364":{"start":{"line":824,"column":37},"end":{"line":824,"column":54}},"365":{"start":{"line":826,"column":26},"end":{"line":889,"column":3}},"366":{"start":{"line":827,"column":4},"end":{"line":827,"column":30}},"367":{"start":{"line":827,"column":20},"end":{"line":827,"column":30}},"368":{"start":{"line":829,"column":4},"end":{"line":888,"column":5}},"369":{"start":{"line":831,"column":22},"end":{"line":831,"column":48}},"370":{"start":{"line":834,"column":30},"end":{"line":840,"column":7}},"371":{"start":{"line":842,"column":6},"end":{"line":842,"column":48}},"372":{"start":{"line":845,"column":22},"end":{"line":845,"column":47}},"373":{"start":{"line":846,"column":28},"end":{"line":846,"column":49}},"374":{"start":{"line":847,"column":24},"end":{"line":847,"column":72}},"375":{"start":{"line":849,"col
[...]
,"C:\\ruvo-application\\src\\services\\notificationService.js": {"path":"C:\\ruvo-application\\src\\services\\notificationService.js","statementMap":{"0":{"start":{"line":2,"column":36},"end":{"line":32,"column":1}},"1":{"start":{"line":3,"column":4},"end":{"line":6,"column":5}},"2":{"start":{"line":4,"column":8},"end":{"line":4,"column":73}},"3":{"start":{"line":5,"column":8},"end":{"line":5,"column":15}},"4":{"start":{"line":8,"column":20},"end":{"line":14,"column":5}},"5":{"start":{"line":16,"column":4},"end":{"line":31,"column":5}},"6":{"start":{"line":17,"column":25},"end":{"line":25,"column":10}},"7":{"start":{"line":30,"column":8},"end":{"line":30,"column":65}}},"fnMap":{"0":{"name":"(anonymous_0)","decl":{"start":{"line":2,"column":36},"end":{"line":2,"column":37}},"loc":{"start":{"line":2,"column":85},"end":{"line":32,"column":1}},"line":2}},"branchMap":{"0":{"loc":{"start":{"line":2,"column":71},"end":{"line":2,"column":80}},"type":"default-arg","locations":[{"start":{"line":2,"column":78},"end":{"line":2,"column":80}}],"line":2},"1":{"loc":{"start":{"line":3,"column":4},"end":{"line":6,"column":5}},"type":"if","locations":[{"start":{"line":3,"column":4},"end":{"line":6,"column":5}},{"start":{},"end":{}}],"line":3}},"s":{"0":0,"1":0,"2":0,"3":0,"4":0,"5":0,"6":0,"7":0},"f":{"0":0},"b":{"0":[0],"1":[0,0]}}
,"C:\\ruvo-application\\src\\services\\referralService.js": {"path":"C:\\ruvo-application\\src\\services\\referralService.js","statementMap":{"0":{"start":{"line":13,"column":36},"end":{"line":17,"column":1}},"1":{"start":{"line":14,"column":22},"end":{"line":14,"column":107}},"2":{"start":{"line":15,"column":25},"end":{"line":15,"column":64}},"3":{"start":{"line":16,"column":4},"end":{"line":16,"column":41}},"4":{"start":{"line":20,"column":36},"end":{"line":38,"column":1}},"5":{"start":{"line":21,"column":4},"end":{"line":21,"column":46}},"6":{"start":{"line":21,"column":34},"end":{"line":21,"column":46}},"7":{"start":{"line":23,"column":4},"end":{"line":37,"column":5}},"8":{"start":{"line":24,"column":25},"end":{"line":24,"column":48}},"9":{"start":{"line":25,"column":18},"end":{"line":25,"column":82}},"10":{"start":{"line":26,"column":25},"end":{"line":26,"column":41}},"11":{"start":{"line":28,"column":8},"end":{"line":32,"column":9}},"12":{"start":{"line":30,"column":24},"end":{"line":30,"column":40}},"13":{"start":{"line":31,"column":12},"end":{"line":31,"column":50}},"14":{"start":{"line":33,"column":8},"end":{"line":33,"column":20}},"15":{"start":{"line":35,"column":8},"end":{"line":35,"column":64}},"16":{"start":{"line":36,"column":8},"end":{"line":36,"column":20}},"17":{"start":{"line":41,"column":37},"end":{"line":88,"column":1}},"18":{"start":{"line":42,"column":4},"end":{"line":42,"column":50}},"19":{"start":{"line":42,"column":37},"end":{"line":42,"column":50}},"20":{"start":{"line":44,"column":4},"end":{"line":87,"column":5}},"21":{"start":{"line":45,"column":8},"end":{"line":80,"column":11}},"22":{"start":{"line":46,"column":32},"end":{"line":46,"column":61}},"23":{"start":{"line":47,"column":32},"end":{"line":47,"column":64}},"24":{"start":{"line":49,"column":32},"end":{"line":49,"column":66}},"25":{"start":{"line":50,"column":12},"end":{"line":52,"column":13}},"26":{"start":{"line":51,"column":16},"end":{"line":51,"column":49}},"27":{"start":{"line":54,"column":29},"end":{"line":54,"column":47}},"28":{"start":{"line":55,"column":33},"end":{"line":55,"column":60}},"29":{"start":{"line":56,"column":37},"end":{"line":56,"column":78}},"30":{"start":{"line":57,"column":34},"end":{"line":57,"column":74}},"31":{"start":{"line":60,"column":30},"end":{"line":60,"column":53}},"32":{"start":{"line":61,"column":29},"end":{"line":61,"column":32}},"33":{"start":{"line":64,"column":12},"end":{"line":69,"column":15}},"34":{"start":{"line":72,"column":12},"end":{"line":79,"column":15}},"35":{"start":{"line":82,"column":8},"end":{"line":82,"column":68}},"36":{"start":{"line":83,"column":8},"end":{"line":83,"column":20}},"37":{"start":{"line":85,"column":8},"end":{"line":85,"column":67}},"38":{"start":{"line":86,"column":8},"end":{"line":86,"column":21}}},"fnMap":{"0":{"name":"(anonymous_0)","decl":{"start":{"line":13,"column":36},"end":{"line":13,"column":37}},"loc":{"start":{"line":13,"column":46},"end":{"line":17,"column":1}},"line":13},"1":{"name":"(anonymous_1)","decl":{"start":{"line":20,"column":36},"end":{"line":20,"column":37}},"loc":{"start":{"line":20,"column":52},"end":{"line":38,"column":1}},"line":20},"2":{"name":"(anonymous_2)","decl":{"start":{"line":41,"column":37},"end":{"line":41,"column":38}},"loc":{"start":{"line":41,"column":82},"end":{"line":88,"column":1}},"line":41},"3":{"name":"(anonymous_3)","decl":{"start":{"line":45,"column":33},"end":{"line":45,"column":34}},"loc":{"start":{"line":45,"column":56},"end":{"line":80,"column":9}},"line":45}},"branchMap":{"0":{"loc":{"start":{"line":14,"column":23},"end":{"line":14,"column":39}},"type":"binary-expr","locations":[{"start":{"line":14,"column":23},"end":{"line":14,"column":27}},{"start":{"line":14,"column":31},"end":{"line":14,"column":39}}],"line":14},"1":{"loc":{"start":{"line":21,"column":4},"end":{"line":21,"column":46}},"type":"if","locations":[{"start":{"line":21,"column":4},"end":{"line":21,"column":46}},{"start":{},"end":{}}],"line":21},"2":{"loc":{"start":{"line":21,"column":8},"end":{"line":21,"column":32}},"type":"binary-expr","locations":[{"start":{"line":21,"column":8},"end":{"line":21,"column":13}},{"start":{"line":21,"column":17},"end":{"line":21,"column":32}}],"line":21},"3":{"loc":{"start":{"line":28,"column":8},"end":{"line":32,"column":9}},"type":"if","locations":[{"start":{"line":28,"column":8},"end":{"line":32,"column":9}},{"start":{},"end":{}}],"line":28},"4":{"loc":{"start":{"line":42,"column":4},"end":{"line":42,"column":50}},"type":"if","locations":[{"start":{"line":42,"column":4},"end":{"line":42,"column":50}},{"start":{},"end":{}}],"line":42},"5":{"loc":{"start":{"line":42,"column":8},"end":{"line":42,"column":35}},"type":"binary-expr","locations":[{"start":{"line":42,"column":8},"end":{"line":42,"column":20}},{"start":{"line":42,"column":24},"end":{"line":42,"column":35}}],"line":42},"6":{"loc":{"start":{"line":50,"column":12},"end":{"line":52,"column":13}},"type":"if","locations":[{"start":{"line":50,"column":12},"end":{"line":52,"column":13}},{"start":{},"end":{}}],"line":50},"7":{"loc":{"start":{"line":55,"column":33},"end":{"line":55,"column":60}},"type":"binary-expr","locations":[{"start":{"line":55,"column":33},"end":{"line":55,"column":55}},{"start":{"line":55,"column":59},"end":{"line":55,"column":60}}],"line":55},"8":{"loc":{"start":{"line":56,"column":37},"end":{"line":56,"column":78}},"type":"binary-expr","locations":[{"start":{"line":56,"column":37},"end":{"line":56,"column":73}},{"start":{"line":56,"column":77},"end":{"line":56,"column":78}}],"line":56},"9":{"loc":{"start":{"line":57,"column":34},"end":{"line":57,"column":74}},"type":"binary-expr","locations":[{"start":{"line":57,"column":34},"end":{"line":57,"column":69}},{"start":{"line":57,"column":73},"end":{"line":57,"column":74}}],"line":57},"10":{"loc":{"start":{"line":60,"column":30},"end":{"line":60,"column":53}},"type":"binary-expr","locations":[{"start":{"line":60,"column":30},"end":{"line":60,"column":48}},{"start":{"line":60,"column":52},"end":{"line":60,"column":53}}],"line":60}},"s":{"0":0,"1":0,"2":0,"3":0,"4":0,"5":0,"6":0,"7":0,"8":0,"9":0,"10":0,"11":0,"12":0,"13":0,"14":0,"15":0,"16":0,"17":0,"18":0,"19":0,"20":0,"21":0,"22":0,"23":0,"24":0,"25":0,"26":0,"27":0,"28":0,"29":0,"30":0,"31":0,"32":0,"33":0,"34":0,"35":0,"36":0,"37":0,"38":0},"f":{"0":0,"1":0,"2":0,"3":0},"b":{"0":[0,0],"1":[0,0],"2":[0,0],"3":[0,0],"4":[0,0],"5":[0,0],"6":[0,0],"7":[0,0],"8":[0,0],"9":[0,0],"10":[0,0]}}
,"C:\\ruvo-application\\src\\utils\\countryFlags.js": {"path":"C:\\ruvo-application\\src\\utils\\countryFlags.js","statementMap":{"0":{"start":{"line":2,"column":30},"end":{"line":70,"column":1}},"1":{"start":{"line":3,"column":20},"end":{"line":67,"column":5}},"2":{"start":{"line":69,"column":4},"end":{"line":69,"column":36}}},"fnMap":{"0":{"name":"(anonymous_0)","decl":{"start":{"line":2,"column":30},"end":{"line":2,"column":31}},"loc":{"start":{"line":2,"column":43},"end":{"line":70,"column":1}},"line":2}},"branchMap":{"0":{"loc":{"start":{"line":69,"column":11},"end":{"line":69,"column":35}},"type":"binary-expr","locations":[{"start":{"line":69,"column":11},"end":{"line":69,"column":27}},{"start":{"line":69,"column":31},"end":{"line":69,"column":35}}],"line":69}},"s":{"0":0,"1":0,"2":0},"f":{"0":0},"b":{"0":[0,0]}}
,"C:\\ruvo-application\\src\\utils\\helpers.js": {"path":"C:\\ruvo-application\\src\\utils\\helpers.js","statementMap":{"0":{"start":{"line":3,"column":23},"end":{"line":33,"column":1}},"1":{"start":{"line":4,"column":4},"end":{"line":4,"column":30}},"2":{"start":{"line":4,"column":18},"end":{"line":4,"column":30}},"3":{"start":{"line":6,"column":18},"end":{"line":6,"column":46}},"4":{"start":{"line":9,"column":18},"end":{"line":9,"column":69}},"5":{"start":{"line":9,"column":38},"end":{"line":9,"column":68}},"6":{"start":{"line":10,"column":15},"end":{"line":10,"column":40}},"7":{"start":{"line":13,"column":4},"end":{"line":18,"column":5}},"8":{"start":{"line":14,"column":24},"end":{"line":16,"column":9}},"9":{"start":{"line":17,"column":8},"end":{"line":17,"column":30}},"10":{"start":{"line":21,"column":4},"end":{"line":23,"column":5}},"11":{"start":{"line":22,"column":8},"end":{"line":22,"column":35}},"12":{"start":{"line":25,"column":4},"end":{"line":25,"column":28}},"13":{"start":{"line":25,"column":15},"end":{"line":25,"column":28}},"14":{"start":{"line":28,"column":4},"end":{"line":32,"column":10}},"15":{"start":{"line":31,"column":12},"end":{"line":31,"column":61}},"16":{"start":{"line":36,"column":19},"end":{"line":43,"column":1}},"17":{"start":{"line":45,"column":34},"end":{"line":55,"column":1}},"18":{"start":{"line":46,"column":4},"end":{"line":46,"column":27}},"19":{"start":{"line":46,"column":15},"end":{"line":46,"column":27}},"20":{"start":{"line":47,"column":22},"end":{"line":47,"column":40}},"21":{"start":{"line":49,"column":4},"end":{"line":53,"column":5}},"22":{"start":{"line":50,"column":8},"end":{"line":52,"column":9}},"23":{"start":{"line":50,"column":46},"end":{"line":50,"column":73}},"24":{"start":{"line":51,"column":12},"end":{"line":51,"column":34}},"25":{"start":{"line":54,"column":4},"end":{"line":54,"column":16}}},"fnMap":{"0":{"name":"(anonymous_0)","decl":{"start":{"line":3,"column":23},"end":{"line":3,"column":24}},"loc":{"start":{"line":3,"column":36},"end":{"line":33,"column":1}},"line":3},"1":{"name":"(anonymous_1)","decl":{"start":{"line":9,"column":33},"end":{"line":9,"column":34}},"loc":{"start":{"line":9,"column":38},"end":{"line":9,"column":68}},"line":9},"2":{"name":"(anonymous_2)","decl":{"start":{"line":30,"column":23},"end":{"line":30,"column":24}},"loc":{"start":{"line":31,"column":12},"end":{"line":31,"column":61}},"line":31},"3":{"name":"(anonymous_3)","decl":{"start":{"line":45,"column":34},"end":{"line":45,"column":35}},"loc":{"start":{"line":45,"column":44},"end":{"line":55,"column":1}},"line":45},"4":{"name":"(anonymous_4)","decl":{"start":{"line":50,"column":35},"end":{"line":50,"column":36}},"loc":{"start":{"line":50,"column":46},"end":{"line":50,"column":73}},"line":50}},"branchMap":{"0":{"loc":{"start":{"line":4,"column":4},"end":{"line":4,"column":30}},"type":"if","locations":[{"start":{"line":4,"column":4},"end":{"line":4,"column":30}},{"start":{},"end":{}}],"line":4},"1":{"loc":{"start":{"line":10,"column":15},"end":{"line":10,"column":40}},"type":"cond-expr","locations":[{"start":{"line":10,"column":23},"end":{"line":10,"column":33}},{"start":{"line":10,"column":36},"end":{"line":10,"column":40}}],"line":10},"2":{"loc":{"start":{"line":13,"column":4},"end":{"line":18,"column":5}},"type":"if","locations":[{"start":{"line":13,"column":4},"end":{"line":18,"column":5}},{"start":{},"end":{}}],"line":13},"3":{"loc":{"start":{"line":21,"column":4},"end":{"line":23,"column":5}},"type":"if","locations":[{"start":{"line":21,"column":4},"end":{"line":23,"column":5}},{"start":{},"end":{}}],"line":21},"4":{"loc":{"start":{"line":21,"column":8},"end":{"line":21,"column":35}},"type":"binary-expr","locations":[{"start":{"line":21,"column":8},"end":{"line":21,"column":13}},{"start":{"line":21,"column":17},"end":{"line":21,"column":35}}],"line":21},"5":{"loc":{"start":{"line":25,"column":4},"end":{"line":25,"column":28}},"type":"if","locations":[{"start":{"line":25,"column":4},"end":{"line":25,"column":28}},{"start":{},"end":{}}],"line":25},"6":{"loc":{"start":{"line":46,"column":4},"end":{"line":46,"column":27}},"type":"if","locations":[{"start":{"line":46,"column":4},"end":{"line":46,"column":27}},{"start":{},"end":{}}],"line":46},"7":{"loc":{"start":{"line":50,"column":8},"end":{"line":52,"column":9}},"type":"if","locations":[{"start":{"line":50,"column":8},"end":{"line":52,"column":9}},{"start":{},"end":{}}],"line":50}},"s":{"0":0,"1":0,"2":0,"3":0,"4":0,"5":0,"6":0,"7":0,"8":0,"9":0,"10":0,"11":0,"12":0,"13":0,"14":0,"15":0,"16":0,"17":0,"18":0,"19":0,"20":0,"21":0,"22":0,"23":0,"24":0,"25":0},"f":{"0":0,"1":0,"2":0,"3":0,"4":0},"b":{"0":[0,0],"1":[0,0],"2":[0,0],"3":[0,0],"4":[0,0],"5":[0,0],"6":[0,0],"7":[0,0]}}
,"C:\\ruvo-application\\src\\utils\\units.js": {"path":"C:\\ruvo-application\\src\\utils\\units.js","statementMap":{"0":{"start":{"line":1,"column":30},"end":{"line":9,"column":1}},"1":{"start":{"line":2,"column":17},"end":{"line":2,"column":46}},"2":{"start":{"line":4,"column":4},"end":{"line":7,"column":5}},"3":{"start":{"line":5,"column":22},"end":{"line":5,"column":37}},"4":{"start":{"line":6,"column":8},"end":{"line":6,"column":47}},"5":{"start":{"line":8,"column":4},"end":{"line":8,"column":42}},"6":{"start":{"line":11,"column":26},"end":{"line":26,"column":1}},"7":{"start":{"line":12,"column":4},"end":{"line":12,"column":70}},"8":{"start":{"line":12,"column":55},"end":{"line":12,"column":70}},"9":{"start":{"line":15,"column":18},"end":{"line":15,"column":43}},"10":{"start":{"line":16,"column":23},"end":{"line":16,"column":69}},"11":{"start":{"line":18,"column":4},"end":{"line":21,"column":5}},"12":{"start":{"line":20,"column":8},"end":{"line":20,"column":46}},"13":{"start":{"line":23,"column":16},"end":{"line":23,"column":40}},"14":{"start":{"line":24,"column":16},"end":{"line":24,"column":53}},"15":{"start":{"line":25,"column":4},"end":{"line":25,"column":49}},"16":{"start":{"line":28,"column":28},"end":{"line":30,"column":1}},"17":{"start":{"line":29,"column":4},"end":{"line":29,"column":51}},"18":{"start":{"line":33,"column":36},"end":{"line":39,"column":1}},"19":{"start":{"line":34,"column":17},"end":{"line":34,"column":46}},"20":{"start":{"line":35,"column":4},"end":{"line":37,"column":5}},"21":{"start":{"line":36,"column":8},"end":{"line":36,"column":31}},"22":{"start":{"line":38,"column":4},"end":{"line":38,"column":16}}},"fnMap":{"0":{"name":"(anonymous_0)","decl":{"start":{"line":1,"column":30},"end":{"line":1,"column":31}},"loc":{"start":{"line":1,"column":85},"end":{"line":9,"column":1}},"line":1},"1":{"name":"(anonymous_1)","decl":{"start":{"line":11,"column":26},"end":{"line":11,"column":27}},"loc":{"start":{"line":11,"column":69},"end":{"line":26,"column":1}},"line":11},"2":{"name":"(anonymous_2)","decl":{"start":{"line":28,"column":28},"end":{"line":28,"column":29}},"loc":{"start":{"line":28,"column":55},"end":{"line":30,"column":1}},"line":28},"3":{"name":"(anonymous_3)","decl":{"start":{"line":33,"column":36},"end":{"line":33,"column":37}},"loc":{"start":{"line":33,"column":77},"end":{"line":39,"column":1}},"line":33}},"branchMap":{"0":{"loc":{"start":{"line":1,"column":45},"end":{"line":1,"column":66}},"type":"default-arg","locations":[{"start":{"line":1,"column":58},"end":{"line":1,"column":66}}],"line":1},"1":{"loc":{"start":{"line":1,"column":68},"end":{"line":1,"column":80}},"type":"default-arg","locations":[{"start":{"line":1,"column":79},"end":{"line":1,"column":80}}],"line":1},"2":{"loc":{"start":{"line":2,"column":17},"end":{"line":2,"column":46}},"type":"binary-expr","locations":[{"start":{"line":2,"column":17},"end":{"line":2,"column":41}},{"start":{"line":2,"column":45},"end":{"line":2,"column":46}}],"line":2},"3":{"loc":{"start":{"line":4,"column":4},"end":{"line":7,"column":5}},"type":"if","locations":[{"start":{"line":4,"column":4},"end":{"line":7,"column":5}},{"start":{},"end":{}}],"line":4},"4":{"loc":{"start":{"line":11,"column":43},"end":{"line":11,"column":64}},"type":"default-arg","locations":[{"start":{"line":11,"column":56},"end":{"line":11,"column":64}}],"line":11},"5":{"loc":{"start":{"line":12,"column":4},"end":{"line":12,"column":70}},"type":"if","locations":[{"start":{"line":12,"column":4},"end":{"line":12,"column":70}},{"start":{},"end":{}}],"line":12},"6":{"loc":{"start":{"line":12,"column":8},"end":{"line":12,"column":53}},"type":"binary-expr","locations":[{"start":{"line":12,"column":8},"end":{"line":12,"column":23}},{"start":{"line":12,"column":27},"end":{"line":12,"column":53}}],"line":12},"7":{"loc":{"start":{"line":18,"column":4},"end":{"line":21,"column":5}},"type":"if","locations":[{"start":{"line":18,"column":4},"end":{"line":21,"column":5}},{"start":{},"end":{}}],"line":18},"8":{"loc":{"start":{"line":25,"column":21},"end":{"line":25,"column":40}},"type":"cond-expr","locations":[{"start":{"line":25,"column":32},"end":{"line":25,"column":35}},{"start":{"line":25,"column":38},"end":{"line":25,"column":40}}],"line":25},"9":{"loc":{"start":{"line":28,"column":29},"end":{"line":28,"column":50}},"type":"default-arg","locations":[{"start":{"line":28,"column":42},"end":{"line":28,"column":50}}],"line":28},"10":{"loc":{"start":{"line":29,"column":11},"end":{"line":29,"column":50}},"type":"cond-expr","locations":[{"start":{"line":29,"column":39},"end":{"line":29,"column":43}},{"start":{"line":29,"column":46},"end":{"line":29,"column":50}}],"line":29},"11":{"loc":{"start":{"line":33,"column":51},"end":{"line":33,"column":72}},"type":"default-arg","locations":[{"start":{"line":33,"column":64},"end":{"line":33,"column":72}}],"line":33},"12":{"loc":{"start":{"line":34,"column":17},"end":{"line":34,"column":46}},"type":"binary-expr","locations":[{"start":{"line":34,"column":17},"end":{"line":34,"column":41}},{"start":{"line":34,"column":45},"end":{"line":34,"column":46}}],"line":34},"13":{"loc":{"start":{"line":35,"column":4},"end":{"line":37,"column":5}},"type":"if","locations":[{"start":{"line":35,"column":4},"end":{"line":37,"column":5}},{"start":{},"end":{}}],"line":35}},"s":{"0":0,"1":0,"2":0,"3":0,"4":0,"5":0,"6":0,"7":0,"8":0,"9":0,"10":0,"11":0,"12":0,"13":0,"14":0,"15":0,"16":0,"17":0,"18":0,"19":0,"20":0,"21":0,"22":0},"f":{"0":0,"1":0,"2":0,"3":0},"b":{"0":[0],"1":[0],"2":[0,0],"3":[0,0],"4":[0],"5":[0,0],"6":[0,0],"7":[0,0],"8":[0,0],"9":[0],"10":[0,0],"11":[0],"12":[0,0],"13":[0,0]}}
}
