TN:
SF:src\components\FloatingNavBar.js
FN:15,FloatingNavBar
FN:18,(anonymous_1)
FN:27,(anonymous_2)
FN:32,(anonymous_3)
FN:37,(anonymous_4)
FN:42,(anonymous_5)
FN:47,(anonymous_6)
FNF:7
FNH:0
FNDA:0,FloatingNavBar
FNDA:0,(anonymous_1)
FNDA:0,(anonymous_2)
FNDA:0,(anonymous_3)
FNDA:0,(anonymous_4)
FNDA:0,(anonymous_5)
FNDA:0,(anonymous_6)
DA:7,0
DA:9,0
DA:16,0
DA:18,0
DA:19,0
DA:20,0
DA:23,0
DA:27,0
DA:32,0
DA:37,0
DA:42,0
DA:47,0
DA:55,0
LF:13
LH:0
BRDA:19,0,0,0
BRDA:19,0,1,0
BRDA:28,1,0,0
BRDA:28,1,1,0
BRDA:28,2,0,0
BRDA:28,2,1,0
BRDA:33,3,0,0
BRDA:33,3,1,0
BRDA:33,4,0,0
BRDA:33,4,1,0
BRDA:38,5,0,0
BRDA:38,5,1,0
BRDA:38,6,0,0
BRDA:38,6,1,0
BRDA:43,7,0,0
BRDA:43,7,1,0
BRDA:43,8,0,0
BRDA:43,8,1,0
BRDA:48,9,0,0
BRDA:48,9,1,0
BRDA:48,10,0,0
BRDA:48,10,1,0
BRF:22
BRH:0
end_of_record
TN:
SF:src\components\NotificationBell.js
FN:7,NotificationBell
FNF:1
FNH:0
FNDA:0,NotificationBell
DA:8,0
DA:10,0
DA:26,0
LF:3
LH:0
BRDA:15,0,0,0
BRDA:15,0,1,0
BRDA:18,1,0,0
BRDA:18,1,1,0
BRF:4
BRH:0
end_of_record
TN:
SF:src\components\NotificationSheet.js
FN:19,(anonymous_0)
FN:43,NotificationSheet
FN:52,(anonymous_2)
FN:54,(anonymous_3)
FN:62,(anonymous_4)
FN:67,(anonymous_5)
FN:76,(anonymous_6)
FN:82,(anonymous_7)
FN:94,(anonymous_8)
FN:99,(anonymous_9)
FN:114,(anonymous_10)
FN:122,(anonymous_11)
FN:141,(anonymous_12)
FN:144,(anonymous_13)
FN:167,(anonymous_14)
FN:181,(anonymous_15)
FN:193,(anonymous_16)
FN:208,(anonymous_17)
FNF:18
FNH:0
FNDA:0,(anonymous_0)
FNDA:0,NotificationSheet
FNDA:0,(anonymous_2)
FNDA:0,(anonymous_3)
FNDA:0,(anonymous_4)
FNDA:0,(anonymous_5)
FNDA:0,(anonymous_6)
FNDA:0,(anonymous_7)
FNDA:0,(anonymous_8)
FNDA:0,(anonymous_9)
FNDA:0,(anonymous_10)
FNDA:0,(anonymous_11)
FNDA:0,(anonymous_12)
FNDA:0,(anonymous_13)
FNDA:0,(anonymous_14)
FNDA:0,(anonymous_15)
FNDA:0,(anonymous_16)
FNDA:0,(anonymous_17)
DA:8,0
DA:16,0
DA:19,0
DA:20,0
DA:21,0
DA:22,0
DA:24,0
DA:25,0
DA:26,0
DA:28,0
DA:29,0
DA:31,0
DA:32,0
DA:34,0
DA:35,0
DA:37,0
DA:38,0
DA:40,0
DA:44,0
DA:45,0
DA:48,0
DA:49,0
DA:50,0
DA:52,0
DA:53,0
DA:54,0
DA:55,0
DA:56,0
DA:62,0
DA:63,0
DA:64,0
DA:67,0
DA:68,0
DA:69,0
DA:70,0
DA:72,0
DA:76,0
DA:77,0
DA:78,0
DA:82,0
DA:83,0
DA:84,0
DA:90,0
DA:94,0
DA:95,0
DA:99,0
DA:100,0
DA:101,0
DA:102,0
DA:103,0
DA:104,0
DA:105,0
DA:106,0
DA:107,0
DA:108,0
DA:109,0
DA:110,0
DA:114,0
DA:115,0
DA:116,0
DA:118,0
DA:122,0
DA:141,0
DA:144,0
DA:154,0
DA:167,0
DA:181,0
DA:193,0
DA:208,0
DA:227,0
LF:70
LH:0
BRDA:20,0,0,0
BRDA:20,0,1,0
BRDA:22,1,0,0
BRDA:22,1,1,0
BRDA:31,2,0,0
BRDA:31,2,1,0
BRDA:32,3,0,0
BRDA:32,3,1,0
BRDA:34,4,0,0
BRDA:34,4,1,0
BRDA:37,5,0,0
BRDA:37,5,1,0
BRDA:53,6,0,0
BRDA:53,6,1,0
BRDA:56,7,0,0
BRDA:56,7,1,0
BRDA:56,7,2,0
BRDA:63,8,0,0
BRDA:63,8,1,0
BRDA:68,9,0,0
BRDA:68,9,1,0
BRDA:70,10,0,0
BRDA:70,10,1,0
BRDA:72,11,0,0
BRDA:72,11,1,0
BRDA:83,12,0,0
BRDA:83,12,1,0
BRDA:83,13,0,0
BRDA:83,13,1,0
BRDA:86,14,0,0
BRDA:86,14,1,0
BRDA:100,15,0,0
BRDA:100,15,1,0
BRDA:100,15,2,0
BRDA:100,15,3,0
BRDA:100,15,4,0
BRDA:100,15,5,0
BRDA:100,15,6,0
BRDA:100,15,7,0
BRDA:100,15,8,0
BRDA:100,15,9,0
BRDA:121,16,0,0
BRDA:121,16,1,0
BRDA:128,17,0,0
BRDA:128,17,1,0
BRDA:133,18,0,0
BRDA:133,18,1,0
BRDA:134,19,0,0
BRDA:134,19,1,0
BRDA:136,20,0,0
BRDA:136,20,1,0
BRDA:139,21,0,0
BRDA:139,21,1,0
BRDA:163,22,0,0
BRDA:163,22,1,0
BRDA:163,23,0,0
BRDA:163,23,1,0
BRDA:164,24,0,0
BRDA:164,24,1,0
BRDA:166,25,0,0
BRDA:166,25,1,0
BRDA:172,26,0,0
BRDA:172,26,1,0
BRDA:192,27,0,0
BRDA:192,27,1,0
BRDA:200,28,0,0
BRDA:200,28,1,0
BRDA:206,29,0,0
BRDA:206,29,1,0
BRF:69
BRH:0
end_of_record
TN:
SF:src\components\RuvoDashboard.js
FN:24,(anonymous_0)
FN:51,RuvoDashboard
FN:66,(anonymous_2)
FN:71,(anonymous_3)
FN:73,(anonymous_4)
FN:110,(anonymous_5)
FN:125,(anonymous_6)
FN:134,(anonymous_7)
FN:145,(anonymous_8)
FN:168,(anonymous_9)
FNF:10
FNH:0
FNDA:0,(anonymous_0)
FNDA:0,RuvoDashboard
FNDA:0,(anonymous_2)
FNDA:0,(anonymous_3)
FNDA:0,(anonymous_4)
FNDA:0,(anonymous_5)
FNDA:0,(anonymous_6)
FNDA:0,(anonymous_7)
FNDA:0,(anonymous_8)
FNDA:0,(anonymous_9)
DA:8,0
DA:9,0
DA:10,0
DA:12,0
DA:14,0
DA:24,0
DA:25,0
DA:26,0
DA:27,0
DA:28,0
DA:29,0
DA:31,0
DA:52,0
DA:53,0
DA:56,0
DA:57,0
DA:60,0
DA:61,0
DA:62,0
DA:63,0
DA:66,0
DA:67,0
DA:68,0
DA:71,0
DA:73,0
DA:75,0
DA:76,0
DA:79,0
DA:80,0
DA:81,0
DA:84,0
DA:85,0
DA:86,0
DA:90,0
DA:91,0
DA:92,0
DA:93,0
DA:95,0
DA:98,0
DA:101,0
DA:110,0
DA:134,0
DA:145,0
DA:168,0
DA:200,0
LF:45
LH:0
BRDA:56,0,0,0
BRDA:56,0,1,0
BRDA:57,1,0,0
BRDA:57,1,1,0
BRDA:60,2,0,0
BRDA:60,2,1,0
BRDA:61,3,0,0
BRDA:61,3,1,0
BRDA:63,4,0,0
BRDA:63,4,1,0
BRDA:63,4,2,0
BRDA:67,5,0,0
BRDA:67,5,1,0
BRDA:68,6,0,0
BRDA:68,6,1,0
BRDA:79,7,0,0
BRDA:79,7,1,0
BRDA:86,8,0,0
BRDA:86,8,1,0
BRDA:90,9,0,0
BRDA:90,9,1,0
BRDA:91,10,0,0
BRDA:91,10,1,0
BRDA:144,11,0,0
BRDA:144,11,1,0
BRDA:175,12,0,0
BRDA:175,12,1,0
BRF:27
BRH:0
end_of_record
TN:
SF:src\components\SimpleCharts.js
FN:5,(anonymous_0)
FN:16,(anonymous_1)
FN:61,(anonymous_2)
FN:65,(anonymous_3)
FN:72,(anonymous_4)
FN:76,(anonymous_5)
FN:93,(anonymous_6)
FNF:7
FNH:0
FNDA:0,(anonymous_0)
FNDA:0,(anonymous_1)
FNDA:0,(anonymous_2)
FNDA:0,(anonymous_3)
FNDA:0,(anonymous_4)
FNDA:0,(anonymous_5)
FNDA:0,(anonymous_6)
DA:5,0
DA:6,0
DA:8,0
DA:9,0
DA:10,0
DA:12,0
DA:17,0
DA:18,0
DA:19,0
DA:21,0
DA:61,0
DA:62,0
DA:64,0
DA:65,0
DA:66,0
DA:68,0
DA:69,0
DA:72,0
DA:75,0
DA:76,0
DA:77,0
DA:78,0
DA:81,0
DA:94,0
DA:95,0
DA:97,0
LF:26
LH:0
BRDA:5,0,0,0
BRDA:5,1,0,0
BRDA:6,2,0,0
BRDA:6,2,1,0
BRDA:6,3,0,0
BRDA:6,3,1,0
BRDA:32,4,0,0
BRDA:32,4,1,0
BRDA:51,5,0,0
BRDA:51,5,1,0
BRDA:61,6,0,0
BRDA:61,7,0,0
BRDA:62,8,0,0
BRDA:62,8,1,0
BRDA:62,9,0,0
BRDA:62,9,1,0
BRDA:66,10,0,0
BRDA:66,10,1,0
BRDA:77,11,0,0
BRDA:77,11,1,0
BRDA:108,12,0,0
BRDA:108,12,1,0
BRF:22
BRH:0
end_of_record
TN:
SF:src\config\firebase.js
FNF:0
FNH:0
DA:9,0
DA:20,0
DA:21,0
DA:23,0
DA:28,0
DA:30,0
DA:35,0
DA:39,0
DA:42,0
LF:9
LH:0
BRDA:20,0,0,0
BRDA:20,0,1,0
BRF:2
BRH:0
end_of_record
TN:
SF:src\constants\badges.js
FN:11,(anonymous_0)
FN:20,(anonymous_1)
FN:29,(anonymous_2)
FN:38,(anonymous_3)
FN:49,(anonymous_4)
FN:62,(anonymous_5)
FN:77,(anonymous_6)
FN:86,(anonymous_7)
FN:89,(anonymous_8)
FN:116,(anonymous_9)
FN:117,(anonymous_10)
FN:130,(anonymous_11)
FN:136,(anonymous_12)
FN:142,(anonymous_13)
FN:143,(anonymous_14)
FN:157,(anonymous_15)
FN:158,(anonymous_16)
FN:172,(anonymous_17)
FN:174,(anonymous_18)
FN:180,(anonymous_19)
FNF:20
FNH:20
FNDA:18,(anonymous_0)
FNDA:18,(anonymous_1)
FNDA:16,(anonymous_2)
FNDA:18,(anonymous_3)
FNDA:18,(anonymous_4)
FNDA:18,(anonymous_5)
FNDA:18,(anonymous_6)
FNDA:18,(anonymous_7)
FNDA:52,(anonymous_8)
FNDA:18,(anonymous_9)
FNDA:34,(anonymous_10)
FNDA:18,(anonymous_11)
FNDA:52,(anonymous_12)
FNDA:30,(anonymous_13)
FNDA:30,(anonymous_14)
FNDA:18,(anonymous_15)
FNDA:34,(anonymous_16)
FNDA:18,(anonymous_17)
FNDA:52,(anonymous_18)
FNDA:34,(anonymous_19)
DA:2,1
DA:11,18
DA:20,18
DA:29,16
DA:38,18
DA:50,18
DA:51,18
DA:52,18
DA:63,18
DA:64,18
DA:65,18
DA:77,18
DA:88,18
DA:89,52
DA:91,18
DA:92,18
DA:93,34
DA:94,34
DA:95,34
DA:97,34
DA:98,6
DA:99,6
DA:100,28
DA:101,8
DA:104,18
DA:117,34
DA:118,18
DA:132,18
DA:133,18
DA:136,18
DA:137,52
DA:138,52
DA:139,52
DA:142,30
DA:143,30
DA:145,18
DA:158,34
DA:159,18
DA:160,18
DA:174,18
DA:175,52
DA:176,51
DA:177,51
DA:180,34
DA:181,18
DA:183,18
LF:46
LH:46
BRDA:97,0,0,6
BRDA:97,0,1,28
BRDA:99,1,0,0
BRDA:99,1,1,6
BRDA:100,2,0,8
BRDA:100,2,1,20
BRDA:117,3,0,34
BRDA:117,3,1,0
BRDA:117,4,0,18
BRDA:117,4,1,1
BRDA:145,5,0,18
BRDA:145,5,1,0
BRDA:158,6,0,34
BRDA:158,6,1,0
BRDA:159,7,0,18
BRDA:159,7,1,1
BRDA:160,8,0,18
BRDA:160,8,1,0
BRDA:175,9,0,1
BRDA:175,9,1,51
BRDA:175,10,0,52
BRDA:175,10,1,51
BRDA:183,11,0,18
BRDA:183,11,1,0
BRF:24
BRH:18
end_of_record
TN:
SF:src\constants\countries.js
FNF:0
FNH:0
DA:1,0
LF:1
LH:0
BRF:0
BRH:0
end_of_record
TN:
SF:src\constants\helpData.js
FNF:0
FNH:0
DA:1,0
LF:1
LH:0
BRF:0
BRH:0
end_of_record
TN:
SF:src\constants\legacy-theme.js
FNF:0
FNH:0
DA:1,0
DA:15,0
LF:2
LH:0
BRF:0
BRH:0
end_of_record
TN:
SF:src\constants\theme.js
FNF:0
FNH:0
DA:1,0
DA:15,0
LF:2
LH:0
BRF:0
BRH:0
end_of_record
TN:
SF:src\context\NotificationContext.js
FN:10,(anonymous_0)
FN:20,(anonymous_1)
FN:28,(anonymous_2)
FN:33,(anonymous_3)
FN:34,(anonymous_4)
FN:54,(anonymous_5)
FN:64,(anonymous_6)
FN:68,(anonymous_7)
FN:78,(anonymous_8)
FN:79,(anonymous_9)
FN:83,(anonymous_10)
FN:84,(anonymous_11)
FN:84,(anonymous_12)
FN:85,(anonymous_13)
FN:89,(anonymous_14)
FN:90,(anonymous_15)
FN:90,(anonymous_16)
FN:95,(anonymous_17)
FN:101,(anonymous_18)
FN:102,(anonymous_19)
FN:103,(anonymous_20)
FN:104,(anonymous_21)
FN:110,(anonymous_22)
FN:130,(anonymous_23)
FN:148,(anonymous_24)
FNF:25
FNH:23
FNDA:0,(anonymous_0)
FNDA:41,(anonymous_1)
FNDA:43,(anonymous_2)
FNDA:17,(anonymous_3)
FNDA:17,(anonymous_4)
FNDA:0,(anonymous_5)
FNDA:17,(anonymous_6)
FNDA:17,(anonymous_7)
FNDA:17,(anonymous_8)
FNDA:17,(anonymous_9)
FNDA:3,(anonymous_10)
FNDA:3,(anonymous_11)
FNDA:3,(anonymous_12)
FNDA:3,(anonymous_13)
FNDA:1,(anonymous_14)
FNDA:1,(anonymous_15)
FNDA:3,(anonymous_16)
FNDA:1,(anonymous_17)
FNDA:2,(anonymous_18)
FNDA:2,(anonymous_19)
FNDA:3,(anonymous_20)
FNDA:1,(anonymous_21)
FNDA:2,(anonymous_22)
FNDA:3,(anonymous_23)
FNDA:1,(anonymous_24)
DA:4,1
DA:8,1
DA:9,1
DA:10,0
DA:17,0
DA:20,1
DA:21,41
DA:22,41
DA:23,0
DA:25,41
DA:28,1
DA:29,43
DA:30,43
DA:33,43
DA:34,17
DA:35,17
DA:36,17
DA:37,17
DA:38,17
DA:39,0
DA:40,0
DA:42,17
DA:43,0
DA:44,0
DA:47,0
DA:51,17
DA:54,17
DA:55,0
DA:56,0
DA:64,17
DA:68,43
DA:69,17
DA:78,17
DA:79,17
DA:83,43
DA:84,3
DA:85,3
DA:89,43
DA:90,3
DA:91,1
DA:95,43
DA:96,1
DA:97,1
DA:101,43
DA:102,2
DA:103,3
DA:104,2
DA:105,2
DA:110,43
DA:112,2
DA:114,2
DA:118,2
DA:119,2
DA:123,2
DA:125,0
DA:130,43
DA:131,3
DA:133,2
DA:134,2
DA:136,2
DA:138,1
DA:148,43
DA:149,1
DA:156,43
LF:64
LH:53
BRDA:22,0,0,0
BRDA:22,0,1,41
BRDA:38,1,0,0
BRDA:38,1,1,17
BRDA:42,2,0,0
BRDA:42,2,1,17
BRDA:57,3,0,0
BRDA:57,3,1,0
BRDA:58,4,0,0
BRDA:58,4,1,0
BRDA:59,5,0,0
BRDA:59,5,1,0
BRDA:60,6,0,0
BRDA:60,6,1,0
BRDA:68,7,0,16
BRDA:84,8,0,3
BRDA:84,8,1,0
BRDA:110,9,0,2
BRDA:114,10,0,0
BRDA:114,10,1,2
BRDA:131,11,0,1
BRDA:131,11,1,2
BRDA:136,12,0,1
BRDA:136,12,1,1
BRF:24
BRH:11
end_of_record
TN:
SF:src\context\ThemeContext.js
FN:5,(anonymous_0)
FN:7,(anonymous_1)
FN:10,(anonymous_2)
FN:10,(anonymous_3)
FNF:4
FNH:0
FNDA:0,(anonymous_0)
FNDA:0,(anonymous_1)
FNDA:0,(anonymous_2)
FNDA:0,(anonymous_3)
DA:3,0
DA:5,0
DA:7,0
DA:8,0
DA:10,0
DA:12,0
DA:25,0
LF:7
LH:0
BRDA:15,0,0,0
BRDA:15,0,1,0
BRDA:16,1,0,0
BRDA:16,1,1,0
BRDA:17,2,0,0
BRDA:17,2,1,0
BRDA:18,3,0,0
BRDA:18,3,1,0
BRDA:19,4,0,0
BRDA:19,4,1,0
BRDA:21,5,0,0
BRDA:21,5,1,0
BRF:12
BRH:0
end_of_record
TN:
SF:src\context\UserContext.js
FN:42,(anonymous_0)
FN:126,(anonymous_1)
FN:140,(anonymous_2)
FN:143,(anonymous_3)
FN:148,(anonymous_4)
FN:153,(anonymous_5)
FN:158,(anonymous_6)
FN:164,(anonymous_7)
FN:168,(anonymous_8)
FN:173,(anonymous_9)
FN:190,(anonymous_10)
FN:193,(anonymous_11)
FN:195,(anonymous_12)
FN:195,(anonymous_13)
FN:199,(anonymous_14)
FN:213,(anonymous_15)
FN:221,(anonymous_16)
FN:254,(anonymous_17)
FN:256,(anonymous_18)
FN:257,(anonymous_19)
FN:260,(anonymous_20)
FN:273,(anonymous_21)
FN:273,(anonymous_22)
FN:274,(anonymous_23)
FN:275,(anonymous_24)
FN:317,(anonymous_25)
FN:321,(anonymous_26)
FN:358,(anonymous_27)
FN:366,(anonymous_28)
FN:384,(anonymous_29)
FN:387,(anonymous_30)
FN:392,(anonymous_31)
FN:405,(anonymous_32)
FN:457,(anonymous_33)
FN:462,(anonymous_34)
FN:468,(anonymous_35)
FN:473,(anonymous_36)
FN:475,(anonymous_37)
FN:502,(anonymous_38)
FN:547,(anonymous_39)
FN:552,(anonymous_40)
FN:553,(anonymous_41)
FN:556,(anonymous_42)
FN:557,(anonymous_43)
FN:560,(anonymous_44)
FN:561,(anonymous_45)
FN:565,(anonymous_46)
FN:567,(anonymous_47)
FN:576,(anonymous_48)
FN:590,(anonymous_49)
FN:594,(anonymous_50)
FN:595,(anonymous_51)
FN:600,(anonymous_52)
FN:606,(anonymous_53)
FN:644,(anonymous_54)
FN:645,(anonymous_55)
FN:645,(anonymous_56)
FN:648,(anonymous_57)
FN:715,(anonymous_58)
FN:724,(anonymous_59)
FN:744,(anonymous_60)
FN:746,(anonymous_61)
FN:754,(anonymous_62)
FN:762,(anonymous_63)
FN:762,(anonymous_64)
FN:763,(anonymous_65)
FN:764,(anonymous_66)
FN:778,(anonymous_67)
FN:778,(anonymous_68)
FN:779,(anonymous_69)
FN:787,(anonymous_70)
FN:788,(anonymous_71)
FN:794,(anonymous_72)
FN:794,(anonymous_73)
FN:807,(anonymous_74)
FN:807,(anonymous_75)
FN:818,(anonymous_76)
FN:818,(anonymous_77)
FN:828,(anonymous_78)
FN:840,(anonymous_79)
FN:855,(anonymous_80)
FN:859,(anonymous_81)
FN:869,(anonymous_82)
FN:886,(anonymous_83)
FN:886,(anonymous_84)
FN:888,(anonymous_85)
FN:903,(anonymous_86)
FN:912,(anonymous_87)
FN:912,(anonymous_88)
FN:914,(anonymous_89)
FN:933,(anonymous_90)
FN:938,(anonymous_91)
FN:993,(anonymous_92)
FN:1047,(anonymous_93)
FN:1078,(anonymous_94)
FN:1101,(anonymous_95)
FN:1102,(anonymous_96)
FN:1103,(anonymous_97)
FN:1104,(anonymous_98)
FN:1106,(anonymous_99)
FN:1120,(anonymous_100)
FN:1123,(anonymous_101)
FN:1151,(anonymous_102)
FN:1202,(anonymous_103)
FN:1208,(anonymous_104)
FN:1221,(anonymous_105)
FN:1235,(anonymous_106)
FN:1245,(anonymous_107)
FN:1295,(anonymous_108)
FN:1330,(anonymous_109)
FN:1364,(anonymous_110)
FN:1370,(anonymous_111)
FN:1376,(anonymous_112)
FN:1385,(anonymous_113)
FN:1388,(anonymous_114)
FN:1396,(anonymous_115)
FN:1403,(anonymous_116)
FN:1413,(anonymous_117)
FN:1419,(anonymous_118)
FN:1429,(anonymous_119)
FN:1434,(anonymous_120)
FN:1454,(anonymous_121)
FN:1500,(anonymous_122)
FN:1514,(anonymous_123)
FN:1523,(anonymous_124)
FN:1665,(anonymous_125)
FNF:126
FNH:0
FNDA:0,(anonymous_0)
FNDA:0,(anonymous_1)
FNDA:0,(anonymous_2)
FNDA:0,(anonymous_3)
FNDA:0,(anonymous_4)
FNDA:0,(anonymous_5)
FNDA:0,(anonymous_6)
FNDA:0,(anonymous_7)
FNDA:0,(anonymous_8)
FNDA:0,(anonymous_9)
FNDA:0,(anonymous_10)
FNDA:0,(anonymous_11)
FNDA:0,(anonymous_12)
FNDA:0,(anonymous_13)
FNDA:0,(anonymous_14)
FNDA:0,(anonymous_15)
FNDA:0,(anonymous_16)
FNDA:0,(anonymous_17)
FNDA:0,(anonymous_18)
FNDA:0,(anonymous_19)
FNDA:0,(anonymous_20)
FNDA:0,(anonymous_21)
FNDA:0,(anonymous_22)
FNDA:0,(anonymous_23)
FNDA:0,(anonymous_24)
FNDA:0,(anonymous_25)
FNDA:0,(anonymous_26)
FNDA:0,(anonymous_27)
FNDA:0,(anonymous_28)
FNDA:0,(anonymous_29)
FNDA:0,(anonymous_30)
FNDA:0,(anonymous_31)
FNDA:0,(anonymous_32)
FNDA:0,(anonymous_33)
FNDA:0,(anonymous_34)
FNDA:0,(anonymous_35)
FNDA:0,(anonymous_36)
FNDA:0,(anonymous_37)
FNDA:0,(anonymous_38)
FNDA:0,(anonymous_39)
FNDA:0,(anonymous_40)
FNDA:0,(anonymous_41)
FNDA:0,(anonymous_42)
FNDA:0,(anonymous_43)
FNDA:0,(anonymous_44)
FNDA:0,(anonymous_45)
FNDA:0,(anonymous_46)
FNDA:0,(anonymous_47)
FNDA:0,(anonymous_48)
FNDA:0,(anonymous_49)
FNDA:0,(anonymous_50)
FNDA:0,(anonymous_51)
FNDA:0,(anonymous_52)
FNDA:0,(anonymous_53)
FNDA:0,(anonymous_54)
FNDA:0,(anonymous_55)
FNDA:0,(anonymous_56)
FNDA:0,(anonymous_57)
FNDA:0,(anonymous_58)
FNDA:0,(anonymous_59)
FNDA:0,(anonymous_60)
FNDA:0,(anonymous_61)
FNDA:0,(anonymous_62)
FNDA:0,(anonymous_63)
FNDA:0,(anonymous_64)
FNDA:0,(anonymous_65)
FNDA:0,(anonymous_66)
FNDA:0,(anonymous_67)
FNDA:0,(anonymous_68)
FNDA:0,(anonymous_69)
FNDA:0,(anonymous_70)
FNDA:0,(anonymous_71)
FNDA:0,(anonymous_72)
FNDA:0,(anonymous_73)
FNDA:0,(anonymous_74)
FNDA:0,(anonymous_75)
FNDA:0,(anonymous_76)
FNDA:0,(anonymous_77)
FNDA:0,(anonymous_78)
FNDA:0,(anonymous_79)
FNDA:0,(anonymous_80)
FNDA:0,(anonymous_81)
FNDA:0,(anonymous_82)
FNDA:0,(anonymous_83)
FNDA:0,(anonymous_84)
FNDA:0,(anonymous_85)
FNDA:0,(anonymous_86)
FNDA:0,(anonymous_87)
FNDA:0,(anonymous_88)
FNDA:0,(anonymous_89)
FNDA:0,(anonymous_90)
FNDA:0,(anonymous_91)
FNDA:0,(anonymous_92)
FNDA:0,(anonymous_93)
FNDA:0,(anonymous_94)
FNDA:0,(anonymous_95)
FNDA:0,(anonymous_96)
FNDA:0,(anonymous_97)
FNDA:0,(anonymous_98)
FNDA:0,(anonymous_99)
FNDA:0,(anonymous_100)
FNDA:0,(anonymous_101)
FNDA:0,(anonymous_102)
FNDA:0,(anonymous_103)
FNDA:0,(anonymous_104)
FNDA:0,(anonymous_105)
FNDA:0,(anonymous_106)
FNDA:0,(anonymous_107)
FNDA:0,(anonymous_108)
FNDA:0,(anonymous_109)
FNDA:0,(anonymous_110)
FNDA:0,(anonymous_111)
FNDA:0,(anonymous_112)
FNDA:0,(anonymous_113)
FNDA:0,(anonymous_114)
FNDA:0,(anonymous_115)
FNDA:0,(anonymous_116)
FNDA:0,(anonymous_117)
FNDA:0,(anonymous_118)
FNDA:0,(anonymous_119)
FNDA:0,(anonymous_120)
FNDA:0,(anonymous_121)
FNDA:0,(anonymous_122)
FNDA:0,(anonymous_123)
FNDA:0,(anonymous_124)
FNDA:0,(anonymous_125)
DA:40,0
DA:42,0
DA:45,0
DA:55,0
DA:69,0
DA:126,0
DA:127,0
DA:129,0
DA:130,0
DA:131,0
DA:132,0
DA:133,0
DA:134,0
DA:135,0
DA:140,0
DA:141,0
DA:143,0
DA:144,0
DA:145,0
DA:146,0
DA:147,0
DA:148,0
DA:149,0
DA:151,0
DA:153,0
DA:158,0
DA:159,0
DA:164,0
DA:165,0
DA:168,0
DA:169,0
DA:170,0
DA:173,0
DA:174,0
DA:176,0
DA:177,0
DA:178,0
DA:181,0
DA:182,0
DA:184,0
DA:188,0
DA:189,0
DA:191,0
DA:192,0
DA:193,0
DA:195,0
DA:198,0
DA:199,0
DA:202,0
DA:203,0
DA:204,0
DA:207,0
DA:209,0
DA:213,0
DA:214,0
DA:215,0
DA:221,0
DA:223,0
DA:224,0
DA:232,0
DA:233,0
DA:234,0
DA:235,0
DA:236,0
DA:237,0
DA:239,0
DA:241,0
DA:244,0
DA:246,0
DA:247,0
DA:250,0
DA:254,0
DA:256,0
DA:257,0
DA:260,0
DA:261,0
DA:262,0
DA:263,0
DA:265,0
DA:266,0
DA:267,0
DA:272,0
DA:273,0
DA:274,0
DA:275,0
DA:276,0
DA:277,0
DA:281,0
DA:282,0
DA:283,0
DA:284,0
DA:285,0
DA:289,0
DA:315,0
DA:317,0
DA:321,0
DA:322,0
DA:323,0
DA:327,0
DA:330,0
DA:331,0
DA:336,0
DA:337,0
DA:339,0
DA:340,0
DA:342,0
DA:344,0
DA:358,0
DA:359,0
DA:362,0
DA:363,0
DA:364,0
DA:365,0
DA:366,0
DA:367,0
DA:368,0
DA:369,0
DA:371,0
DA:373,0
DA:381,0
DA:384,0
DA:385,0
DA:386,0
DA:387,0
DA:390,0
DA:391,0
DA:392,0
DA:397,0
DA:398,0
DA:405,0
DA:407,0
DA:408,0
DA:409,0
DA:412,0
DA:413,0
DA:414,0
DA:416,0
DA:419,0
DA:420,0
DA:421,0
DA:422,0
DA:424,0
DA:428,0
DA:440,0
DA:443,0
DA:444,0
DA:446,0
DA:448,0
DA:449,0
DA:453,0
DA:457,0
DA:458,0
DA:459,0
DA:462,0
DA:464,0
DA:465,0
DA:468,0
DA:469,0
DA:470,0
DA:473,0
DA:475,0
DA:476,0
DA:477,0
DA:480,0
DA:481,0
DA:482,0
DA:483,0
DA:486,0
DA:487,0
DA:489,0
DA:493,0
DA:494,0
DA:496,0
DA:499,0
DA:500,0
DA:502,0
DA:503,0
DA:504,0
DA:506,0
DA:507,0
DA:509,0
DA:510,0
DA:513,0
DA:514,0
DA:515,0
DA:520,0
DA:523,0
DA:528,0
DA:529,0
DA:532,0
DA:533,0
DA:536,0
DA:537,0
DA:541,0
DA:547,0
DA:548,0
DA:549,0
DA:550,0
DA:552,0
DA:553,0
DA:554,0
DA:556,0
DA:557,0
DA:558,0
DA:560,0
DA:561,0
DA:562,0
DA:565,0
DA:566,0
DA:567,0
DA:568,0
DA:569,0
DA:570,0
DA:571,0
DA:574,0
DA:575,0
DA:576,0
DA:577,0
DA:578,0
DA:580,0
DA:581,0
DA:586,0
DA:590,0
DA:591,0
DA:592,0
DA:594,0
DA:595,0
DA:596,0
DA:600,0
DA:601,0
DA:602,0
DA:603,0
DA:606,0
DA:607,0
DA:610,0
DA:612,0
DA:613,0
DA:615,0
DA:617,0
DA:618,0
DA:619,0
DA:622,0
DA:625,0
DA:626,0
DA:627,0
DA:630,0
DA:631,0
DA:632,0
DA:635,0
DA:636,0
DA:639,0
DA:644,0
DA:645,0
DA:648,0
DA:649,0
DA:650,0
DA:651,0
DA:652,0
DA:655,0
DA:657,0
DA:658,0
DA:659,0
DA:663,0
DA:664,0
DA:665,0
DA:666,0
DA:669,0
DA:672,0
DA:673,0
DA:674,0
DA:678,0
DA:679,0
DA:683,0
DA:686,0
DA:689,0
DA:694,0
DA:698,0
DA:699,0
DA:703,0
DA:705,0
DA:706,0
DA:715,0
DA:720,0
DA:724,0
DA:725,0
DA:727,0
DA:728,0
DA:731,0
DA:736,0
DA:740,0
DA:741,0
DA:744,0
DA:746,0
DA:749,0
DA:754,0
DA:755,0
DA:756,0
DA:757,0
DA:760,0
DA:761,0
DA:762,0
DA:763,0
DA:764,0
DA:765,0
DA:766,0
DA:767,0
DA:770,0
DA:771,0
DA:772,0
DA:773,0
DA:774,0
DA:776,0
DA:778,0
DA:779,0
DA:782,0
DA:787,0
DA:788,0
DA:789,0
DA:790,0
DA:792,0
DA:794,0
DA:795,0
DA:798,0
DA:801,0
DA:805,0
DA:807,0
DA:808,0
DA:811,0
DA:814,0
DA:818,0
DA:819,0
DA:822,0
DA:827,0
DA:828,0
DA:829,0
DA:834,0
DA:835,0
DA:840,0
DA:841,0
DA:843,0
DA:851,0
DA:854,0
DA:855,0
DA:858,0
DA:859,0
DA:860,0
DA:863,0
DA:864,0
DA:869,0
DA:870,0
DA:871,0
DA:873,0
DA:880,0
DA:881,0
DA:886,0
DA:887,0
DA:888,0
DA:889,0
DA:891,0
DA:894,0
DA:897,0
DA:898,0
DA:903,0
DA:904,0
DA:905,0
DA:907,0
DA:912,0
DA:913,0
DA:914,0
DA:915,0
DA:917,0
DA:920,0
DA:923,0
DA:924,0
DA:933,0
DA:934,0
DA:935,0
DA:937,0
DA:938,0
DA:939,0
DA:940,0
DA:941,0
DA:944,0
DA:945,0
DA:946,0
DA:948,0
DA:950,0
DA:954,0
DA:957,0
DA:961,0
DA:966,0
DA:967,0
DA:968,0
DA:969,0
DA:972,0
DA:974,0
DA:975,0
DA:985,0
DA:987,0
DA:988,0
DA:993,0
DA:994,0
DA:996,0
DA:998,0
DA:999,0
DA:1009,0
DA:1010,0
DA:1016,0
DA:1017,0
DA:1018,0
DA:1019,0
DA:1020,0
DA:1021,0
DA:1022,0
DA:1025,0
DA:1027,0
DA:1028,0
DA:1039,0
DA:1041,0
DA:1042,0
DA:1047,0
DA:1048,0
DA:1050,0
DA:1051,0
DA:1064,0
DA:1067,0
DA:1068,0
DA:1070,0
DA:1073,0
DA:1078,0
DA:1079,0
DA:1081,0
DA:1082,0
DA:1083,0
DA:1085,0
DA:1086,0
DA:1088,0
DA:1093,0
DA:1096,0
DA:1101,0
DA:1102,0
DA:1103,0
DA:1104,0
DA:1106,0
DA:1107,0
DA:1108,0
DA:1109,0
DA:1113,0
DA:1115,0
DA:1116,0
DA:1120,0
DA:1123,0
DA:1124,0
DA:1126,0
DA:1127,0
DA:1139,0
DA:1140,0
DA:1142,0
DA:1144,0
DA:1145,0
DA:1146,0
DA:1151,0
DA:1152,0
DA:1154,0
DA:1156,0
DA:1159,0
DA:1160,0
DA:1161,0
DA:1162,0
DA:1164,0
DA:1165,0
DA:1167,0
DA:1172,0
DA:1173,0
DA:1176,0
DA:1179,0
DA:1188,0
DA:1191,0
DA:1192,0
DA:1193,0
DA:1195,0
DA:1197,0
DA:1202,0
DA:1208,0
DA:1209,0
DA:1221,0
DA:1231,0
DA:1232,0
DA:1233,0
DA:1234,0
DA:1235,0
DA:1236,0
DA:1240,0
DA:1244,0
DA:1245,0
DA:1248,0
DA:1252,0
DA:1253,0
DA:1254,0
DA:1255,0
DA:1256,0
DA:1257,0
DA:1258,0
DA:1259,0
DA:1260,0
DA:1261,0
DA:1262,0
DA:1263,0
DA:1264,0
DA:1265,0
DA:1267,0
DA:1277,0
DA:1281,0
DA:1289,0
DA:1290,0
DA:1295,0
DA:1296,0
DA:1298,0
DA:1299,0
DA:1300,0
DA:1303,0
DA:1304,0
DA:1305,0
DA:1307,0
DA:1308,0
DA:1309,0
DA:1313,0
DA:1314,0
DA:1315,0
DA:1319,0
DA:1330,0
DA:1338,0
DA:1339,0
DA:1340,0
DA:1344,0
DA:1345,0
DA:1358,0
DA:1360,0
DA:1364,0
DA:1365,0
DA:1366,0
DA:1367,0
DA:1368,0
DA:1369,0
DA:1370,0
DA:1372,0
DA:1376,0
DA:1377,0
DA:1378,0
DA:1379,0
DA:1381,0
DA:1385,0
DA:1388,0
DA:1392,0
DA:1396,0
DA:1397,0
DA:1398,0
DA:1399,0
DA:1400,0
DA:1403,0
DA:1404,0
DA:1405,0
DA:1408,0
DA:1409,0
DA:1413,0
DA:1414,0
DA:1415,0
DA:1416,0
DA:1419,0
DA:1420,0
DA:1423,0
DA:1425,0
DA:1429,0
DA:1431,0
DA:1434,0
DA:1437,0
DA:1438,0
DA:1450,0
DA:1451,0
DA:1454,0
DA:1465,0
DA:1466,0
DA:1467,0
DA:1469,0
DA:1470,0
DA:1471,0
DA:1475,0
DA:1478,0
DA:1479,0
DA:1488,0
DA:1489,0
DA:1490,0
DA:1500,0
DA:1501,0
DA:1502,0
DA:1513,0
DA:1514,0
DA:1516,0
DA:1523,0
DA:1524,0
DA:1526,0
DA:1527,0
DA:1528,0
DA:1529,0
DA:1530,0
DA:1532,0
DA:1533,0
DA:1536,0
DA:1537,0
DA:1538,0
DA:1539,0
DA:1541,0
DA:1544,0
DA:1545,0
DA:1546,0
DA:1552,0
DA:1560,0
DA:1562,0
DA:1572,0
DA:1576,0
DA:1578,0
DA:1579,0
DA:1580,0
DA:1586,0
DA:1594,0
DA:1601,0
DA:1602,0
DA:1603,0
DA:1609,0
DA:1616,0
DA:1622,0
DA:1623,0
DA:1624,0
DA:1626,0
DA:1627,0
DA:1628,0
DA:1632,0
DA:1665,0
LF:638
LH:0
BRDA:141,0,0,0
BRDA:141,0,1,0
BRDA:144,1,0,0
BRDA:144,1,1,0
BRDA:174,2,0,0
BRDA:174,2,1,0
BRDA:177,3,0,0
BRDA:177,3,1,0
BRDA:223,4,0,0
BRDA:223,4,1,0
BRDA:232,5,0,0
BRDA:232,5,1,0
BRDA:235,6,0,0
BRDA:235,6,1,0
BRDA:239,7,0,0
BRDA:239,7,1,0
BRDA:265,8,0,0
BRDA:265,8,1,0
BRDA:266,9,0,0
BRDA:266,9,1,0
BRDA:273,10,0,0
BRDA:273,10,1,0
BRDA:273,11,0,0
BRDA:273,11,1,0
BRDA:273,12,0,0
BRDA:273,12,1,0
BRDA:273,13,0,0
BRDA:273,13,1,0
BRDA:274,14,0,0
BRDA:274,14,1,0
BRDA:275,15,0,0
BRDA:275,15,1,0
BRDA:281,16,0,0
BRDA:281,16,1,0
BRDA:282,17,0,0
BRDA:282,17,1,0
BRDA:315,18,0,0
BRDA:315,18,1,0
BRDA:321,19,0,0
BRDA:321,19,1,0
BRDA:339,20,0,0
BRDA:339,20,1,0
BRDA:358,21,0,0
BRDA:369,22,0,0
BRDA:369,22,1,0
BRDA:371,23,0,0
BRDA:371,23,1,0
BRDA:377,24,0,0
BRDA:377,24,1,0
BRDA:385,25,0,0
BRDA:385,25,1,0
BRDA:390,26,0,0
BRDA:390,26,1,0
BRDA:390,27,0,0
BRDA:390,27,1,0
BRDA:391,28,0,0
BRDA:391,28,1,0
BRDA:412,29,0,0
BRDA:412,29,1,0
BRDA:419,30,0,0
BRDA:419,30,1,0
BRDA:421,31,0,0
BRDA:421,31,1,0
BRDA:476,32,0,0
BRDA:476,32,1,0
BRDA:480,33,0,0
BRDA:480,33,1,0
BRDA:486,34,0,0
BRDA:486,34,1,0
BRDA:487,35,0,0
BRDA:487,35,1,0
BRDA:489,36,0,0
BRDA:489,36,1,0
BRDA:489,37,0,0
BRDA:489,37,1,0
BRDA:506,38,0,0
BRDA:506,38,1,0
BRDA:507,39,0,0
BRDA:507,39,1,0
BRDA:513,40,0,0
BRDA:513,40,1,0
BRDA:520,41,0,0
BRDA:520,41,1,0
BRDA:520,42,0,0
BRDA:520,42,1,0
BRDA:524,43,0,0
BRDA:524,43,1,0
BRDA:525,44,0,0
BRDA:525,44,1,0
BRDA:528,45,0,0
BRDA:528,45,1,0
BRDA:529,46,0,0
BRDA:529,46,1,0
BRDA:529,46,2,0
BRDA:548,47,0,0
BRDA:548,47,1,0
BRDA:548,48,0,0
BRDA:548,48,1,0
BRDA:549,49,0,0
BRDA:549,49,1,0
BRDA:553,50,0,0
BRDA:553,50,1,0
BRDA:557,51,0,0
BRDA:557,51,1,0
BRDA:561,52,0,0
BRDA:561,52,1,0
BRDA:561,53,0,0
BRDA:561,53,1,0
BRDA:565,54,0,0
BRDA:568,55,0,0
BRDA:568,55,1,0
BRDA:569,56,0,0
BRDA:569,56,1,0
BRDA:570,57,0,0
BRDA:570,57,1,0
BRDA:574,58,0,0
BRDA:574,58,1,0
BRDA:591,59,0,0
BRDA:591,59,1,0
BRDA:595,60,0,0
BRDA:595,60,1,0
BRDA:601,61,0,0
BRDA:601,61,1,0
BRDA:607,62,0,0
BRDA:607,62,1,0
BRDA:607,63,0,0
BRDA:607,63,1,0
BRDA:610,64,0,0
BRDA:610,64,1,0
BRDA:612,65,0,0
BRDA:612,65,1,0
BRDA:613,66,0,0
BRDA:613,66,1,0
BRDA:615,67,0,0
BRDA:615,67,1,0
BRDA:615,67,2,0
BRDA:615,67,3,0
BRDA:615,67,4,0
BRDA:615,67,5,0
BRDA:617,68,0,0
BRDA:617,68,1,0
BRDA:618,69,0,0
BRDA:618,69,1,0
BRDA:625,70,0,0
BRDA:625,70,1,0
BRDA:626,71,0,0
BRDA:626,71,1,0
BRDA:630,72,0,0
BRDA:630,72,1,0
BRDA:631,73,0,0
BRDA:631,73,1,0
BRDA:635,74,0,0
BRDA:635,74,1,0
BRDA:644,75,0,0
BRDA:644,75,1,0
BRDA:645,76,0,0
BRDA:645,76,1,0
BRDA:649,77,0,0
BRDA:649,77,1,0
BRDA:649,78,0,0
BRDA:649,78,1,0
BRDA:650,79,0,0
BRDA:650,79,1,0
BRDA:657,80,0,0
BRDA:657,80,1,0
BRDA:664,81,0,0
BRDA:664,81,1,0
BRDA:672,82,0,0
BRDA:672,82,1,0
BRDA:678,83,0,0
BRDA:678,83,1,0
BRDA:705,84,0,0
BRDA:705,84,1,0
BRDA:705,85,0,0
BRDA:705,85,1,0
BRDA:717,86,0,0
BRDA:717,86,1,0
BRDA:725,87,0,0
BRDA:725,87,1,0
BRDA:725,88,0,0
BRDA:725,88,1,0
BRDA:746,89,0,0
BRDA:746,89,1,0
BRDA:760,90,0,0
BRDA:760,90,1,0
BRDA:763,91,0,0
BRDA:763,91,1,0
BRDA:773,92,0,0
BRDA:773,92,1,0
BRDA:776,93,0,0
BRDA:776,93,1,0
BRDA:779,94,0,0
BRDA:779,94,1,0
BRDA:779,95,0,0
BRDA:779,95,1,0
BRDA:792,96,0,0
BRDA:792,96,1,0
BRDA:795,97,0,0
BRDA:795,97,1,0
BRDA:805,98,0,0
BRDA:805,98,1,0
BRDA:808,99,0,0
BRDA:808,99,1,0
BRDA:819,100,0,0
BRDA:819,100,1,0
BRDA:819,101,0,0
BRDA:819,101,1,0
BRDA:827,102,0,0
BRDA:827,102,1,0
BRDA:845,103,0,0
BRDA:845,103,1,0
BRDA:858,104,0,0
BRDA:858,104,1,0
BRDA:887,105,0,0
BRDA:887,105,1,0
BRDA:888,106,0,0
BRDA:888,106,1,0
BRDA:889,107,0,0
BRDA:889,107,1,0
BRDA:913,108,0,0
BRDA:913,108,1,0
BRDA:914,109,0,0
BRDA:914,109,1,0
BRDA:934,110,0,0
BRDA:934,110,1,0
BRDA:940,111,0,0
BRDA:940,111,1,0
BRDA:945,112,0,0
BRDA:945,112,1,0
BRDA:948,113,0,0
BRDA:948,113,1,0
BRDA:966,114,0,0
BRDA:966,114,1,0
BRDA:966,115,0,0
BRDA:966,115,1,0
BRDA:968,116,0,0
BRDA:968,116,1,0
BRDA:974,117,0,0
BRDA:974,117,1,0
BRDA:974,118,0,0
BRDA:974,118,1,0
BRDA:994,119,0,0
BRDA:994,119,1,0
BRDA:994,120,0,0
BRDA:994,120,1,0
BRDA:1017,121,0,0
BRDA:1017,121,1,0
BRDA:1019,122,0,0
BRDA:1019,122,1,0
BRDA:1021,123,0,0
BRDA:1021,123,1,0
BRDA:1027,124,0,0
BRDA:1027,124,1,0
BRDA:1027,125,0,0
BRDA:1027,125,1,0
BRDA:1048,126,0,0
BRDA:1048,126,1,0
BRDA:1048,127,0,0
BRDA:1048,127,1,0
BRDA:1053,128,0,0
BRDA:1053,128,1,0
BRDA:1055,129,0,0
BRDA:1055,129,1,0
BRDA:1056,130,0,0
BRDA:1056,130,1,0
BRDA:1057,131,0,0
BRDA:1057,131,1,0
BRDA:1058,132,0,0
BRDA:1058,132,1,0
BRDA:1059,133,0,0
BRDA:1059,133,1,0
BRDA:1067,134,0,0
BRDA:1067,134,1,0
BRDA:1079,135,0,0
BRDA:1079,135,1,0
BRDA:1079,136,0,0
BRDA:1079,136,1,0
BRDA:1079,136,2,0
BRDA:1085,137,0,0
BRDA:1085,137,1,0
BRDA:1089,138,0,0
BRDA:1089,138,1,0
BRDA:1090,139,0,0
BRDA:1090,139,1,0
BRDA:1093,140,0,0
BRDA:1093,140,1,0
BRDA:1107,141,0,0
BRDA:1107,141,1,0
BRDA:1124,142,0,0
BRDA:1124,142,1,0
BRDA:1129,143,0,0
BRDA:1129,143,1,0
BRDA:1130,144,0,0
BRDA:1130,144,1,0
BRDA:1151,145,0,0
BRDA:1152,146,0,0
BRDA:1152,146,1,0
BRDA:1156,147,0,0
BRDA:1156,147,1,0
BRDA:1160,148,0,0
BRDA:1160,148,1,0
BRDA:1162,149,0,0
BRDA:1162,149,1,0
BRDA:1165,150,0,0
BRDA:1165,150,1,0
BRDA:1191,151,0,0
BRDA:1191,151,1,0
BRDA:1192,152,0,0
BRDA:1192,152,1,0
BRDA:1195,153,0,0
BRDA:1195,153,1,0
BRDA:1204,154,0,0
BRDA:1204,154,1,0
BRDA:1223,155,0,0
BRDA:1223,155,1,0
BRDA:1224,156,0,0
BRDA:1224,156,1,0
BRDA:1225,157,0,0
BRDA:1225,157,1,0
BRDA:1226,158,0,0
BRDA:1226,158,1,0
BRDA:1233,159,0,0
BRDA:1233,159,1,0
BRDA:1236,160,0,0
BRDA:1236,160,1,0
BRDA:1236,161,0,0
BRDA:1236,161,1,0
BRDA:1254,162,0,0
BRDA:1254,162,1,0
BRDA:1255,163,0,0
BRDA:1255,163,1,0
BRDA:1256,164,0,0
BRDA:1256,164,1,0
BRDA:1258,165,0,0
BRDA:1258,165,1,0
BRDA:1260,166,0,0
BRDA:1260,166,1,0
BRDA:1262,167,0,0
BRDA:1262,167,1,0
BRDA:1296,168,0,0
BRDA:1296,168,1,0
BRDA:1296,169,0,0
BRDA:1296,169,1,0
BRDA:1300,170,0,0
BRDA:1300,170,1,0
BRDA:1305,171,0,0
BRDA:1305,171,1,0
BRDA:1307,172,0,0
BRDA:1307,172,1,0
BRDA:1314,173,0,0
BRDA:1314,173,1,0
BRDA:1338,174,0,0
BRDA:1338,174,1,0
BRDA:1365,175,0,0
BRDA:1365,175,1,0
BRDA:1367,176,0,0
BRDA:1367,176,1,0
BRDA:1368,177,0,0
BRDA:1368,177,1,0
BRDA:1377,178,0,0
BRDA:1377,178,1,0
BRDA:1382,179,0,0
BRDA:1382,179,1,0
BRDA:1387,180,0,0
BRDA:1387,180,1,0
BRDA:1388,181,0,0
BRDA:1388,181,1,0
BRDA:1389,182,0,0
BRDA:1389,182,1,0
BRDA:1397,183,0,0
BRDA:1397,183,1,0
BRDA:1400,184,0,0
BRDA:1400,184,1,0
BRDA:1416,185,0,0
BRDA:1416,185,1,0
BRDA:1429,186,0,0
BRDA:1429,187,0,0
BRDA:1431,188,0,0
BRDA:1431,188,1,0
BRDA:1431,189,0,0
BRDA:1431,189,1,0
BRDA:1437,190,0,0
BRDA:1437,190,1,0
BRDA:1437,191,0,0
BRDA:1437,191,1,0
BRDA:1450,192,0,0
BRDA:1450,192,1,0
BRDA:1450,193,0,0
BRDA:1450,193,1,0
BRDA:1456,194,0,0
BRDA:1456,194,1,0
BRDA:1457,195,0,0
BRDA:1457,195,1,0
BRDA:1458,196,0,0
BRDA:1458,196,1,0
BRDA:1470,197,0,0
BRDA:1470,197,1,0
BRDA:1471,198,0,0
BRDA:1471,198,1,0
BRDA:1488,199,0,0
BRDA:1488,199,1,0
BRDA:1501,200,0,0
BRDA:1501,200,1,0
BRDA:1501,201,0,0
BRDA:1501,201,1,0
BRDA:1501,201,2,0
BRDA:1523,202,0,0
BRDA:1524,203,0,0
BRDA:1524,203,1,0
BRDA:1526,204,0,0
BRDA:1526,204,1,0
BRDA:1527,205,0,0
BRDA:1527,205,1,0
BRDA:1528,206,0,0
BRDA:1528,206,1,0
BRDA:1528,206,2,0
BRDA:1528,206,3,0
BRDA:1529,207,0,0
BRDA:1529,207,1,0
BRDA:1530,208,0,0
BRDA:1530,208,1,0
BRDA:1536,209,0,0
BRDA:1536,209,1,0
BRDA:1536,210,0,0
BRDA:1536,210,1,0
BRDA:1537,211,0,0
BRDA:1537,211,1,0
BRDA:1539,212,0,0
BRDA:1539,212,1,0
BRDA:1576,213,0,0
BRDA:1576,213,1,0
BRDA:1596,214,0,0
BRDA:1596,214,1,0
BRF:433
BRH:0
end_of_record
TN:
SF:src\hooks\useAnalytics.js
FN:5,(anonymous_0)
FN:13,(anonymous_1)
FN:21,(anonymous_2)
FN:25,(anonymous_3)
FN:28,(anonymous_4)
FN:29,(anonymous_5)
FN:32,(anonymous_6)
FN:33,(anonymous_7)
FN:35,(anonymous_8)
FN:36,(anonymous_9)
FN:41,(anonymous_10)
FN:44,(anonymous_11)
FN:45,(anonymous_12)
FN:47,(anonymous_13)
FN:58,(anonymous_14)
FN:71,(anonymous_15)
FN:89,(anonymous_16)
FN:101,(anonymous_17)
FN:122,(anonymous_18)
FN:136,(anonymous_19)
FN:167,(anonymous_20)
FN:180,(anonymous_21)
FN:181,(anonymous_22)
FN:183,(anonymous_23)
FN:188,(anonymous_24)
FN:189,(anonymous_25)
FN:192,(anonymous_26)
FN:192,(anonymous_27)
FN:198,(anonymous_28)
FN:198,(anonymous_29)
FN:200,(anonymous_30)
FN:206,(anonymous_31)
FN:206,(anonymous_32)
FNF:33
FNH:0
FNDA:0,(anonymous_0)
FNDA:0,(anonymous_1)
FNDA:0,(anonymous_2)
FNDA:0,(anonymous_3)
FNDA:0,(anonymous_4)
FNDA:0,(anonymous_5)
FNDA:0,(anonymous_6)
FNDA:0,(anonymous_7)
FNDA:0,(anonymous_8)
FNDA:0,(anonymous_9)
FNDA:0,(anonymous_10)
FNDA:0,(anonymous_11)
FNDA:0,(anonymous_12)
FNDA:0,(anonymous_13)
FNDA:0,(anonymous_14)
FNDA:0,(anonymous_15)
FNDA:0,(anonymous_16)
FNDA:0,(anonymous_17)
FNDA:0,(anonymous_18)
FNDA:0,(anonymous_19)
FNDA:0,(anonymous_20)
FNDA:0,(anonymous_21)
FNDA:0,(anonymous_22)
FNDA:0,(anonymous_23)
FNDA:0,(anonymous_24)
FNDA:0,(anonymous_25)
FNDA:0,(anonymous_26)
FNDA:0,(anonymous_27)
FNDA:0,(anonymous_28)
FNDA:0,(anonymous_29)
FNDA:0,(anonymous_30)
FNDA:0,(anonymous_31)
FNDA:0,(anonymous_32)
DA:5,1
DA:6,0
DA:7,0
DA:8,0
DA:9,0
DA:13,1
DA:14,0
DA:15,0
DA:16,0
DA:17,0
DA:18,0
DA:21,1
DA:22,0
DA:25,0
DA:26,0
DA:28,0
DA:29,0
DA:32,0
DA:33,0
DA:34,0
DA:35,0
DA:36,0
DA:41,0
DA:42,0
DA:43,0
DA:44,0
DA:45,0
DA:46,0
DA:47,0
DA:49,0
DA:50,0
DA:51,0
DA:57,0
DA:58,0
DA:59,0
DA:60,0
DA:61,0
DA:63,0
DA:64,0
DA:68,0
DA:69,0
DA:71,0
DA:72,0
DA:73,0
DA:74,0
DA:75,0
DA:77,0
DA:87,0
DA:88,0
DA:89,0
DA:90,0
DA:91,0
DA:92,0
DA:93,0
DA:94,0
DA:95,0
DA:96,0
DA:97,0
DA:100,0
DA:101,0
DA:105,0
DA:106,0
DA:108,0
DA:109,0
DA:110,0
DA:111,0
DA:112,0
DA:113,0
DA:118,0
DA:119,0
DA:120,0
DA:122,0
DA:123,0
DA:124,0
DA:125,0
DA:126,0
DA:127,0
DA:128,0
DA:129,0
DA:132,0
DA:135,0
DA:136,0
DA:137,0
DA:138,0
DA:139,0
DA:141,0
DA:144,0
DA:145,0
DA:146,0
DA:148,0
DA:149,0
DA:150,0
DA:151,0
DA:155,0
DA:167,0
DA:168,0
DA:169,0
DA:175,0
DA:176,0
DA:177,0
DA:178,0
DA:180,0
DA:181,0
DA:183,0
DA:184,0
DA:185,0
DA:188,0
DA:189,0
DA:190,0
DA:192,0
DA:193,0
DA:196,0
DA:197,0
DA:198,0
DA:200,0
DA:201,0
DA:202,0
DA:203,0
DA:205,0
DA:206,0
DA:209,0
DA:240,0
LF:122
LH:3
BRDA:8,0,0,0
BRDA:8,0,1,0
BRDA:14,1,0,0
BRDA:14,1,1,0
BRDA:16,2,0,0
BRDA:16,2,1,0
BRDA:17,3,0,0
BRDA:17,3,1,0
BRDA:21,4,0,0
BRDA:21,5,0,0
BRDA:22,6,0,0
BRDA:22,6,1,0
BRDA:26,7,0,0
BRDA:26,7,1,0
BRDA:28,8,0,0
BRDA:28,8,1,0
BRDA:35,9,0,0
BRDA:35,9,1,0
BRDA:36,10,0,0
BRDA:36,10,1,0
BRDA:43,11,0,0
BRDA:43,11,1,0
BRDA:46,12,0,0
BRDA:46,12,1,0
BRDA:49,13,0,0
BRDA:49,13,1,0
BRDA:49,14,0,0
BRDA:49,14,1,0
BRDA:60,15,0,0
BRDA:60,15,1,0
BRDA:64,16,0,0
BRDA:64,16,1,0
BRDA:69,17,0,0
BRDA:69,17,1,0
BRDA:75,18,0,0
BRDA:75,18,1,0
BRDA:87,19,0,0
BRDA:87,19,1,0
BRDA:91,20,0,0
BRDA:91,20,1,0
BRDA:93,21,0,0
BRDA:93,21,1,0
BRDA:94,22,0,0
BRDA:94,22,1,0
BRDA:95,23,0,0
BRDA:95,23,1,0
BRDA:96,24,0,0
BRDA:96,24,1,0
BRDA:105,25,0,0
BRDA:105,25,1,0
BRDA:108,26,0,0
BRDA:108,26,1,0
BRDA:110,27,0,0
BRDA:110,27,1,0
BRDA:112,28,0,0
BRDA:112,28,1,0
BRDA:128,29,0,0
BRDA:128,29,1,0
BRDA:141,30,0,0
BRDA:141,30,1,0
BRDA:146,31,0,0
BRDA:146,31,1,0
BRDA:148,32,0,0
BRDA:148,32,1,0
BRDA:148,33,0,0
BRDA:148,33,1,0
BRDA:148,33,2,0
BRDA:149,34,0,0
BRDA:149,34,1,0
BRDA:149,35,0,0
BRDA:149,35,1,0
BRDA:149,35,2,0
BRDA:150,36,0,0
BRDA:150,36,1,0
BRDA:150,37,0,0
BRDA:150,37,1,0
BRDA:150,37,2,0
BRDA:151,38,0,0
BRDA:151,38,1,0
BRDA:151,39,0,0
BRDA:151,39,1,0
BRDA:151,39,2,0
BRDA:156,40,0,0
BRDA:156,40,1,0
BRDA:157,41,0,0
BRDA:157,41,1,0
BRDA:158,42,0,0
BRDA:158,42,1,0
BRDA:159,43,0,0
BRDA:159,43,1,0
BRDA:181,44,0,0
BRDA:181,44,1,0
BRDA:184,45,0,0
BRDA:184,45,1,0
BRDA:184,46,0,0
BRDA:184,46,1,0
BRDA:188,47,0,0
BRDA:188,47,1,0
BRDA:189,48,0,0
BRDA:189,48,1,0
BRDA:192,49,0,0
BRDA:192,49,1,0
BRDA:192,50,0,0
BRDA:192,50,1,0
BRDA:200,51,0,0
BRDA:200,51,1,0
BRDA:203,52,0,0
BRDA:203,52,1,0
BRDA:203,53,0,0
BRDA:203,53,1,0
BRDA:205,54,0,0
BRDA:205,54,1,0
BRDA:206,55,0,0
BRDA:206,55,1,0
BRDA:226,56,0,0
BRDA:226,56,1,0
BRDA:227,57,0,0
BRDA:227,57,1,0
BRDA:228,58,0,0
BRDA:228,58,1,0
BRDA:229,59,0,0
BRDA:229,59,1,0
BRDA:230,60,0,0
BRDA:230,60,1,0
BRDA:231,61,0,0
BRDA:231,61,1,0
BRF:126
BRH:0
end_of_record
TN:
SF:src\screens\AICoachScreen.js
FN:39,(anonymous_0)
FN:43,(anonymous_1)
FN:67,(anonymous_2)
FN:98,AICoachScreen
FN:106,(anonymous_4)
FN:116,(anonymous_5)
FN:125,(anonymous_6)
FN:126,(anonymous_7)
FN:137,(anonymous_8)
FN:141,(anonymous_9)
FN:144,(anonymous_10)
FN:154,(anonymous_11)
FN:158,(anonymous_12)
FN:165,(anonymous_13)
FN:196,(anonymous_14)
FN:201,(anonymous_15)
FN:206,(anonymous_16)
FN:217,(anonymous_17)
FN:229,(anonymous_18)
FN:233,(anonymous_19)
FN:244,(anonymous_20)
FN:278,(anonymous_21)
FN:282,(anonymous_22)
FN:302,(anonymous_23)
FN:304,(anonymous_24)
FN:323,(anonymous_25)
FN:325,(anonymous_26)
FNF:27
FNH:0
FNDA:0,(anonymous_0)
FNDA:0,(anonymous_1)
FNDA:0,(anonymous_2)
FNDA:0,AICoachScreen
FNDA:0,(anonymous_4)
FNDA:0,(anonymous_5)
FNDA:0,(anonymous_6)
FNDA:0,(anonymous_7)
FNDA:0,(anonymous_8)
FNDA:0,(anonymous_9)
FNDA:0,(anonymous_10)
FNDA:0,(anonymous_11)
FNDA:0,(anonymous_12)
FNDA:0,(anonymous_13)
FNDA:0,(anonymous_14)
FNDA:0,(anonymous_15)
FNDA:0,(anonymous_16)
FNDA:0,(anonymous_17)
FNDA:0,(anonymous_18)
FNDA:0,(anonymous_19)
FNDA:0,(anonymous_20)
FNDA:0,(anonymous_21)
FNDA:0,(anonymous_22)
FNDA:0,(anonymous_23)
FNDA:0,(anonymous_24)
FNDA:0,(anonymous_25)
FNDA:0,(anonymous_26)
DA:25,0
DA:27,0
DA:39,0
DA:40,0
DA:41,0
DA:43,0
DA:44,0
DA:45,0
DA:46,0
DA:48,0
DA:49,0
DA:50,0
DA:51,0
DA:52,0
DA:53,0
DA:54,0
DA:56,0
DA:57,0
DA:60,0
DA:63,0
DA:65,0
DA:68,0
DA:69,0
DA:71,0
DA:72,0
DA:73,0
DA:74,0
DA:75,0
DA:76,0
DA:78,0
DA:79,0
DA:81,0
DA:82,0
DA:83,0
DA:85,0
DA:91,0
DA:99,0
DA:100,0
DA:101,0
DA:102,0
DA:103,0
DA:106,0
DA:107,0
DA:108,0
DA:112,0
DA:113,0
DA:116,0
DA:117,0
DA:119,0
DA:125,0
DA:126,0
DA:127,0
DA:130,0
DA:131,0
DA:138,0
DA:141,0
DA:144,0
DA:145,0
DA:146,0
DA:147,0
DA:149,0
DA:154,0
DA:155,0
DA:158,0
DA:159,0
DA:160,0
DA:165,0
DA:168,0
DA:171,0
DA:172,0
DA:173,0
DA:174,0
DA:176,0
DA:177,0
DA:178,0
DA:179,0
DA:181,0
DA:183,0
DA:184,0
DA:187,0
DA:189,0
DA:190,0
DA:192,0
DA:196,0
DA:197,0
DA:198,0
DA:203,0
DA:204,0
DA:205,0
DA:206,0
DA:207,0
DA:208,0
DA:209,0
DA:217,0
DA:218,0
DA:230,0
DA:233,0
DA:244,0
DA:245,0
DA:247,0
DA:272,0
DA:278,0
DA:282,0
DA:302,0
DA:304,0
DA:323,0
DA:325,0
DA:335,0
LF:108
LH:0
BRDA:40,0,0,0
BRDA:40,0,1,0
BRDA:40,1,0,0
BRDA:40,1,1,0
BRDA:50,2,0,0
BRDA:50,2,1,0
BRDA:52,3,0,0
BRDA:52,3,1,0
BRDA:69,4,0,0
BRDA:69,4,1,0
BRDA:71,5,0,0
BRDA:71,5,1,0
BRDA:73,6,0,0
BRDA:73,6,1,0
BRDA:75,7,0,0
BRDA:75,7,1,0
BRDA:78,8,0,0
BRDA:78,8,1,0
BRDA:78,9,0,0
BRDA:78,9,1,0
BRDA:82,10,0,0
BRDA:82,10,1,0
BRDA:107,11,0,0
BRDA:107,11,1,0
BRDA:117,12,0,0
BRDA:117,12,1,0
BRDA:130,13,0,0
BRDA:130,13,1,0
BRDA:138,14,0,0
BRDA:138,14,1,0
BRDA:145,15,0,0
BRDA:145,15,1,0
BRDA:154,16,0,0
BRDA:155,17,0,0
BRDA:155,17,1,0
BRDA:159,18,0,0
BRDA:159,18,1,0
BRDA:159,19,0,0
BRDA:159,19,1,0
BRDA:181,20,0,0
BRDA:181,20,1,0
BRDA:183,21,0,0
BRDA:183,21,1,0
BRDA:184,22,0,0
BRDA:184,22,1,0
BRDA:197,23,0,0
BRDA:197,23,1,0
BRDA:223,24,0,0
BRDA:223,24,1,0
BRDA:248,25,0,0
BRDA:248,25,1,0
BRDA:249,26,0,0
BRDA:249,26,1,0
BRDA:258,27,0,0
BRDA:258,27,1,0
BRDA:260,28,0,0
BRDA:260,28,1,0
BRDA:288,29,0,0
BRDA:288,29,1,0
BRDA:297,30,0,0
BRDA:297,30,1,0
BRDA:305,31,0,0
BRDA:305,31,1,0
BRDA:314,32,0,0
BRDA:314,32,1,0
BRDA:314,33,0,0
BRDA:314,33,1,0
BRF:67
BRH:0
end_of_record
TN:
SF:src\screens\AchievementsScreen.js
FN:11,AchievementsScreen
FN:21,(anonymous_1)
FN:41,(anonymous_2)
FN:44,(anonymous_3)
FNF:4
FNH:0
FNDA:0,AchievementsScreen
FNDA:0,(anonymous_1)
FNDA:0,(anonymous_2)
FNDA:0,(anonymous_3)
DA:8,0
DA:9,0
DA:13,0
DA:16,0
DA:18,0
DA:21,0
DA:44,0
DA:45,0
DA:46,0
DA:47,0
DA:50,0
DA:83,0
LF:12
LH:0
BRDA:16,0,0,0
BRDA:16,0,1,0
BRDA:45,1,0,0
BRDA:45,1,1,0
BRDA:45,2,0,0
BRDA:45,2,1,0
BRDA:45,2,2,0
BRDA:46,3,0,0
BRDA:46,3,1,0
BRDA:46,4,0,0
BRDA:46,4,1,0
BRDA:46,4,2,0
BRDA:55,5,0,0
BRDA:55,5,1,0
BRDA:56,6,0,0
BRDA:56,6,1,0
BRDA:57,7,0,0
BRDA:57,7,1,0
BRDA:58,8,0,0
BRDA:58,8,1,0
BRDA:62,9,0,0
BRDA:62,9,1,0
BRDA:64,10,0,0
BRDA:64,10,1,0
BRDA:68,11,0,0
BRDA:68,11,1,0
BRF:26
BRH:0
end_of_record
TN:
SF:src\screens\ActiveRunScreen.js
FN:41,(anonymous_0)
FN:48,(anonymous_1)
FN:62,(anonymous_2)
FN:70,ActiveRunScreen
FN:109,(anonymous_4)
FN:114,(anonymous_5)
FN:124,(anonymous_6)
FN:131,(anonymous_7)
FN:147,(anonymous_8)
FN:148,(anonymous_9)
FN:149,(anonymous_10)
FN:156,(anonymous_11)
FN:164,(anonymous_12)
FN:172,(anonymous_13)
FN:178,(anonymous_14)
FN:186,(anonymous_15)
FN:194,(anonymous_16)
FN:195,(anonymous_17)
FN:200,(anonymous_18)
FN:219,(anonymous_19)
FN:222,(anonymous_20)
FN:225,(anonymous_21)
FN:228,(anonymous_22)
FN:233,(anonymous_23)
FN:235,(anonymous_24)
FN:254,(anonymous_25)
FN:258,(anonymous_26)
FN:282,(anonymous_27)
FN:288,(anonymous_28)
FN:296,(anonymous_29)
FN:302,(anonymous_30)
FN:309,(anonymous_31)
FN:313,(anonymous_32)
FN:316,(anonymous_33)
FN:317,(anonymous_34)
FN:319,(anonymous_35)
FN:322,(anonymous_36)
FN:329,(anonymous_37)
FN:332,(anonymous_38)
FN:335,(anonymous_39)
FN:338,(anonymous_40)
FN:343,(anonymous_41)
FN:344,(anonymous_42)
FN:349,(anonymous_43)
FN:353,(anonymous_44)
FN:377,(anonymous_45)
FN:404,(anonymous_46)
FN:430,(anonymous_47)
FN:434,(anonymous_48)
FN:435,(anonymous_49)
FN:437,(anonymous_50)
FN:439,(anonymous_51)
FN:440,(anonymous_52)
FN:441,(anonymous_53)
FN:442,(anonymous_54)
FNF:55
FNH:0
FNDA:0,(anonymous_0)
FNDA:0,(anonymous_1)
FNDA:0,(anonymous_2)
FNDA:0,ActiveRunScreen
FNDA:0,(anonymous_4)
FNDA:0,(anonymous_5)
FNDA:0,(anonymous_6)
FNDA:0,(anonymous_7)
FNDA:0,(anonymous_8)
FNDA:0,(anonymous_9)
FNDA:0,(anonymous_10)
FNDA:0,(anonymous_11)
FNDA:0,(anonymous_12)
FNDA:0,(anonymous_13)
FNDA:0,(anonymous_14)
FNDA:0,(anonymous_15)
FNDA:0,(anonymous_16)
FNDA:0,(anonymous_17)
FNDA:0,(anonymous_18)
FNDA:0,(anonymous_19)
FNDA:0,(anonymous_20)
FNDA:0,(anonymous_21)
FNDA:0,(anonymous_22)
FNDA:0,(anonymous_23)
FNDA:0,(anonymous_24)
FNDA:0,(anonymous_25)
FNDA:0,(anonymous_26)
FNDA:0,(anonymous_27)
FNDA:0,(anonymous_28)
FNDA:0,(anonymous_29)
FNDA:0,(anonymous_30)
FNDA:0,(anonymous_31)
FNDA:0,(anonymous_32)
FNDA:0,(anonymous_33)
FNDA:0,(anonymous_34)
FNDA:0,(anonymous_35)
FNDA:0,(anonymous_36)
FNDA:0,(anonymous_37)
FNDA:0,(anonymous_38)
FNDA:0,(anonymous_39)
FNDA:0,(anonymous_40)
FNDA:0,(anonymous_41)
FNDA:0,(anonymous_42)
FNDA:0,(anonymous_43)
FNDA:0,(anonymous_44)
FNDA:0,(anonymous_45)
FNDA:0,(anonymous_46)
FNDA:0,(anonymous_47)
FNDA:0,(anonymous_48)
FNDA:0,(anonymous_49)
FNDA:0,(anonymous_50)
FNDA:0,(anonymous_51)
FNDA:0,(anonymous_52)
FNDA:0,(anonymous_53)
FNDA:0,(anonymous_54)
DA:11,0
DA:14,0
DA:15,0
DA:16,0
DA:18,0
DA:26,0
DA:39,0
DA:41,0
DA:42,0
DA:43,0
DA:44,0
DA:48,0
DA:49,0
DA:50,0
DA:52,0
DA:53,0
DA:54,0
DA:55,0
DA:56,0
DA:57,0
DA:59,0
DA:62,0
DA:63,0
DA:64,0
DA:65,0
DA:66,0
DA:67,0
DA:71,0
DA:72,0
DA:74,0
DA:75,0
DA:76,0
DA:78,0
DA:79,0
DA:80,0
DA:81,0
DA:82,0
DA:83,0
DA:84,0
DA:85,0
DA:86,0
DA:87,0
DA:88,0
DA:89,0
DA:90,0
DA:91,0
DA:92,0
DA:93,0
DA:94,0
DA:97,0
DA:98,0
DA:101,0
DA:105,0
DA:106,0
DA:109,0
DA:110,0
DA:114,0
DA:115,0
DA:121,0
DA:122,0
DA:123,0
DA:125,0
DA:126,0
DA:128,0
DA:131,0
DA:138,0
DA:139,0
DA:140,0
DA:141,0
DA:143,0
DA:145,0
DA:147,0
DA:148,0
DA:150,0
DA:151,0
DA:156,0
DA:157,0
DA:161,0
DA:164,0
DA:165,0
DA:169,0
DA:172,0
DA:173,0
DA:174,0
DA:175,0
DA:178,0
DA:179,0
DA:180,0
DA:181,0
DA:186,0
DA:187,0
DA:194,0
DA:195,0
DA:196,0
DA:197,0
DA:198,0
DA:199,0
DA:200,0
DA:201,0
DA:204,0
DA:205,0
DA:206,0
DA:212,0
DA:213,0
DA:214,0
DA:216,0
DA:219,0
DA:222,0
DA:223,0
DA:226,0
DA:227,0
DA:228,0
DA:229,0
DA:230,0
DA:231,0
DA:232,0
DA:233,0
DA:234,0
DA:235,0
DA:238,0
DA:242,0
DA:243,0
DA:244,0
DA:245,0
DA:246,0
DA:247,0
DA:248,0
DA:250,0
DA:253,0
DA:254,0
DA:255,0
DA:256,0
DA:257,0
DA:258,0
DA:259,0
DA:260,0
DA:261,0
DA:263,0
DA:265,0
DA:269,0
DA:270,0
DA:273,0
DA:274,0
DA:279,0
DA:282,0
DA:283,0
DA:284,0
DA:288,0
DA:289,0
DA:290,0
DA:291,0
DA:292,0
DA:296,0
DA:297,0
DA:298,0
DA:299,0
DA:302,0
DA:303,0
DA:304,0
DA:305,0
DA:306,0
DA:309,0
DA:310,0
DA:313,0
DA:314,0
DA:315,0
DA:316,0
DA:317,0
DA:318,0
DA:319,0
DA:320,0
DA:321,0
DA:322,0
DA:323,0
DA:324,0
DA:326,0
DA:329,0
DA:332,0
DA:335,0
DA:338,0
DA:339,0
DA:340,0
DA:343,0
DA:344,0
DA:345,0
DA:349,0
DA:350,0
DA:353,0
DA:354,0
DA:355,0
DA:357,0
DA:373,0
DA:376,0
DA:377,0
DA:379,0
DA:386,0
DA:404,0
DA:430,0
DA:434,0
DA:435,0
DA:437,0
DA:439,0
DA:440,0
DA:441,0
DA:442,0
DA:568,0
LF:206
LH:0
BRDA:48,0,0,0
BRDA:49,1,0,0
BRDA:49,1,1,0
BRDA:52,2,0,0
BRDA:52,2,1,0
BRDA:57,3,0,0
BRDA:57,3,1,0
BRDA:72,4,0,0
BRDA:72,4,1,0
BRDA:76,5,0,0
BRDA:76,5,1,0
BRDA:84,6,0,0
BRDA:84,6,1,0
BRDA:101,7,0,0
BRDA:101,7,1,0
BRDA:116,8,0,0
BRDA:116,8,1,0
BRDA:122,9,0,0
BRDA:122,9,1,0
BRDA:125,10,0,0
BRDA:125,10,1,0
BRDA:138,11,0,0
BRDA:138,11,1,0
BRDA:150,12,0,0
BRDA:150,12,1,0
BRDA:151,13,0,0
BRDA:151,13,1,0
BRDA:174,14,0,0
BRDA:174,14,1,0
BRDA:180,15,0,0
BRDA:180,15,1,0
BRDA:180,16,0,0
BRDA:180,16,1,0
BRDA:188,17,0,0
BRDA:188,17,1,0
BRDA:197,18,0,0
BRDA:197,18,1,0
BRDA:199,19,0,0
BRDA:199,19,1,0
BRDA:219,20,0,0
BRDA:219,20,1,0
BRDA:227,21,0,0
BRDA:227,21,1,0
BRDA:230,22,0,0
BRDA:230,22,1,0
BRDA:232,23,0,0
BRDA:232,23,1,0
BRDA:242,24,0,0
BRDA:242,24,1,0
BRDA:242,25,0,0
BRDA:242,25,1,0
BRDA:247,26,0,0
BRDA:247,26,1,0
BRDA:253,27,0,0
BRDA:253,27,1,0
BRDA:255,28,0,0
BRDA:255,28,1,0
BRDA:257,29,0,0
BRDA:257,29,1,0
BRDA:260,30,0,0
BRDA:260,30,1,0
BRDA:273,31,0,0
BRDA:273,31,1,0
BRDA:273,32,0,0
BRDA:273,32,1,0
BRDA:273,32,2,0
BRDA:283,33,0,0
BRDA:283,33,1,0
BRDA:289,34,0,0
BRDA:289,34,1,0
BRDA:289,35,0,0
BRDA:289,35,1,0
BRDA:289,35,2,0
BRDA:292,36,0,0
BRDA:292,36,1,0
BRDA:299,37,0,0
BRDA:299,37,1,0
BRDA:315,38,0,0
BRDA:315,38,1,0
BRDA:318,39,0,0
BRDA:318,39,1,0
BRDA:318,40,0,0
BRDA:318,40,1,0
BRDA:320,41,0,0
BRDA:320,41,1,0
BRDA:321,42,0,0
BRDA:321,42,1,0
BRDA:332,43,0,0
BRDA:332,43,1,0
BRDA:340,44,0,0
BRDA:340,44,1,0
BRDA:345,45,0,0
BRDA:345,45,1,0
BRDA:355,46,0,0
BRDA:355,46,1,0
BRDA:366,47,0,0
BRDA:366,47,1,0
BRDA:367,48,0,0
BRDA:367,48,1,0
BRDA:368,49,0,0
BRDA:368,49,1,0
BRDA:369,50,0,0
BRDA:369,50,1,0
BRDA:376,51,0,0
BRDA:376,51,1,0
BRDA:376,52,0,0
BRDA:376,52,1,0
BRDA:377,53,0,0
BRDA:377,53,1,0
BRDA:377,54,0,0
BRDA:377,54,1,0
BRDA:377,54,2,0
BRDA:391,55,0,0
BRDA:391,55,1,0
BRDA:393,56,0,0
BRDA:393,56,1,0
BRDA:398,57,0,0
BRDA:398,57,1,0
BRDA:403,58,0,0
BRDA:403,58,1,0
BRDA:403,59,0,0
BRDA:403,59,1,0
BRDA:407,60,0,0
BRDA:407,60,1,0
BRDA:418,61,0,0
BRDA:418,61,1,0
BRDA:418,62,0,0
BRDA:418,62,1,0
BRDA:419,63,0,0
BRDA:419,63,1,0
BRDA:421,64,0,0
BRDA:421,64,1,0
BRDA:427,65,0,0
BRDA:427,65,1,0
BRDA:430,66,0,0
BRDA:430,66,1,0
BRDA:430,67,0,0
BRDA:430,67,1,0
BRDA:439,68,0,0
BRDA:439,68,1,0
BRDA:439,68,2,0
BRDA:439,69,0,0
BRDA:439,69,1,0
BRDA:439,70,0,0
BRDA:439,70,1,0
BRDA:440,71,0,0
BRDA:440,71,1,0
BRDA:440,71,2,0
BRDA:441,72,0,0
BRDA:441,72,1,0
BRDA:441,73,0,0
BRDA:441,73,1,0
BRDA:442,74,0,0
BRDA:442,74,1,0
BRDA:442,75,0,0
BRDA:442,75,1,0
BRDA:470,76,0,0
BRDA:470,76,1,0
BRDA:475,77,0,0
BRDA:475,77,1,0
BRDA:479,78,0,0
BRDA:479,78,1,0
BRDA:483,79,0,0
BRDA:483,79,1,0
BRDA:483,80,0,0
BRDA:483,80,1,0
BRDA:483,81,0,0
BRDA:483,81,1,0
BRDA:485,82,0,0
BRDA:485,82,1,0
BRDA:485,83,0,0
BRDA:485,83,1,0
BRDA:501,84,0,0
BRDA:501,84,1,0
BRDA:501,85,0,0
BRDA:501,85,1,0
BRDA:502,86,0,0
BRDA:502,86,1,0
BRDA:502,87,0,0
BRDA:502,87,1,0
BRDA:541,88,0,0
BRDA:541,88,1,0
BRDA:542,89,0,0
BRDA:542,89,1,0
BRDA:542,90,0,0
BRDA:542,90,1,0
BRDA:543,91,0,0
BRDA:543,91,1,0
BRDA:543,92,0,0
BRDA:543,92,1,0
BRF:190
BRH:0
end_of_record
TN:
SF:src\screens\AnalyticsScreen.js
FN:12,(anonymous_0)
FN:17,(anonymous_1)
FN:36,(anonymous_2)
FN:62,(anonymous_3)
FN:79,(anonymous_4)
FN:91,(anonymous_5)
FN:97,(anonymous_6)
FN:207,(anonymous_7)
FNF:8
FNH:0
FNDA:0,(anonymous_0)
FNDA:0,(anonymous_1)
FNDA:0,(anonymous_2)
FNDA:0,(anonymous_3)
FNDA:0,(anonymous_4)
FNDA:0,(anonymous_5)
FNDA:0,(anonymous_6)
FNDA:0,(anonymous_7)
DA:10,0
DA:12,0
DA:13,0
DA:14,0
DA:17,0
DA:18,0
DA:19,0
DA:20,0
DA:23,0
DA:24,0
DA:25,0
DA:26,0
DA:29,0
DA:30,0
DA:31,0
DA:32,0
DA:36,0
DA:37,0
DA:38,0
DA:39,0
DA:40,0
DA:42,0
DA:43,0
DA:44,0
DA:45,0
DA:46,0
DA:49,0
DA:50,0
DA:51,0
DA:52,0
DA:55,0
DA:56,0
DA:62,0
DA:64,0
DA:67,0
DA:70,0
DA:72,0
DA:79,0
DA:91,0
DA:97,0
DA:208,0
DA:209,0
DA:229,0
LF:43
LH:0
BRDA:18,0,0,0
BRDA:18,0,1,0
BRDA:20,1,0,0
BRDA:20,1,1,0
BRDA:37,2,0,0
BRDA:37,2,1,0
BRDA:42,3,0,0
BRDA:42,3,1,0
BRDA:44,4,0,0
BRDA:44,4,1,0
BRDA:45,5,0,0
BRDA:45,5,1,0
BRDA:46,6,0,0
BRDA:46,6,1,0
BRDA:50,7,0,0
BRDA:50,7,1,0
BRDA:55,8,0,0
BRDA:55,8,1,0
BRDA:62,9,0,0
BRDA:62,9,1,0
BRDA:62,10,0,0
BRDA:62,10,1,0
BRDA:90,11,0,0
BRDA:90,11,1,0
BRDA:93,12,0,0
BRDA:93,12,1,0
BRDA:96,13,0,0
BRDA:96,13,1,0
BRDA:99,14,0,0
BRDA:99,14,1,0
BRDA:186,15,0,0
BRDA:186,15,1,0
BRDA:208,16,0,0
BRDA:208,16,1,0
BRF:34
BRH:0
end_of_record
TN:
SF:src\screens\ChatScreen.js
FN:17,ChatScreen
FN:28,(anonymous_1)
FN:34,(anonymous_2)
FN:36,(anonymous_3)
FN:40,(anonymous_4)
FN:47,(anonymous_5)
FN:51,(anonymous_6)
FN:65,(anonymous_7)
FN:77,(anonymous_8)
FN:87,(anonymous_9)
FN:91,(anonymous_10)
FN:99,(anonymous_11)
FN:104,(anonymous_12)
FN:127,(anonymous_13)
FN:137,(anonymous_14)
FN:145,(anonymous_15)
FN:176,(anonymous_16)
FN:177,(anonymous_17)
FN:179,(anonymous_18)
FN:183,(anonymous_19)
FNF:20
FNH:0
FNDA:0,ChatScreen
FNDA:0,(anonymous_1)
FNDA:0,(anonymous_2)
FNDA:0,(anonymous_3)
FNDA:0,(anonymous_4)
FNDA:0,(anonymous_5)
FNDA:0,(anonymous_6)
FNDA:0,(anonymous_7)
FNDA:0,(anonymous_8)
FNDA:0,(anonymous_9)
FNDA:0,(anonymous_10)
FNDA:0,(anonymous_11)
FNDA:0,(anonymous_12)
FNDA:0,(anonymous_13)
FNDA:0,(anonymous_14)
FNDA:0,(anonymous_15)
FNDA:0,(anonymous_16)
FNDA:0,(anonymous_17)
FNDA:0,(anonymous_18)
FNDA:0,(anonymous_19)
DA:9,0
DA:19,0
DA:21,0
DA:22,0
DA:23,0
DA:24,0
DA:28,0
DA:31,0
DA:34,0
DA:35,0
DA:36,0
DA:40,0
DA:41,0
DA:43,0
DA:44,0
DA:47,0
DA:48,0
DA:52,0
DA:53,0
DA:54,0
DA:58,0
DA:59,0
DA:66,0
DA:67,0
DA:68,0
DA:72,0
DA:73,0
DA:78,0
DA:79,0
DA:80,0
DA:87,0
DA:88,0
DA:89,0
DA:91,0
DA:92,0
DA:93,0
DA:94,0
DA:96,0
DA:97,0
DA:99,0
DA:104,0
DA:105,0
DA:106,0
DA:122,0
DA:127,0
DA:137,0
DA:145,0
DA:176,0
DA:177,0
DA:179,0
DA:183,0
DA:195,0
LF:52
LH:0
BRDA:19,0,0,0
BRDA:19,0,1,0
BRDA:28,1,0,0
BRDA:28,1,1,0
BRDA:28,2,0,0
BRDA:28,2,1,0
BRDA:31,3,0,0
BRDA:31,3,1,0
BRDA:31,4,0,0
BRDA:31,4,1,0
BRDA:35,5,0,0
BRDA:35,5,1,0
BRDA:41,6,0,0
BRDA:41,6,1,0
BRDA:53,7,0,0
BRDA:53,7,1,0
BRDA:58,8,0,0
BRDA:58,8,1,0
BRDA:58,9,0,0
BRDA:58,9,1,0
BRDA:67,10,0,0
BRDA:67,10,1,0
BRDA:72,11,0,0
BRDA:72,11,1,0
BRDA:72,12,0,0
BRDA:72,12,1,0
BRDA:79,13,0,0
BRDA:79,13,1,0
BRDA:89,14,0,0
BRDA:89,14,1,0
BRDA:96,15,0,0
BRDA:96,15,1,0
BRDA:107,16,0,0
BRDA:107,16,1,0
BRDA:108,17,0,0
BRDA:108,17,1,0
BRDA:108,18,0,0
BRDA:108,18,1,0
BRDA:109,19,0,0
BRDA:109,19,1,0
BRDA:110,20,0,0
BRDA:110,20,1,0
BRDA:113,21,0,0
BRDA:113,21,1,0
BRDA:114,22,0,0
BRDA:114,22,1,0
BRDA:131,23,0,0
BRDA:131,23,1,0
BRDA:158,24,0,0
BRDA:158,24,1,0
BRF:50
BRH:0
end_of_record
TN:
SF:src\screens\ClubDetailScreen.js
FN:18,ClubDetailScreen
FN:54,(anonymous_1)
FN:62,(anonymous_2)
FN:82,(anonymous_3)
FN:90,(anonymous_4)
FN:91,(anonymous_5)
FN:115,(anonymous_6)
FN:130,(anonymous_7)
FN:133,(anonymous_8)
FN:145,(anonymous_9)
FN:159,(anonymous_10)
FN:166,(anonymous_11)
FN:180,(anonymous_12)
FN:197,(anonymous_13)
FN:200,(anonymous_14)
FN:200,(anonymous_15)
FN:203,(anonymous_16)
FN:203,(anonymous_17)
FN:204,(anonymous_18)
FN:204,(anonymous_19)
FN:206,(anonymous_20)
FN:206,(anonymous_21)
FN:207,(anonymous_22)
FN:207,(anonymous_23)
FN:207,(anonymous_24)
FN:207,(anonymous_25)
FN:207,(anonymous_26)
FN:209,(anonymous_27)
FN:209,(anonymous_28)
FN:209,(anonymous_29)
FN:210,(anonymous_30)
FN:210,(anonymous_31)
FN:210,(anonymous_32)
FN:210,(anonymous_33)
FN:211,(anonymous_34)
FN:211,(anonymous_35)
FN:211,(anonymous_36)
FN:211,(anonymous_37)
FN:211,(anonymous_38)
FN:212,(anonymous_39)
FN:213,(anonymous_40)
FN:213,(anonymous_41)
FN:213,(anonymous_42)
FN:213,(anonymous_43)
FN:215,(anonymous_44)
FN:218,(anonymous_45)
FN:223,(anonymous_46)
FN:230,(anonymous_47)
FN:232,(anonymous_48)
FN:237,(anonymous_49)
FN:239,(anonymous_50)
FN:244,(anonymous_51)
FN:246,(anonymous_52)
FN:251,(anonymous_53)
FN:253,(anonymous_54)
FN:260,(anonymous_55)
FN:265,(anonymous_56)
FN:291,(anonymous_57)
FN:294,(anonymous_58)
FN:298,(anonymous_59)
FN:299,(anonymous_60)
FN:299,(anonymous_61)
FN:299,(anonymous_62)
FN:300,(anonymous_63)
FN:301,(anonymous_64)
FN:304,(anonymous_65)
FN:307,(anonymous_66)
FN:308,(anonymous_67)
FN:309,(anonymous_68)
FN:315,(anonymous_69)
FN:317,(anonymous_70)
FN:331,(anonymous_71)
FN:338,(anonymous_72)
FN:339,(anonymous_73)
FN:345,(anonymous_74)
FN:355,(anonymous_75)
FN:357,(anonymous_76)
FN:387,(anonymous_77)
FN:393,(anonymous_78)
FN:411,(anonymous_79)
FN:411,(anonymous_80)
FN:423,(anonymous_81)
FN:435,(anonymous_82)
FN:457,(anonymous_83)
FN:461,(anonymous_84)
FN:465,(anonymous_85)
FN:470,(anonymous_86)
FN:473,(anonymous_87)
FN:476,(anonymous_88)
FN:479,(anonymous_89)
FN:505,(anonymous_90)
FN:509,(anonymous_91)
FN:519,(anonymous_92)
FN:519,(anonymous_93)
FN:520,(anonymous_94)
FN:520,(anonymous_95)
FN:520,(anonymous_96)
FN:526,(anonymous_97)
FN:527,(anonymous_98)
FN:532,(anonymous_99)
FN:542,(anonymous_100)
FN:545,(anonymous_101)
FN:546,(anonymous_102)
FN:562,(anonymous_103)
FN:562,(anonymous_104)
FN:562,(anonymous_105)
FN:562,(anonymous_106)
FN:562,(anonymous_107)
FN:562,(anonymous_108)
FN:565,(anonymous_109)
FN:565,(anonymous_110)
FN:565,(anonymous_111)
FN:565,(anonymous_112)
FN:565,(anonymous_113)
FN:568,(anonymous_114)
FN:569,(anonymous_115)
FN:571,(anonymous_116)
FN:574,(anonymous_117)
FN:574,(anonymous_118)
FN:580,(anonymous_119)
FN:581,(anonymous_120)
FN:588,(anonymous_121)
FN:594,(anonymous_122)
FN:595,(anonymous_123)
FN:601,(anonymous_124)
FN:607,(anonymous_125)
FN:610,(anonymous_126)
FN:611,(anonymous_127)
FN:611,(anonymous_128)
FN:611,(anonymous_129)
FN:617,(anonymous_130)
FN:622,(anonymous_131)
FN:626,(anonymous_132)
FN:629,(anonymous_133)
FN:642,(anonymous_134)
FN:644,(anonymous_135)
FN:645,(anonymous_136)
FN:660,(anonymous_137)
FN:663,(anonymous_138)
FNF:139
FNH:0
FNDA:0,ClubDetailScreen
FNDA:0,(anonymous_1)
FNDA:0,(anonymous_2)
FNDA:0,(anonymous_3)
FNDA:0,(anonymous_4)
FNDA:0,(anonymous_5)
FNDA:0,(anonymous_6)
FNDA:0,(anonymous_7)
FNDA:0,(anonymous_8)
FNDA:0,(anonymous_9)
FNDA:0,(anonymous_10)
FNDA:0,(anonymous_11)
FNDA:0,(anonymous_12)
FNDA:0,(anonymous_13)
FNDA:0,(anonymous_14)
FNDA:0,(anonymous_15)
FNDA:0,(anonymous_16)
FNDA:0,(anonymous_17)
FNDA:0,(anonymous_18)
FNDA:0,(anonymous_19)
FNDA:0,(anonymous_20)
FNDA:0,(anonymous_21)
FNDA:0,(anonymous_22)
FNDA:0,(anonymous_23)
FNDA:0,(anonymous_24)
FNDA:0,(anonymous_25)
FNDA:0,(anonymous_26)
FNDA:0,(anonymous_27)
FNDA:0,(anonymous_28)
FNDA:0,(anonymous_29)
FNDA:0,(anonymous_30)
FNDA:0,(anonymous_31)
FNDA:0,(anonymous_32)
FNDA:0,(anonymous_33)
FNDA:0,(anonymous_34)
FNDA:0,(anonymous_35)
FNDA:0,(anonymous_36)
FNDA:0,(anonymous_37)
FNDA:0,(anonymous_38)
FNDA:0,(anonymous_39)
FNDA:0,(anonymous_40)
FNDA:0,(anonymous_41)
FNDA:0,(anonymous_42)
FNDA:0,(anonymous_43)
FNDA:0,(anonymous_44)
FNDA:0,(anonymous_45)
FNDA:0,(anonymous_46)
FNDA:0,(anonymous_47)
FNDA:0,(anonymous_48)
FNDA:0,(anonymous_49)
FNDA:0,(anonymous_50)
FNDA:0,(anonymous_51)
FNDA:0,(anonymous_52)
FNDA:0,(anonymous_53)
FNDA:0,(anonymous_54)
FNDA:0,(anonymous_55)
FNDA:0,(anonymous_56)
FNDA:0,(anonymous_57)
FNDA:0,(anonymous_58)
FNDA:0,(anonymous_59)
FNDA:0,(anonymous_60)
FNDA:0,(anonymous_61)
FNDA:0,(anonymous_62)
FNDA:0,(anonymous_63)
FNDA:0,(anonymous_64)
FNDA:0,(anonymous_65)
FNDA:0,(anonymous_66)
FNDA:0,(anonymous_67)
FNDA:0,(anonymous_68)
FNDA:0,(anonymous_69)
FNDA:0,(anonymous_70)
FNDA:0,(anonymous_71)
FNDA:0,(anonymous_72)
FNDA:0,(anonymous_73)
FNDA:0,(anonymous_74)
FNDA:0,(anonymous_75)
FNDA:0,(anonymous_76)
FNDA:0,(anonymous_77)
FNDA:0,(anonymous_78)
FNDA:0,(anonymous_79)
FNDA:0,(anonymous_80)
FNDA:0,(anonymous_81)
FNDA:0,(anonymous_82)
FNDA:0,(anonymous_83)
FNDA:0,(anonymous_84)
FNDA:0,(anonymous_85)
FNDA:0,(anonymous_86)
FNDA:0,(anonymous_87)
FNDA:0,(anonymous_88)
FNDA:0,(anonymous_89)
FNDA:0,(anonymous_90)
FNDA:0,(anonymous_91)
FNDA:0,(anonymous_92)
FNDA:0,(anonymous_93)
FNDA:0,(anonymous_94)
FNDA:0,(anonymous_95)
FNDA:0,(anonymous_96)
FNDA:0,(anonymous_97)
FNDA:0,(anonymous_98)
FNDA:0,(anonymous_99)
FNDA:0,(anonymous_100)
FNDA:0,(anonymous_101)
FNDA:0,(anonymous_102)
FNDA:0,(anonymous_103)
FNDA:0,(anonymous_104)
FNDA:0,(anonymous_105)
FNDA:0,(anonymous_106)
FNDA:0,(anonymous_107)
FNDA:0,(anonymous_108)
FNDA:0,(anonymous_109)
FNDA:0,(anonymous_110)
FNDA:0,(anonymous_111)
FNDA:0,(anonymous_112)
FNDA:0,(anonymous_113)
FNDA:0,(anonymous_114)
FNDA:0,(anonymous_115)
FNDA:0,(anonymous_116)
FNDA:0,(anonymous_117)
FNDA:0,(anonymous_118)
FNDA:0,(anonymous_119)
FNDA:0,(anonymous_120)
FNDA:0,(anonymous_121)
FNDA:0,(anonymous_122)
FNDA:0,(anonymous_123)
FNDA:0,(anonymous_124)
FNDA:0,(anonymous_125)
FNDA:0,(anonymous_126)
FNDA:0,(anonymous_127)
FNDA:0,(anonymous_128)
FNDA:0,(anonymous_129)
FNDA:0,(anonymous_130)
FNDA:0,(anonymous_131)
FNDA:0,(anonymous_132)
FNDA:0,(anonymous_133)
FNDA:0,(anonymous_134)
FNDA:0,(anonymous_135)
FNDA:0,(anonymous_136)
FNDA:0,(anonymous_137)
FNDA:0,(anonymous_138)
DA:10,0
DA:19,0
DA:20,0
DA:22,0
DA:23,0
DA:24,0
DA:25,0
DA:27,0
DA:28,0
DA:29,0
DA:30,0
DA:33,0
DA:34,0
DA:35,0
DA:36,0
DA:37,0
DA:38,0
DA:39,0
DA:41,0
DA:43,0
DA:44,0
DA:45,0
DA:46,0
DA:48,0
DA:49,0
DA:50,0
DA:51,0
DA:52,0
DA:54,0
DA:55,0
DA:58,0
DA:59,0
DA:62,0
DA:63,0
DA:64,0
DA:67,0
DA:68,0
DA:69,0
DA:71,0
DA:75,0
DA:76,0
DA:82,0
DA:84,0
DA:85,0
DA:90,0
DA:91,0
DA:92,0
DA:93,0
DA:94,0
DA:110,0
DA:115,0
DA:116,0
DA:118,0
DA:120,0
DA:121,0
DA:122,0
DA:123,0
DA:125,0
DA:126,0
DA:127,0
DA:128,0
DA:129,0
DA:130,0
DA:131,0
DA:132,0
DA:133,0
DA:134,0
DA:143,0
DA:145,0
DA:146,0
DA:147,0
DA:149,0
DA:150,0
DA:151,0
DA:155,0
DA:156,0
DA:159,0
DA:160,0
DA:161,0
DA:166,0
DA:167,0
DA:168,0
DA:169,0
DA:170,0
DA:172,0
DA:173,0
DA:174,0
DA:175,0
DA:176,0
DA:180,0
DA:181,0
DA:186,0
DA:187,0
DA:188,0
DA:189,0
DA:192,0
DA:197,0
DA:198,0
DA:199,0
DA:200,0
DA:203,0
DA:204,0
DA:206,0
DA:207,0
DA:209,0
DA:210,0
DA:211,0
DA:212,0
DA:213,0
DA:215,0
DA:218,0
DA:219,0
DA:220,0
DA:223,0
DA:224,0
DA:225,0
DA:226,0
DA:230,0
DA:231,0
DA:232,0
DA:233,0
DA:237,0
DA:238,0
DA:239,0
DA:240,0
DA:244,0
DA:245,0
DA:246,0
DA:247,0
DA:251,0
DA:252,0
DA:253,0
DA:254,0
DA:257,0
DA:260,0
DA:261,0
DA:262,0
DA:265,0
DA:266,0
DA:268,0
DA:269,0
DA:281,0
DA:284,0
DA:285,0
DA:286,0
DA:288,0
DA:291,0
DA:294,0
DA:295,0
DA:298,0
DA:299,0
DA:300,0
DA:301,0
DA:304,0
DA:305,0
DA:306,0
DA:307,0
DA:308,0
DA:309,0
DA:310,0
DA:312,0
DA:315,0
DA:317,0
DA:331,0
DA:332,0
DA:333,0
DA:334,0
DA:335,0
DA:338,0
DA:339,0
DA:345,0
DA:346,0
DA:348,0
DA:355,0
DA:357,0
DA:387,0
DA:393,0
DA:411,0
DA:423,0
DA:435,0
DA:457,0
DA:461,0
DA:465,0
DA:470,0
DA:474,0
DA:476,0
DA:479,0
DA:505,0
DA:509,0
DA:519,0
DA:520,0
DA:526,0
DA:527,0
DA:532,0
DA:542,0
DA:546,0
DA:562,0
DA:565,0
DA:568,0
DA:569,0
DA:571,0
DA:574,0
DA:580,0
DA:581,0
DA:588,0
DA:594,0
DA:595,0
DA:601,0
DA:607,0
DA:610,0
DA:611,0
DA:617,0
DA:622,0
DA:626,0
DA:630,0
DA:642,0
DA:643,0
DA:644,0
DA:645,0
DA:646,0
DA:650,0
DA:652,0
DA:660,0
DA:663,0
DA:671,0
LF:225
LH:0
BRDA:20,0,0,0
BRDA:20,0,1,0
BRDA:22,1,0,0
BRDA:22,1,1,0
BRDA:23,2,0,0
BRDA:23,2,1,0
BRDA:23,2,2,0
BRDA:24,3,0,0
BRDA:24,3,1,0
BRDA:25,4,0,0
BRDA:25,4,1,0
BRDA:27,5,0,0
BRDA:27,5,1,0
BRDA:55,6,0,0
BRDA:55,6,1,0
BRDA:59,7,0,0
BRDA:59,7,1,0
BRDA:63,8,0,0
BRDA:63,8,1,0
BRDA:67,9,0,0
BRDA:67,9,1,0
BRDA:68,10,0,0
BRDA:68,10,1,0
BRDA:75,11,0,0
BRDA:75,11,1,0
BRDA:84,12,0,0
BRDA:84,12,1,0
BRDA:84,13,0,0
BRDA:84,13,1,0
BRDA:93,14,0,0
BRDA:93,14,1,0
BRDA:96,15,0,0
BRDA:96,15,1,0
BRDA:98,16,0,0
BRDA:98,16,1,0
BRDA:100,17,0,0
BRDA:100,17,1,0
BRDA:104,18,0,0
BRDA:104,18,1,0
BRDA:105,19,0,0
BRDA:105,19,1,0
BRDA:106,20,0,0
BRDA:106,20,1,0
BRDA:116,21,0,0
BRDA:116,21,1,0
BRDA:118,22,0,0
BRDA:118,22,1,0
BRDA:118,23,0,0
BRDA:118,23,1,0
BRDA:127,24,0,0
BRDA:127,24,1,0
BRDA:132,25,0,0
BRDA:132,25,1,0
BRDA:133,26,0,0
BRDA:133,26,1,0
BRDA:136,27,0,0
BRDA:136,27,1,0
BRDA:137,28,0,0
BRDA:137,28,1,0
BRDA:138,29,0,0
BRDA:138,29,1,0
BRDA:149,30,0,0
BRDA:149,30,1,0
BRDA:155,31,0,0
BRDA:155,31,1,0
BRDA:155,32,0,0
BRDA:155,32,1,0
BRDA:167,33,0,0
BRDA:167,33,1,0
BRDA:168,34,0,0
BRDA:168,34,1,0
BRDA:172,35,0,0
BRDA:172,35,1,0
BRDA:173,36,0,0
BRDA:173,36,1,0
BRDA:174,37,0,0
BRDA:174,37,1,0
BRDA:175,38,0,0
BRDA:175,38,1,0
BRDA:181,39,0,0
BRDA:181,39,1,0
BRDA:187,40,0,0
BRDA:187,40,1,0
BRDA:187,41,0,0
BRDA:187,41,1,0
BRDA:189,42,0,0
BRDA:189,42,1,0
BRDA:209,43,0,0
BRDA:209,43,1,0
BRDA:211,44,0,0
BRDA:211,44,1,0
BRDA:211,45,0,0
BRDA:211,45,1,0
BRDA:215,46,0,0
BRDA:215,46,1,0
BRDA:219,47,0,0
BRDA:219,47,1,0
BRDA:223,48,0,0
BRDA:223,48,1,0
BRDA:224,49,0,0
BRDA:224,49,1,0
BRDA:225,50,0,0
BRDA:225,50,1,0
BRDA:231,51,0,0
BRDA:231,51,1,0
BRDA:238,52,0,0
BRDA:238,52,1,0
BRDA:245,53,0,0
BRDA:245,53,1,0
BRDA:252,54,0,0
BRDA:252,54,1,0
BRDA:265,55,0,0
BRDA:266,56,0,0
BRDA:266,56,1,0
BRDA:266,57,0,0
BRDA:266,57,1,0
BRDA:266,57,2,0
BRDA:266,57,3,0
BRDA:270,58,0,0
BRDA:270,58,1,0
BRDA:271,59,0,0
BRDA:271,59,1,0
BRDA:271,60,0,0
BRDA:271,60,1,0
BRDA:274,61,0,0
BRDA:274,61,1,0
BRDA:288,62,0,0
BRDA:288,62,1,0
BRDA:291,63,0,0
BRDA:291,63,1,0
BRDA:299,64,0,0
BRDA:299,64,1,0
BRDA:299,65,0,0
BRDA:299,65,1,0
BRDA:299,66,0,0
BRDA:299,66,1,0
BRDA:301,67,0,0
BRDA:301,67,1,0
BRDA:308,68,0,0
BRDA:308,68,1,0
BRDA:309,69,0,0
BRDA:309,69,1,0
BRDA:318,70,0,0
BRDA:318,70,1,0
BRDA:318,70,2,0
BRDA:322,71,0,0
BRDA:322,71,1,0
BRDA:324,72,0,0
BRDA:324,72,1,0
BRDA:324,73,0,0
BRDA:324,73,1,0
BRDA:334,74,0,0
BRDA:334,74,1,0
BRDA:334,75,0,0
BRDA:334,75,1,0
BRDA:334,76,0,0
BRDA:334,76,1,0
BRDA:336,77,0,0
BRDA:336,77,1,0
BRDA:339,78,0,0
BRDA:339,78,1,0
BRDA:340,79,0,0
BRDA:340,79,1,0
BRDA:345,80,0,0
BRDA:345,80,1,0
BRDA:351,81,0,0
BRDA:351,81,1,0
BRDA:360,82,0,0
BRDA:360,82,1,0
BRDA:360,83,0,0
BRDA:360,83,1,0
BRDA:360,84,0,0
BRDA:360,84,1,0
BRDA:360,85,0,0
BRDA:360,85,1,0
BRDA:365,86,0,0
BRDA:365,86,1,0
BRDA:370,87,0,0
BRDA:370,87,1,0
BRDA:372,88,0,0
BRDA:372,88,1,0
BRDA:381,89,0,0
BRDA:381,89,1,0
BRDA:386,90,0,0
BRDA:386,90,1,0
BRDA:386,90,2,0
BRDA:392,91,0,0
BRDA:392,91,1,0
BRDA:393,92,0,0
BRDA:393,92,1,0
BRDA:403,93,0,0
BRDA:403,93,1,0
BRDA:403,94,0,0
BRDA:403,94,1,0
BRDA:411,95,0,0
BRDA:411,95,1,0
BRDA:411,96,0,0
BRDA:411,96,1,0
BRDA:414,97,0,0
BRDA:414,97,1,0
BRDA:416,98,0,0
BRDA:416,98,1,0
BRDA:418,99,0,0
BRDA:418,99,1,0
BRDA:418,99,2,0
BRDA:420,100,0,0
BRDA:420,100,1,0
BRDA:426,101,0,0
BRDA:426,101,1,0
BRDA:445,102,0,0
BRDA:445,102,1,0
BRDA:453,103,0,0
BRDA:453,103,1,0
BRDA:453,104,0,0
BRDA:453,104,1,0
BRDA:458,105,0,0
BRDA:458,105,1,0
BRDA:458,106,0,0
BRDA:458,106,1,0
BRDA:462,107,0,0
BRDA:462,107,1,0
BRDA:462,108,0,0
BRDA:462,108,1,0
BRDA:462,108,2,0
BRDA:465,109,0,0
BRDA:465,109,1,0
BRDA:480,110,0,0
BRDA:480,110,1,0
BRDA:480,111,0,0
BRDA:480,111,1,0
BRDA:488,112,0,0
BRDA:488,112,1,0
BRDA:502,113,0,0
BRDA:502,113,1,0
BRDA:503,114,0,0
BRDA:503,114,1,0
BRDA:506,115,0,0
BRDA:506,115,1,0
BRDA:506,116,0,0
BRDA:506,116,1,0
BRDA:507,117,0,0
BRDA:507,117,1,0
BRDA:511,118,0,0
BRDA:511,118,1,0
BRDA:519,119,0,0
BRDA:519,119,1,0
BRDA:520,120,0,0
BRDA:520,120,1,0
BRDA:534,121,0,0
BRDA:534,121,1,0
BRDA:562,122,0,0
BRDA:562,122,1,0
BRDA:565,123,0,0
BRDA:565,123,1,0
BRDA:565,124,0,0
BRDA:565,124,1,0
BRDA:574,125,0,0
BRDA:574,125,1,0
BRDA:611,126,0,0
BRDA:611,126,1,0
BRDA:646,127,0,0
BRDA:646,127,1,0
BRDA:650,128,0,0
BRDA:650,128,1,0
BRDA:654,129,0,0
BRDA:654,129,1,0
BRF:266
BRH:0
end_of_record
TN:
SF:src\screens\CommunityScreen.js
FN:20,(anonymous_0)
FN:37,(anonymous_1)
FN:48,(anonymous_2)
FN:57,(anonymous_3)
FN:58,(anonymous_4)
FN:59,(anonymous_5)
FN:62,(anonymous_6)
FN:68,(anonymous_7)
FN:131,(anonymous_8)
FN:139,(anonymous_9)
FN:151,(anonymous_10)
FN:161,(anonymous_11)
FN:168,(anonymous_12)
FN:176,(anonymous_13)
FN:185,(anonymous_14)
FN:190,(anonymous_15)
FN:192,(anonymous_16)
FN:200,(anonymous_17)
FN:227,(anonymous_18)
FN:232,(anonymous_19)
FN:236,(anonymous_20)
FN:272,(anonymous_21)
FN:288,(anonymous_22)
FN:304,(anonymous_23)
FN:306,CommunityScreen
FN:339,(anonymous_25)
FN:342,(anonymous_26)
FN:348,(anonymous_27)
FN:357,(anonymous_28)
FN:359,(anonymous_29)
FN:362,(anonymous_30)
FN:373,(anonymous_31)
FN:382,(anonymous_32)
FN:384,(anonymous_33)
FN:398,(anonymous_34)
FN:406,(anonymous_35)
FN:418,(anonymous_36)
FN:425,(anonymous_37)
FN:429,(anonymous_38)
FN:433,(anonymous_39)
FN:476,(anonymous_40)
FN:480,(anonymous_41)
FN:491,(anonymous_42)
FN:497,(anonymous_43)
FN:502,(anonymous_44)
FN:516,(anonymous_45)
FN:517,(anonymous_46)
FN:521,(anonymous_47)
FN:525,(anonymous_48)
FN:528,(anonymous_49)
FN:528,(anonymous_50)
FN:528,(anonymous_51)
FN:528,(anonymous_52)
FN:530,(anonymous_53)
FN:531,(anonymous_54)
FN:531,(anonymous_55)
FN:534,(anonymous_56)
FN:543,(anonymous_57)
FN:544,(anonymous_58)
FN:550,(anonymous_59)
FN:552,(anonymous_60)
FN:556,(anonymous_61)
FN:557,(anonymous_62)
FN:561,(anonymous_63)
FN:567,(anonymous_64)
FN:600,(anonymous_65)
FN:608,(anonymous_66)
FN:613,(anonymous_67)
FN:616,(anonymous_68)
FN:618,(anonymous_69)
FN:619,(anonymous_70)
FN:620,(anonymous_71)
FN:621,(anonymous_72)
FN:627,(anonymous_73)
FN:628,(anonymous_74)
FN:638,(anonymous_75)
FN:641,(anonymous_76)
FN:641,(anonymous_77)
FN:641,(anonymous_78)
FN:642,(anonymous_79)
FN:642,(anonymous_80)
FN:644,(anonymous_81)
FN:648,(anonymous_82)
FN:649,(anonymous_83)
FN:653,(anonymous_84)
FN:654,(anonymous_85)
FN:655,(anonymous_86)
FN:656,(anonymous_87)
FN:661,(anonymous_88)
FN:663,(anonymous_89)
FN:663,(anonymous_90)
FN:664,(anonymous_91)
FN:664,(anonymous_92)
FN:664,(anonymous_93)
FN:669,(anonymous_94)
FN:686,(anonymous_95)
FN:697,(anonymous_96)
FN:706,(anonymous_97)
FN:709,(anonymous_98)
FN:720,(anonymous_99)
FN:721,(anonymous_100)
FN:722,(anonymous_101)
FN:733,(anonymous_102)
FN:768,(anonymous_103)
FN:774,(anonymous_104)
FN:777,(anonymous_105)
FN:794,(anonymous_106)
FN:803,(anonymous_107)
FN:805,(anonymous_108)
FN:821,(anonymous_109)
FN:828,(anonymous_110)
FN:850,(anonymous_111)
FN:858,(anonymous_112)
FN:887,(anonymous_113)
FN:894,(anonymous_114)
FN:907,(anonymous_115)
FN:913,(anonymous_116)
FN:925,(anonymous_117)
FN:927,(anonymous_118)
FN:927,(anonymous_119)
FN:927,(anonymous_120)
FN:927,(anonymous_121)
FN:927,(anonymous_122)
FN:927,(anonymous_123)
FN:927,(anonymous_124)
FN:928,(anonymous_125)
FN:928,(anonymous_126)
FN:928,(anonymous_127)
FN:928,(anonymous_128)
FN:928,(anonymous_129)
FN:928,(anonymous_130)
FN:929,(anonymous_131)
FN:929,(anonymous_132)
FN:929,(anonymous_133)
FN:929,(anonymous_134)
FN:929,(anonymous_135)
FN:929,(anonymous_136)
FN:929,(anonymous_137)
FN:929,(anonymous_138)
FN:929,(anonymous_139)
FN:929,(anonymous_140)
FN:929,(anonymous_141)
FN:929,(anonymous_142)
FN:932,(anonymous_143)
FN:942,(anonymous_144)
FN:1013,(anonymous_145)
FNF:146
FNH:0
FNDA:0,(anonymous_0)
FNDA:0,(anonymous_1)
FNDA:0,(anonymous_2)
FNDA:0,(anonymous_3)
FNDA:0,(anonymous_4)
FNDA:0,(anonymous_5)
FNDA:0,(anonymous_6)
FNDA:0,(anonymous_7)
FNDA:0,(anonymous_8)
FNDA:0,(anonymous_9)
FNDA:0,(anonymous_10)
FNDA:0,(anonymous_11)
FNDA:0,(anonymous_12)
FNDA:0,(anonymous_13)
FNDA:0,(anonymous_14)
FNDA:0,(anonymous_15)
FNDA:0,(anonymous_16)
FNDA:0,(anonymous_17)
FNDA:0,(anonymous_18)
FNDA:0,(anonymous_19)
FNDA:0,(anonymous_20)
FNDA:0,(anonymous_21)
FNDA:0,(anonymous_22)
FNDA:0,(anonymous_23)
FNDA:0,CommunityScreen
FNDA:0,(anonymous_25)
FNDA:0,(anonymous_26)
FNDA:0,(anonymous_27)
FNDA:0,(anonymous_28)
FNDA:0,(anonymous_29)
FNDA:0,(anonymous_30)
FNDA:0,(anonymous_31)
FNDA:0,(anonymous_32)
FNDA:0,(anonymous_33)
FNDA:0,(anonymous_34)
FNDA:0,(anonymous_35)
FNDA:0,(anonymous_36)
FNDA:0,(anonymous_37)
FNDA:0,(anonymous_38)
FNDA:0,(anonymous_39)
FNDA:0,(anonymous_40)
FNDA:0,(anonymous_41)
FNDA:0,(anonymous_42)
FNDA:0,(anonymous_43)
FNDA:0,(anonymous_44)
FNDA:0,(anonymous_45)
FNDA:0,(anonymous_46)
FNDA:0,(anonymous_47)
FNDA:0,(anonymous_48)
FNDA:0,(anonymous_49)
FNDA:0,(anonymous_50)
FNDA:0,(anonymous_51)
FNDA:0,(anonymous_52)
FNDA:0,(anonymous_53)
FNDA:0,(anonymous_54)
FNDA:0,(anonymous_55)
FNDA:0,(anonymous_56)
FNDA:0,(anonymous_57)
FNDA:0,(anonymous_58)
FNDA:0,(anonymous_59)
FNDA:0,(anonymous_60)
FNDA:0,(anonymous_61)
FNDA:0,(anonymous_62)
FNDA:0,(anonymous_63)
FNDA:0,(anonymous_64)
FNDA:0,(anonymous_65)
FNDA:0,(anonymous_66)
FNDA:0,(anonymous_67)
FNDA:0,(anonymous_68)
FNDA:0,(anonymous_69)
FNDA:0,(anonymous_70)
FNDA:0,(anonymous_71)
FNDA:0,(anonymous_72)
FNDA:0,(anonymous_73)
FNDA:0,(anonymous_74)
FNDA:0,(anonymous_75)
FNDA:0,(anonymous_76)
FNDA:0,(anonymous_77)
FNDA:0,(anonymous_78)
FNDA:0,(anonymous_79)
FNDA:0,(anonymous_80)
FNDA:0,(anonymous_81)
FNDA:0,(anonymous_82)
FNDA:0,(anonymous_83)
FNDA:0,(anonymous_84)
FNDA:0,(anonymous_85)
FNDA:0,(anonymous_86)
FNDA:0,(anonymous_87)
FNDA:0,(anonymous_88)
FNDA:0,(anonymous_89)
FNDA:0,(anonymous_90)
FNDA:0,(anonymous_91)
FNDA:0,(anonymous_92)
FNDA:0,(anonymous_93)
FNDA:0,(anonymous_94)
FNDA:0,(anonymous_95)
FNDA:0,(anonymous_96)
FNDA:0,(anonymous_97)
FNDA:0,(anonymous_98)
FNDA:0,(anonymous_99)
FNDA:0,(anonymous_100)
FNDA:0,(anonymous_101)
FNDA:0,(anonymous_102)
FNDA:0,(anonymous_103)
FNDA:0,(anonymous_104)
FNDA:0,(anonymous_105)
FNDA:0,(anonymous_106)
FNDA:0,(anonymous_107)
FNDA:0,(anonymous_108)
FNDA:0,(anonymous_109)
FNDA:0,(anonymous_110)
FNDA:0,(anonymous_111)
FNDA:0,(anonymous_112)
FNDA:0,(anonymous_113)
FNDA:0,(anonymous_114)
FNDA:0,(anonymous_115)
FNDA:0,(anonymous_116)
FNDA:0,(anonymous_117)
FNDA:0,(anonymous_118)
FNDA:0,(anonymous_119)
FNDA:0,(anonymous_120)
FNDA:0,(anonymous_121)
FNDA:0,(anonymous_122)
FNDA:0,(anonymous_123)
FNDA:0,(anonymous_124)
FNDA:0,(anonymous_125)
FNDA:0,(anonymous_126)
FNDA:0,(anonymous_127)
FNDA:0,(anonymous_128)
FNDA:0,(anonymous_129)
FNDA:0,(anonymous_130)
FNDA:0,(anonymous_131)
FNDA:0,(anonymous_132)
FNDA:0,(anonymous_133)
FNDA:0,(anonymous_134)
FNDA:0,(anonymous_135)
FNDA:0,(anonymous_136)
FNDA:0,(anonymous_137)
FNDA:0,(anonymous_138)
FNDA:0,(anonymous_139)
FNDA:0,(anonymous_140)
FNDA:0,(anonymous_141)
FNDA:0,(anonymous_142)
FNDA:0,(anonymous_143)
FNDA:0,(anonymous_144)
FNDA:0,(anonymous_145)
DA:17,0
DA:20,0
DA:21,0
DA:33,0
DA:37,0
DA:38,0
DA:39,0
DA:40,0
DA:41,0
DA:42,0
DA:43,0
DA:44,0
DA:45,0
DA:48,0
DA:49,0
DA:50,0
DA:51,0
DA:52,0
DA:53,0
DA:54,0
DA:57,0
DA:58,0
DA:59,0
DA:62,0
DA:63,0
DA:64,0
DA:65,0
DA:66,0
DA:68,0
DA:70,0
DA:113,0
DA:117,0
DA:124,0
DA:131,0
DA:132,0
DA:133,0
DA:136,0
DA:137,0
DA:139,0
DA:141,0
DA:143,0
DA:144,0
DA:151,0
DA:153,0
DA:161,0
DA:168,0
DA:176,0
DA:185,0
DA:186,0
DA:187,0
DA:188,0
DA:189,0
DA:190,0
DA:192,0
DA:194,0
DA:195,0
DA:200,0
DA:203,0
DA:207,0
DA:208,0
DA:212,0
DA:216,0
DA:217,0
DA:218,0
DA:219,0
DA:227,0
DA:228,0
DA:229,0
DA:230,0
DA:232,0
DA:233,0
DA:236,0
DA:237,0
DA:242,0
DA:272,0
DA:288,0
DA:304,0
DA:307,0
DA:309,0
DA:310,0
DA:311,0
DA:314,0
DA:316,0
DA:317,0
DA:318,0
DA:319,0
DA:320,0
DA:321,0
DA:322,0
DA:324,0
DA:325,0
DA:326,0
DA:327,0
DA:328,0
DA:329,0
DA:331,0
DA:332,0
DA:333,0
DA:336,0
DA:339,0
DA:340,0
DA:342,0
DA:343,0
DA:344,0
DA:345,0
DA:348,0
DA:349,0
DA:350,0
DA:356,0
DA:357,0
DA:359,0
DA:362,0
DA:363,0
DA:364,0
DA:365,0
DA:367,0
DA:368,0
DA:373,0
DA:376,0
DA:382,0
DA:383,0
DA:384,0
DA:385,0
DA:398,0
DA:399,0
DA:406,0
DA:408,0
DA:413,0
DA:417,0
DA:418,0
DA:419,0
DA:423,0
DA:424,0
DA:426,0
DA:429,0
DA:433,0
DA:434,0
DA:435,0
DA:436,0
DA:442,0
DA:443,0
DA:448,0
DA:449,0
DA:450,0
DA:451,0
DA:452,0
DA:455,0
DA:460,0
DA:461,0
DA:469,0
DA:476,0
DA:479,0
DA:480,0
DA:491,0
DA:496,0
DA:497,0
DA:502,0
DA:503,0
DA:504,0
DA:516,0
DA:517,0
DA:519,0
DA:522,0
DA:525,0
DA:528,0
DA:529,0
DA:530,0
DA:531,0
DA:534,0
DA:535,0
DA:537,0
DA:538,0
DA:543,0
DA:544,0
DA:549,0
DA:550,0
DA:552,0
DA:556,0
DA:557,0
DA:561,0
DA:562,0
DA:563,0
DA:565,0
DA:567,0
DA:568,0
DA:571,0
DA:572,0
DA:573,0
DA:577,0
DA:581,0
DA:582,0
DA:585,0
DA:586,0
DA:587,0
DA:591,0
DA:596,0
DA:599,0
DA:600,0
DA:608,0
DA:609,0
DA:610,0
DA:613,0
DA:614,0
DA:616,0
DA:618,0
DA:619,0
DA:620,0
DA:621,0
DA:628,0
DA:638,0
DA:639,0
DA:641,0
DA:642,0
DA:644,0
DA:648,0
DA:649,0
DA:650,0
DA:653,0
DA:654,0
DA:655,0
DA:656,0
DA:657,0
DA:661,0
DA:663,0
DA:664,0
DA:670,0
DA:671,0
DA:672,0
DA:673,0
DA:675,0
DA:686,0
DA:687,0
DA:690,0
DA:691,0
DA:694,0
DA:695,0
DA:697,0
DA:698,0
DA:699,0
DA:703,0
DA:704,0
DA:706,0
DA:709,0
DA:713,0
DA:720,0
DA:721,0
DA:722,0
DA:724,0
DA:726,0
DA:733,0
DA:768,0
DA:775,0
DA:776,0
DA:777,0
DA:794,0
DA:803,0
DA:805,0
DA:807,0
DA:822,0
DA:828,0
DA:850,0
DA:858,0
DA:876,0
DA:887,0
DA:894,0
DA:907,0
DA:913,0
DA:925,0
DA:927,0
DA:928,0
DA:929,0
DA:932,0
DA:942,0
DA:1013,0
DA:1030,0
DA:1184,0
LF:276
LH:0
BRDA:33,0,0,0
BRDA:33,0,1,0
BRDA:38,1,0,0
BRDA:38,1,1,0
BRDA:42,2,0,0
BRDA:42,2,1,0
BRDA:43,3,0,0
BRDA:43,3,1,0
BRDA:44,4,0,0
BRDA:44,4,1,0
BRDA:50,5,0,0
BRDA:50,5,1,0
BRDA:137,6,0,0
BRDA:137,6,1,0
BRDA:143,7,0,0
BRDA:143,7,1,0
BRDA:151,8,0,0
BRDA:151,8,1,0
BRDA:151,9,0,0
BRDA:151,9,1,0
BRDA:156,10,0,0
BRDA:156,10,1,0
BRDA:158,11,0,0
BRDA:158,11,1,0
BRDA:164,12,0,0
BRDA:164,12,1,0
BRDA:165,13,0,0
BRDA:165,13,1,0
BRDA:165,13,2,0
BRDA:165,14,0,0
BRDA:165,14,1,0
BRDA:165,14,2,0
BRDA:165,15,0,0
BRDA:165,15,1,0
BRDA:166,16,0,0
BRDA:166,16,1,0
BRDA:166,17,0,0
BRDA:166,17,1,0
BRDA:166,18,0,0
BRDA:166,18,1,0
BRDA:166,19,0,0
BRDA:166,19,1,0
BRDA:168,20,0,0
BRDA:168,20,1,0
BRDA:168,21,0,0
BRDA:168,21,1,0
BRDA:168,22,0,0
BRDA:168,22,1,0
BRDA:171,23,0,0
BRDA:171,23,1,0
BRDA:171,24,0,0
BRDA:171,24,1,0
BRDA:172,25,0,0
BRDA:172,25,1,0
BRDA:173,26,0,0
BRDA:173,26,1,0
BRDA:178,27,0,0
BRDA:178,27,1,0
BRDA:187,28,0,0
BRDA:187,28,1,0
BRDA:187,29,0,0
BRDA:187,29,1,0
BRDA:187,30,0,0
BRDA:187,30,1,0
BRDA:189,31,0,0
BRDA:189,31,1,0
BRDA:190,32,0,0
BRDA:190,32,1,0
BRDA:194,33,0,0
BRDA:194,33,1,0
BRDA:207,34,0,0
BRDA:207,34,1,0
BRDA:216,35,0,0
BRDA:216,35,1,0
BRDA:216,36,0,0
BRDA:216,36,1,0
BRDA:218,37,0,0
BRDA:218,37,1,0
BRDA:218,38,0,0
BRDA:218,38,1,0
BRDA:218,39,0,0
BRDA:218,39,1,0
BRDA:218,40,0,0
BRDA:218,40,1,0
BRDA:220,41,0,0
BRDA:220,41,1,0
BRDA:220,42,0,0
BRDA:220,42,1,0
BRDA:220,43,0,0
BRDA:220,43,1,0
BRDA:220,44,0,0
BRDA:220,44,1,0
BRDA:220,44,2,0
BRDA:220,45,0,0
BRDA:220,45,1,0
BRDA:220,46,0,0
BRDA:220,46,1,0
BRDA:220,47,0,0
BRDA:220,47,1,0
BRDA:220,48,0,0
BRDA:220,48,1,0
BRDA:220,49,0,0
BRDA:220,49,1,0
BRDA:220,50,0,0
BRDA:220,50,1,0
BRDA:220,51,0,0
BRDA:220,51,1,0
BRDA:220,52,0,0
BRDA:220,52,1,0
BRDA:220,53,0,0
BRDA:220,53,1,0
BRDA:228,54,0,0
BRDA:228,54,1,0
BRDA:233,55,0,0
BRDA:233,55,1,0
BRDA:276,56,0,0
BRDA:276,56,1,0
BRDA:280,57,0,0
BRDA:280,57,1,0
BRDA:292,58,0,0
BRDA:292,58,1,0
BRDA:296,59,0,0
BRDA:296,59,1,0
BRDA:304,60,0,0
BRDA:304,60,1,0
BRDA:304,61,0,0
BRDA:304,61,1,0
BRDA:309,62,0,0
BRDA:309,62,1,0
BRDA:309,63,0,0
BRDA:309,63,1,0
BRDA:309,64,0,0
BRDA:309,64,1,0
BRDA:309,65,0,0
BRDA:309,65,1,0
BRDA:309,66,0,0
BRDA:309,66,1,0
BRDA:309,67,0,0
BRDA:309,67,1,0
BRDA:309,68,0,0
BRDA:309,68,1,0
BRDA:309,69,0,0
BRDA:309,69,1,0
BRDA:343,70,0,0
BRDA:343,70,1,0
BRDA:392,71,0,0
BRDA:392,71,1,0
BRDA:393,72,0,0
BRDA:393,72,1,0
BRDA:399,73,0,0
BRDA:399,73,1,0
BRDA:408,74,0,0
BRDA:408,74,1,0
BRDA:417,75,0,0
BRDA:417,75,1,0
BRDA:419,76,0,0
BRDA:419,76,1,0
BRDA:434,77,0,0
BRDA:434,77,1,0
BRDA:442,78,0,0
BRDA:442,78,1,0
BRDA:443,79,0,0
BRDA:443,79,1,0
BRDA:448,80,0,0
BRDA:448,80,1,0
BRDA:449,81,0,0
BRDA:449,81,1,0
BRDA:460,82,0,0
BRDA:460,82,1,0
BRDA:483,83,0,0
BRDA:483,83,1,0
BRDA:485,84,0,0
BRDA:485,84,1,0
BRDA:489,85,0,0
BRDA:489,85,1,0
BRDA:496,86,0,0
BRDA:496,86,1,0
BRDA:497,87,0,0
BRDA:497,87,1,0
BRDA:503,88,0,0
BRDA:503,88,1,0
BRDA:509,89,0,0
BRDA:509,89,1,0
BRDA:528,90,0,0
BRDA:528,90,1,0
BRDA:531,91,0,0
BRDA:531,91,1,0
BRDA:531,92,0,0
BRDA:531,92,1,0
BRDA:531,93,0,0
BRDA:531,93,1,0
BRDA:531,94,0,0
BRDA:531,94,1,0
BRDA:535,95,0,0
BRDA:535,95,1,0
BRDA:535,96,0,0
BRDA:535,96,1,0
BRDA:547,97,0,0
BRDA:547,97,1,0
BRDA:557,98,0,0
BRDA:557,98,1,0
BRDA:557,99,0,0
BRDA:557,99,1,0
BRDA:565,100,0,0
BRDA:565,100,1,0
BRDA:599,101,0,0
BRDA:599,101,1,0
BRDA:599,102,0,0
BRDA:599,102,1,0
BRDA:603,103,0,0
BRDA:603,103,1,0
BRDA:629,104,0,0
BRDA:629,104,1,0
BRDA:630,105,0,0
BRDA:630,105,1,0
BRDA:642,106,0,0
BRDA:642,106,1,0
BRDA:642,107,0,0
BRDA:642,107,1,0
BRDA:644,108,0,0
BRDA:644,108,1,0
BRDA:644,109,0,0
BRDA:644,109,1,0
BRDA:649,110,0,0
BRDA:649,110,1,0
BRDA:663,111,0,0
BRDA:663,111,1,0
BRDA:663,112,0,0
BRDA:663,112,1,0
BRDA:663,113,0,0
BRDA:663,113,1,0
BRDA:664,114,0,0
BRDA:664,114,1,0
BRDA:664,115,0,0
BRDA:664,115,1,0
BRDA:664,116,0,0
BRDA:664,116,1,0
BRDA:664,117,0,0
BRDA:664,117,1,0
BRDA:664,118,0,0
BRDA:664,118,1,0
BRDA:664,119,0,0
BRDA:664,119,1,0
BRDA:664,120,0,0
BRDA:664,120,1,0
BRDA:672,121,0,0
BRDA:672,121,1,0
BRDA:687,122,0,0
BRDA:687,122,1,0
BRDA:687,123,0,0
BRDA:687,123,1,0
BRDA:690,124,0,0
BRDA:690,124,1,0
BRDA:694,125,0,0
BRDA:694,125,1,0
BRDA:695,126,0,0
BRDA:695,126,1,0
BRDA:699,127,0,0
BRDA:699,127,1,0
BRDA:704,128,0,0
BRDA:704,128,1,0
BRDA:706,129,0,0
BRDA:706,129,1,0
BRDA:709,130,0,0
BRDA:709,130,1,0
BRDA:724,131,0,0
BRDA:724,131,1,0
BRDA:732,132,0,0
BRDA:732,132,1,0
BRDA:745,133,0,0
BRDA:745,133,1,0
BRDA:757,134,0,0
BRDA:757,134,1,0
BRDA:768,135,0,0
BRDA:768,135,1,0
BRDA:768,136,0,0
BRDA:768,136,1,0
BRDA:768,137,0,0
BRDA:768,137,1,0
BRDA:775,138,0,0
BRDA:775,138,1,0
BRDA:783,139,0,0
BRDA:783,139,1,0
BRDA:794,140,0,0
BRDA:794,140,1,0
BRDA:794,141,0,0
BRDA:794,141,1,0
BRDA:794,142,0,0
BRDA:794,142,1,0
BRDA:805,143,0,0
BRDA:805,143,1,0
BRDA:805,143,2,0
BRDA:811,144,0,0
BRDA:811,144,1,0
BRDA:814,145,0,0
BRDA:814,145,1,0
BRDA:815,146,0,0
BRDA:815,146,1,0
BRDA:825,147,0,0
BRDA:825,147,1,0
BRDA:826,148,0,0
BRDA:826,148,1,0
BRDA:831,149,0,0
BRDA:831,149,1,0
BRDA:843,150,0,0
BRDA:843,150,1,0
BRDA:865,151,0,0
BRDA:865,151,1,0
BRDA:881,152,0,0
BRDA:881,152,1,0
BRDA:882,153,0,0
BRDA:882,153,1,0
BRDA:888,154,0,0
BRDA:888,154,1,0
BRDA:890,155,0,0
BRDA:890,155,1,0
BRDA:895,156,0,0
BRDA:895,156,1,0
BRDA:897,157,0,0
BRDA:897,157,1,0
BRDA:901,158,0,0
BRDA:901,158,1,0
BRDA:901,159,0,0
BRDA:901,159,1,0
BRDA:913,160,0,0
BRDA:913,160,1,0
BRDA:917,161,0,0
BRDA:917,161,1,0
BRDA:918,162,0,0
BRDA:918,162,1,0
BRDA:919,163,0,0
BRDA:919,163,1,0
BRDA:920,164,0,0
BRDA:920,164,1,0
BRDA:927,165,0,0
BRDA:927,165,1,0
BRDA:927,166,0,0
BRDA:927,166,1,0
BRDA:927,167,0,0
BRDA:927,167,1,0
BRDA:927,168,0,0
BRDA:927,168,1,0
BRDA:929,169,0,0
BRDA:929,169,1,0
BRDA:934,170,0,0
BRDA:934,170,1,0
BRDA:948,171,0,0
BRDA:948,171,1,0
BRDA:958,172,0,0
BRDA:958,172,1,0
BRDA:962,173,0,0
BRDA:962,173,1,0
BRDA:978,174,0,0
BRDA:978,174,1,0
BRDA:1012,175,0,0
BRDA:1012,175,1,0
BRDA:1015,176,0,0
BRDA:1015,176,1,0
BRDA:1016,177,0,0
BRDA:1016,177,1,0
BRF:360
BRH:0
end_of_record
TN:
SF:src\screens\CreateClubScreen.js
FN:20,CreateClubScreen
FN:31,(anonymous_1)
FN:47,(anonymous_2)
FN:69,(anonymous_3)
FN:78,(anonymous_4)
FN:94,(anonymous_5)
FN:95,(anonymous_6)
FN:129,(anonymous_7)
FN:140,(anonymous_8)
FNF:9
FNH:0
FNDA:0,CreateClubScreen
FNDA:0,(anonymous_1)
FNDA:0,(anonymous_2)
FNDA:0,(anonymous_3)
FNDA:0,(anonymous_4)
FNDA:0,(anonymous_5)
FNDA:0,(anonymous_6)
FNDA:0,(anonymous_7)
FNDA:0,(anonymous_8)
DA:9,0
DA:11,0
DA:22,0
DA:24,0
DA:25,0
DA:26,0
DA:27,0
DA:28,0
DA:29,0
DA:31,0
DA:32,0
DA:33,0
DA:39,0
DA:40,0
DA:43,0
DA:47,0
DA:48,0
DA:50,0
DA:66,0
DA:68,0
DA:69,0
DA:73,0
DA:78,0
DA:95,0
DA:129,0
DA:140,0
DA:164,0
LF:27
LH:0
BRDA:39,0,0,0
BRDA:39,0,1,0
BRDA:48,1,0,0
BRDA:48,1,1,0
BRDA:59,2,0,0
BRDA:59,2,1,0
BRDA:83,3,0,0
BRDA:83,3,1,0
BRDA:95,4,0,0
BRDA:95,4,1,0
BRDA:96,5,0,0
BRDA:96,5,1,0
BRDA:105,6,0,0
BRDA:105,6,1,0
BRDA:129,7,0,0
BRDA:129,7,1,0
BRDA:132,8,0,0
BRDA:132,8,1,0
BRDA:133,9,0,0
BRDA:133,9,1,0
BRDA:137,10,0,0
BRDA:137,10,1,0
BRDA:140,11,0,0
BRDA:140,11,1,0
BRDA:143,12,0,0
BRDA:143,12,1,0
BRDA:144,13,0,0
BRDA:144,13,1,0
BRDA:148,14,0,0
BRDA:148,14,1,0
BRDA:156,15,0,0
BRDA:156,15,1,0
BRF:32
BRH:0
end_of_record
TN:
SF:src\screens\CustomerCenterScreen.js
FN:6,CustomerCenterScreen
FNF:1
FNH:0
FNDA:0,CustomerCenterScreen
DA:7,0
DA:14,0
LF:2
LH:0
BRF:0
BRH:0
end_of_record
TN:
SF:src\screens\EditProfileScreen.js
FN:11,EditProfileScreen
FN:30,(anonymous_1)
FN:48,(anonymous_2)
FN:68,(anonymous_3)
FN:75,(anonymous_4)
FN:124,(anonymous_5)
FN:167,(anonymous_6)
FN:218,(anonymous_7)
FN:222,(anonymous_8)
FN:243,(anonymous_9)
FN:247,(anonymous_10)
FNF:11
FNH:0
FNDA:0,EditProfileScreen
FNDA:0,(anonymous_1)
FNDA:0,(anonymous_2)
FNDA:0,(anonymous_3)
FNDA:0,(anonymous_4)
FNDA:0,(anonymous_5)
FNDA:0,(anonymous_6)
FNDA:0,(anonymous_7)
FNDA:0,(anonymous_8)
FNDA:0,(anonymous_9)
FNDA:0,(anonymous_10)
DA:12,0
DA:13,0
DA:15,0
DA:16,0
DA:17,0
DA:18,0
DA:19,0
DA:20,0
DA:21,0
DA:24,0
DA:25,0
DA:26,0
DA:28,0
DA:30,0
DA:31,0
DA:32,0
DA:33,0
DA:35,0
DA:36,0
DA:37,0
DA:39,0
DA:40,0
DA:42,0
DA:43,0
DA:44,0
DA:48,0
DA:49,0
DA:51,0
DA:52,0
DA:53,0
DA:56,0
DA:63,0
DA:64,0
DA:68,0
DA:69,0
DA:70,0
DA:71,0
DA:75,0
DA:76,0
DA:77,0
DA:81,0
DA:95,0
DA:110,0
DA:111,0
DA:112,0
DA:114,0
DA:115,0
DA:116,0
DA:120,0
DA:124,0
DA:167,0
DA:219,0
DA:222,0
DA:244,0
DA:247,0
DA:271,0
LF:56
LH:0
BRDA:16,0,0,0
BRDA:16,0,1,0
BRDA:17,1,0,0
BRDA:17,1,1,0
BRDA:18,2,0,0
BRDA:18,2,1,0
BRDA:19,3,0,0
BRDA:19,3,1,0
BRDA:20,4,0,0
BRDA:20,4,1,0
BRDA:21,5,0,0
BRDA:21,5,1,0
BRDA:24,6,0,0
BRDA:24,6,1,0
BRDA:25,7,0,0
BRDA:25,7,1,0
BRDA:26,8,0,0
BRDA:26,8,1,0
BRDA:51,9,0,0
BRDA:51,9,1,0
BRDA:63,10,0,0
BRDA:63,10,1,0
BRDA:70,11,0,0
BRDA:70,11,1,0
BRDA:99,12,0,0
BRDA:99,12,1,0
BRDA:100,13,0,0
BRDA:100,13,1,0
BRDA:106,14,0,0
BRDA:106,14,1,0
BRDA:125,15,0,0
BRDA:125,15,1,0
BRDA:129,16,0,0
BRDA:129,16,1,0
BRDA:140,17,0,0
BRDA:140,17,1,0
BRDA:221,18,0,0
BRDA:221,18,1,0
BRDA:225,19,0,0
BRDA:225,19,1,0
BRDA:225,20,0,0
BRDA:225,20,1,0
BRDA:225,21,0,0
BRDA:225,21,1,0
BRDA:227,22,0,0
BRDA:227,22,1,0
BRDA:229,23,0,0
BRDA:229,23,1,0
BRDA:246,24,0,0
BRDA:246,24,1,0
BRDA:249,25,0,0
BRDA:249,25,1,0
BRF:52
BRH:0
end_of_record
TN:
SF:src\screens\FindFriendsScreen.js
FN:32,FindFriendsScreen
FN:41,(anonymous_1)
FN:42,(anonymous_2)
FN:57,(anonymous_3)
FN:60,(anonymous_4)
FN:74,(anonymous_5)
FN:91,(anonymous_6)
FN:94,(anonymous_7)
FN:104,(anonymous_8)
FN:114,(anonymous_9)
FN:118,(anonymous_10)
FN:138,(anonymous_11)
FN:153,(anonymous_12)
FN:172,(anonymous_13)
FN:178,(anonymous_14)
FN:191,(anonymous_15)
FN:204,(anonymous_16)
FNF:17
FNH:0
FNDA:0,FindFriendsScreen
FNDA:0,(anonymous_1)
FNDA:0,(anonymous_2)
FNDA:0,(anonymous_3)
FNDA:0,(anonymous_4)
FNDA:0,(anonymous_5)
FNDA:0,(anonymous_6)
FNDA:0,(anonymous_7)
FNDA:0,(anonymous_8)
FNDA:0,(anonymous_9)
FNDA:0,(anonymous_10)
FNDA:0,(anonymous_11)
FNDA:0,(anonymous_12)
FNDA:0,(anonymous_13)
FNDA:0,(anonymous_14)
FNDA:0,(anonymous_15)
FNDA:0,(anonymous_16)
DA:21,0
DA:30,0
DA:33,0
DA:34,0
DA:35,0
DA:36,0
DA:37,0
DA:38,0
DA:41,0
[...]
BRDA:195,56,0,0
BRDA:195,56,1,0
BRDA:195,57,0,0
BRDA:195,57,1,0
BRDA:208,58,0,0
BRDA:208,58,1,0
BRDA:217,59,0,0
BRDA:217,59,1,0
BRDA:218,60,0,0
BRDA:218,60,1,0
BRDA:223,61,0,0
BRDA:223,61,1,0
BRDA:227,62,0,0
BRDA:227,62,1,0
BRDA:230,63,0,0
BRDA:230,63,1,0
BRDA:238,64,0,0
BRDA:238,64,1,0
BRDA:238,65,0,0
BRDA:238,65,1,0
BRDA:238,66,0,0
BRDA:238,66,1,0
BRDA:239,67,0,0
BRDA:239,67,1,0
BRDA:239,67,2,0
BRDA:239,67,3,0
BRDA:239,68,0,0
BRDA:239,68,1,0
BRDA:239,69,0,0
BRDA:239,69,1,0
BRDA:239,70,0,0
BRDA:239,70,1,0
BRDA:239,71,0,0
BRDA:239,71,1,0
BRDA:247,72,0,0
BRDA:247,72,1,0
BRDA:261,73,0,0
BRDA:261,73,1,0
BRDA:261,74,0,0
BRDA:261,74,1,0
BRDA:264,75,0,0
BRDA:264,75,1,0
BRDA:276,76,0,0
BRDA:276,76,1,0
BRDA:282,77,0,0
BRDA:282,77,1,0
BRDA:295,78,0,0
BRDA:295,78,1,0
BRDA:295,79,0,0
BRDA:295,79,1,0
BRDA:296,80,0,0
BRDA:296,80,1,0
BRDA:296,81,0,0
BRDA:296,81,1,0
BRDA:301,82,0,0
BRDA:301,82,1,0
BRDA:305,83,0,0
BRDA:305,83,1,0
BRDA:307,84,0,0
BRDA:307,84,1,0
BRDA:315,85,0,0
BRDA:315,85,1,0
BRDA:336,86,0,0
BRDA:336,86,1,0
BRDA:336,87,0,0
BRDA:336,87,1,0
BRDA:336,88,0,0
BRDA:336,88,1,0
BRF:182
BRH:0
end_of_record
TN:
SF:src\screens\WelcomeScreen.js
FN:7,WelcomeScreen
FN:9,(anonymous_1)
FN:39,(anonymous_2)
FN:46,(anonymous_3)
FNF:4
FNH:0
FNDA:0,WelcomeScreen
FNDA:0,(anonymous_1)
FNDA:0,(anonymous_2)
FNDA:0,(anonymous_3)
DA:9,0
DA:14,0
DA:39,0
DA:46,0
DA:59,0
LF:5
LH:0
BRF:0
BRH:0
end_of_record
TN:
SF:src\screens\WorkoutDetailScreen.js
FN:77,WorkoutDetailScreen
FN:97,(anonymous_1)
FN:104,(anonymous_2)
FN:105,(anonymous_3)
FN:112,(anonymous_4)
FN:117,(anonymous_5)
FN:157,(anonymous_6)
FN:158,(anonymous_7)
FN:159,(anonymous_8)
FN:161,(anonymous_9)
FN:165,(anonymous_10)
FN:173,(anonymous_11)
FN:182,(anonymous_12)
FN:190,(anonymous_13)
FN:209,(anonymous_14)
FN:251,(anonymous_15)
FN:263,(anonymous_16)
FN:264,(anonymous_17)
FN:268,(anonymous_18)
FN:268,(anonymous_19)
FN:273,(anonymous_20)
FN:279,(anonymous_21)
FN:282,(anonymous_22)
FN:284,(anonymous_23)
FN:289,(anonymous_24)
FN:291,(anonymous_25)
FN:292,(anonymous_26)
FN:297,(anonymous_27)
FN:316,(anonymous_28)
FN:352,(anonymous_29)
FN:358,(anonymous_30)
FN:391,(anonymous_31)
FN:398,(anonymous_32)
FN:399,(anonymous_33)
FN:401,(anonymous_34)
FN:402,(anonymous_35)
FN:403,(anonymous_36)
FN:420,(anonymous_37)
FN:421,(anonymous_38)
FN:423,(anonymous_39)
FN:424,(anonymous_40)
FN:430,(anonymous_41)
FN:435,(anonymous_42)
FN:436,(anonymous_43)
FN:438,(anonymous_44)
FN:439,(anonymous_45)
FN:440,(anonymous_46)
FN:448,(anonymous_47)
FN:453,(anonymous_48)
FN:454,(anonymous_49)
FN:456,(anonymous_50)
FN:457,(anonymous_51)
FN:458,(anonymous_52)
FNF:53
FNH:0
FNDA:0,WorkoutDetailScreen
FNDA:0,(anonymous_1)
FNDA:0,(anonymous_2)
FNDA:0,(anonymous_3)
FNDA:0,(anonymous_4)
FNDA:0,(anonymous_5)
FNDA:0,(anonymous_6)
FNDA:0,(anonymous_7)
FNDA:0,(anonymous_8)
FNDA:0,(anonymous_9)
FNDA:0,(anonymous_10)
FNDA:0,(anonymous_11)
FNDA:0,(anonymous_12)
FNDA:0,(anonymous_13)
FNDA:0,(anonymous_14)
FNDA:0,(anonymous_15)
FNDA:0,(anonymous_16)
FNDA:0,(anonymous_17)
FNDA:0,(anonymous_18)
FNDA:0,(anonymous_19)
FNDA:0,(anonymous_20)
FNDA:0,(anonymous_21)
FNDA:0,(anonymous_22)
FNDA:0,(anonymous_23)
FNDA:0,(anonymous_24)
FNDA:0,(anonymous_25)
FNDA:0,(anonymous_26)
FNDA:0,(anonymous_27)
FNDA:0,(anonymous_28)
FNDA:0,(anonymous_29)
FNDA:0,(anonymous_30)
FNDA:0,(anonymous_31)
FNDA:0,(anonymous_32)
FNDA:0,(anonymous_33)
FNDA:0,(anonymous_34)
FNDA:0,(anonymous_35)
FNDA:0,(anonymous_36)
FNDA:0,(anonymous_37)
FNDA:0,(anonymous_38)
FNDA:0,(anonymous_39)
FNDA:0,(anonymous_40)
FNDA:0,(anonymous_41)
FNDA:0,(anonymous_42)
FNDA:0,(anonymous_43)
FNDA:0,(anonymous_44)
FNDA:0,(anonymous_45)
FNDA:0,(anonymous_46)
FNDA:0,(anonymous_47)
FNDA:0,(anonymous_48)
FNDA:0,(anonymous_49)
FNDA:0,(anonymous_50)
FNDA:0,(anonymous_51)
FNDA:0,(anonymous_52)
DA:12,0
DA:21,0
DA:63,0
DA:70,0
DA:79,0
DA:80,0
DA:83,0
DA:85,0
DA:86,0
DA:88,0
DA:89,0
DA:90,0
DA:92,0
DA:97,0
DA:98,0
DA:104,0
DA:105,0
DA:106,0
DA:107,0
DA:112,0
DA:113,0
DA:114,0
DA:117,0
DA:119,0
DA:123,0
DA:124,0
DA:144,0
DA:145,0
DA:146,0
DA:147,0
DA:150,0
DA:157,0
DA:158,0
DA:159,0
DA:161,0
DA:162,0
DA:166,0
DA:167,0
DA:173,0
DA:175,0
DA:176,0
DA:177,0
DA:180,0
DA:181,0
DA:182,0
DA:183,0
DA:184,0
DA:185,0
DA:186,0
DA:188,0
DA:189,0
DA:190,0
DA:191,0
DA:203,0
DA:204,0
DA:206,0
DA:209,0
DA:210,0
DA:211,0
DA:212,0
DA:214,0
DA:224,0
DA:225,0
DA:227,0
DA:228,0
DA:229,0
DA:232,0
DA:235,0
DA:237,0
DA:239,0
DA:241,0
DA:242,0
DA:243,0
DA:246,0
DA:247,0
DA:251,0
DA:252,0
DA:253,0
DA:254,0
DA:260,0
DA:263,0
DA:264,0
DA:265,0
DA:266,0
DA:267,0
DA:268,0
DA:273,0
DA:274,0
DA:275,0
DA:276,0
DA:278,0
DA:279,0
DA:282,0
DA:283,0
DA:284,0
DA:285,0
DA:286,0
DA:289,0
DA:291,0
DA:292,0
DA:293,0
DA:295,0
DA:297,0
DA:298,0
DA:307,0
DA:309,0
DA:316,0
DA:353,0
DA:359,0
DA:391,0
DA:398,0
DA:399,0
DA:401,0
DA:403,0
DA:420,0
DA:421,0
DA:423,0
DA:425,0
DA:430,0
DA:435,0
DA:436,0
DA:438,0
DA:440,0
DA:448,0
DA:453,0
DA:454,0
DA:456,0
DA:457,0
DA:458,0
DA:471,0
LF:130
LH:0
BRDA:79,0,0,0
BRDA:79,0,1,0
BRDA:80,1,0,0
BRDA:80,1,1,0
BRDA:83,2,0,0
BRDA:83,2,1,0
BRDA:83,2,2,0
BRDA:93,3,0,0
BRDA:93,3,1,0
BRDA:94,4,0,0
BRDA:94,4,1,0
BRDA:99,5,0,0
BRDA:99,5,1,0
BRDA:100,6,0,0
BRDA:100,6,1,0
BRDA:106,7,0,0
BRDA:106,7,1,0
BRDA:113,8,0,0
BRDA:113,8,1,0
BRDA:113,9,0,0
BRDA:113,9,1,0
BRDA:114,10,0,0
BRDA:114,10,1,0
BRDA:114,11,0,0
BRDA:114,11,1,0
BRDA:119,12,0,0
BRDA:119,12,1,0
BRDA:123,13,0,0
BRDA:123,13,1,0
BRDA:123,14,0,0
BRDA:123,14,1,0
BRDA:123,14,2,0
BRDA:123,14,3,0
BRDA:144,15,0,0
BRDA:144,15,1,0
BRDA:175,16,0,0
BRDA:175,16,1,0
BRDA:175,17,0,0
BRDA:175,17,1,0
BRDA:181,18,0,0
BRDA:181,18,1,0
BRDA:184,19,0,0
BRDA:184,19,1,0
BRDA:184,20,0,0
BRDA:184,20,1,0
BRDA:186,21,0,0
BRDA:186,21,1,0
BRDA:189,22,0,0
BRDA:189,22,1,0
BRDA:193,23,0,0
BRDA:193,23,1,0
BRDA:193,24,0,0
BRDA:193,24,1,0
BRDA:195,25,0,0
BRDA:195,25,1,0
BRDA:203,26,0,0
BRDA:203,26,1,0
BRDA:212,27,0,0
BRDA:212,27,1,0
BRDA:228,28,0,0
BRDA:228,28,1,0
BRDA:253,29,0,0
BRDA:253,29,1,0
BRDA:265,30,0,0
BRDA:265,30,1,0
BRDA:265,31,0,0
BRDA:265,31,1,0
BRDA:266,32,0,0
BRDA:266,32,1,0
BRDA:266,33,0,0
BRDA:266,33,1,0
BRDA:267,34,0,0
BRDA:267,34,1,0
BRDA:268,35,0,0
BRDA:268,35,1,0
BRDA:275,36,0,0
BRDA:275,36,1,0
BRDA:285,37,0,0
BRDA:285,37,1,0
BRDA:292,38,0,0
BRDA:292,38,1,0
BRDA:297,39,0,0
BRDA:300,40,0,0
BRDA:300,40,1,0
BRDA:307,41,0,0
BRDA:307,41,1,0
BRDA:329,42,0,0
BRDA:329,42,1,0
BRDA:331,43,0,0
BRDA:331,43,1,0
BRDA:336,44,0,0
BRDA:336,44,1,0
BRDA:349,45,0,0
BRDA:349,45,1,0
BRDA:352,46,0,0
BRDA:352,46,1,0
BRDA:354,47,0,0
BRDA:354,47,1,0
BRDA:355,48,0,0
BRDA:355,48,1,0
BRDA:356,49,0,0
BRDA:356,49,1,0
BRDA:358,50,0,0
BRDA:358,50,1,0
BRDA:360,51,0,0
BRDA:360,51,1,0
BRDA:365,52,0,0
BRDA:365,52,1,0
BRDA:365,53,0,0
BRDA:365,53,1,0
BRDA:365,54,0,0
BRDA:365,54,1,0
BRDA:365,55,0,0
BRDA:365,55,1,0
BRDA:365,56,0,0
BRDA:365,56,1,0
BRDA:380,57,0,0
BRDA:380,57,1,0
BRDA:384,58,0,0
BRDA:384,58,1,0
BRDA:384,59,0,0
BRDA:384,59,1,0
BRDA:385,60,0,0
BRDA:385,60,1,0
BRDA:386,61,0,0
BRDA:386,61,1,0
BRDA:390,62,0,0
BRDA:390,62,1,0
BRDA:391,63,0,0
BRDA:391,63,1,0
BRDA:392,64,0,0
BRDA:392,64,1,0
BRDA:403,65,0,0
BRDA:403,65,1,0
BRDA:405,66,0,0
BRDA:405,66,1,0
BRDA:405,67,0,0
BRDA:405,67,1,0
BRDA:408,68,0,0
BRDA:408,68,1,0
BRDA:413,69,0,0
BRDA:413,69,1,0
BRDA:440,70,0,0
BRDA:440,70,1,0
BRDA:442,71,0,0
BRDA:442,71,1,0
BRDA:442,72,0,0
BRDA:442,72,1,0
BRDA:442,73,0,0
BRDA:442,73,1,0
BRDA:444,74,0,0
BRDA:444,74,1,0
BRDA:445,75,0,0
BRDA:445,75,1,0
BRDA:459,76,0,0
BRDA:459,76,1,0
BRDA:459,77,0,0
BRDA:459,77,1,0
BRF:158
BRH:0
end_of_record
TN:
SF:src\services\aiCoach.js
FN:6,(anonymous_0)
FN:48,(anonymous_1)
FN:103,(anonymous_2)
FN:156,(anonymous_3)
FN:161,(anonymous_4)
FN:182,(anonymous_5)
FNF:6
FNH:0
FNDA:0,(anonymous_0)
FNDA:0,(anonymous_1)
FNDA:0,(anonymous_2)
FNDA:0,(anonymous_3)
FNDA:0,(anonymous_4)
FNDA:0,(anonymous_5)
DA:6,0
DA:8,0
DA:9,0
DA:12,0
DA:13,0
DA:22,0
DA:23,0
DA:34,0
DA:35,0
DA:36,0
DA:37,0
DA:38,0
DA:39,0
DA:42,0
DA:43,0
DA:44,0
DA:46,0
DA:47,0
DA:48,0
DA:50,0
DA:52,0
DA:65,0
DA:66,0
DA:67,0
DA:68,0
DA:71,0
DA:72,0
DA:77,0
DA:78,0
DA:88,0
DA:89,0
DA:99,0
DA:100,0
DA:101,0
DA:103,0
DA:106,0
DA:107,0
DA:108,0
DA:109,0
DA:110,0
DA:114,0
DA:115,0
DA:116,0
DA:117,0
DA:121,0
DA:124,0
DA:125,0
DA:135,0
DA:136,0
DA:146,0
DA:156,0
DA:158,0
DA:159,0
DA:161,0
DA:162,0
DA:163,0
DA:165,0
DA:166,0
DA:167,0
DA:168,0
DA:170,0
DA:171,0
DA:172,0
DA:177,0
DA:182,0
DA:184,0
DA:185,0
DA:186,0
DA:187,0
DA:190,0
DA:191,0
DA:192,0
DA:194,0
DA:196,0
DA:203,0
DA:219,0
DA:220,0
DA:221,0
DA:222,0
DA:225,0
LF:80
LH:0
BRDA:9,0,0,0
BRDA:9,0,1,0
BRDA:12,1,0,0
BRDA:12,1,1,0
BRDA:22,2,0,0
BRDA:22,2,1,0
BRDA:34,3,0,0
BRDA:34,3,1,0
BRDA:34,4,0,0
BRDA:34,4,1,0
BRDA:34,4,2,0
BRDA:46,5,0,0
BRDA:46,5,1,0
BRDA:46,6,0,0
BRDA:46,6,1,0
BRDA:50,7,0,0
BRDA:50,7,1,0
BRDA:54,8,0,0
BRDA:54,8,1,0
BRDA:56,9,0,0
BRDA:56,9,1,0
BRDA:65,10,0,0
BRDA:65,10,1,0
BRDA:66,11,0,0
BRDA:66,11,1,0
BRDA:68,12,0,0
BRDA:68,12,1,0
BRDA:72,13,0,0
BRDA:72,13,1,0
BRDA:77,14,0,0
BRDA:77,14,1,0
BRDA:80,15,0,0
BRDA:80,15,1,0
BRDA:88,16,0,0
BRDA:88,16,1,0
BRDA:91,17,0,0
BRDA:91,17,1,0
BRDA:91,18,0,0
BRDA:91,18,1,0
BRDA:99,19,0,0
BRDA:99,19,1,0
BRDA:100,20,0,0
BRDA:100,20,1,0
BRDA:101,21,0,0
BRDA:101,21,1,0
BRDA:107,22,0,0
BRDA:107,22,1,0
BRDA:108,23,0,0
BRDA:108,23,1,0
BRDA:109,24,0,0
BRDA:109,24,1,0
BRDA:110,25,0,0
BRDA:110,25,1,0
BRDA:115,26,0,0
BRDA:115,26,1,0
BRDA:124,27,0,0
BRDA:124,27,1,0
BRDA:135,28,0,0
BRDA:135,28,1,0
BRDA:165,29,0,0
BRDA:165,29,1,0
BRDA:166,30,0,0
BRDA:166,30,1,0
BRDA:167,31,0,0
BRDA:167,31,1,0
BRDA:168,32,0,0
BRDA:168,32,1,0
BRDA:171,33,0,0
BRDA:171,33,1,0
BRDA:172,34,0,0
BRDA:172,34,1,0
BRDA:185,35,0,0
BRDA:185,35,1,0
BRDA:186,36,0,0
BRDA:186,36,1,0
BRDA:187,37,0,0
BRDA:187,37,1,0
BRDA:191,38,0,0
BRDA:191,38,1,0
BRDA:194,39,0,0
BRDA:194,39,1,0
BRDA:194,40,0,0
BRDA:194,40,1,0
BRDA:219,41,0,0
BRDA:219,41,1,0
BRDA:219,42,0,0
BRDA:219,42,1,0
BRF:87
BRH:0
end_of_record
TN:
SF:src\services\aiService.js
FN:46,(anonymous_0)
FN:57,(anonymous_1)
FN:58,(anonymous_2)
FN:66,(anonymous_3)
FN:75,(anonymous_4)
FN:80,(anonymous_5)
FN:148,(anonymous_6)
FNF:7
FNH:5
FNDA:11,(anonymous_0)
FNDA:0,(anonymous_1)
FNDA:0,(anonymous_2)
FNDA:2,(anonymous_3)
FNDA:11,(anonymous_4)
FNDA:18,(anonymous_5)
FNDA:2,(anonymous_6)
DA:7,1
DA:14,1
DA:46,1
DA:48,11
DA:49,11
DA:50,11
DA:52,2
DA:53,2
DA:57,0
DA:58,0
DA:59,0
DA:66,1
DA:67,2
DA:68,2
DA:69,0
DA:71,2
DA:75,1
DA:76,11
DA:78,11
DA:79,11
DA:80,18
DA:83,11
DA:107,11
DA:114,11
DA:120,10
DA:122,10
DA:124,9
DA:125,9
DA:128,9
DA:129,2
DA:130,2
DA:134,2
DA:141,7
DA:148,1
DA:149,2
DA:150,2
DA:152,2
DA:153,2
DA:154,1
DA:155,1
DA:159,1
DA:162,1
DA:163,1
DA:164,1
DA:169,1
DA:173,0
DA:174,0
DA:177,0
LF:48
LH:41
BRDA:48,0,0,11
BRDA:48,0,1,0
BRDA:68,1,0,0
BRDA:68,1,1,2
BRDA:68,2,0,2
BRDA:68,2,1,2
BRDA:78,3,0,11
BRDA:78,3,1,2
BRDA:79,4,0,9
BRDA:79,4,1,2
BRDA:80,5,0,18
BRDA:80,5,1,0
BRDA:80,6,0,18
BRDA:80,6,1,0
BRDA:80,7,0,18
BRDA:80,7,1,0
BRDA:86,8,0,11
BRDA:86,8,1,1
BRDA:87,9,0,11
BRDA:87,9,1,1
BRDA:88,10,0,11
BRDA:88,10,1,1
BRDA:89,11,0,11
BRDA:89,11,1,1
BRDA:90,12,0,11
BRDA:90,12,1,1
BRDA:91,13,0,11
BRDA:91,13,1,1
BRDA:92,14,0,11
BRDA:92,14,1,1
BRDA:92,14,2,1
BRDA:93,15,0,11
BRDA:93,15,1,1
BRDA:93,16,0,11
BRDA:93,16,1,1
BRDA:122,17,0,1
BRDA:122,17,1,9
BRDA:128,18,0,2
BRDA:128,18,1,7
BRDA:135,19,0,2
BRDA:135,19,1,0
BRDA:142,20,0,7
BRDA:142,20,1,0
BRDA:153,21,0,1
BRDA:153,21,1,1
BRDA:156,22,0,1
BRDA:156,22,1,0
BRDA:159,23,0,1
BRDA:159,23,1,0
BRDA:162,24,0,1
BRDA:162,24,1,0
BRDA:165,25,0,1
BRDA:165,25,1,0
BRDA:165,26,0,0
BRDA:165,26,1,0
BRF:55
BRH:42
end_of_record
TN:
SF:src\services\badgeService.js
FN:10,(anonymous_0)
FN:16,(anonymous_1)
FN:19,(anonymous_2)
FNF:3
FNH:3
FNDA:18,(anonymous_0)
FNDA:2,(anonymous_1)
FNDA:216,(anonymous_2)
DA:10,1
DA:11,18
DA:15,18
DA:16,2
DA:19,18
DA:21,216
DA:24,214
DA:25,214
DA:27,31
DA:36,31
DA:39,0
DA:43,18
LF:12
LH:11
BRDA:16,0,0,18
BRDA:16,0,1,2
BRDA:16,1,0,1
BRDA:16,1,1,1
BRDA:21,2,0,2
BRDA:21,2,1,214
BRDA:25,3,0,31
BRDA:25,3,1,183
BRF:8
BRH:8
end_of_record
TN:
SF:src\services\challengeService.js
FN:21,(anonymous_0)
FN:109,(anonymous_1)
FN:123,(anonymous_2)
FN:137,(anonymous_3)
FN:145,(anonymous_4)
FN:155,(anonymous_5)
FN:174,(anonymous_6)
FN:197,(anonymous_7)
FN:222,(anonymous_8)
FN:231,(anonymous_9)
FN:240,(anonymous_10)
FN:244,(anonymous_11)
FN:249,(anonymous_12)
FN:251,(anonymous_13)
FN:267,(anonymous_14)
FN:268,(anonymous_15)
FN:292,(anonymous_16)
FN:306,(anonymous_17)
FNF:18
FNH:16
FNDA:6,(anonymous_0)
FNDA:3,(anonymous_1)
FNDA:4,(anonymous_2)
FNDA:4,(anonymous_3)
FNDA:4,(anonymous_4)
FNDA:1,(anonymous_5)
FNDA:2,(anonymous_6)
FNDA:2,(anonymous_7)
FNDA:12,(anonymous_8)
FNDA:20,(anonymous_9)
FNDA:7,(anonymous_10)
FNDA:2,(anonymous_11)
FNDA:0,(anonymous_12)
FNDA:0,(anonymous_13)
FNDA:8,(anonymous_14)
FNDA:6,(anonymous_15)
FNDA:1,(anonymous_16)
FNDA:4,(anonymous_17)
DA:21,1
DA:22,6
DA:23,6
DA:24,6
DA:25,6
DA:26,6
DA:28,6
DA:29,6
DA:31,6
DA:109,1
DA:110,3
DA:111,3
DA:112,3
DA:115,3
DA:116,3
DA:118,2
DA:119,1
DA:122,1
DA:123,1
DA:124,4
DA:126,1
DA:127,1
DA:129,1
DA:137,1
DA:138,4
DA:139,4
DA:140,4
DA:142,3
DA:143,3
DA:145,3
DA:146,4
DA:148,4
DA:149,4
DA:150,3
DA:155,3
DA:156,1
DA:157,0
DA:158,0
DA:159,0
DA:160,0
DA:163,3
DA:165,1
DA:166,1
DA:174,1
DA:175,2
DA:176,2
DA:177,2
DA:181,1
DA:182,1
DA:186,1
DA:188,1
DA:189,1
DA:197,1
DA:198,2
DA:199,2
DA:200,2
DA:204,1
DA:205,1
DA:209,1
DA:211,1
DA:212,1
DA:222,1
DA:223,12
DA:224,1
DA:227,11
DA:228,11
DA:231,11
DA:232,20
DA:233,20
DA:236,11
DA:238,11
DA:240,7
DA:241,6
DA:244,2
DA:245,1
DA:249,0
DA:250,0
DA:251,0
DA:252,0
DA:253,0
DA:257,0
DA:259,0
DA:264,3
DA:266,2
DA:267,8
DA:268,6
DA:270,2
DA:271,2
DA:273,2
DA:274,6
DA:275,6
DA:276,6
DA:278,6
DA:279,5
DA:280,5
DA:282,1
DA:286,2
DA:287,2
DA:292,1
DA:295,11
DA:306,1
DA:307,4
DA:308,2
DA:311,2
DA:313,2
DA:314,1
DA:323,1
DA:326,1
LF:108
LH:97
BRDA:118,0,0,1
BRDA:118,0,1,1
BRDA:148,1,0,4
BRDA:148,1,1,0
BRDA:149,2,0,3
BRDA:149,2,1,1
BRDA:156,3,0,1
BRDA:156,3,1,0
BRDA:156,4,0,1
BRDA:156,4,1,1
BRDA:157,5,0,0
BRDA:157,5,1,0
BRDA:157,6,0,0
BRDA:157,6,1,0
BRDA:158,7,0,0
BRDA:158,7,1,0
BRDA:159,8,0,0
BRDA:159,8,1,0
BRDA:222,9,0,0
BRDA:223,10,0,1
BRDA:223,10,1,11
BRDA:223,11,0,12
BRDA:223,11,1,11
BRDA:227,12,0,11
BRDA:227,12,1,0
BRDA:228,13,0,11
BRDA:228,13,1,0
BRDA:233,14,0,20
BRDA:233,14,1,19
BRDA:238,15,0,6
BRDA:238,15,1,1
BRDA:238,15,2,0
BRDA:238,15,3,3
BRDA:238,15,4,1
BRDA:240,16,0,7
BRDA:240,16,1,0
BRDA:244,17,0,2
BRDA:244,17,1,0
BRDA:249,18,0,0
BRDA:249,18,1,0
BRDA:250,19,0,0
BRDA:250,19,1,0
BRDA:252,20,0,0
BRDA:252,20,1,0
BRDA:253,21,0,0
BRDA:253,21,1,0
BRDA:253,22,0,0
BRDA:253,22,1,0
BRDA:257,23,0,0
BRDA:257,23,1,0
BRDA:264,24,0,1
BRDA:264,24,1,2
BRDA:278,25,0,5
BRDA:278,25,1,1
BRDA:292,26,0,1
BRDA:292,26,1,0
BRDA:297,27,0,11
BRDA:297,27,1,0
BRDA:306,28,0,0
BRDA:306,29,0,0
BRDA:307,30,0,2
BRDA:307,30,1,2
BRDA:307,31,0,4
BRDA:307,31,1,3
BRDA:313,32,0,1
BRDA:313,32,1,1
BRDA:316,33,0,1
BRDA:316,33,1,0
BRDA:317,34,0,1
BRDA:317,34,1,0
BRF:70
BRH:36
end_of_record
TN:
SF:src\services\clubService.js
FN:90,(anonymous_0)
FN:102,(anonymous_1)
FN:124,(anonymous_2)
FN:128,(anonymous_3)
FN:140,(anonymous_4)
FN:175,(anonymous_5)
FNF:6
FNH:6
FNDA:3,(anonymous_0)
FNDA:5,(anonymous_1)
FNDA:2,(anonymous_2)
FNDA:2,(anonymous_3)
FNDA:4,(anonymous_4)
FNDA:2,(anonymous_5)
DA:18,1
DA:90,1
DA:91,3
DA:92,3
DA:93,3
DA:94,3
DA:96,2
DA:97,1
DA:98,1
DA:101,1
DA:102,1
DA:103,5
DA:104,5
DA:111,1
DA:112,1
DA:113,1
DA:115,1
DA:116,1
DA:124,1
DA:125,2
DA:126,2
DA:127,2
DA:128,2
DA:130,1
DA:131,1
DA:140,1
DA:141,4
DA:142,4
DA:145,4
DA:146,3
DA:148,2
DA:150,2
DA:152,1
DA:155,1
DA:158,1
DA:162,1
DA:165,2
DA:166,2
DA:175,1
DA:176,2
DA:177,2
DA:178,2
DA:182,1
DA:184,1
DA:185,1
LF:45
LH:45
BRDA:96,0,0,1
BRDA:96,0,1,1
BRDA:146,1,0,1
BRDA:146,1,1,2
BRDA:150,2,0,1
BRDA:150,2,1,1
BRF:6
BRH:6
end_of_record
TN:
SF:src\services\contentService.js
FN:110,(anonymous_0)
FN:121,(anonymous_1)
FN:131,(anonymous_2)
FN:150,(anonymous_3)
FN:154,(anonymous_4)
FNF:5
FNH:5
FNDA:3,(anonymous_0)
FNDA:2,(anonymous_1)
FNDA:3,(anonymous_2)
FNDA:3,(anonymous_3)
FNDA:30,(anonymous_4)
DA:4,1
DA:7,1
DA:105,1
DA:111,3
DA:112,3
DA:113,3
DA:115,2
DA:116,1
DA:117,1
DA:118,1
DA:121,2
DA:123,1
DA:124,1
DA:132,3
DA:133,3
DA:135,3
DA:136,2
DA:137,1
DA:142,1
DA:151,3
DA:152,3
DA:154,3
DA:155,30
DA:156,30
DA:163,3
DA:164,2
DA:165,2
DA:167,1
DA:168,1
LF:29
LH:29
BRDA:115,0,0,1
BRDA:115,0,1,1
BRDA:136,1,0,1
BRDA:136,1,1,1
BRDA:138,2,0,1
BRDA:138,2,1,0
BRF:6
BRH:5
end_of_record
TN:
SF:src\services\notificationService.js
FN:2,(anonymous_0)
FNF:1
FNH:0
FNDA:0,(anonymous_0)
DA:2,0
DA:3,0
DA:4,0
DA:5,0
DA:8,0
DA:16,0
DA:17,0
DA:30,0
LF:8
LH:0
BRDA:2,0,0,0
BRDA:3,1,0,0
BRDA:3,1,1,0
BRF:3
BRH:0
end_of_record
TN:
SF:src\services\referralService.js
FN:13,(anonymous_0)
FN:20,(anonymous_1)
FN:41,(anonymous_2)
FN:45,(anonymous_3)
FNF:4
FNH:3
FNDA:156,(anonymous_0)
FNDA:6,(anonymous_1)
FNDA:4,(anonymous_2)
FNDA:0,(anonymous_3)
DA:13,1
DA:14,156
DA:15,156
DA:16,156
DA:20,1
DA:21,6
DA:23,3
DA:24,3
DA:25,3
DA:26,3
DA:28,2
DA:30,1
DA:31,1
DA:33,1
DA:35,1
DA:36,1
DA:41,1
DA:42,4
DA:44,2
DA:45,2
DA:46,0
DA:47,0
DA:49,0
DA:50,0
DA:51,0
DA:54,0
DA:55,0
DA:56,0
DA:57,0
DA:60,0
DA:61,0
DA:64,0
DA:72,0
DA:82,1
DA:83,1
DA:85,1
DA:86,1
LF:37
LH:24
BRDA:14,0,0,156
BRDA:14,0,1,2
BRDA:21,1,0,3
BRDA:21,1,1,3
BRDA:21,2,0,6
BRDA:21,2,1,4
BRDA:28,3,0,1
BRDA:28,3,1,1
BRDA:42,4,0,2
BRDA:42,4,1,2
BRDA:42,5,0,4
BRDA:42,5,1,3
BRDA:50,6,0,0
BRDA:50,6,1,0
BRDA:55,7,0,0
BRDA:55,7,1,0
BRDA:56,8,0,0
BRDA:56,8,1,0
BRDA:57,9,0,0
BRDA:57,9,1,0
BRDA:60,10,0,0
BRDA:60,10,1,0
BRF:22
BRH:12
end_of_record
TN:
SF:src\services\revenueCat.js
FN:21,(anonymous_0)
FN:36,(anonymous_1)
FN:47,(anonymous_2)
FN:63,(anonymous_3)
FN:76,(anonymous_4)
FNF:5
FNH:5
FNDA:2,(anonymous_0)
FNDA:3,(anonymous_1)
FNDA:4,(anonymous_2)
FNDA:3,(anonymous_3)
FNDA:3,(anonymous_4)
DA:5,1
DA:6,1
DA:7,1
DA:9,0
DA:13,1
DA:19,1
DA:21,1
DA:22,2
DA:23,2
DA:24,2
DA:25,0
DA:26,2
DA:27,2
DA:29,1
DA:30,1
DA:32,1
DA:36,1
DA:37,3
DA:38,3
DA:39,3
DA:40,2
DA:42,1
DA:43,1
DA:47,1
DA:48,4
DA:49,4
DA:50,4
DA:51,2
DA:52,1
DA:55,2
DA:56,1
DA:57,1
DA:60,2
DA:63,1
DA:64,3
DA:65,3
DA:66,3
DA:67,2
DA:68,1
DA:71,1
DA:73,2
DA:76,1
DA:77,3
DA:78,3
DA:79,3
DA:80,2
DA:81,1
DA:84,1
DA:86,2
LF:49
LH:47
BRDA:22,0,0,0
BRDA:22,0,1,2
BRDA:24,1,0,0
BRDA:24,1,1,2
BRDA:26,2,0,2
BRDA:26,2,1,0
BRDA:37,3,0,0
BRDA:37,3,1,3
BRDA:40,4,0,2
BRDA:40,4,1,1
BRDA:48,5,0,0
BRDA:48,5,1,4
BRDA:51,6,0,1
BRDA:51,6,1,1
BRDA:55,7,0,1
BRDA:55,7,1,1
BRDA:64,8,0,0
BRDA:64,8,1,3
BRDA:67,9,0,1
BRDA:67,9,1,1
BRDA:77,10,0,0
BRDA:77,10,1,3
BRDA:80,11,0,1
BRDA:80,11,1,1
BRF:24
BRH:17
end_of_record
TN:
SF:src\utils\countryFlags.js
FN:2,(anonymous_0)
FNF:1
FNH:0
FNDA:0,(anonymous_0)
DA:2,0
DA:3,0
DA:69,0
LF:3
LH:0
BRDA:69,0,0,0
BRDA:69,0,1,0
BRF:2
BRH:0
end_of_record
TN:
SF:src\utils\helpers.js
FN:3,(anonymous_0)
FN:9,(anonymous_1)
FN:30,(anonymous_2)
FN:45,(anonymous_3)
FN:50,(anonymous_4)
FNF:5
FNH:0
FNDA:0,(anonymous_0)
FNDA:0,(anonymous_1)
FNDA:0,(anonymous_2)
FNDA:0,(anonymous_3)
FNDA:0,(anonymous_4)
DA:3,0
DA:4,0
DA:6,0
DA:9,0
DA:10,0
DA:13,0
DA:14,0
DA:17,0
DA:21,0
DA:22,0
DA:25,0
DA:28,0
DA:31,0
DA:36,0
DA:45,0
DA:46,0
DA:47,0
DA:49,0
DA:50,0
DA:51,0
DA:54,0
LF:21
LH:0
BRDA:4,0,0,0
BRDA:4,0,1,0
BRDA:10,1,0,0
BRDA:10,1,1,0
BRDA:13,2,0,0
BRDA:13,2,1,0
BRDA:21,3,0,0
BRDA:21,3,1,0
BRDA:21,4,0,0
BRDA:21,4,1,0
BRDA:25,5,0,0
BRDA:25,5,1,0
BRDA:46,6,0,0
BRDA:46,6,1,0
BRDA:50,7,0,0
BRDA:50,7,1,0
BRF:16
BRH:0
end_of_record
TN:
SF:src\utils\units.js
FN:1,(anonymous_0)
FN:11,(anonymous_1)
FN:28,(anonymous_2)
FN:33,(anonymous_3)
FNF:4
FNH:0
FNDA:0,(anonymous_0)
FNDA:0,(anonymous_1)
FNDA:0,(anonymous_2)
FNDA:0,(anonymous_3)
DA:1,1
DA:2,0
DA:4,0
DA:5,0
DA:6,0
DA:8,0
DA:11,1
DA:12,0
DA:15,0
DA:16,0
DA:18,0
DA:20,0
DA:23,0
DA:24,0
DA:25,0
DA:28,1
DA:29,0
DA:33,1
DA:34,0
DA:35,0
DA:36,0
DA:38,0
LF:22
LH:4
BRDA:1,0,0,0
BRDA:1,1,0,0
BRDA:2,2,0,0
BRDA:2,2,1,0
BRDA:4,3,0,0
BRDA:4,3,1,0
BRDA:11,4,0,0
BRDA:12,5,0,0
BRDA:12,5,1,0
BRDA:12,6,0,0
BRDA:12,6,1,0
BRDA:18,7,0,0
BRDA:18,7,1,0
BRDA:25,8,0,0
BRDA:25,8,1,0
BRDA:28,9,0,0
BRDA:29,10,0,0
BRDA:29,10,1,0
BRDA:33,11,0,0
BRDA:34,12,0,0
BRDA:34,12,1,0
BRDA:35,13,0,0
BRDA:35,13,1,0
BRF:23
BRH:0
end_of_record
