TN:
SF:src\components\FloatingNavBar.js
FN:15,FloatingNavBar
FN:18,(anonymous_1)
FN:27,(anonymous_2)
FN:32,(anonymous_3)
FN:37,(anonymous_4)
FN:42,(anonymous_5)
FN:47,(anonymous_6)
FNF:7
FNH:0
FNDA:0,FloatingNavBar
FNDA:0,(anonymous_1)
FNDA:0,(anonymous_2)
FNDA:0,(anonymous_3)
FNDA:0,(anonymous_4)
FNDA:0,(anonymous_5)
FNDA:0,(anonymous_6)
DA:7,0
DA:9,0
DA:16,0
DA:18,0
DA:19,0
DA:20,0
DA:23,0
DA:27,0
DA:32,0
DA:37,0
DA:42,0
DA:47,0
DA:55,0
LF:13
LH:0
BRDA:19,0,0,0
BRDA:19,0,1,0
BRDA:28,1,0,0
BRDA:28,1,1,0
BRDA:28,2,0,0
BRDA:28,2,1,0
BRDA:33,3,0,0
BRDA:33,3,1,0
BRDA:33,4,0,0
BRDA:33,4,1,0
BRDA:38,5,0,0
BRDA:38,5,1,0
BRDA:38,6,0,0
BRDA:38,6,1,0
BRDA:43,7,0,0
BRDA:43,7,1,0
BRDA:43,8,0,0
BRDA:43,8,1,0
BRDA:48,9,0,0
BRDA:48,9,1,0
BRDA:48,10,0,0
BRDA:48,10,1,0
BRF:22
BRH:0
end_of_record
TN:
SF:src\components\NotificationBell.js
FN:7,NotificationBell
FNF:1
FNH:0
FNDA:0,NotificationBell
DA:8,0
DA:10,0
DA:26,0
LF:3
LH:0
BRDA:15,0,0,0
BRDA:15,0,1,0
BRDA:18,1,0,0
BRDA:18,1,1,0
BRF:4
BRH:0
end_of_record
TN:
SF:src\components\NotificationSheet.js
FN:19,(anonymous_0)
FN:43,NotificationSheet
FN:52,(anonymous_2)
FN:54,(anonymous_3)
FN:62,(anonymous_4)
FN:67,(anonymous_5)
FN:76,(anonymous_6)
FN:82,(anonymous_7)
FN:94,(anonymous_8)
FN:99,(anonymous_9)
FN:114,(anonymous_10)
FN:122,(anonymous_11)
FN:141,(anonymous_12)
FN:144,(anonymous_13)
FN:167,(anonymous_14)
FN:181,(anonymous_15)
FN:193,(anonymous_16)
FN:208,(anonymous_17)
FNF:18
FNH:0
FNDA:0,(anonymous_0)
FNDA:0,NotificationSheet
FNDA:0,(anonymous_2)
FNDA:0,(anonymous_3)
FNDA:0,(anonymous_4)
FNDA:0,(anonymous_5)
FNDA:0,(anonymous_6)
FNDA:0,(anonymous_7)
FNDA:0,(anonymous_8)
FNDA:0,(anonymous_9)
FNDA:0,(anonymous_10)
FNDA:0,(anonymous_11)
FNDA:0,(anonymous_12)
FNDA:0,(anonymous_13)
FNDA:0,(anonymous_14)
FNDA:0,(anonymous_15)
FNDA:0,(anonymous_16)
FNDA:0,(anonymous_17)
DA:8,0
DA:16,0
DA:19,0
DA:20,0
DA:21,0
DA:22,0
DA:24,0
DA:25,0
DA:26,0
DA:28,0
DA:29,0
DA:31,0
DA:32,0
DA:34,0
DA:35,0
DA:37,0
DA:38,0
DA:40,0
DA:44,0
DA:45,0
DA:48,0
DA:49,0
DA:50,0
DA:52,0
DA:53,0
DA:54,0
DA:55,0
DA:56,0
DA:62,0
DA:63,0
DA:64,0
DA:67,0
DA:68,0
DA:69,0
DA:70,0
DA:72,0
DA:76,0
DA:77,0
DA:78,0
DA:82,0
DA:83,0
DA:84,0
DA:90,0
DA:94,0
DA:95,0
DA:99,0
DA:100,0
DA:101,0
DA:102,0
DA:103,0
DA:104,0
DA:105,0
DA:106,0
DA:107,0
DA:108,0
DA:109,0
DA:110,0
DA:114,0
DA:115,0
DA:116,0
DA:118,0
DA:122,0
DA:141,0
DA:144,0
DA:154,0
DA:167,0
DA:181,0
DA:193,0
DA:208,0
DA:227,0
LF:70
LH:0
BRDA:20,0,0,0
BRDA:20,0,1,0
BRDA:22,1,0,0
BRDA:22,1,1,0
BRDA:31,2,0,0
BRDA:31,2,1,0
BRDA:32,3,0,0
BRDA:32,3,1,0
BRDA:34,4,0,0
BRDA:34,4,1,0
BRDA:37,5,0,0
BRDA:37,5,1,0
BRDA:53,6,0,0
BRDA:53,6,1,0
BRDA:56,7,0,0
BRDA:56,7,1,0
BRDA:56,7,2,0
BRDA:63,8,0,0
BRDA:63,8,1,0
BRDA:68,9,0,0
BRDA:68,9,1,0
BRDA:70,10,0,0
BRDA:70,10,1,0
BRDA:72,11,0,0
BRDA:72,11,1,0
BRDA:83,12,0,0
BRDA:83,12,1,0
BRDA:83,13,0,0
BRDA:83,13,1,0
BRDA:86,14,0,0
BRDA:86,14,1,0
BRDA:100,15,0,0
BRDA:100,15,1,0
BRDA:100,15,2,0
BRDA:100,15,3,0
BRDA:100,15,4,0
BRDA:100,15,5,0
BRDA:100,15,6,0
BRDA:100,15,7,0
BRDA:100,15,8,0
BRDA:100,15,9,0
BRDA:121,16,0,0
BRDA:121,16,1,0
BRDA:128,17,0,0
BRDA:128,17,1,0
BRDA:133,18,0,0
BRDA:133,18,1,0
BRDA:134,19,0,0
BRDA:134,19,1,0
BRDA:136,20,0,0
BRDA:136,20,1,0
BRDA:139,21,0,0
BRDA:139,21,1,0
BRDA:163,22,0,0
BRDA:163,22,1,0
BRDA:163,23,0,0
BRDA:163,23,1,0
BRDA:164,24,0,0
BRDA:164,24,1,0
BRDA:166,25,0,0
BRDA:166,25,1,0
BRDA:172,26,0,0
BRDA:172,26,1,0
BRDA:192,27,0,0
BRDA:192,27,1,0
BRDA:200,28,0,0
BRDA:200,28,1,0
BRDA:206,29,0,0
BRDA:206,29,1,0
BRF:69
BRH:0
end_of_record
TN:
SF:src\config\firebase.js
FNF:0
FNH:0
DA:9,0
DA:19,0
DA:22,0
DA:27,0
DA:30,0
LF:5
LH:0
BRF:0
BRH:0
end_of_record
TN:
SF:src\constants\badges.js
FN:11,(anonymous_0)
FN:20,(anonymous_1)
FN:29,(anonymous_2)
FN:38,(anonymous_3)
FN:49,(anonymous_4)
FN:62,(anonymous_5)
FN:77,(anonymous_6)
FN:86,(anonymous_7)
FN:89,(anonymous_8)
FN:116,(anonymous_9)
FN:117,(anonymous_10)
FN:130,(anonymous_11)
FN:136,(anonymous_12)
FN:142,(anonymous_13)
FN:143,(anonymous_14)
FN:157,(anonymous_15)
FN:158,(anonymous_16)
FN:172,(anonymous_17)
FN:174,(anonymous_18)
FN:180,(anonymous_19)
FNF:20
FNH:0
FNDA:0,(anonymous_0)
FNDA:0,(anonymous_1)
FNDA:0,(anonymous_2)
FNDA:0,(anonymous_3)
FNDA:0,(anonymous_4)
FNDA:0,(anonymous_5)
FNDA:0,(anonymous_6)
FNDA:0,(anonymous_7)
FNDA:0,(anonymous_8)
FNDA:0,(anonymous_9)
FNDA:0,(anonymous_10)
FNDA:0,(anonymous_11)
FNDA:0,(anonymous_12)
FNDA:0,(anonymous_13)
FNDA:0,(anonymous_14)
FNDA:0,(anonymous_15)
FNDA:0,(anonymous_16)
FNDA:0,(anonymous_17)
FNDA:0,(anonymous_18)
FNDA:0,(anonymous_19)
DA:2,0
DA:11,0
DA:20,0
DA:29,0
DA:38,0
DA:50,0
DA:51,0
DA:52,0
DA:63,0
DA:64,0
DA:65,0
DA:77,0
DA:88,0
DA:89,0
DA:91,0
DA:92,0
DA:93,0
DA:94,0
DA:95,0
DA:97,0
DA:98,0
DA:99,0
DA:100,0
DA:101,0
DA:104,0
DA:117,0
DA:118,0
DA:132,0
DA:133,0
DA:136,0
DA:137,0
DA:138,0
DA:139,0
DA:142,0
DA:143,0
DA:145,0
DA:158,0
DA:159,0
DA:160,0
DA:174,0
DA:175,0
DA:176,0
DA:177,0
DA:180,0
DA:181,0
DA:183,0
LF:46
LH:0
BRDA:97,0,0,0
BRDA:97,0,1,0
BRDA:99,1,0,0
BRDA:99,1,1,0
BRDA:100,2,0,0
BRDA:100,2,1,0
BRDA:117,3,0,0
BRDA:117,3,1,0
BRDA:117,4,0,0
BRDA:117,4,1,0
BRDA:145,5,0,0
BRDA:145,5,1,0
BRDA:158,6,0,0
BRDA:158,6,1,0
BRDA:159,7,0,0
BRDA:159,7,1,0
BRDA:160,8,0,0
BRDA:160,8,1,0
BRDA:175,9,0,0
BRDA:175,9,1,0
BRDA:175,10,0,0
BRDA:175,10,1,0
BRDA:183,11,0,0
BRDA:183,11,1,0
BRF:24
BRH:0
end_of_record
TN:
SF:src\constants\countries.js
FNF:0
FNH:0
DA:1,0
LF:1
LH:0
BRF:0
BRH:0
end_of_record
TN:
SF:src\constants\helpData.js
FNF:0
FNH:0
DA:1,0
LF:1
LH:0
BRF:0
BRH:0
end_of_record
TN:
SF:src\constants\legacy-theme.js
FNF:0
FNH:0
DA:1,0
DA:15,0
LF:2
LH:0
BRF:0
BRH:0
end_of_record
TN:
SF:src\constants\theme.js
FNF:0
FNH:0
DA:1,0
DA:15,0
LF:2
LH:0
BRF:0
BRH:0
end_of_record
TN:
SF:src\context\NotificationContext.js
FN:7,(anonymous_0)
FN:14,(anonymous_1)
FN:22,(anonymous_2)
FN:27,(anonymous_3)
FN:28,(anonymous_4)
FN:44,(anonymous_5)
FN:54,(anonymous_6)
FN:58,(anonymous_7)
FN:68,(anonymous_8)
FN:69,(anonymous_9)
FN:73,(anonymous_10)
FN:74,(anonymous_11)
FN:74,(anonymous_12)
FN:75,(anonymous_13)
FN:79,(anonymous_14)
FN:80,(anonymous_15)
FN:80,(anonymous_16)
FN:85,(anonymous_17)
FN:91,(anonymous_18)
FN:92,(anonymous_19)
FN:93,(anonymous_20)
FN:94,(anonymous_21)
FN:100,(anonymous_22)
FN:141,(anonymous_23)
FNF:24
FNH:0
FNDA:0,(anonymous_0)
FNDA:0,(anonymous_1)
FNDA:0,(anonymous_2)
FNDA:0,(anonymous_3)
FNDA:0,(anonymous_4)
FNDA:0,(anonymous_5)
FNDA:0,(anonymous_6)
FNDA:0,(anonymous_7)
FNDA:0,(anonymous_8)
FNDA:0,(anonymous_9)
FNDA:0,(anonymous_10)
FNDA:0,(anonymous_11)
FNDA:0,(anonymous_12)
FNDA:0,(anonymous_13)
FNDA:0,(anonymous_14)
FNDA:0,(anonymous_15)
FNDA:0,(anonymous_16)
FNDA:0,(anonymous_17)
FNDA:0,(anonymous_18)
FNDA:0,(anonymous_19)
FNDA:0,(anonymous_20)
FNDA:0,(anonymous_21)
FNDA:0,(anonymous_22)
FNDA:0,(anonymous_23)
DA:4,0
DA:6,0
DA:7,0
DA:14,0
DA:15,0
DA:16,0
DA:17,0
DA:19,0
DA:22,0
DA:23,0
DA:24,0
DA:27,0
DA:28,0
DA:29,0
DA:30,0
DA:31,0
DA:32,0
DA:33,0
DA:35,0
DA:36,0
DA:37,0
DA:41,0
DA:44,0
DA:45,0
DA:46,0
DA:54,0
DA:58,0
DA:59,0
DA:68,0
DA:69,0
DA:73,0
DA:74,0
DA:75,0
DA:79,0
DA:80,0
DA:81,0
DA:85,0
DA:86,0
DA:87,0
DA:91,0
DA:92,0
DA:93,0
DA:94,0
DA:95,0
DA:100,0
DA:102,0
DA:104,0
DA:105,0
DA:106,0
DA:109,0
DA:111,0
DA:118,0
DA:120,0
DA:121,0
DA:134,0
DA:136,0
DA:141,0
DA:142,0
DA:149,0
LF:59
LH:0
BRDA:16,0,0,0
BRDA:16,0,1,0
BRDA:31,1,0,0
BRDA:31,1,1,0
BRDA:35,2,0,0
BRDA:35,2,1,0
BRDA:47,3,0,0
BRDA:47,3,1,0
BRDA:48,4,0,0
BRDA:48,4,1,0
BRDA:49,5,0,0
BRDA:49,5,1,0
BRDA:50,6,0,0
BRDA:50,6,1,0
BRDA:58,7,0,0
BRDA:74,8,0,0
BRDA:74,8,1,0
BRDA:100,9,0,0
BRDA:104,10,0,0
BRDA:104,10,1,0
BRDA:109,11,0,0
BRDA:109,11,1,0
BRDA:109,12,0,0
BRDA:109,12,1,0
BRDA:118,13,0,0
BRDA:118,13,1,0
BRF:26
BRH:0
end_of_record
TN:
SF:src\context\ThemeContext.js
FN:5,(anonymous_0)
FN:7,(anonymous_1)
FN:10,(anonymous_2)
FN:10,(anonymous_3)
FNF:4
FNH:0
FNDA:0,(anonymous_0)
FNDA:0,(anonymous_1)
FNDA:0,(anonymous_2)
FNDA:0,(anonymous_3)
DA:3,0
DA:5,0
DA:7,0
DA:8,0
DA:10,0
DA:12,0
DA:25,0
LF:7
LH:0
BRDA:15,0,0,0
BRDA:15,0,1,0
BRDA:16,1,0,0
BRDA:16,1,1,0
BRDA:17,2,0,0
BRDA:17,2,1,0
BRDA:18,3,0,0
BRDA:18,3,1,0
BRDA:19,4,0,0
BRDA:19,4,1,0
BRDA:21,5,0,0
BRDA:21,5,1,0
BRF:12
BRH:0
end_of_record
TN:
SF:src\context\UserContext.js
FN:42,(anonymous_0)
FN:126,(anonymous_1)
FN:138,(anonymous_2)
FN:140,(anonymous_3)
FN:156,(anonymous_4)
FN:178,(anonymous_5)
FN:192,(anonymous_6)
FN:241,(anonymous_7)
FN:247,(anonymous_8)
FN:263,(anonymous_9)
FN:306,(anonymous_10)
FN:311,(anonymous_11)
FN:317,(anonymous_12)
FN:322,(anonymous_13)
FN:324,(anonymous_14)
FN:351,(anonymous_15)
FN:396,(anonymous_16)
FN:401,(anonymous_17)
FN:402,(anonymous_18)
FN:405,(anonymous_19)
FN:406,(anonymous_20)
FN:409,(anonymous_21)
FN:410,(anonymous_22)
FN:414,(anonymous_23)
FN:416,(anonymous_24)
FN:423,(anonymous_25)
FN:429,(anonymous_26)
FN:433,(anonymous_27)
FN:434,(anonymous_28)
FN:439,(anonymous_29)
FN:445,(anonymous_30)
FN:483,(anonymous_31)
FN:484,(anonymous_32)
FN:484,(anonymous_33)
FN:487,(anonymous_34)
FN:554,(anonymous_35)
FN:563,(anonymous_36)
FN:583,(anonymous_37)
FN:585,(anonymous_38)
FN:594,(anonymous_39)
FN:595,(anonymous_40)
FN:602,(anonymous_41)
FN:602,(anonymous_42)
FN:607,(anonymous_43)
FN:621,(anonymous_44)
FN:634,(anonymous_45)
FN:652,(anonymous_46)
FN:657,(anonymous_47)
FN:712,(anonymous_48)
FN:766,(anonymous_49)
FN:797,(anonymous_50)
FN:820,(anonymous_51)
FN:821,(anonymous_52)
FN:822,(anonymous_53)
FN:823,(anonymous_54)
FN:824,(anonymous_55)
FN:826,(anonymous_56)
FN:856,(anonymous_57)
FN:862,(anonymous_58)
FN:875,(anonymous_59)
FN:891,(anonymous_60)
FN:896,(anonymous_61)
FN:930,(anonymous_62)
FN:936,(anonymous_63)
FN:942,(anonymous_64)
FN:951,(anonymous_65)
FN:954,(anonymous_66)
FN:962,(anonymous_67)
FN:966,(anonymous_68)
FNF:69
FNH:0
FNDA:0,(anonymous_0)
FNDA:0,(anonymous_1)
FNDA:0,(anonymous_2)
FNDA:0,(anonymous_3)
FNDA:0,(anonymous_4)
FNDA:0,(anonymous_5)
FNDA:0,(anonymous_6)
FNDA:0,(anonymous_7)
FNDA:0,(anonymous_8)
FNDA:0,(anonymous_9)
FNDA:0,(anonymous_10)
FNDA:0,(anonymous_11)
FNDA:0,(anonymous_12)
FNDA:0,(anonymous_13)
FNDA:0,(anonymous_14)
FNDA:0,(anonymous_15)
FNDA:0,(anonymous_16)
FNDA:0,(anonymous_17)
FNDA:0,(anonymous_18)
FNDA:0,(anonymous_19)
FNDA:0,(anonymous_20)
FNDA:0,(anonymous_21)
FNDA:0,(anonymous_22)
FNDA:0,(anonymous_23)
FNDA:0,(anonymous_24)
FNDA:0,(anonymous_25)
FNDA:0,(anonymous_26)
FNDA:0,(anonymous_27)
FNDA:0,(anonymous_28)
FNDA:0,(anonymous_29)
FNDA:0,(anonymous_30)
FNDA:0,(anonymous_31)
FNDA:0,(anonymous_32)
FNDA:0,(anonymous_33)
FNDA:0,(anonymous_34)
FNDA:0,(anonymous_35)
FNDA:0,(anonymous_36)
FNDA:0,(anonymous_37)
FNDA:0,(anonymous_38)
FNDA:0,(anonymous_39)
FNDA:0,(anonymous_40)
FNDA:0,(anonymous_41)
FNDA:0,(anonymous_42)
FNDA:0,(anonymous_43)
FNDA:0,(anonymous_44)
FNDA:0,(anonymous_45)
FNDA:0,(anonymous_46)
FNDA:0,(anonymous_47)
FNDA:0,(anonymous_48)
FNDA:0,(anonymous_49)
FNDA:0,(anonymous_50)
FNDA:0,(anonymous_51)
FNDA:0,(anonymous_52)
FNDA:0,(anonymous_53)
FNDA:0,(anonymous_54)
FNDA:0,(anonymous_55)
FNDA:0,(anonymous_56)
FNDA:0,(anonymous_57)
FNDA:0,(anonymous_58)
FNDA:0,(anonymous_59)
FNDA:0,(anonymous_60)
FNDA:0,(anonymous_61)
FNDA:0,(anonymous_62)
FNDA:0,(anonymous_63)
FNDA:0,(anonymous_64)
FNDA:0,(anonymous_65)
FNDA:0,(anonymous_66)
FNDA:0,(anonymous_67)
FNDA:0,(anonymous_68)
DA:40,0
DA:42,0
DA:45,0
DA:55,0
DA:69,0
DA:126,0
DA:127,0
DA:129,0
DA:130,0
DA:131,0
DA:132,0
DA:133,0
DA:134,0
DA:135,0
DA:138,0
DA:139,0
DA:140,0
DA:141,0
DA:142,0
DA:143,0
DA:144,0
DA:146,0
DA:147,0
DA:149,0
DA:150,0
DA:152,0
DA:156,0
DA:157,0
DA:158,0
DA:159,0
DA:161,0
DA:162,0
DA:165,0
DA:166,0
DA:167,0
DA:168,0
DA:171,0
DA:172,0
DA:175,0
DA:178,0
DA:179,0
DA:180,0
DA:184,0
DA:187,0
DA:192,0
DA:195,0
DA:196,0
DA:204,0
DA:205,0
DA:206,0
DA:207,0
DA:208,0
DA:209,0
DA:211,0
DA:213,0
DA:219,0
DA:220,0
DA:221,0
DA:222,0
DA:224,0
DA:225,0
DA:228,0
DA:229,0
DA:232,0
DA:241,0
DA:242,0
DA:243,0
DA:244,0
DA:246,0
DA:247,0
DA:253,0
DA:255,0
DA:256,0
DA:263,0
DA:264,0
DA:265,0
DA:266,0
DA:269,0
DA:270,0
DA:271,0
DA:273,0
DA:276,0
DA:277,0
DA:278,0
DA:279,0
DA:281,0
DA:285,0
DA:295,0
DA:296,0
DA:297,0
DA:299,0
DA:300,0
DA:302,0
DA:306,0
DA:307,0
DA:308,0
DA:311,0
DA:313,0
DA:314,0
DA:317,0
DA:318,0
DA:319,0
DA:322,0
DA:324,0
DA:325,0
DA:326,0
DA:329,0
DA:330,0
DA:331,0
DA:332,0
DA:335,0
DA:336,0
DA:338,0
DA:342,0
DA:343,0
DA:345,0
DA:348,0
DA:349,0
DA:351,0
DA:352,0
DA:353,0
DA:355,0
DA:356,0
DA:358,0
DA:359,0
DA:362,0
DA:363,0
DA:364,0
DA:369,0
DA:372,0
DA:377,0
DA:378,0
DA:381,0
DA:382,0
DA:385,0
DA:386,0
DA:390,0
DA:396,0
DA:397,0
DA:398,0
DA:399,0
DA:401,0
DA:402,0
DA:403,0
DA:405,0
DA:406,0
DA:407,0
DA:409,0
DA:410,0
DA:411,0
DA:414,0
DA:415,0
DA:416,0
DA:417,0
DA:418,0
DA:419,0
DA:420,0
DA:421,0
DA:422,0
DA:423,0
DA:425,0
DA:429,0
DA:430,0
DA:431,0
DA:433,0
DA:434,0
DA:435,0
DA:439,0
DA:440,0
DA:441,0
DA:442,0
DA:445,0
DA:446,0
DA:449,0
DA:451,0
DA:452,0
DA:454,0
DA:456,0
DA:457,0
DA:458,0
DA:461,0
DA:464,0
DA:465,0
DA:466,0
DA:469,0
DA:470,0
DA:471,0
DA:474,0
DA:475,0
DA:478,0
DA:483,0
DA:484,0
DA:487,0
DA:488,0
DA:489,0
DA:490,0
DA:491,0
DA:494,0
DA:496,0
DA:497,0
DA:498,0
DA:502,0
DA:503,0
DA:504,0
DA:505,0
DA:508,0
DA:511,0
DA:512,0
DA:513,0
DA:517,0
DA:518,0
DA:522,0
DA:525,0
DA:528,0
DA:533,0
DA:537,0
DA:538,0
DA:542,0
DA:544,0
DA:545,0
DA:554,0
DA:559,0
DA:563,0
DA:564,0
DA:566,0
DA:567,0
DA:570,0
DA:575,0
DA:579,0
DA:580,0
DA:583,0
DA:585,0
DA:588,0
DA:594,0
DA:595,0
DA:596,0
DA:597,0
DA:599,0
DA:601,0
DA:602,0
DA:603,0
DA:607,0
DA:608,0
DA:610,0
DA:618,0
DA:621,0
DA:624,0
DA:625,0
DA:628,0
DA:629,0
DA:634,0
DA:635,0
DA:636,0
DA:643,0
DA:644,0
DA:646,0
DA:647,0
DA:652,0
DA:653,0
DA:654,0
DA:656,0
DA:657,0
DA:658,0
DA:659,0
DA:660,0
DA:663,0
DA:664,0
DA:665,0
DA:667,0
DA:669,0
DA:673,0
DA:676,0
DA:680,0
DA:685,0
DA:686,0
DA:687,0
DA:688,0
DA:691,0
DA:693,0
DA:694,0
DA:704,0
DA:706,0
DA:707,0
DA:712,0
DA:713,0
DA:715,0
DA:717,0
DA:718,0
DA:728,0
DA:729,0
DA:735,0
DA:736,0
DA:737,0
DA:738,0
DA:739,0
DA:740,0
DA:741,0
DA:744,0
DA:746,0
DA:747,0
DA:758,0
DA:760,0
DA:761,0
DA:766,0
DA:767,0
DA:769,0
DA:770,0
DA:783,0
DA:786,0
DA:787,0
DA:789,0
DA:792,0
DA:797,0
DA:798,0
DA:800,0
DA:801,0
DA:802,0
DA:804,0
DA:805,0
DA:807,0
DA:812,0
DA:815,0
DA:820,0
DA:821,0
DA:822,0
DA:823,0
DA:824,0
DA:826,0
DA:827,0
DA:829,0
DA:831,0
DA:834,0
DA:842,0
DA:845,0
DA:846,0
DA:847,0
DA:849,0
DA:851,0
DA:856,0
DA:862,0
DA:863,0
DA:875,0
DA:883,0
DA:886,0
DA:887,0
DA:891,0
DA:896,0
DA:904,0
DA:905,0
DA:906,0
DA:910,0
DA:911,0
DA:924,0
DA:926,0
DA:930,0
DA:931,0
DA:932,0
DA:933,0
DA:934,0
DA:935,0
DA:936,0
DA:938,0
DA:942,0
DA:943,0
DA:944,0
DA:945,0
DA:947,0
DA:951,0
DA:954,0
DA:958,0
DA:962,0
DA:963,0
DA:964,0
DA:965,0
DA:966,0
DA:967,0
DA:968,0
DA:970,0
DA:971,0
DA:975,0
LF:380
LH:0
BRDA:141,0,0,0
BRDA:141,0,1,0
BRDA:143,1,0,0
BRDA:143,1,1,0
BRDA:161,2,0,0
BRDA:161,2,1,0
BRDA:162,3,0,0
BRDA:162,3,1,0
BRDA:165,4,0,0
BRDA:165,4,1,0
BRDA:166,5,0,0
BRDA:166,5,1,0
BRDA:178,6,0,0
BRDA:178,6,1,0
BRDA:195,7,0,0
BRDA:195,7,1,0
BRDA:204,8,0,0
BRDA:204,8,1,0
BRDA:207,9,0,0
BRDA:207,9,1,0
BRDA:211,10,0,0
BRDA:211,10,1,0
BRDA:220,11,0,0
BRDA:220,11,1,0
BRDA:241,12,0,0
BRDA:269,13,0,0
BRDA:269,13,1,0
BRDA:276,14,0,0
BRDA:276,14,1,0
BRDA:278,15,0,0
BRDA:278,15,1,0
BRDA:325,16,0,0
BRDA:325,16,1,0
BRDA:329,17,0,0
BRDA:329,17,1,0
BRDA:335,18,0,0
BRDA:335,18,1,0
BRDA:336,19,0,0
BRDA:336,19,1,0
BRDA:338,20,0,0
BRDA:338,20,1,0
BRDA:338,21,0,0
BRDA:338,21,1,0
BRDA:355,22,0,0
BRDA:355,22,1,0
BRDA:356,23,0,0
BRDA:356,23,1,0
BRDA:362,24,0,0
BRDA:362,24,1,0
BRDA:369,25,0,0
BRDA:369,25,1,0
BRDA:369,26,0,0
BRDA:369,26,1,0
BRDA:373,27,0,0
BRDA:373,27,1,0
BRDA:374,28,0,0
BRDA:374,28,1,0
BRDA:377,29,0,0
BRDA:377,29,1,0
BRDA:378,30,0,0
BRDA:378,30,1,0
BRDA:378,30,2,0
BRDA:397,31,0,0
BRDA:397,31,1,0
BRDA:397,32,0,0
BRDA:397,32,1,0
BRDA:398,33,0,0
BRDA:398,33,1,0
BRDA:402,34,0,0
BRDA:402,34,1,0
BRDA:406,35,0,0
BRDA:406,35,1,0
BRDA:410,36,0,0
BRDA:410,36,1,0
BRDA:410,37,0,0
BRDA:410,37,1,0
BRDA:414,38,0,0
BRDA:417,39,0,0
BRDA:417,39,1,0
BRDA:418,40,0,0
BRDA:418,40,1,0
BRDA:419,41,0,0
BRDA:419,41,1,0
BRDA:421,42,0,0
BRDA:421,42,1,0
BRDA:430,43,0,0
BRDA:430,43,1,0
BRDA:434,44,0,0
BRDA:434,44,1,0
BRDA:440,45,0,0
BRDA:440,45,1,0
BRDA:446,46,0,0
BRDA:446,46,1,0
BRDA:446,47,0,0
BRDA:446,47,1,0
BRDA:449,48,0,0
BRDA:449,48,1,0
BRDA:451,49,0,0
BRDA:451,49,1,0
BRDA:452,50,0,0
BRDA:452,50,1,0
BRDA:454,51,0,0
BRDA:454,51,1,0
BRDA:454,51,2,0
BRDA:454,51,3,0
BRDA:454,51,4,0
BRDA:454,51,5,0
BRDA:456,52,0,0
BRDA:456,52,1,0
BRDA:457,53,0,0
BRDA:457,53,1,0
BRDA:464,54,0,0
BRDA:464,54,1,0
BRDA:465,55,0,0
BRDA:465,55,1,0
BRDA:469,56,0,0
BRDA:469,56,1,0
BRDA:470,57,0,0
BRDA:470,57,1,0
BRDA:474,58,0,0
BRDA:474,58,1,0
BRDA:483,59,0,0
BRDA:483,59,1,0
BRDA:484,60,0,0
BRDA:484,60,1,0
BRDA:488,61,0,0
BRDA:488,61,1,0
BRDA:488,62,0,0
BRDA:488,62,1,0
BRDA:489,63,0,0
BRDA:489,63,1,0
BRDA:496,64,0,0
BRDA:496,64,1,0
BRDA:503,65,0,0
BRDA:503,65,1,0
BRDA:511,66,0,0
BRDA:511,66,1,0
BRDA:517,67,0,0
BRDA:517,67,1,0
BRDA:544,68,0,0
BRDA:544,68,1,0
BRDA:544,69,0,0
BRDA:544,69,1,0
BRDA:556,70,0,0
BRDA:556,70,1,0
BRDA:564,71,0,0
BRDA:564,71,1,0
BRDA:564,72,0,0
BRDA:564,72,1,0
BRDA:585,73,0,0
BRDA:585,73,1,0
BRDA:596,74,0,0
BRDA:596,74,1,0
BRDA:612,75,0,0
BRDA:612,75,1,0
BRDA:624,76,0,0
BRDA:624,76,1,0
BRDA:653,77,0,0
BRDA:653,77,1,0
BRDA:659,78,0,0
BRDA:659,78,1,0
BRDA:664,79,0,0
BRDA:664,79,1,0
BRDA:667,80,0,0
BRDA:667,80,1,0
BRDA:685,81,0,0
BRDA:685,81,1,0
BRDA:685,82,0,0
BRDA:685,82,1,0
BRDA:687,83,0,0
BRDA:687,83,1,0
BRDA:693,84,0,0
BRDA:693,84,1,0
BRDA:693,85,0,0
BRDA:693,85,1,0
BRDA:713,86,0,0
BRDA:713,86,1,0
BRDA:713,87,0,0
BRDA:713,87,1,0
BRDA:736,88,0,0
BRDA:736,88,1,0
BRDA:738,89,0,0
BRDA:738,89,1,0
BRDA:740,90,0,0
BRDA:740,90,1,0
BRDA:746,91,0,0
BRDA:746,91,1,0
BRDA:746,92,0,0
BRDA:746,92,1,0
BRDA:767,93,0,0
BRDA:767,93,1,0
BRDA:767,94,0,0
BRDA:767,94,1,0
BRDA:772,95,0,0
BRDA:772,95,1,0
BRDA:774,96,0,0
BRDA:774,96,1,0
BRDA:775,97,0,0
BRDA:775,97,1,0
BRDA:776,98,0,0
BRDA:776,98,1,0
BRDA:777,99,0,0
BRDA:777,99,1,0
BRDA:778,100,0,0
BRDA:778,100,1,0
BRDA:786,101,0,0
BRDA:786,101,1,0
BRDA:798,102,0,0
BRDA:798,102,1,0
BRDA:798,103,0,0
BRDA:798,103,1,0
BRDA:798,103,2,0
BRDA:804,104,0,0
BRDA:804,104,1,0
BRDA:808,105,0,0
BRDA:808,105,1,0
BRDA:809,106,0,0
BRDA:809,106,1,0
BRDA:812,107,0,0
BRDA:812,107,1,0
BRDA:826,108,0,0
BRDA:827,109,0,0
BRDA:827,109,1,0
BRDA:837,110,0,0
BRDA:837,110,1,0
BRDA:838,111,0,0
BRDA:838,111,1,0
BRDA:845,112,0,0
BRDA:845,112,1,0
BRDA:846,113,0,0
BRDA:846,113,1,0
BRDA:849,114,0,0
BRDA:849,114,1,0
BRDA:858,115,0,0
BRDA:858,115,1,0
BRDA:877,116,0,0
BRDA:877,116,1,0
BRDA:878,117,0,0
BRDA:878,117,1,0
BRDA:878,118,0,0
BRDA:878,118,1,0
BRDA:879,119,0,0
BRDA:879,119,1,0
BRDA:879,120,0,0
BRDA:879,120,1,0
BRDA:904,121,0,0
BRDA:904,121,1,0
BRDA:931,122,0,0
BRDA:931,122,1,0
BRDA:933,123,0,0
BRDA:933,123,1,0
BRDA:934,124,0,0
BRDA:934,124,1,0
BRDA:943,125,0,0
BRDA:943,125,1,0
BRDA:948,126,0,0
BRDA:948,126,1,0
BRDA:953,127,0,0
BRDA:953,127,1,0
BRDA:954,128,0,0
BRDA:954,128,1,0
BRDA:955,129,0,0
BRDA:955,129,1,0
BRDA:963,130,0,0
BRDA:963,130,1,0
BRF:265
BRH:0
end_of_record
TN:
SF:src\hooks\useAnalytics.js
FN:5,(anonymous_0)
FN:13,(anonymous_1)
FN:21,(anonymous_2)
FN:24,(anonymous_3)
FN:27,(anonymous_4)
FN:28,(anonymous_5)
FN:31,(anonymous_6)
FN:32,(anonymous_7)
FN:34,(anonymous_8)
FN:35,(anonymous_9)
FN:40,(anonymous_10)
FN:43,(anonymous_11)
FN:44,(anonymous_12)
FN:46,(anonymous_13)
FN:57,(anonymous_14)
FN:70,(anonymous_15)
FN:88,(anonymous_16)
FN:100,(anonymous_17)
FN:121,(anonymous_18)
FN:135,(anonymous_19)
FN:159,(anonymous_20)
FN:172,(anonymous_21)
FN:173,(anonymous_22)
FN:175,(anonymous_23)
FN:180,(anonymous_24)
FN:181,(anonymous_25)
FN:184,(anonymous_26)
FN:184,(anonymous_27)
FN:190,(anonymous_28)
FN:190,(anonymous_29)
FN:192,(anonymous_30)
FN:198,(anonymous_31)
FN:198,(anonymous_32)
FNF:33
FNH:0
FNDA:0,(anonymous_0)
FNDA:0,(anonymous_1)
FNDA:0,(anonymous_2)
FNDA:0,(anonymous_3)
FNDA:0,(anonymous_4)
FNDA:0,(anonymous_5)
FNDA:0,(anonymous_6)
FNDA:0,(anonymous_7)
FNDA:0,(anonymous_8)
FNDA:0,(anonymous_9)
FNDA:0,(anonymous_10)
FNDA:0,(anonymous_11)
FNDA:0,(anonymous_12)
FNDA:0,(anonymous_13)
FNDA:0,(anonymous_14)
FNDA:0,(anonymous_15)
FNDA:0,(anonymous_16)
FNDA:0,(anonymous_17)
FNDA:0,(anonymous_18)
FNDA:0,(anonymous_19)
FNDA:0,(anonymous_20)
FNDA:0,(anonymous_21)
FNDA:0,(anonymous_22)
FNDA:0,(anonymous_23)
FNDA:0,(anonymous_24)
FNDA:0,(anonymous_25)
FNDA:0,(anonymous_26)
FNDA:0,(anonymous_27)
FNDA:0,(anonymous_28)
FNDA:0,(anonymous_29)
FNDA:0,(anonymous_30)
FNDA:0,(anonymous_31)
FNDA:0,(anonymous_32)
DA:5,0
DA:6,0
DA:7,0
DA:8,0
DA:9,0
DA:13,0
DA:14,0
DA:15,0
DA:16,0
DA:17,0
DA:18,0
DA:21,0
DA:22,0
DA:24,0
DA:25,0
DA:27,0
DA:28,0
DA:31,0
DA:32,0
DA:33,0
DA:34,0
DA:35,0
DA:40,0
DA:41,0
DA:42,0
DA:43,0
DA:44,0
DA:45,0
DA:46,0
DA:48,0
DA:49,0
DA:50,0
DA:56,0
DA:57,0
DA:58,0
DA:59,0
DA:60,0
DA:62,0
DA:63,0
DA:67,0
DA:68,0
DA:70,0
DA:71,0
DA:72,0
DA:73,0
DA:74,0
DA:76,0
DA:86,0
DA:87,0
DA:88,0
DA:89,0
DA:90,0
DA:91,0
DA:92,0
DA:93,0
DA:94,0
DA:95,0
DA:96,0
DA:99,0
DA:100,0
DA:104,0
DA:105,0
DA:107,0
DA:108,0
DA:109,0
DA:110,0
DA:111,0
DA:112,0
DA:117,0
DA:118,0
DA:119,0
DA:121,0
DA:122,0
DA:123,0
DA:124,0
DA:125,0
DA:126,0
DA:127,0
DA:128,0
DA:131,0
DA:134,0
DA:135,0
DA:136,0
DA:137,0
DA:138,0
DA:140,0
DA:142,0
DA:143,0
DA:144,0
DA:145,0
DA:149,0
DA:159,0
DA:160,0
DA:161,0
DA:167,0
DA:168,0
DA:169,0
DA:170,0
DA:172,0
DA:173,0
DA:175,0
DA:176,0
DA:177,0
DA:180,0
DA:181,0
DA:182,0
DA:184,0
DA:185,0
DA:188,0
DA:189,0
DA:190,0
DA:192,0
DA:193,0
DA:194,0
DA:195,0
DA:197,0
DA:198,0
DA:201,0
DA:232,0
LF:119
LH:0
BRDA:8,0,0,0
BRDA:8,0,1,0
BRDA:14,1,0,0
BRDA:14,1,1,0
BRDA:16,2,0,0
BRDA:16,2,1,0
BRDA:17,3,0,0
BRDA:17,3,1,0
BRDA:21,4,0,0
BRDA:21,5,0,0
BRDA:22,6,0,0
BRDA:22,6,1,0
BRDA:25,7,0,0
BRDA:25,7,1,0
BRDA:27,8,0,0
BRDA:27,8,1,0
BRDA:34,9,0,0
BRDA:34,9,1,0
BRDA:35,10,0,0
BRDA:35,10,1,0
BRDA:42,11,0,0
BRDA:42,11,1,0
BRDA:45,12,0,0
BRDA:45,12,1,0
BRDA:48,13,0,0
BRDA:48,13,1,0
BRDA:48,14,0,0
BRDA:48,14,1,0
BRDA:59,15,0,0
BRDA:59,15,1,0
BRDA:63,16,0,0
BRDA:63,16,1,0
BRDA:68,17,0,0
BRDA:68,17,1,0
BRDA:74,18,0,0
BRDA:74,18,1,0
BRDA:86,19,0,0
BRDA:86,19,1,0
BRDA:90,20,0,0
BRDA:90,20,1,0
BRDA:92,21,0,0
BRDA:92,21,1,0
BRDA:93,22,0,0
BRDA:93,22,1,0
BRDA:94,23,0,0
BRDA:94,23,1,0
BRDA:95,24,0,0
BRDA:95,24,1,0
BRDA:104,25,0,0
BRDA:104,25,1,0
BRDA:107,26,0,0
BRDA:107,26,1,0
BRDA:109,27,0,0
BRDA:109,27,1,0
BRDA:111,28,0,0
BRDA:111,28,1,0
BRDA:127,29,0,0
BRDA:127,29,1,0
BRDA:140,30,0,0
BRDA:140,30,1,0
BRDA:142,31,0,0
BRDA:142,31,1,0
BRDA:142,32,0,0
BRDA:142,32,1,0
BRDA:142,32,2,0
BRDA:143,33,0,0
BRDA:143,33,1,0
BRDA:143,34,0,0
BRDA:143,34,1,0
BRDA:143,34,2,0
BRDA:144,35,0,0
BRDA:144,35,1,0
BRDA:144,36,0,0
BRDA:144,36,1,0
BRDA:144,36,2,0
BRDA:145,37,0,0
BRDA:145,37,1,0
BRDA:145,38,0,0
BRDA:145,38,1,0
BRDA:145,38,2,0
BRDA:150,39,0,0
BRDA:150,39,1,0
BRDA:151,40,0,0
BRDA:151,40,1,0
BRDA:152,41,0,0
BRDA:152,41,1,0
BRDA:153,42,0,0
BRDA:153,42,1,0
BRDA:173,43,0,0
BRDA:173,43,1,0
BRDA:176,44,0,0
BRDA:176,44,1,0
BRDA:176,45,0,0
BRDA:176,45,1,0
BRDA:180,46,0,0
BRDA:180,46,1,0
BRDA:181,47,0,0
BRDA:181,47,1,0
BRDA:184,48,0,0
BRDA:184,48,1,0
BRDA:184,49,0,0
BRDA:184,49,1,0
BRDA:192,50,0,0
BRDA:192,50,1,0
BRDA:195,51,0,0
BRDA:195,51,1,0
BRDA:195,52,0,0
BRDA:195,52,1,0
BRDA:197,53,0,0
BRDA:197,53,1,0
BRDA:198,54,0,0
BRDA:198,54,1,0
BRDA:218,55,0,0
BRDA:218,55,1,0
BRDA:219,56,0,0
BRDA:219,56,1,0
BRDA:220,57,0,0
BRDA:220,57,1,0
BRDA:221,58,0,0
BRDA:221,58,1,0
BRDA:222,59,0,0
BRDA:222,59,1,0
BRDA:223,60,0,0
BRDA:223,60,1,0
BRF:124
BRH:0
end_of_record
TN:
SF:src\screens\AICoachScreen.js
FN:38,AICoachScreen
FN:48,(anonymous_1)
FN:58,(anonymous_2)
FN:59,(anonymous_3)
FN:74,(anonymous_4)
FN:84,(anonymous_5)
FN:88,(anonymous_6)
FN:98,(anonymous_7)
FN:110,(anonymous_8)
FN:134,(anonymous_9)
FN:139,(anonymous_10)
FN:146,(anonymous_11)
FN:157,(anonymous_12)
FN:190,(anonymous_13)
FN:197,(anonymous_14)
FN:211,(anonymous_15)
FN:228,(anonymous_16)
FN:228,(anonymous_17)
FN:240,(anonymous_18)
FN:252,(anonymous_19)
FN:254,(anonymous_20)
FN:277,(anonymous_21)
FN:280,(anonymous_22)
FN:289,(anonymous_23)
FN:303,(anonymous_24)
FN:305,(anonymous_25)
FNF:26
FNH:0
FNDA:0,AICoachScreen
FNDA:0,(anonymous_1)
FNDA:0,(anonymous_2)
FNDA:0,(anonymous_3)
FNDA:0,(anonymous_4)
FNDA:0,(anonymous_5)
FNDA:0,(anonymous_6)
FNDA:0,(anonymous_7)
FNDA:0,(anonymous_8)
FNDA:0,(anonymous_9)
FNDA:0,(anonymous_10)
FNDA:0,(anonymous_11)
FNDA:0,(anonymous_12)
FNDA:0,(anonymous_13)
FNDA:0,(anonymous_14)
FNDA:0,(anonymous_15)
FNDA:0,(anonymous_16)
FNDA:0,(anonymous_17)
FNDA:0,(anonymous_18)
FNDA:0,(anonymous_19)
FNDA:0,(anonymous_20)
FNDA:0,(anonymous_21)
FNDA:0,(anonymous_22)
FNDA:0,(anonymous_23)
FNDA:0,(anonymous_24)
FNDA:0,(anonymous_25)
DA:24,0
DA:26,0
DA:39,0
DA:40,0
DA:41,0
DA:42,0
DA:43,0
DA:45,0
DA:48,0
DA:49,0
DA:52,0
DA:58,0
DA:59,0
DA:60,0
DA:61,0
DA:64,0
DA:65,0
DA:67,0
DA:69,0
DA:70,0
DA:72,0
DA:76,0
DA:77,0
DA:80,0
DA:84,0
DA:88,0
DA:89,0
DA:90,0
DA:91,0
DA:93,0
DA:98,0
DA:100,0
DA:103,0
DA:104,0
DA:105,0
DA:110,0
DA:113,0
DA:117,0
DA:118,0
DA:119,0
DA:120,0
DA:123,0
DA:124,0
DA:125,0
DA:126,0
DA:128,0
DA:130,0
DA:134,0
DA:135,0
DA:136,0
DA:143,0
DA:144,0
DA:145,0
DA:146,0
DA:147,0
DA:149,0
DA:150,0
DA:151,0
DA:157,0
DA:158,0
DA:159,0
DA:182,0
DA:190,0
DA:191,0
DA:192,0
DA:197,0
DA:200,0
DA:202,0
DA:205,0
DA:211,0
DA:228,0
DA:240,0
DA:252,0
DA:254,0
DA:278,0
DA:280,0
DA:289,0
DA:303,0
DA:305,0
DA:317,0
LF:80
LH:0
BRDA:49,0,0,0
BRDA:49,0,1,0
BRDA:60,1,0,0
BRDA:60,1,1,0
BRDA:64,2,0,0
BRDA:64,2,1,0
BRDA:69,3,0,0
BRDA:69,3,1,0
BRDA:76,4,0,0
BRDA:76,4,1,0
BRDA:89,5,0,0
BRDA:89,5,1,0
BRDA:98,6,0,0
BRDA:100,7,0,0
BRDA:100,7,1,0
BRDA:104,8,0,0
BRDA:104,8,1,0
BRDA:104,9,0,0
BRDA:104,9,1,0
BRDA:135,10,0,0
BRDA:135,10,1,0
BRDA:160,11,0,0
BRDA:160,11,1,0
BRDA:161,12,0,0
BRDA:161,12,1,0
BRDA:170,13,0,0
BRDA:170,13,1,0
BRDA:172,14,0,0
BRDA:172,14,1,0
BRDA:191,15,0,0
BRDA:191,15,1,0
BRDA:191,16,0,0
BRDA:191,16,1,0
BRDA:223,17,0,0
BRDA:223,17,1,0
BRDA:234,18,0,0
BRDA:234,18,1,0
BRDA:255,19,0,0
BRDA:255,19,1,0
BRDA:279,20,0,0
BRDA:279,20,1,0
BRDA:279,20,2,0
BRDA:283,21,0,0
BRDA:283,21,1,0
BRDA:283,21,2,0
BRDA:286,22,0,0
BRDA:286,22,1,0
BRDA:286,22,2,0
BRDA:294,23,0,0
BRDA:294,23,1,0
BRDA:401,24,0,0
BRDA:401,24,1,0
BRF:52
BRH:0
end_of_record
TN:
SF:src\screens\AchievementsScreen.js
FN:11,AchievementsScreen
FN:21,(anonymous_1)
FN:41,(anonymous_2)
FN:44,(anonymous_3)
FNF:4
FNH:0
FNDA:0,AchievementsScreen
FNDA:0,(anonymous_1)
FNDA:0,(anonymous_2)
FNDA:0,(anonymous_3)
DA:8,0
DA:9,0
DA:13,0
DA:16,0
DA:18,0
DA:21,0
DA:44,0
DA:45,0
DA:46,0
DA:47,0
DA:50,0
DA:83,0
LF:12
LH:0
BRDA:16,0,0,0
BRDA:16,0,1,0
BRDA:45,1,0,0
BRDA:45,1,1,0
BRDA:45,2,0,0
BRDA:45,2,1,0
BRDA:45,2,2,0
BRDA:46,3,0,0
BRDA:46,3,1,0
BRDA:46,4,0,0
BRDA:46,4,1,0
BRDA:46,4,2,0
BRDA:55,5,0,0
BRDA:55,5,1,0
BRDA:56,6,0,0
BRDA:56,6,1,0
BRDA:57,7,0,0
BRDA:57,7,1,0
BRDA:58,8,0,0
BRDA:58,8,1,0
BRDA:62,9,0,0
BRDA:62,9,1,0
BRDA:64,10,0,0
BRDA:64,10,1,0
BRDA:68,11,0,0
BRDA:68,11,1,0
BRF:26
BRH:0
end_of_record
TN:
SF:src\screens\ActiveRunScreen.js
FN:42,(anonymous_0)
FN:48,(anonymous_1)
FN:56,ActiveRunScreen
FN:95,(anonymous_3)
FN:96,(anonymous_4)
FN:97,(anonymous_5)
FN:104,(anonymous_6)
FN:112,(anonymous_7)
FN:120,(anonymous_8)
FN:126,(anonymous_9)
FN:132,(anonymous_10)
FN:133,(anonymous_11)
FN:141,(anonymous_12)
FN:161,(anonymous_13)
FN:164,(anonymous_14)
FN:167,(anonymous_15)
FN:170,(anonymous_16)
FN:177,(anonymous_17)
FN:181,(anonymous_18)
FN:189,(anonymous_19)
FN:194,(anonymous_20)
FN:219,(anonymous_21)
FN:230,(anonymous_22)
FN:236,(anonymous_23)
FN:244,(anonymous_24)
FN:250,(anonymous_25)
FN:257,(anonymous_26)
FN:268,(anonymous_27)
FN:271,(anonymous_28)
FN:272,(anonymous_29)
FN:274,(anonymous_30)
FN:277,(anonymous_31)
FN:284,(anonymous_32)
FN:285,(anonymous_33)
FN:288,(anonymous_34)
FN:291,(anonymous_35)
FN:296,(anonymous_36)
FN:297,(anonymous_37)
FN:302,(anonymous_38)
FN:306,(anonymous_39)
FN:333,(anonymous_40)
FN:340,(anonymous_41)
FN:378,(anonymous_42)
FN:382,(anonymous_43)
FN:383,(anonymous_44)
FN:385,(anonymous_45)
FN:387,(anonymous_46)
FN:388,(anonymous_47)
FN:389,(anonymous_48)
FN:390,(anonymous_49)
FN:434,(anonymous_50)
FNF:51
FNH:0
FNDA:0,(anonymous_0)
FNDA:0,(anonymous_1)
FNDA:0,ActiveRunScreen
FNDA:0,(anonymous_3)
FNDA:0,(anonymous_4)
FNDA:0,(anonymous_5)
FNDA:0,(anonymous_6)
FNDA:0,(anonymous_7)
FNDA:0,(anonymous_8)
FNDA:0,(anonymous_9)
FNDA:0,(anonymous_10)
FNDA:0,(anonymous_11)
FNDA:0,(anonymous_12)
FNDA:0,(anonymous_13)
FNDA:0,(anonymous_14)
FNDA:0,(anonymous_15)
FNDA:0,(anonymous_16)
FNDA:0,(anonymous_17)
FNDA:0,(anonymous_18)
FNDA:0,(anonymous_19)
FNDA:0,(anonymous_20)
FNDA:0,(anonymous_21)
FNDA:0,(anonymous_22)
FNDA:0,(anonymous_23)
FNDA:0,(anonymous_24)
FNDA:0,(anonymous_25)
FNDA:0,(anonymous_26)
FNDA:0,(anonymous_27)
FNDA:0,(anonymous_28)
FNDA:0,(anonymous_29)
FNDA:0,(anonymous_30)
FNDA:0,(anonymous_31)
FNDA:0,(anonymous_32)
FNDA:0,(anonymous_33)
FNDA:0,(anonymous_34)
FNDA:0,(anonymous_35)
FNDA:0,(anonymous_36)
FNDA:0,(anonymous_37)
FNDA:0,(anonymous_38)
FNDA:0,(anonymous_39)
FNDA:0,(anonymous_40)
FNDA:0,(anonymous_41)
FNDA:0,(anonymous_42)
FNDA:0,(anonymous_43)
FNDA:0,(anonymous_44)
FNDA:0,(anonymous_45)
FNDA:0,(anonymous_46)
FNDA:0,(anonymous_47)
FNDA:0,(anonymous_48)
FNDA:0,(anonymous_49)
FNDA:0,(anonymous_50)
DA:13,0
DA:16,0
DA:17,0
DA:19,0
DA:27,0
DA:40,0
DA:42,0
DA:43,0
DA:44,0
DA:45,0
DA:48,0
DA:49,0
DA:50,0
DA:51,0
DA:52,0
DA:53,0
DA:58,0
DA:59,0
DA:61,0
DA:62,0
DA:63,0
DA:65,0
DA:66,0
DA:67,0
DA:68,0
DA:69,0
DA:70,0
DA:71,0
DA:72,0
DA:73,0
DA:74,0
DA:75,0
DA:76,0
DA:77,0
DA:78,0
DA:79,0
DA:80,0
DA:81,0
DA:83,0
DA:84,0
DA:85,0
DA:87,0
DA:88,0
DA:89,0
DA:91,0
DA:93,0
DA:95,0
DA:96,0
DA:98,0
DA:99,0
DA:104,0
DA:105,0
DA:109,0
DA:112,0
DA:113,0
DA:117,0
DA:120,0
DA:121,0
DA:122,0
DA:123,0
DA:126,0
DA:127,0
DA:128,0
DA:132,0
DA:133,0
DA:134,0
DA:135,0
DA:136,0
DA:137,0
DA:138,0
DA:141,0
DA:143,0
DA:146,0
DA:147,0
DA:148,0
DA:154,0
DA:155,0
DA:156,0
DA:158,0
DA:161,0
DA:164,0
DA:165,0
DA:168,0
DA:169,0
DA:170,0
DA:171,0
DA:172,0
DA:173,0
DA:176,0
DA:177,0
DA:180,0
DA:181,0
DA:184,0
DA:188,0
DA:189,0
DA:190,0
DA:191,0
DA:193,0
DA:194,0
DA:195,0
DA:196,0
DA:198,0
DA:201,0
DA:203,0
DA:207,0
DA:208,0
DA:210,0
DA:211,0
DA:216,0
DA:219,0
DA:220,0
DA:221,0
DA:222,0
DA:223,0
DA:225,0
DA:226,0
DA:227,0
DA:230,0
DA:231,0
DA:232,0
DA:236,0
DA:237,0
DA:238,0
DA:239,0
DA:240,0
DA:244,0
DA:245,0
DA:246,0
DA:247,0
DA:250,0
DA:251,0
DA:252,0
DA:253,0
DA:254,0
DA:257,0
DA:258,0
DA:259,0
DA:260,0
DA:261,0
DA:264,0
DA:268,0
DA:269,0
DA:270,0
DA:271,0
DA:272,0
DA:273,0
DA:274,0
DA:275,0
DA:276,0
DA:277,0
DA:278,0
DA:279,0
DA:281,0
DA:284,0
DA:285,0
DA:288,0
DA:291,0
DA:292,0
DA:293,0
DA:296,0
DA:297,0
DA:298,0
DA:302,0
DA:303,0
DA:306,0
DA:307,0
DA:308,0
DA:311,0
DA:329,0
DA:332,0
DA:333,0
DA:335,0
DA:340,0
DA:341,0
DA:342,0
DA:343,0
DA:346,0
DA:378,0
DA:382,0
DA:383,0
DA:385,0
DA:387,0
DA:388,0
DA:389,0
DA:390,0
DA:434,0
DA:501,0
LF:187
LH:0
BRDA:59,0,0,0
BRDA:59,0,1,0
BRDA:63,1,0,0
BRDA:63,1,1,0
BRDA:71,2,0,0
BRDA:71,2,1,0
BRDA:98,3,0,0
BRDA:98,3,1,0
BRDA:99,4,0,0
BRDA:99,4,1,0
BRDA:122,5,0,0
BRDA:122,5,1,0
BRDA:127,6,0,0
BRDA:127,6,1,0
BRDA:127,7,0,0
BRDA:127,7,1,0
BRDA:135,8,0,0
BRDA:135,8,1,0
BRDA:137,9,0,0
BRDA:137,9,1,0
BRDA:161,10,0,0
BRDA:161,10,1,0
BRDA:169,11,0,0
BRDA:169,11,1,0
BRDA:172,12,0,0
BRDA:172,12,1,0
BRDA:176,13,0,0
BRDA:176,13,1,0
BRDA:188,14,0,0
BRDA:188,14,1,0
BRDA:190,15,0,0
BRDA:190,15,1,0
BRDA:193,16,0,0
BRDA:193,16,1,0
BRDA:196,17,0,0
BRDA:196,17,1,0
BRDA:210,18,0,0
BRDA:210,18,1,0
BRDA:210,19,0,0
BRDA:210,19,1,0
BRDA:220,20,0,0
BRDA:220,20,1,0
BRDA:220,21,0,0
BRDA:220,21,1,0
BRDA:225,22,0,0
BRDA:225,22,1,0
BRDA:231,23,0,0
BRDA:231,23,1,0
BRDA:237,24,0,0
BRDA:237,24,1,0
BRDA:237,25,0,0
BRDA:237,25,1,0
BRDA:237,25,2,0
BRDA:240,26,0,0
BRDA:240,26,1,0
BRDA:247,27,0,0
BRDA:247,27,1,0
BRDA:259,28,0,0
BRDA:259,28,1,0
BRDA:270,29,0,0
BRDA:270,29,1,0
BRDA:273,30,0,0
BRDA:273,30,1,0
BRDA:273,31,0,0
BRDA:273,31,1,0
BRDA:275,32,0,0
BRDA:275,32,1,0
BRDA:276,33,0,0
BRDA:276,33,1,0
BRDA:285,34,0,0
BRDA:285,34,1,0
BRDA:293,35,0,0
BRDA:293,35,1,0
BRDA:298,36,0,0
BRDA:298,36,1,0
BRDA:308,37,0,0
BRDA:308,37,1,0
BRDA:320,38,0,0
BRDA:320,38,1,0
BRDA:321,39,0,0
BRDA:321,39,1,0
BRDA:322,40,0,0
BRDA:322,40,1,0
BRDA:323,41,0,0
BRDA:323,41,1,0
BRDA:332,42,0,0
BRDA:332,42,1,0
BRDA:332,43,0,0
BRDA:332,43,1,0
BRDA:333,44,0,0
BRDA:333,44,1,0
BRDA:333,45,0,0
BRDA:333,45,1,0
BRDA:333,45,2,0
BRDA:341,46,0,0
BRDA:341,46,1,0
BRDA:341,47,0,0
BRDA:341,47,1,0
BRDA:342,48,0,0
BRDA:342,48,1,0
BRDA:342,49,0,0
BRDA:342,49,1,0
BRDA:350,50,0,0
BRDA:350,50,1,0
BRDA:352,51,0,0
BRDA:352,51,1,0
BRDA:353,52,0,0
BRDA:353,52,1,0
BRDA:353,53,0,0
BRDA:353,53,1,0
BRDA:353,54,0,0
BRDA:353,54,1,0
BRDA:355,55,0,0
BRDA:355,55,1,0
BRDA:362,56,0,0
BRDA:362,56,1,0
BRDA:363,57,0,0
BRDA:363,57,1,0
BRDA:363,58,0,0
BRDA:363,58,1,0
BRDA:363,59,0,0
BRDA:363,59,1,0
BRDA:366,60,0,0
BRDA:366,60,1,0
BRDA:366,61,0,0
BRDA:366,61,1,0
BRDA:367,62,0,0
BRDA:367,62,1,0
BRDA:369,63,0,0
BRDA:369,63,1,0
BRDA:375,64,0,0
BRDA:375,64,1,0
BRDA:378,65,0,0
BRDA:378,65,1,0
BRDA:378,66,0,0
BRDA:378,66,1,0
BRDA:387,67,0,0
BRDA:387,67,1,0
BRDA:387,67,2,0
BRDA:387,68,0,0
BRDA:387,68,1,0
BRDA:387,69,0,0
BRDA:387,69,1,0
BRDA:388,70,0,0
BRDA:388,70,1,0
BRDA:388,70,2,0
BRDA:389,71,0,0
BRDA:389,71,1,0
BRDA:389,72,0,0
BRDA:389,72,1,0
BRDA:390,73,0,0
BRDA:390,73,1,0
BRDA:390,74,0,0
BRDA:390,74,1,0
BRDA:413,75,0,0
BRDA:413,75,1,0
BRDA:418,76,0,0
BRDA:418,76,1,0
BRDA:435,77,0,0
BRDA:435,77,1,0
BRDA:444,78,0,0
BRDA:444,78,1,0
BRDA:444,79,0,0
BRDA:444,79,1,0
BRDA:445,80,0,0
BRDA:445,80,1,0
BRDA:445,81,0,0
BRDA:445,81,1,0
BRDA:474,82,0,0
BRDA:474,82,1,0
BRDA:475,83,0,0
BRDA:475,83,1,0
BRDA:475,84,0,0
BRDA:475,84,1,0
BRDA:476,85,0,0
BRDA:476,85,1,0
BRDA:476,86,0,0
BRDA:476,86,1,0
BRF:178
BRH:0
end_of_record
TN:
SF:src\screens\ChatScreen.js
FN:17,ChatScreen
FN:28,(anonymous_1)
FN:34,(anonymous_2)
FN:36,(anonymous_3)
FN:40,(anonymous_4)
FN:47,(anonymous_5)
FN:51,(anonymous_6)
FN:65,(anonymous_7)
FN:77,(anonymous_8)
FN:87,(anonymous_9)
FN:91,(anonymous_10)
FN:99,(anonymous_11)
FN:104,(anonymous_12)
FN:127,(anonymous_13)
FN:137,(anonymous_14)
FN:145,(anonymous_15)
FN:176,(anonymous_16)
FN:177,(anonymous_17)
FN:179,(anonymous_18)
FN:183,(anonymous_19)
FNF:20
FNH:0
FNDA:0,ChatScreen
FNDA:0,(anonymous_1)
FNDA:0,(anonymous_2)
FNDA:0,(anonymous_3)
FNDA:0,(anonymous_4)
FNDA:0,(anonymous_5)
FNDA:0,(anonymous_6)
FNDA:0,(anonymous_7)
FNDA:0,(anonymous_8)
FNDA:0,(anonymous_9)
FNDA:0,(anonymous_10)
FNDA:0,(anonymous_11)
FNDA:0,(anonymous_12)
FNDA:0,(anonymous_13)
FNDA:0,(anonymous_14)
FNDA:0,(anonymous_15)
FNDA:0,(anonymous_16)
FNDA:0,(anonymous_17)
FNDA:0,(anonymous_18)
FNDA:0,(anonymous_19)
DA:9,0
DA:19,0
DA:21,0
DA:22,0
DA:23,0
DA:24,0
DA:28,0
DA:31,0
DA:34,0
DA:35,0
DA:36,0
DA:40,0
DA:41,0
DA:43,0
DA:44,0
DA:47,0
DA:48,0
DA:52,0
DA:53,0
DA:54,0
DA:58,0
DA:59,0
DA:66,0
DA:67,0
DA:68,0
DA:72,0
DA:73,0
DA:78,0
DA:79,0
DA:80,0
DA:87,0
DA:88,0
DA:89,0
DA:91,0
DA:92,0
DA:93,0
DA:94,0
DA:96,0
DA:97,0
DA:99,0
DA:104,0
DA:105,0
DA:106,0
DA:122,0
DA:127,0
DA:137,0
DA:145,0
DA:176,0
DA:177,0
DA:179,0
DA:183,0
DA:195,0
LF:52
LH:0
BRDA:19,0,0,0
BRDA:19,0,1,0
BRDA:28,1,0,0
BRDA:28,1,1,0
BRDA:28,2,0,0
BRDA:28,2,1,0
BRDA:31,3,0,0
BRDA:31,3,1,0
BRDA:31,4,0,0
BRDA:31,4,1,0
BRDA:35,5,0,0
BRDA:35,5,1,0
BRDA:41,6,0,0
BRDA:41,6,1,0
BRDA:53,7,0,0
BRDA:53,7,1,0
BRDA:58,8,0,0
BRDA:58,8,1,0
BRDA:58,9,0,0
BRDA:58,9,1,0
BRDA:67,10,0,0
BRDA:67,10,1,0
BRDA:72,11,0,0
BRDA:72,11,1,0
BRDA:72,12,0,0
BRDA:72,12,1,0
BRDA:79,13,0,0
BRDA:79,13,1,0
BRDA:89,14,0,0
BRDA:89,14,1,0
BRDA:96,15,0,0
BRDA:96,15,1,0
BRDA:107,16,0,0
BRDA:107,16,1,0
BRDA:108,17,0,0
BRDA:108,17,1,0
BRDA:108,18,0,0
BRDA:108,18,1,0
BRDA:109,19,0,0
BRDA:109,19,1,0
BRDA:110,20,0,0
BRDA:110,20,1,0
BRDA:113,21,0,0
BRDA:113,21,1,0
BRDA:114,22,0,0
BRDA:114,22,1,0
BRDA:131,23,0,0
BRDA:131,23,1,0
BRDA:158,24,0,0
BRDA:158,24,1,0
BRF:50
BRH:0
end_of_record
TN:
SF:src\screens\ClubDetailScreen.js
FN:20,(anonymous_0)
FN:35,(anonymous_1)
FN:38,ClubDetailScreen
FN:71,(anonymous_3)
FN:80,(anonymous_4)
FN:81,(anonymous_5)
FN:111,(anonymous_6)
FN:115,(anonymous_7)
FN:129,(anonymous_8)
FN:131,(anonymous_9)
FN:134,(anonymous_10)
FN:134,(anonymous_11)
FN:137,(anonymous_12)
FN:137,(anonymous_13)
FN:138,(anonymous_14)
FN:138,(anonymous_15)
FN:140,(anonymous_16)
FN:140,(anonymous_17)
FN:141,(anonymous_18)
FN:141,(anonymous_19)
FN:141,(anonymous_20)
FN:141,(anonymous_21)
FN:141,(anonymous_22)
FN:143,(anonymous_23)
FN:143,(anonymous_24)
FN:143,(anonymous_25)
FN:144,(anonymous_26)
FN:144,(anonymous_27)
FN:144,(anonymous_28)
FN:144,(anonymous_29)
FN:145,(anonymous_30)
FN:145,(anonymous_31)
FN:145,(anonymous_32)
FN:145,(anonymous_33)
FN:145,(anonymous_34)
FN:146,(anonymous_35)
FN:147,(anonymous_36)
FN:147,(anonymous_37)
FN:147,(anonymous_38)
FN:147,(anonymous_39)
FN:149,(anonymous_40)
FN:152,(anonymous_41)
FN:157,(anonymous_42)
FN:164,(anonymous_43)
FN:166,(anonymous_44)
FN:171,(anonymous_45)
FN:173,(anonymous_46)
FN:178,(anonymous_47)
FN:180,(anonymous_48)
FN:185,(anonymous_49)
FN:187,(anonymous_50)
FN:194,(anonymous_51)
FN:199,(anonymous_52)
FN:225,(anonymous_53)
FN:228,(anonymous_54)
FN:232,(anonymous_55)
FN:233,(anonymous_56)
FN:233,(anonymous_57)
FN:233,(anonymous_58)
FN:234,(anonymous_59)
FN:235,(anonymous_60)
FN:238,(anonymous_61)
FN:241,(anonymous_62)
FN:242,(anonymous_63)
FN:243,(anonymous_64)
FN:249,(anonymous_65)
FN:251,(anonymous_66)
FN:265,(anonymous_67)
FN:272,(anonymous_68)
FN:273,(anonymous_69)
FN:279,(anonymous_70)
FN:289,(anonymous_71)
FN:291,(anonymous_72)
FN:300,(anonymous_73)
FN:309,(anonymous_74)
FN:309,(anonymous_75)
FN:320,(anonymous_76)
FN:332,(anonymous_77)
FN:354,(anonymous_78)
FN:358,(anonymous_79)
FN:362,(anonymous_80)
FN:367,(anonymous_81)
FN:370,(anonymous_82)
FN:373,(anonymous_83)
FN:376,(anonymous_84)
FN:402,(anonymous_85)
FN:406,(anonymous_86)
FN:416,(anonymous_87)
FN:416,(anonymous_88)
FN:417,(anonymous_89)
FN:417,(anonymous_90)
FN:417,(anonymous_91)
FN:421,(anonymous_92)
FN:422,(anonymous_93)
FN:427,(anonymous_94)
FN:437,(anonymous_95)
FN:440,(anonymous_96)
FN:441,(anonymous_97)
FN:457,(anonymous_98)
FN:457,(anonymous_99)
FN:457,(anonymous_100)
FN:457,(anonymous_101)
FN:457,(anonymous_102)
FN:457,(anonymous_103)
FN:460,(anonymous_104)
FN:460,(anonymous_105)
FN:460,(anonymous_106)
FN:460,(anonymous_107)
FN:460,(anonymous_108)
FN:463,(anonymous_109)
FN:464,(anonymous_110)
FN:466,(anonymous_111)
FN:469,(anonymous_112)
FN:469,(anonymous_113)
FN:475,(anonymous_114)
FN:476,(anonymous_115)
FN:483,(anonymous_116)
FN:489,(anonymous_117)
FN:490,(anonymous_118)
FN:496,(anonymous_119)
FN:502,(anonymous_120)
FN:505,(anonymous_121)
FN:506,(anonymous_122)
FN:506,(anonymous_123)
FN:506,(anonymous_124)
FNF:125
FNH:0
FNDA:0,(anonymous_0)
FNDA:0,(anonymous_1)
FNDA:0,ClubDetailScreen
FNDA:0,(anonymous_3)
FNDA:0,(anonymous_4)
FNDA:0,(anonymous_5)
FNDA:0,(anonymous_6)
FNDA:0,(anonymous_7)
FNDA:0,(anonymous_8)
FNDA:0,(anonymous_9)
FNDA:0,(anonymous_10)
FNDA:0,(anonymous_11)
FNDA:0,(anonymous_12)
FNDA:0,(anonymous_13)
FNDA:0,(anonymous_14)
FNDA:0,(anonymous_15)
FNDA:0,(anonymous_16)
FNDA:0,(anonymous_17)
FNDA:0,(anonymous_18)
FNDA:0,(anonymous_19)
FNDA:0,(anonymous_20)
FNDA:0,(anonymous_21)
FNDA:0,(anonymous_22)
FNDA:0,(anonymous_23)
FNDA:0,(anonymous_24)
FNDA:0,(anonymous_25)
FNDA:0,(anonymous_26)
FNDA:0,(anonymous_27)
FNDA:0,(anonymous_28)
FNDA:0,(anonymous_29)
FNDA:0,(anonymous_30)
FNDA:0,(anonymous_31)
FNDA:0,(anonymous_32)
FNDA:0,(anonymous_33)
FNDA:0,(anonymous_34)
FNDA:0,(anonymous_35)
FNDA:0,(anonymous_36)
FNDA:0,(anonymous_37)
FNDA:0,(anonymous_38)
FNDA:0,(anonymous_39)
FNDA:0,(anonymous_40)
FNDA:0,(anonymous_41)
FNDA:0,(anonymous_42)
FNDA:0,(anonymous_43)
FNDA:0,(anonymous_44)
FNDA:0,(anonymous_45)
FNDA:0,(anonymous_46)
FNDA:0,(anonymous_47)
FNDA:0,(anonymous_48)
FNDA:0,(anonymous_49)
FNDA:0,(anonymous_50)
FNDA:0,(anonymous_51)
FNDA:0,(anonymous_52)
FNDA:0,(anonymous_53)
FNDA:0,(anonymous_54)
FNDA:0,(anonymous_55)
FNDA:0,(anonymous_56)
FNDA:0,(anonymous_57)
FNDA:0,(anonymous_58)
FNDA:0,(anonymous_59)
FNDA:0,(anonymous_60)
FNDA:0,(anonymous_61)
FNDA:0,(anonymous_62)
FNDA:0,(anonymous_63)
FNDA:0,(anonymous_64)
FNDA:0,(anonymous_65)
FNDA:0,(anonymous_66)
FNDA:0,(anonymous_67)
FNDA:0,(anonymous_68)
FNDA:0,(anonymous_69)
FNDA:0,(anonymous_70)
FNDA:0,(anonymous_71)
FNDA:0,(anonymous_72)
FNDA:0,(anonymous_73)
FNDA:0,(anonymous_74)
FNDA:0,(anonymous_75)
FNDA:0,(anonymous_76)
FNDA:0,(anonymous_77)
FNDA:0,(anonymous_78)
FNDA:0,(anonymous_79)
FNDA:0,(anonymous_80)
FNDA:0,(anonymous_81)
FNDA:0,(anonymous_82)
FNDA:0,(anonymous_83)
FNDA:0,(anonymous_84)
FNDA:0,(anonymous_85)
FNDA:0,(anonymous_86)
FNDA:0,(anonymous_87)
FNDA:0,(anonymous_88)
FNDA:0,(anonymous_89)
FNDA:0,(anonymous_90)
FNDA:0,(anonymous_91)
FNDA:0,(anonymous_92)
FNDA:0,(anonymous_93)
FNDA:0,(anonymous_94)
FNDA:0,(anonymous_95)
FNDA:0,(anonymous_96)
FNDA:0,(anonymous_97)
FNDA:0,(anonymous_98)
FNDA:0,(anonymous_99)
FNDA:0,(anonymous_100)
FNDA:0,(anonymous_101)
FNDA:0,(anonymous_102)
FNDA:0,(anonymous_103)
FNDA:0,(anonymous_104)
FNDA:0,(anonymous_105)
FNDA:0,(anonymous_106)
FNDA:0,(anonymous_107)
FNDA:0,(anonymous_108)
FNDA:0,(anonymous_109)
FNDA:0,(anonymous_110)
FNDA:0,(anonymous_111)
FNDA:0,(anonymous_112)
FNDA:0,(anonymous_113)
FNDA:0,(anonymous_114)
FNDA:0,(anonymous_115)
FNDA:0,(anonymous_116)
FNDA:0,(anonymous_117)
FNDA:0,(anonymous_118)
FNDA:0,(anonymous_119)
FNDA:0,(anonymous_120)
FNDA:0,(anonymous_121)
FNDA:0,(anonymous_122)
FNDA:0,(anonymous_123)
FNDA:0,(anonymous_124)
DA:10,0
DA:12,0
DA:20,0
DA:21,0
DA:22,0
DA:23,0
DA:24,0
DA:25,0
DA:26,0
DA:35,0
DA:39,0
DA:40,0
DA:42,0
DA:43,0
DA:44,0
DA:45,0
DA:47,0
DA:48,0
DA:51,0
DA:52,0
DA:53,0
DA:54,0
DA:55,0
DA:56,0
DA:58,0
DA:60,0
DA:61,0
DA:62,0
DA:63,0
DA:65,0
DA:66,0
DA:67,0
DA:68,0
DA:69,0
DA:71,0
DA:72,0
DA:75,0
DA:80,0
DA:81,0
DA:82,0
DA:84,0
DA:86,0
DA:102,0
DA:103,0
DA:107,0
DA:108,0
DA:109,0
DA:111,0
DA:115,0
DA:116,0
DA:117,0
DA:118,0
DA:119,0
DA:121,0
DA:122,0
DA:123,0
DA:124,0
DA:125,0
DA:129,0
DA:131,0
DA:132,0
DA:133,0
DA:134,0
DA:137,0
DA:138,0
DA:140,0
DA:141,0
DA:143,0
DA:144,0
DA:145,0
DA:146,0
DA:147,0
DA:149,0
DA:152,0
DA:153,0
DA:154,0
DA:157,0
DA:158,0
DA:159,0
DA:160,0
DA:164,0
DA:165,0
DA:166,0
DA:167,0
DA:171,0
DA:172,0
DA:173,0
DA:174,0
DA:178,0
DA:179,0
DA:180,0
DA:181,0
DA:185,0
DA:186,0
DA:187,0
DA:188,0
DA:191,0
DA:194,0
DA:195,0
DA:196,0
DA:199,0
DA:200,0
DA:202,0
DA:203,0
DA:215,0
DA:218,0
DA:219,0
DA:220,0
DA:222,0
DA:225,0
DA:228,0
DA:229,0
DA:232,0
DA:233,0
DA:234,0
DA:235,0
DA:238,0
DA:239,0
DA:240,0
DA:241,0
DA:242,0
DA:243,0
DA:244,0
DA:246,0
DA:249,0
DA:251,0
DA:265,0
DA:266,0
DA:267,0
DA:268,0
DA:269,0
DA:272,0
DA:273,0
DA:279,0
DA:280,0
DA:282,0
DA:289,0
DA:291,0
DA:300,0
DA:309,0
DA:320,0
DA:332,0
DA:354,0
DA:358,0
DA:362,0
DA:367,0
DA:371,0
DA:373,0
DA:376,0
DA:402,0
DA:406,0
DA:416,0
DA:417,0
DA:421,0
DA:422,0
DA:427,0
DA:437,0
DA:441,0
DA:457,0
DA:460,0
DA:463,0
DA:464,0
DA:466,0
DA:469,0
DA:475,0
DA:476,0
DA:483,0
DA:489,0
DA:490,0
DA:496,0
DA:502,0
DA:505,0
DA:506,0
DA:515,0
LF:174
LH:0
BRDA:21,0,0,0
BRDA:21,0,1,0
BRDA:24,1,0,0
BRDA:24,1,1,0
BRDA:28,2,0,0
BRDA:28,2,1,0
BRDA:29,3,0,0
BRDA:29,3,1,0
BRDA:29,4,0,0
BRDA:29,4,1,0
BRDA:29,5,0,0
BRDA:29,5,1,0
BRDA:30,6,0,0
BRDA:30,6,1,0
BRDA:40,7,0,0
BRDA:40,7,1,0
BRDA:42,8,0,0
BRDA:42,8,1,0
BRDA:43,9,0,0
BRDA:43,9,1,0
BRDA:44,10,0,0
BRDA:44,10,1,0
BRDA:45,11,0,0
BRDA:45,11,1,0
BRDA:47,12,0,0
BRDA:47,12,1,0
BRDA:72,13,0,0
BRDA:72,13,1,0
BRDA:84,14,0,0
BRDA:84,14,1,0
BRDA:88,15,0,0
BRDA:88,15,1,0
BRDA:90,16,0,0
BRDA:90,16,1,0
BRDA:92,17,0,0
BRDA:92,17,1,0
BRDA:96,18,0,0
BRDA:96,18,1,0
BRDA:97,19,0,0
BRDA:97,19,1,0
BRDA:98,20,0,0
BRDA:98,20,1,0
BRDA:116,21,0,0
BRDA:116,21,1,0
BRDA:117,22,0,0
BRDA:117,22,1,0
BRDA:121,23,0,0
BRDA:121,23,1,0
BRDA:122,24,0,0
BRDA:122,24,1,0
BRDA:123,25,0,0
BRDA:123,25,1,0
BRDA:124,26,0,0
BRDA:124,26,1,0
BRDA:129,27,0,0
BRDA:129,27,1,0
BRDA:143,28,0,0
BRDA:143,28,1,0
BRDA:145,29,0,0
BRDA:145,29,1,0
BRDA:145,30,0,0
BRDA:145,30,1,0
BRDA:149,31,0,0
BRDA:149,31,1,0
BRDA:153,32,0,0
BRDA:153,32,1,0
BRDA:157,33,0,0
BRDA:157,33,1,0
BRDA:158,34,0,0
BRDA:158,34,1,0
BRDA:159,35,0,0
BRDA:159,35,1,0
BRDA:165,36,0,0
BRDA:165,36,1,0
BRDA:172,37,0,0
BRDA:172,37,1,0
BRDA:179,38,0,0
BRDA:179,38,1,0
BRDA:186,39,0,0
BRDA:186,39,1,0
BRDA:199,40,0,0
BRDA:200,41,0,0
BRDA:200,41,1,0
BRDA:200,42,0,0
BRDA:200,42,1,0
BRDA:200,42,2,0
BRDA:200,42,3,0
BRDA:204,43,0,0
BRDA:204,43,1,0
BRDA:205,44,0,0
BRDA:205,44,1,0
BRDA:205,45,0,0
BRDA:205,45,1,0
BRDA:208,46,0,0
BRDA:208,46,1,0
BRDA:222,47,0,0
BRDA:222,47,1,0
BRDA:225,48,0,0
BRDA:225,48,1,0
BRDA:233,49,0,0
BRDA:233,49,1,0
BRDA:233,50,0,0
BRDA:233,50,1,0
BRDA:233,51,0,0
BRDA:233,51,1,0
BRDA:235,52,0,0
BRDA:235,52,1,0
BRDA:242,53,0,0
BRDA:242,53,1,0
BRDA:243,54,0,0
BRDA:243,54,1,0
BRDA:252,55,0,0
BRDA:252,55,1,0
BRDA:252,55,2,0
BRDA:256,56,0,0
BRDA:256,56,1,0
BRDA:258,57,0,0
BRDA:258,57,1,0
BRDA:258,58,0,0
BRDA:258,58,1,0
BRDA:268,59,0,0
BRDA:268,59,1,0
BRDA:268,60,0,0
BRDA:268,60,1,0
BRDA:268,61,0,0
BRDA:268,61,1,0
BRDA:270,62,0,0
BRDA:270,62,1,0
BRDA:273,63,0,0
BRDA:273,63,1,0
BRDA:274,64,0,0
BRDA:274,64,1,0
BRDA:279,65,0,0
BRDA:279,65,1,0
BRDA:285,66,0,0
BRDA:285,66,1,0
BRDA:294,67,0,0
BRDA:294,67,1,0
BRDA:294,68,0,0
BRDA:294,68,1,0
BRDA:294,69,0,0
BRDA:294,69,1,0
BRDA:294,70,0,0
BRDA:294,70,1,0
BRDA:298,71,0,0
BRDA:298,71,1,0
BRDA:299,72,0,0
BRDA:299,72,1,0
BRDA:300,73,0,0
BRDA:300,73,1,0
BRDA:309,74,0,0
BRDA:309,74,1,0
BRDA:309,75,0,0
BRDA:309,75,1,0
BRDA:311,76,0,0
BRDA:311,76,1,0
BRDA:313,77,0,0
BRDA:313,77,1,0
BRDA:315,78,0,0
BRDA:315,78,1,0
BRDA:315,78,2,0
BRDA:317,79,0,0
BRDA:317,79,1,0
BRDA:323,80,0,0
BRDA:323,80,1,0
BRDA:342,81,0,0
BRDA:342,81,1,0
BRDA:350,82,0,0
BRDA:350,82,1,0
BRDA:350,83,0,0
BRDA:350,83,1,0
BRDA:355,84,0,0
BRDA:355,84,1,0
BRDA:355,85,0,0
BRDA:355,85,1,0
BRDA:359,86,0,0
BRDA:359,86,1,0
BRDA:359,87,0,0
BRDA:359,87,1,0
BRDA:359,87,2,0
BRDA:362,88,0,0
BRDA:362,88,1,0
BRDA:377,89,0,0
BRDA:377,89,1,0
BRDA:377,90,0,0
BRDA:377,90,1,0
BRDA:385,91,0,0
BRDA:385,91,1,0
BRDA:399,92,0,0
BRDA:399,92,1,0
BRDA:400,93,0,0
BRDA:400,93,1,0
BRDA:403,94,0,0
BRDA:403,94,1,0
BRDA:403,95,0,0
BRDA:403,95,1,0
BRDA:404,96,0,0
BRDA:404,96,1,0
BRDA:408,97,0,0
BRDA:408,97,1,0
BRDA:416,98,0,0
BRDA:416,98,1,0
BRDA:417,99,0,0
BRDA:417,99,1,0
BRDA:429,100,0,0
BRDA:429,100,1,0
BRDA:457,101,0,0
BRDA:457,101,1,0
BRDA:460,102,0,0
BRDA:460,102,1,0
BRDA:460,103,0,0
BRDA:460,103,1,0
BRDA:469,104,0,0
BRDA:469,104,1,0
BRDA:506,105,0,0
BRDA:506,105,1,0
BRF:216
BRH:0
end_of_record
TN:
SF:src\screens\CommunityScreen.js
FN:18,(anonymous_0)
FN:35,(anonymous_1)
FN:46,(anonymous_2)
FN:55,(anonymous_3)
FN:56,(anonymous_4)
FN:57,(anonymous_5)
FN:60,(anonymous_6)
FN:66,(anonymous_7)
FN:126,(anonymous_8)
FN:134,(anonymous_9)
FN:146,(anonymous_10)
FN:156,(anonymous_11)
FN:163,(anonymous_12)
FN:171,(anonymous_13)
FN:180,(anonymous_14)
FN:185,(anonymous_15)
FN:187,(anonymous_16)
FN:195,(anonymous_17)
FN:219,(anonymous_18)
FN:221,CommunityScreen
FN:247,(anonymous_20)
FN:250,(anonymous_21)
FN:256,(anonymous_22)
FN:265,(anonymous_23)
FN:267,(anonymous_24)
FN:270,(anonymous_25)
FN:291,(anonymous_26)
FN:300,(anonymous_27)
FN:302,(anonymous_28)
FN:316,(anonymous_29)
FN:324,(anonymous_30)
FN:336,(anonymous_31)
FN:340,(anonymous_32)
FN:344,(anonymous_33)
FN:389,(anonymous_34)
FN:393,(anonymous_35)
FN:404,(anonymous_36)
FN:406,(anonymous_37)
FN:411,(anonymous_38)
FN:412,(anonymous_39)
FN:416,(anonymous_40)
FN:430,(anonymous_41)
FN:431,(anonymous_42)
FN:444,(anonymous_43)
FN:448,(anonymous_44)
FN:451,(anonymous_45)
FN:451,(anonymous_46)
FN:451,(anonymous_47)
FN:451,(anonymous_48)
FN:453,(anonymous_49)
FN:454,(anonymous_50)
FN:454,(anonymous_51)
FN:457,(anonymous_52)
FN:466,(anonymous_53)
FN:467,(anonymous_54)
FN:473,(anonymous_55)
FN:475,(anonymous_56)
FN:479,(anonymous_57)
FN:480,(anonymous_58)
FN:484,(anonymous_59)
FN:490,(anonymous_60)
FN:523,(anonymous_61)
FN:531,(anonymous_62)
FN:536,(anonymous_63)
FN:539,(anonymous_64)
FN:541,(anonymous_65)
FN:542,(anonymous_66)
FN:543,(anonymous_67)
FN:544,(anonymous_68)
FN:550,(anonymous_69)
FN:551,(anonymous_70)
FN:561,(anonymous_71)
FN:564,(anonymous_72)
FN:564,(anonymous_73)
FN:564,(anonymous_74)
FN:565,(anonymous_75)
FN:565,(anonymous_76)
FN:567,(anonymous_77)
FN:571,(anonymous_78)
FN:572,(anonymous_79)
FN:576,(anonymous_80)
FN:577,(anonymous_81)
FN:578,(anonymous_82)
FN:579,(anonymous_83)
FN:584,(anonymous_84)
FN:586,(anonymous_85)
FN:586,(anonymous_86)
FN:587,(anonymous_87)
FN:587,(anonymous_88)
FN:587,(anonymous_89)
FN:592,(anonymous_90)
FN:603,(anonymous_91)
FN:612,(anonymous_92)
FN:615,(anonymous_93)
FN:626,(anonymous_94)
FN:627,(anonymous_95)
FN:628,(anonymous_96)
FN:640,(anonymous_97)
FN:675,(anonymous_98)
FN:681,(anonymous_99)
FN:684,(anonymous_100)
FN:701,(anonymous_101)
FN:715,(anonymous_102)
FN:723,(anonymous_103)
FN:725,(anonymous_104)
FN:725,(anonymous_105)
FN:725,(anonymous_106)
FN:725,(anonymous_107)
FN:725,(anonymous_108)
FN:725,(anonymous_109)
FN:725,(anonymous_110)
FN:726,(anonymous_111)
FN:726,(anonymous_112)
FN:726,(anonymous_113)
FN:726,(anonymous_114)
FN:726,(anonymous_115)
FN:726,(anonymous_116)
FN:727,(anonymous_117)
FN:727,(anonymous_118)
FN:727,(anonymous_119)
FN:727,(anonymous_120)
FN:727,(anonymous_121)
FN:727,(anonymous_122)
FN:727,(anonymous_123)
FN:727,(anonymous_124)
FN:727,(anonymous_125)
FN:727,(anonymous_126)
FN:727,(anonymous_127)
FN:727,(anonymous_128)
FN:730,(anonymous_129)
FN:738,(anonymous_130)
FN:765,(anonymous_131)
FNF:132
FNH:0
FNDA:0,(anonymous_0)
FNDA:0,(anonymous_1)
FNDA:0,(anonymous_2)
FNDA:0,(anonymous_3)
FNDA:0,(anonymous_4)
FNDA:0,(anonymous_5)
FNDA:0,(anonymous_6)
FNDA:0,(anonymous_7)
FNDA:0,(anonymous_8)
FNDA:0,(anonymous_9)
FNDA:0,(anonymous_10)
FNDA:0,(anonymous_11)
FNDA:0,(anonymous_12)
FNDA:0,(anonymous_13)
FNDA:0,(anonymous_14)
FNDA:0,(anonymous_15)
FNDA:0,(anonymous_16)
FNDA:0,(anonymous_17)
FNDA:0,(anonymous_18)
FNDA:0,CommunityScreen
FNDA:0,(anonymous_20)
FNDA:0,(anonymous_21)
FNDA:0,(anonymous_22)
FNDA:0,(anonymous_23)
FNDA:0,(anonymous_24)
FNDA:0,(anonymous_25)
FNDA:0,(anonymous_26)
FNDA:0,(anonymous_27)
FNDA:0,(anonymous_28)
FNDA:0,(anonymous_29)
FNDA:0,(anonymous_30)
FNDA:0,(anonymous_31)
FNDA:0,(anonymous_32)
FNDA:0,(anonymous_33)
FNDA:0,(anonymous_34)
FNDA:0,(anonymous_35)
FNDA:0,(anonymous_36)
FNDA:0,(anonymous_37)
FNDA:0,(anonymous_38)
FNDA:0,(anonymous_39)
FNDA:0,(anonymous_40)
FNDA:0,(anonymous_41)
FNDA:0,(anonymous_42)
FNDA:0,(anonymous_43)
FNDA:0,(anonymous_44)
FNDA:0,(anonymous_45)
FNDA:0,(anonymous_46)
FNDA:0,(anonymous_47)
FNDA:0,(anonymous_48)
FNDA:0,(anonymous_49)
FNDA:0,(anonymous_50)
FNDA:0,(anonymous_51)
FNDA:0,(anonymous_52)
FNDA:0,(anonymous_53)
FNDA:0,(anonymous_54)
FNDA:0,(anonymous_55)
FNDA:0,(anonymous_56)
FNDA:0,(anonymous_57)
FNDA:0,(anonymous_58)
FNDA:0,(anonymous_59)
FNDA:0,(anonymous_60)
FNDA:0,(anonymous_61)
FNDA:0,(anonymous_62)
FNDA:0,(anonymous_63)
FNDA:0,(anonymous_64)
FNDA:0,(anonymous_65)
FNDA:0,(anonymous_66)
FNDA:0,(anonymous_67)
FNDA:0,(anonymous_68)
FNDA:0,(anonymous_69)
FNDA:0,(anonymous_70)
FNDA:0,(anonymous_71)
FNDA:0,(anonymous_72)
FNDA:0,(anonymous_73)
FNDA:0,(anonymous_74)
FNDA:0,(anonymous_75)
FNDA:0,(anonymous_76)
FNDA:0,(anonymous_77)
FNDA:0,(anonymous_78)
FNDA:0,(anonymous_79)
FNDA:0,(anonymous_80)
FNDA:0,(anonymous_81)
FNDA:0,(anonymous_82)
FNDA:0,(anonymous_83)
FNDA:0,(anonymous_84)
FNDA:0,(anonymous_85)
FNDA:0,(anonymous_86)
FNDA:0,(anonymous_87)
FNDA:0,(anonymous_88)
FNDA:0,(anonymous_89)
FNDA:0,(anonymous_90)
FNDA:0,(anonymous_91)
FNDA:0,(anonymous_92)
FNDA:0,(anonymous_93)
FNDA:0,(anonymous_94)
FNDA:0,(anonymous_95)
FNDA:0,(anonymous_96)
FNDA:0,(anonymous_97)
FNDA:0,(anonymous_98)
FNDA:0,(anonymous_99)
FNDA:0,(anonymous_100)
FNDA:0,(anonymous_101)
FNDA:0,(anonymous_102)
FNDA:0,(anonymous_103)
FNDA:0,(anonymous_104)
FNDA:0,(anonymous_105)
FNDA:0,(anonymous_106)
FNDA:0,(anonymous_107)
FNDA:0,(anonymous_108)
FNDA:0,(anonymous_109)
FNDA:0,(anonymous_110)
FNDA:0,(anonymous_111)
FNDA:0,(anonymous_112)
FNDA:0,(anonymous_113)
FNDA:0,(anonymous_114)
FNDA:0,(anonymous_115)
FNDA:0,(anonymous_116)
FNDA:0,(anonymous_117)
FNDA:0,(anonymous_118)
FNDA:0,(anonymous_119)
FNDA:0,(anonymous_120)
FNDA:0,(anonymous_121)
FNDA:0,(anonymous_122)
FNDA:0,(anonymous_123)
FNDA:0,(anonymous_124)
FNDA:0,(anonymous_125)
FNDA:0,(anonymous_126)
FNDA:0,(anonymous_127)
FNDA:0,(anonymous_128)
FNDA:0,(anonymous_129)
FNDA:0,(anonymous_130)
FNDA:0,(anonymous_131)
DA:15,0
DA:18,0
DA:19,0
DA:31,0
DA:35,0
DA:36,0
DA:37,0
DA:38,0
DA:39,0
DA:40,0
DA:41,0
DA:42,0
DA:43,0
DA:46,0
DA:47,0
DA:48,0
DA:49,0
DA:50,0
DA:51,0
DA:52,0
DA:55,0
DA:56,0
DA:57,0
DA:60,0
DA:61,0
DA:62,0
DA:63,0
DA:64,0
DA:66,0
DA:68,0
DA:108,0
DA:112,0
DA:119,0
DA:126,0
DA:127,0
DA:128,0
DA:131,0
DA:132,0
DA:134,0
DA:136,0
DA:138,0
DA:139,0
DA:146,0
DA:148,0
DA:156,0
DA:163,0
DA:171,0
DA:180,0
DA:181,0
DA:182,0
DA:183,0
DA:184,0
DA:185,0
DA:187,0
DA:189,0
DA:190,0
DA:195,0
DA:198,0
DA:202,0
DA:203,0
DA:207,0
DA:211,0
DA:212,0
DA:213,0
DA:214,0
DA:219,0
DA:222,0
DA:224,0
DA:225,0
DA:226,0
DA:227,0
DA:228,0
DA:229,0
DA:230,0
DA:231,0
DA:232,0
DA:233,0
DA:235,0
DA:236,0
DA:237,0
DA:238,0
DA:239,0
DA:240,0
DA:242,0
DA:243,0
DA:244,0
DA:247,0
DA:248,0
DA:250,0
DA:251,0
DA:252,0
DA:253,0
DA:256,0
DA:257,0
DA:258,0
DA:264,0
DA:265,0
DA:267,0
DA:270,0
DA:271,0
DA:272,0
DA:273,0
DA:274,0
DA:276,0
DA:283,0
DA:285,0
DA:286,0
DA:291,0
DA:294,0
DA:300,0
DA:301,0
DA:302,0
DA:303,0
DA:316,0
DA:317,0
DA:324,0
DA:326,0
DA:331,0
DA:334,0
DA:335,0
DA:337,0
DA:340,0
DA:344,0
DA:345,0
DA:346,0
DA:347,0
DA:350,0
DA:351,0
DA:354,0
DA:355,0
DA:357,0
DA:358,0
DA:361,0
DA:362,0
DA:363,0
DA:364,0
DA:365,0
DA:368,0
DA:373,0
DA:374,0
DA:382,0
DA:389,0
DA:390,0
DA:392,0
DA:393,0
DA:404,0
DA:406,0
DA:409,0
DA:410,0
DA:411,0
DA:412,0
DA:416,0
DA:417,0
DA:418,0
DA:430,0
DA:431,0
DA:434,0
DA:435,0
DA:442,0
DA:443,0
DA:445,0
DA:448,0
DA:451,0
DA:452,0
DA:453,0
DA:454,0
DA:457,0
DA:458,0
DA:460,0
DA:461,0
DA:466,0
DA:467,0
DA:472,0
DA:473,0
DA:475,0
DA:479,0
DA:480,0
DA:484,0
DA:485,0
DA:486,0
DA:488,0
DA:490,0
DA:491,0
DA:494,0
DA:495,0
DA:496,0
DA:500,0
DA:504,0
DA:505,0
DA:508,0
DA:509,0
DA:510,0
DA:514,0
DA:519,0
DA:522,0
DA:523,0
DA:531,0
DA:532,0
DA:533,0
DA:536,0
DA:537,0
DA:539,0
DA:541,0
DA:542,0
DA:543,0
DA:544,0
DA:551,0
DA:561,0
DA:562,0
DA:564,0
DA:565,0
DA:567,0
DA:571,0
DA:572,0
DA:573,0
DA:576,0
DA:577,0
DA:578,0
DA:579,0
DA:580,0
DA:584,0
DA:586,0
DA:587,0
DA:592,0
DA:593,0
DA:596,0
DA:597,0
DA:600,0
DA:601,0
DA:603,0
DA:604,0
DA:605,0
DA:609,0
DA:610,0
DA:612,0
DA:615,0
DA:619,0
DA:626,0
DA:627,0
DA:628,0
DA:630,0
DA:632,0
DA:640,0
DA:675,0
DA:682,0
DA:683,0
DA:684,0
DA:701,0
DA:709,0
DA:715,0
DA:723,0
DA:725,0
DA:726,0
DA:727,0
DA:730,0
DA:738,0
DA:765,0
DA:781,0
LF:258
LH:0
BRDA:31,0,0,0
BRDA:31,0,1,0
BRDA:36,1,0,0
BRDA:36,1,1,0
BRDA:40,2,0,0
BRDA:40,2,1,0
BRDA:41,3,0,0
BRDA:41,3,1,0
BRDA:42,4,0,0
BRDA:42,4,1,0
BRDA:48,5,0,0
BRDA:48,5,1,0
BRDA:132,6,0,0
BRDA:132,6,1,0
BRDA:138,7,0,0
BRDA:138,7,1,0
BRDA:146,8,0,0
BRDA:146,8,1,0
BRDA:146,9,0,0
BRDA:146,9,1,0
BRDA:151,10,0,0
BRDA:151,10,1,0
BRDA:153,11,0,0
BRDA:153,11,1,0
BRDA:159,12,0,0
BRDA:159,12,1,0
BRDA:160,13,0,0
BRDA:160,13,1,0
BRDA:160,13,2,0
BRDA:160,14,0,0
BRDA:160,14,1,0
BRDA:160,14,2,0
BRDA:160,15,0,0
BRDA:160,15,1,0
BRDA:161,16,0,0
BRDA:161,16,1,0
BRDA:161,17,0,0
BRDA:161,17,1,0
BRDA:161,18,0,0
BRDA:161,18,1,0
BRDA:161,19,0,0
BRDA:161,19,1,0
BRDA:163,20,0,0
BRDA:163,20,1,0
BRDA:163,21,0,0
BRDA:163,21,1,0
BRDA:163,22,0,0
BRDA:163,22,1,0
BRDA:166,23,0,0
BRDA:166,23,1,0
BRDA:166,24,0,0
BRDA:166,24,1,0
BRDA:167,25,0,0
BRDA:167,25,1,0
BRDA:168,26,0,0
BRDA:168,26,1,0
BRDA:173,27,0,0
BRDA:173,27,1,0
BRDA:182,28,0,0
BRDA:182,28,1,0
BRDA:182,29,0,0
BRDA:182,29,1,0
BRDA:182,30,0,0
BRDA:182,30,1,0
BRDA:184,31,0,0
BRDA:184,31,1,0
BRDA:185,32,0,0
BRDA:185,32,1,0
BRDA:189,33,0,0
BRDA:189,33,1,0
BRDA:202,34,0,0
BRDA:202,34,1,0
BRDA:211,35,0,0
BRDA:211,35,1,0
BRDA:211,36,0,0
BRDA:211,36,1,0
BRDA:213,37,0,0
BRDA:213,37,1,0
BRDA:213,38,0,0
BRDA:213,38,1,0
BRDA:213,39,0,0
BRDA:213,39,1,0
BRDA:213,40,0,0
BRDA:213,40,1,0
BRDA:215,41,0,0
BRDA:215,41,1,0
BRDA:215,42,0,0
BRDA:215,42,1,0
BRDA:215,43,0,0
BRDA:215,43,1,0
BRDA:215,44,0,0
BRDA:215,44,1,0
BRDA:215,44,2,0
BRDA:215,45,0,0
BRDA:215,45,1,0
BRDA:215,46,0,0
BRDA:215,46,1,0
BRDA:215,47,0,0
BRDA:215,47,1,0
BRDA:215,48,0,0
BRDA:215,48,1,0
BRDA:215,49,0,0
BRDA:215,49,1,0
BRDA:215,50,0,0
BRDA:215,50,1,0
BRDA:215,51,0,0
BRDA:215,51,1,0
BRDA:215,52,0,0
BRDA:215,52,1,0
BRDA:215,53,0,0
BRDA:215,53,1,0
BRDA:219,54,0,0
BRDA:219,54,1,0
BRDA:219,55,0,0
BRDA:219,55,1,0
BRDA:224,56,0,0
BRDA:224,56,1,0
BRDA:224,57,0,0
BRDA:224,57,1,0
BRDA:224,58,0,0
BRDA:224,58,1,0
BRDA:224,59,0,0
BRDA:224,59,1,0
BRDA:224,60,0,0
BRDA:224,60,1,0
BRDA:224,61,0,0
BRDA:224,61,1,0
BRDA:224,62,0,0
BRDA:224,62,1,0
BRDA:224,63,0,0
BRDA:224,63,1,0
BRDA:251,64,0,0
BRDA:251,64,1,0
BRDA:310,65,0,0
BRDA:310,65,1,0
BRDA:311,66,0,0
BRDA:311,66,1,0
BRDA:317,67,0,0
BRDA:317,67,1,0
BRDA:326,68,0,0
BRDA:326,68,1,0
BRDA:345,69,0,0
BRDA:345,69,1,0
BRDA:354,70,0,0
BRDA:354,70,1,0
BRDA:355,71,0,0
BRDA:355,71,1,0
BRDA:361,72,0,0
BRDA:361,72,1,0
BRDA:362,73,0,0
BRDA:362,73,1,0
BRDA:373,74,0,0
BRDA:373,74,1,0
BRDA:396,75,0,0
BRDA:396,75,1,0
BRDA:398,76,0,0
BRDA:398,76,1,0
BRDA:402,77,0,0
BRDA:402,77,1,0
BRDA:409,78,0,0
BRDA:409,78,1,0
BRDA:411,79,0,0
BRDA:411,79,1,0
BRDA:417,80,0,0
BRDA:417,80,1,0
BRDA:423,81,0,0
BRDA:423,81,1,0
BRDA:434,82,0,0
BRDA:434,82,1,0
BRDA:451,83,0,0
BRDA:451,83,1,0
BRDA:454,84,0,0
BRDA:454,84,1,0
BRDA:454,85,0,0
BRDA:454,85,1,0
BRDA:454,86,0,0
BRDA:454,86,1,0
BRDA:454,87,0,0
BRDA:454,87,1,0
BRDA:458,88,0,0
BRDA:458,88,1,0
BRDA:458,89,0,0
BRDA:458,89,1,0
BRDA:470,90,0,0
BRDA:470,90,1,0
BRDA:480,91,0,0
BRDA:480,91,1,0
BRDA:480,92,0,0
BRDA:480,92,1,0
BRDA:488,93,0,0
BRDA:488,93,1,0
BRDA:522,94,0,0
BRDA:522,94,1,0
BRDA:522,95,0,0
BRDA:522,95,1,0
BRDA:526,96,0,0
BRDA:526,96,1,0
BRDA:552,97,0,0
BRDA:552,97,1,0
BRDA:553,98,0,0
BRDA:553,98,1,0
BRDA:565,99,0,0
BRDA:565,99,1,0
BRDA:565,100,0,0
BRDA:565,100,1,0
BRDA:567,101,0,0
BRDA:567,101,1,0
BRDA:567,102,0,0
BRDA:567,102,1,0
BRDA:572,103,0,0
BRDA:572,103,1,0
BRDA:586,104,0,0
BRDA:586,104,1,0
BRDA:587,105,0,0
BRDA:587,105,1,0
BRDA:587,106,0,0
BRDA:587,106,1,0
BRDA:587,107,0,0
BRDA:587,107,1,0
BRDA:587,108,0,0
BRDA:587,108,1,0
BRDA:587,109,0,0
BRDA:587,109,1,0
BRDA:593,110,0,0
BRDA:593,110,1,0
BRDA:593,111,0,0
BRDA:593,111,1,0
BRDA:596,112,0,0
BRDA:596,112,1,0
BRDA:600,113,0,0
BRDA:600,113,1,0
BRDA:601,114,0,0
BRDA:601,114,1,0
BRDA:605,115,0,0
BRDA:605,115,1,0
BRDA:610,116,0,0
BRDA:610,116,1,0
BRDA:612,117,0,0
BRDA:612,117,1,0
BRDA:615,118,0,0
BRDA:615,118,1,0
BRDA:630,119,0,0
BRDA:630,119,1,0
BRDA:634,120,0,0
BRDA:634,120,1,0
BRDA:639,121,0,0
BRDA:639,121,1,0
BRDA:652,122,0,0
BRDA:652,122,1,0
BRDA:664,123,0,0
BRDA:664,123,1,0
BRDA:675,124,0,0
BRDA:675,124,1,0
BRDA:675,125,0,0
BRDA:675,125,1,0
BRDA:675,126,0,0
BRDA:675,126,1,0
BRDA:682,127,0,0
BRDA:682,127,1,0
BRDA:690,128,0,0
BRDA:690,128,1,0
BRDA:701,129,0,0
BRDA:701,129,1,0
BRDA:701,130,0,0
BRDA:701,130,1,0
BRDA:701,131,0,0
BRDA:701,131,1,0
BRDA:715,132,0,0
BRDA:715,132,1,0
BRDA:715,133,0,0
BRDA:715,133,1,0
BRDA:716,134,0,0
BRDA:716,134,1,0
BRDA:717,135,0,0
BRDA:717,135,1,0
BRDA:718,136,0,0
BRDA:718,136,1,0
BRDA:725,137,0,0
BRDA:725,137,1,0
BRDA:725,138,0,0
BRDA:725,138,1,0
BRDA:725,139,0,0
BRDA:725,139,1,0
BRDA:725,140,0,0
BRDA:725,140,1,0
BRDA:727,141,0,0
BRDA:727,141,1,0
BRDA:733,142,0,0
BRDA:733,142,1,0
BRDA:746,143,0,0
BRDA:746,143,1,0
BRDA:765,144,0,0
BRDA:765,144,1,0
BRDA:766,145,0,0
BRDA:766,145,1,0
BRDA:766,146,0,0
BRDA:766,146,1,0
BRF:297
BRH:0
end_of_record
TN:
SF:src\screens\CreateClubScreen.js
FN:20,CreateClubScreen
FN:31,(anonymous_1)
FN:47,(anonymous_2)
FN:69,(anonymous_3)
FN:78,(anonymous_4)
FN:94,(anonymous_5)
FN:95,(anonymous_6)
FN:129,(anonymous_7)
FN:140,(anonymous_8)
FNF:9
FNH:0
FNDA:0,CreateClubScreen
FNDA:0,(anonymous_1)
FNDA:0,(anonymous_2)
FNDA:0,(anonymous_3)
FNDA:0,(anonymous_4)
FNDA:0,(anonymous_5)
FNDA:0,(anonymous_6)
FNDA:0,(anonymous_7)
FNDA:0,(anonymous_8)
DA:9,0
DA:11,0
DA:22,0
DA:24,0
DA:25,0
DA:26,0
DA:27,0
DA:28,0
DA:29,0
DA:31,0
DA:32,0
DA:33,0
DA:39,0
DA:40,0
DA:43,0
DA:47,0
DA:48,0
DA:50,0
DA:66,0
DA:68,0
DA:69,0
DA:73,0
DA:78,0
DA:95,0
DA:129,0
DA:140,0
DA:164,0
LF:27
LH:0
BRDA:39,0,0,0
BRDA:39,0,1,0
BRDA:48,1,0,0
BRDA:48,1,1,0
BRDA:59,2,0,0
BRDA:59,2,1,0
BRDA:83,3,0,0
BRDA:83,3,1,0
BRDA:95,4,0,0
BRDA:95,4,1,0
BRDA:96,5,0,0
BRDA:96,5,1,0
BRDA:105,6,0,0
BRDA:105,6,1,0
BRDA:129,7,0,0
BRDA:129,7,1,0
BRDA:132,8,0,0
BRDA:132,8,1,0
BRDA:133,9,0,0
BRDA:133,9,1,0
BRDA:137,10,0,0
BRDA:137,10,1,0
BRDA:140,11,0,0
BRDA:140,11,1,0
BRDA:143,12,0,0
BRDA:143,12,1,0
BRDA:144,13,0,0
BRDA:144,13,1,0
BRDA:148,14,0,0
BRDA:148,14,1,0
BRDA:156,15,0,0
BRDA:156,15,1,0
BRF:32
BRH:0
end_of_record
TN:
SF:src\screens\EditProfileScreen.js
FN:11,EditProfileScreen
FN:30,(anonymous_1)
FN:48,(anonymous_2)
FN:68,(anonymous_3)
FN:75,(anonymous_4)
FN:124,(anonymous_5)
FN:167,(anonymous_6)
FN:218,(anonymous_7)
FN:222,(anonymous_8)
FN:243,(anonymous_9)
FN:247,(anonymous_10)
FNF:11
FNH:0
FNDA:0,EditProfileScreen
FNDA:0,(anonymous_1)
FNDA:0,(anonymous_2)
FNDA:0,(anonymous_3)
FNDA:0,(anonymous_4)
FNDA:0,(anonymous_5)
FNDA:0,(anonymous_6)
FNDA:0,(anonymous_7)
FNDA:0,(anonymous_8)
FNDA:0,(anonymous_9)
FNDA:0,(anonymous_10)
DA:12,0
DA:13,0
DA:15,0
DA:16,0
DA:17,0
DA:18,0
DA:19,0
DA:20,0
DA:21,0
DA:24,0
DA:25,0
DA:26,0
DA:28,0
DA:30,0
DA:31,0
DA:32,0
DA:33,0
DA:35,0
DA:36,0
DA:37,0
DA:39,0
DA:40,0
DA:42,0
DA:43,0
DA:44,0
DA:48,0
DA:49,0
DA:51,0
DA:52,0
DA:53,0
DA:56,0
DA:63,0
DA:64,0
DA:68,0
DA:69,0
DA:70,0
DA:71,0
DA:75,0
DA:76,0
DA:77,0
DA:81,0
DA:95,0
DA:110,0
DA:111,0
DA:112,0
DA:114,0
DA:115,0
DA:116,0
DA:120,0
DA:124,0
DA:167,0
DA:219,0
DA:222,0
DA:244,0
DA:247,0
DA:271,0
LF:56
LH:0
BRDA:16,0,0,0
BRDA:16,0,1,0
BRDA:17,1,0,0
BRDA:17,1,1,0
BRDA:18,2,0,0
BRDA:18,2,1,0
BRDA:19,3,0,0
BRDA:19,3,1,0
BRDA:20,4,0,0
BRDA:20,4,1,0
BRDA:21,5,0,0
BRDA:21,5,1,0
BRDA:24,6,0,0
BRDA:24,6,1,0
BRDA:25,7,0,0
BRDA:25,7,1,0
BRDA:26,8,0,0
BRDA:26,8,1,0
BRDA:51,9,0,0
BRDA:51,9,1,0
BRDA:63,10,0,0
BRDA:63,10,1,0
BRDA:70,11,0,0
BRDA:70,11,1,0
BRDA:99,12,0,0
BRDA:99,12,1,0
BRDA:100,13,0,0
BRDA:100,13,1,0
BRDA:106,14,0,0
BRDA:106,14,1,0
BRDA:125,15,0,0
BRDA:125,15,1,0
BRDA:129,16,0,0
BRDA:129,16,1,0
BRDA:140,17,0,0
BRDA:140,17,1,0
BRDA:221,18,0,0
BRDA:221,18,1,0
BRDA:225,19,0,0
BRDA:225,19,1,0
BRDA:225,20,0,0
BRDA:225,20,1,0
BRDA:225,21,0,0
BRDA:225,21,1,0
BRDA:227,22,0,0
BRDA:227,22,1,0
BRDA:229,23,0,0
BRDA:229,23,1,0
BRDA:246,24,0,0
BRDA:246,24,1,0
BRDA:249,25,0,0
BRDA:249,25,1,0
BRF:52
BRH:0
end_of_record
TN:
SF:src\screens\ForgotPasswordScreen.js
FN:14,ForgotPasswordScreen
FN:19,(anonymous_1)
FN:33,(anonymous_2)
FN:57,(anonymous_3)
FN:80,(anonymous_4)
FN:81,(anonymous_5)
FNF:6
FNH:0
FNDA:0,ForgotPasswordScreen
FNDA:0,(anonymous_1)
FNDA:0,(anonymous_2)
FNDA:0,(anonymous_3)
FNDA:0,(anonymous_4)
FNDA:0,(anonymous_5)
DA:12,0
DA:15,0
DA:16,0
DA:17,0
DA:19,0
DA:20,0
DA:21,0
DA:22,0
DA:25,0
DA:27,0
DA:28,0
DA:30,0
DA:33,0
DA:36,0
DA:37,0
DA:38,0
DA:40,0
DA:42,0
DA:46,0
DA:57,0
DA:80,0
DA:81,0
DA:96,0
LF:23
LH:0
BRDA:20,0,0,0
BRDA:20,0,1,0
BRDA:37,1,0,0
BRDA:37,1,1,0
BRDA:38,2,0,0
BRDA:38,2,1,0
BRDA:61,3,0,0
BRDA:61,3,1,0
BRDA:70,4,0,0
BRDA:70,4,1,0
BRDA:71,5,0,0
BRDA:71,5,1,0
BRDA:86,6,0,0
BRDA:86,6,1,0
BRDA:87,7,0,0
BRDA:87,7,1,0
BRF:16
BRH:0
end_of_record
TN:
SF:src\screens\GearScreen.js
FN:25,GearScreen
FN:44,(anonymous_1)
FN:46,(anonymous_2)
FN:50,(anonymous_3)
FN:63,(anonymous_4)
FN:65,(anonymous_5)
FN:82,(anonymous_6)
FN:88,(anonymous_7)
FN:96,(anonymous_8)
FN:107,(anonymous_9)
FN:129,(anonymous_10)
FN:130,(anonymous_11)
FN:134,(anonymous_12)
FN:153,(anonymous_13)
FN:165,(anonymous_14)
FN:174,(anonymous_15)
FN:197,(anonymous_16)
FN:208,(anonymous_17)
FN:216,(anonymous_18)
FN:222,(anonymous_19)
FN:233,(anonymous_20)
FN:235,(anonymous_21)
FN:242,(anonymous_22)
FN:243,(anonymous_23)
FN:247,(anonymous_24)
FN:247,(anonymous_25)
FN:248,(anonymous_26)
FN:274,(anonymous_27)
FNF:28
FNH:0
FNDA:0,GearScreen
FNDA:0,(anonymous_1)
FNDA:0,(anonymous_2)
FNDA:0,(anonymous_3)
FNDA:0,(anonymous_4)
FNDA:0,(anonymous_5)
FNDA:0,(anonymous_6)
FNDA:0,(anonymous_7)
FNDA:0,(anonymous_8)
FNDA:0,(anonymous_9)
FNDA:0,(anonymous_10)
FNDA:0,(anonymous_11)
FNDA:0,(anonymous_12)
FNDA:0,(anonymous_13)
FNDA:0,(anonymous_14)
FNDA:0,(anonymous_15)
FNDA:0,(anonymous_16)
FNDA:0,(anonymous_17)
FNDA:0,(anonymous_18)
FNDA:0,(anonymous_19)
FNDA:0,(anonymous_20)
FNDA:0,(anonymous_21)
FNDA:0,(anonymous_22)
FNDA:0,(anonymous_23)
FNDA:0,(anonymous_24)
FNDA:0,(anonymous_25)
FNDA:0,(anonymous_26)
FNDA:0,(anonymous_27)
DA:9,0
DA:17,0
DA:27,0
DA:29,0
DA:30,0
DA:31,0
DA:33,0
DA:34,0
DA:35,0
DA:37,0
DA:38,0
DA:39,0
DA:41,0
DA:44,0
DA:45,0
DA:46,0
DA:47,0
DA:50,0
DA:51,0
DA:52,0
DA:63,0
DA:64,0
DA:65,0
DA:66,0
DA:68,0
DA:71,0
DA:72,0
DA:73,0
DA:74,0
DA:75,0
DA:77,0
DA:82,0
DA:83,0
DA:84,0
DA:85,0
DA:88,0
DA:89,0
DA:90,0
DA:91,0
DA:92,0
DA:93,0
DA:96,0
DA:97,0
DA:98,0
DA:99,0
DA:100,0
DA:101,0
DA:102,0
DA:103,0
DA:107,0
DA:108,0
DA:110,0
DA:111,0
DA:117,0
DA:120,0
DA:123,0
DA:124,0
DA:125,0
DA:126,0
DA:129,0
DA:130,0
DA:131,0
DA:132,0
DA:134,0
DA:135,0
DA:136,0
DA:137,0
DA:138,0
DA:139,0
DA:140,0
DA:145,0
DA:146,0
DA:147,0
DA:149,0
DA:153,0
DA:165,0
DA:174,0
DA:197,0
DA:203,0
DA:208,0
DA:216,0
DA:222,0
DA:233,0
DA:242,0
DA:243,0
DA:247,0
DA:248,0
DA:274,0
DA:291,0
LF:89
LH:0
BRDA:45,0,0,0
BRDA:45,0,1,0
BRDA:46,1,0,0
BRDA:46,1,1,0
BRDA:51,2,0,0
BRDA:51,2,1,0
BRDA:51,3,0,0
BRDA:51,3,1,0
BRDA:64,4,0,0
BRDA:64,4,1,0
BRDA:64,5,0,0
BRDA:64,5,1,0
BRDA:71,6,0,0
BRDA:71,6,1,0
BRDA:73,7,0,0
BRDA:73,7,1,0
BRDA:108,8,0,0
BRDA:108,8,1,0
BRDA:110,9,0,0
BRDA:110,9,1,0
BRDA:117,10,0,0
BRDA:117,10,1,0
BRDA:130,11,0,0
BRDA:130,11,1,0
BRDA:135,12,0,0
BRDA:135,12,1,0
BRDA:135,13,0,0
BRDA:135,13,1,0
BRDA:138,14,0,0
BRDA:138,14,1,0
BRDA:147,15,0,0
BRDA:147,15,1,0
BRDA:147,16,0,0
BRDA:147,16,1,0
BRDA:151,17,0,0
BRDA:151,17,1,0
BRDA:151,18,0,0
BRDA:151,18,1,0
BRDA:156,19,0,0
BRDA:156,19,1,0
BRDA:156,20,0,0
BRDA:156,20,1,0
BRDA:157,21,0,0
BRDA:157,21,1,0
BRDA:157,22,0,0
BRDA:157,22,1,0
BRDA:157,23,0,0
BRDA:157,23,1,0
BRDA:160,24,0,0
BRDA:160,24,1,0
BRDA:169,25,0,0
BRDA:169,25,1,0
BRDA:171,26,0,0
BRDA:171,26,1,0
BRDA:179,27,0,0
BRDA:179,27,1,0
BRDA:196,28,0,0
BRDA:196,28,1,0
BRDA:237,29,0,0
BRDA:237,29,1,0
BRDA:242,30,0,0
BRDA:242,30,1,0
BRDA:243,31,0,0
BRDA:243,31,1,0
BRDA:243,32,0,0
BRDA:243,32,1,0
BRDA:245,33,0,0
BRDA:245,33,1,0
BRDA:254,34,0,0
BRDA:254,34,1,0
BRDA:267,35,0,0
BRDA:267,35,1,0
BRDA:269,36,0,0
BRDA:269,36,1,0
BRDA:278,37,0,0
BRDA:278,37,1,0
BRF:76
BRH:0
end_of_record
TN:
SF:src\screens\HelpCenterScreen.js
FN:24,(anonymous_0)
FN:28,(anonymous_1)
FN:48,HelpCenterScreen
FN:51,(anonymous_3)
FN:52,(anonymous_4)
FN:61,(anonymous_5)
FN:76,(anonymous_6)
FN:84,(anonymous_7)
FN:100,(anonymous_8)
FNF:9
FNH:0
FNDA:0,(anonymous_0)
FNDA:0,(anonymous_1)
FNDA:0,HelpCenterScreen
FNDA:0,(anonymous_3)
FNDA:0,(anonymous_4)
FNDA:0,(anonymous_5)
FNDA:0,(anonymous_6)
FNDA:0,(anonymous_7)
FNDA:0,(anonymous_8)
DA:8,0
DA:18,0
DA:19,0
DA:20,0
DA:24,0
DA:25,0
DA:26,0
DA:28,0
DA:29,0
DA:30,0
DA:33,0
DA:49,0
DA:51,0
DA:52,0
DA:55,0
DA:61,0
DA:77,0
DA:85,0
DA:100,0
DA:111,0
LF:20
LH:0
BRDA:18,0,0,0
BRDA:18,0,1,0
BRDA:19,1,0,0
BRDA:19,1,1,0
BRDA:37,2,0,0
BRDA:37,2,1,0
BRDA:39,3,0,0
BRDA:39,3,1,0
BRF:8
BRH:0
end_of_record
TN:
SF:src\screens\HomeScreen.js
FN:38,(anonymous_0)
FN:61,(anonymous_1)
FN:76,(anonymous_2)
FN:87,(anonymous_3)
FN:112,(anonymous_4)
FN:121,HomeScreen
FN:131,(anonymous_6)
FN:134,(anonymous_7)
FN:144,(anonymous_8)
FN:149,(anonymous_9)
FN:151,(anonymous_10)
FN:183,(anonymous_11)
FN:186,(anonymous_12)
FN:202,(anonymous_13)
FN:203,(anonymous_14)
FN:221,(anonymous_15)
FN:232,(anonymous_16)
FN:250,(anonymous_17)
FN:252,(anonymous_18)
FN:268,(anonymous_19)
FN:273,(anonymous_20)
FN:274,(anonymous_21)
FN:276,(anonymous_22)
FN:301,(anonymous_23)
FN:303,(anonymous_24)
FN:305,(anonymous_25)
FN:327,(anonymous_26)
FN:395,(anonymous_27)
FN:398,(anonymous_28)
FN:415,(anonymous_29)
FN:433,(anonymous_30)
FN:518,(anonymous_31)
FN:522,(anonymous_32)
FN:533,(anonymous_33)
FN:535,(anonymous_34)
FN:540,(anonymous_35)
FN:611,(anonymous_36)
FN:638,(anonymous_37)
FN:651,(anonymous_38)
FN:658,(anonymous_39)
FNF:40
FNH:0
FNDA:0,(anonymous_0)
FNDA:0,(anonymous_1)
FNDA:0,(anonymous_2)
FNDA:0,(anonymous_3)
FNDA:0,(anonymous_4)
FNDA:0,HomeScreen
FNDA:0,(anonymous_6)
FNDA:0,(anonymous_7)
FNDA:0,(anonymous_8)
FNDA:0,(anonymous_9)
FNDA:0,(anonymous_10)
FNDA:0,(anonymous_11)
FNDA:0,(anonymous_12)
FNDA:0,(anonymous_13)
FNDA:0,(anonymous_14)
FNDA:0,(anonymous_15)
FNDA:0,(anonymous_16)
FNDA:0,(anonymous_17)
FNDA:0,(anonymous_18)
FNDA:0,(anonymous_19)
FNDA:0,(anonymous_20)
FNDA:0,(anonymous_21)
FNDA:0,(anonymous_22)
FNDA:0,(anonymous_23)
FNDA:0,(anonymous_24)
FNDA:0,(anonymous_25)
FNDA:0,(anonymous_26)
FNDA:0,(anonymous_27)
FNDA:0,(anonymous_28)
FNDA:0,(anonymous_29)
FNDA:0,(anonymous_30)
FNDA:0,(anonymous_31)
FNDA:0,(anonymous_32)
FNDA:0,(anonymous_33)
FNDA:0,(anonymous_34)
FNDA:0,(anonymous_35)
FNDA:0,(anonymous_36)
FNDA:0,(anonymous_37)
FNDA:0,(anonymous_38)
FNDA:0,(anonymous_39)
DA:19,0
DA:30,0
DA:32,0
DA:38,0
DA:40,0
DA:41,0
DA:43,0
DA:44,0
DA:45,0
DA:46,0
DA:48,0
DA:50,0
DA:51,0
DA:52,0
DA:54,0
DA:56,0
DA:57,0
DA:61,0
DA:62,0
DA:63,0
DA:64,0
DA:65,0
DA:76,0
DA:77,0
DA:78,0
DA:79,0
DA:80,0
DA:81,0
DA:82,0
DA:83,0
DA:84,0
DA:86,0
DA:87,0
DA:88,0
DA:89,0
DA:90,0
DA:92,0
DA:94,0
DA:112,0
DA:113,0
DA:114,0
DA:115,0
DA:116,0
DA:122,0
DA:123,0
DA:125,0
DA:126,0
DA:127,0
DA:128,0
DA:129,0
DA:131,0
DA:132,0
DA:133,0
DA:134,0
DA:137,0
DA:138,0
DA:139,0
DA:140,0
DA:141,0
DA:144,0
DA:145,0
DA:146,0
DA:149,0
DA:151,0
DA:153,0
DA:154,0
DA:157,0
DA:158,0
DA:159,0
DA:162,0
DA:163,0
DA:164,0
DA:168,0
DA:169,0
DA:170,0
DA:171,0
DA:173,0
DA:176,0
DA:180,0
DA:181,0
DA:183,0
DA:186,0
DA:187,0
DA:189,0
DA:192,0
DA:198,0
DA:202,0
DA:203,0
DA:204,0
DA:206,0
DA:207,0
DA:209,0
DA:210,0
DA:211,0
DA:212,0
DA:214,0
DA:215,0
DA:216,0
DA:219,0
DA:220,0
DA:221,0
DA:223,0
DA:224,0
DA:225,0
DA:227,0
DA:228,0
DA:229,0
DA:232,0
DA:233,0
DA:234,0
DA:235,0
DA:237,0
DA:238,0
DA:240,0
DA:242,0
DA:244,0
DA:247,0
DA:250,0
DA:252,0
DA:253,0
DA:256,0
DA:257,0
DA:258,0
DA:259,0
DA:260,0
DA:261,0
DA:262,0
DA:263,0
DA:264,0
DA:265,0
DA:266,0
DA:268,0
DA:269,0
DA:270,0
DA:271,0
DA:273,0
DA:274,0
DA:276,0
DA:277,0
DA:278,0
DA:281,0
DA:285,0
DA:286,0
DA:293,0
DA:301,0
DA:303,0
DA:305,0
DA:327,0
DA:395,0
DA:398,0
DA:415,0
DA:433,0
DA:519,0
DA:522,0
DA:533,0
DA:535,0
DA:540,0
DA:612,0
DA:638,0
DA:651,0
DA:658,0
DA:667,0
LF:162
LH:0
BRDA:40,0,0,0
BRDA:40,0,1,0
BRDA:41,1,0,0
BRDA:41,1,1,0
BRDA:48,2,0,0
BRDA:48,2,1,0
BRDA:52,3,0,0
BRDA:52,3,1,0
BRDA:52,4,0,0
BRDA:52,4,1,0
BRDA:52,5,0,0
BRDA:52,5,1,0
BRDA:52,6,0,0
BRDA:52,6,1,0
BRDA:70,7,0,0
BRDA:70,7,1,0
BRDA:76,8,0,0
BRDA:76,9,0,0
BRDA:76,10,0,0
BRDA:77,11,0,0
BRDA:77,11,1,0
BRDA:77,12,0,0
BRDA:77,12,1,0
BRDA:80,13,0,0
BRDA:80,13,1,0
BRDA:115,14,0,0
BRDA:115,14,1,0
BRDA:125,15,0,0
BRDA:125,15,1,0
BRDA:132,16,0,0
BRDA:132,16,1,0
BRDA:145,17,0,0
BRDA:145,17,1,0
BRDA:146,18,0,0
BRDA:146,18,1,0
BRDA:157,19,0,0
BRDA:157,19,1,0
BRDA:164,20,0,0
BRDA:164,20,1,0
BRDA:168,21,0,0
BRDA:168,21,1,0
BRDA:169,22,0,0
BRDA:169,22,1,0
BRDA:187,23,0,0
BRDA:187,23,1,0
BRDA:207,24,0,0
BRDA:207,24,1,0
BRDA:207,25,0,0
BRDA:207,25,1,0
BRDA:214,26,0,0
BRDA:214,26,1,0
BRDA:214,27,0,0
BRDA:214,27,1,0
BRDA:216,28,0,0
BRDA:216,28,1,0
BRDA:216,29,0,0
BRDA:216,29,1,0
BRDA:219,30,0,0
BRDA:219,30,1,0
BRDA:233,31,0,0
BRDA:233,31,1,0
BRDA:235,32,0,0
BRDA:235,32,1,0
BRDA:237,33,0,0
BRDA:237,33,1,0
BRDA:253,34,0,0
BRDA:253,34,1,0
BRDA:256,35,0,0
BRDA:256,35,1,0
BRDA:256,36,0,0
BRDA:256,36,1,0
BRDA:257,37,0,0
BRDA:257,37,1,0
BRDA:258,38,0,0
BRDA:258,38,1,0
BRDA:260,39,0,0
BRDA:260,39,1,0
BRDA:261,40,0,0
BRDA:261,40,1,0
BRDA:262,41,0,0
BRDA:262,41,1,0
BRDA:263,42,0,0
BRDA:263,42,1,0
BRDA:264,43,0,0
BRDA:264,43,1,0
BRDA:273,44,0,0
BRDA:273,44,1,0
BRDA:277,45,0,0
BRDA:277,45,1,0
BRDA:285,46,0,0
BRDA:285,46,1,0
BRDA:313,47,0,0
BRDA:313,47,1,0
BRDA:316,48,0,0
BRDA:316,48,1,0
BRDA:342,49,0,0
BRDA:342,49,1,0
BRDA:343,50,0,0
BRDA:343,50,1,0
BRDA:345,51,0,0
BRDA:345,51,1,0
BRDA:346,52,0,0
BRDA:346,52,1,0
BRDA:355,53,0,0
BRDA:355,53,1,0
BRDA:355,54,0,0
BRDA:355,54,1,0
BRDA:358,55,0,0
BRDA:358,55,1,0
BRDA:363,56,0,0
BRDA:363,56,1,0
BRDA:363,57,0,0
BRDA:363,57,1,0
BRDA:366,58,0,0
BRDA:366,58,1,0
BRDA:382,59,0,0
BRDA:382,59,1,0
BRDA:398,60,0,0
BRDA:398,60,1,0
BRDA:411,61,0,0
BRDA:411,61,1,0
BRDA:433,62,0,0
BRDA:433,62,1,0
BRDA:441,63,0,0
BRDA:441,63,1,0
BRDA:442,64,0,0
BRDA:442,64,1,0
BRDA:448,65,0,0
BRDA:448,65,1,0
BRDA:465,66,0,0
BRDA:465,66,1,0
BRDA:466,67,0,0
BRDA:466,67,1,0
BRDA:470,68,0,0
BRDA:470,68,1,0
BRDA:471,69,0,0
BRDA:471,69,1,0
BRDA:480,70,0,0
BRDA:480,70,1,0
BRDA:486,71,0,0
BRDA:486,71,1,0
BRDA:486,71,2,0
BRDA:583,72,0,0
BRDA:583,72,1,0
BRDA:592,73,0,0
BRDA:592,73,1,0
BRDA:613,74,0,0
BRDA:613,74,1,0
BRDA:632,75,0,0
BRDA:632,75,1,0
BRDA:638,76,0,0
BRDA:638,76,1,0
BRDA:651,77,0,0
BRDA:651,77,1,0
BRDA:651,78,0,0
BRDA:651,78,1,0
BRDA:670,79,0,0
BRDA:670,79,1,0
BRF:158
BRH:0
end_of_record
TN:
SF:src\screens\LeaderboardScreen.js
FN:10,(anonymous_0)
FN:19,(anonymous_1)
FN:30,(anonymous_2)
FN:74,LeaderboardScreen
FN:84,(anonymous_4)
FN:88,(anonymous_5)
FN:110,(anonymous_6)
FN:118,(anonymous_7)
FN:128,(anonymous_8)
FN:131,(anonymous_9)
FN:149,(anonymous_10)
FN:150,(anonymous_11)
FN:151,(anonymous_12)
FN:157,(anonymous_13)
FN:158,(anonymous_14)
FN:166,(anonymous_15)
FN:167,(anonymous_16)
FNF:17
FNH:0
FNDA:0,(anonymous_0)
FNDA:0,(anonymous_1)
FNDA:0,(anonymous_2)
FNDA:0,LeaderboardScreen
FNDA:0,(anonymous_4)
FNDA:0,(anonymous_5)
FNDA:0,(anonymous_6)
FNDA:0,(anonymous_7)
FNDA:0,(anonymous_8)
FNDA:0,(anonymous_9)
FNDA:0,(anonymous_10)
FNDA:0,(anonymous_11)
FNDA:0,(anonymous_12)
FNDA:0,(anonymous_13)
FNDA:0,(anonymous_14)
FNDA:0,(anonymous_15)
FNDA:0,(anonymous_16)
DA:10,0
DA:11,0
DA:12,0
DA:13,0
DA:14,0
DA:15,0
DA:16,0
DA:19,0
DA:20,0
DA:30,0
DA:31,0
DA:32,0
DA:34,0
DA:35,0
DA:36,0
DA:37,0
DA:38,0
DA:39,0
DA:41,0
DA:44,0
DA:48,0
DA:75,0
DA:76,0
DA:78,0
DA:79,0
DA:80,0
DA:81,0
DA:84,0
DA:86,0
DA:87,0
DA:88,0
DA:90,0
DA:95,0
DA:105,0
DA:108,0
DA:110,0
DA:111,0
DA:113,0
DA:118,0
DA:125,0
DA:128,0
DA:131,0
DA:136,0
DA:139,0
DA:140,0
DA:144,0
DA:149,0
DA:150,0
DA:151,0
DA:157,0
DA:158,0
DA:166,0
DA:167,0
DA:180,0
LF:54
LH:0
BRDA:12,0,0,0
BRDA:12,0,1,0
BRDA:21,1,0,0
BRDA:21,1,1,0
BRDA:24,2,0,0
BRDA:24,2,1,0
BRDA:36,3,0,0
BRDA:36,3,1,0
BRDA:37,4,0,0
BRDA:37,4,1,0
BRDA:38,5,0,0
BRDA:38,5,1,0
BRDA:39,6,0,0
BRDA:39,6,1,0
BRDA:41,7,0,0
BRDA:41,7,1,0
BRDA:44,8,0,0
BRDA:44,8,1,0
BRDA:46,9,0,0
BRDA:46,9,1,0
BRDA:54,10,0,0
BRDA:54,10,1,0
BRDA:59,11,0,0
BRDA:59,11,1,0
BRDA:60,12,0,0
BRDA:60,12,1,0
BRDA:66,13,0,0
BRDA:66,13,1,0
BRDA:66,14,0,0
BRDA:66,14,1,0
BRDA:68,15,0,0
BRDA:68,15,1,0
BRDA:68,16,0,0
BRDA:68,16,1,0
BRDA:68,17,0,0
BRDA:68,17,1,0
BRDA:87,18,0,0
BRDA:87,18,1,0
BRDA:90,19,0,0
BRDA:90,19,1,0
BRDA:97,20,0,0
BRDA:97,20,1,0
BRDA:105,21,0,0
BRDA:105,21,1,0
BRDA:108,22,0,0
BRDA:108,22,1,0
BRDA:110,23,0,0
BRDA:110,23,1,0
BRDA:111,24,0,0
BRDA:111,24,1,0
BRDA:121,25,0,0
BRDA:121,25,1,0
BRDA:121,26,0,0
BRDA:121,26,1,0
BRDA:121,27,0,0
BRDA:121,27,1,0
BRDA:139,28,0,0
BRDA:139,28,1,0
BRF:58
BRH:0
end_of_record
TN:
SF:src\screens\LoginScreen.js
FN:22,LoginScreen
FN:34,(anonymous_1)
FN:56,(anonymous_2)
FN:75,(anonymous_3)
FN:92,(anonymous_4)
FN:116,(anonymous_5)
FN:117,(anonymous_6)
FN:133,(anonymous_7)
FN:134,(anonymous_8)
FN:136,(anonymous_9)
FN:142,(anonymous_10)
FN:168,(anonymous_11)
FN:171,(anonymous_12)
FN:174,(anonymous_13)
FN:182,(anonymous_14)
FNF:15
FNH:0
FNDA:0,LoginScreen
FNDA:0,(anonymous_1)
FNDA:0,(anonymous_2)
FNDA:0,(anonymous_3)
FNDA:0,(anonymous_4)
FNDA:0,(anonymous_5)
FNDA:0,(anonymous_6)
FNDA:0,(anonymous_7)
FNDA:0,(anonymous_8)
FNDA:0,(anonymous_9)
FNDA:0,(anonymous_10)
FNDA:0,(anonymous_11)
FNDA:0,(anonymous_12)
FNDA:0,(anonymous_13)
FNDA:0,(anonymous_14)
DA:20,0
DA:23,0
DA:25,0
DA:26,0
DA:27,0
DA:28,0
DA:30,0
DA:31,0
DA:34,0
DA:35,0
DA:36,0
DA:37,0
DA:40,0
DA:43,0
DA:45,0
DA:47,0
DA:49,0
DA:56,0
DA:57,0
DA:58,0
DA:59,0
DA:60,0
DA:61,0
DA:62,0
DA:63,0
DA:65,0
DA:68,0
DA:70,0
DA:75,0
DA:80,0
DA:92,0
DA:116,0
DA:117,0
DA:133,0
DA:134,0
DA:136,0
DA:142,0
DA:168,0
DA:171,0
DA:174,0
DA:182,0
DA:193,0
LF:42
LH:0
BRDA:35,0,0,0
BRDA:35,0,1,0
BRDA:35,1,0,0
BRDA:35,1,1,0
BRDA:47,2,0,0
BRDA:47,2,1,0
BRDA:57,3,0,0
BRDA:57,3,1,0
BRDA:61,4,0,0
BRDA:61,4,1,0
BRDA:62,5,0,0
BRDA:62,5,1,0
BRDA:96,6,0,0
BRDA:96,6,1,0
BRDA:106,7,0,0
BRDA:106,7,1,0
BRDA:107,8,0,0
BRDA:107,8,1,0
BRDA:124,9,0,0
BRDA:124,9,1,0
BRDA:125,10,0,0
BRDA:125,10,1,0
BRDA:137,11,0,0
BRDA:137,11,1,0
BRDA:149,12,0,0
BRDA:149,12,1,0
BRDA:153,13,0,0
BRDA:153,13,1,0
BRF:28
BRH:0
end_of_record
TN:
SF:src\screens\NotificationContext.js
FN:7,(anonymous_0)
FN:13,(anonymous_1)
FN:20,(anonymous_2)
FN:24,(anonymous_3)
FN:25,(anonymous_4)
FN:35,(anonymous_5)
FN:36,(anonymous_6)
FN:44,(anonymous_7)
FN:47,(anonymous_8)
FN:56,(anonymous_9)
FN:76,(anonymous_10)
FN:77,(anonymous_11)
FN:77,(anonymous_12)
FN:80,(anonymous_13)
FN:81,(anonymous_14)
FN:81,(anonymous_15)
FN:84,(anonymous_16)
FNF:17
FNH:0
FNDA:0,(anonymous_0)
FNDA:0,(anonymous_1)
FNDA:0,(anonymous_2)
FNDA:0,(anonymous_3)
FNDA:0,(anonymous_4)
FNDA:0,(anonymous_5)
FNDA:0,(anonymous_6)
FNDA:0,(anonymous_7)
FNDA:0,(anonymous_8)
FNDA:0,(anonymous_9)
FNDA:0,(anonymous_10)
FNDA:0,(anonymous_11)
FNDA:0,(anonymous_12)
FNDA:0,(anonymous_13)
FNDA:0,(anonymous_14)
FNDA:0,(anonymous_15)
FNDA:0,(anonymous_16)
DA:5,0
DA:7,0
DA:12,0
DA:13,0
DA:20,0
DA:21,0
DA:24,0
DA:25,0
DA:26,0
DA:27,0
DA:28,0
DA:29,0
DA:31,0
DA:35,0
DA:36,0
DA:37,0
DA:38,0
DA:39,0
DA:41,0
DA:44,0
DA:47,0
DA:49,0
DA:56,0
DA:61,0
DA:62,0
DA:72,0
DA:76,0
DA:77,0
DA:80,0
DA:81,0
DA:84,0
DA:88,0
LF:32
LH:0
BRDA:28,0,0,0
BRDA:28,0,1,0
BRDA:77,1,0,0
BRDA:77,1,1,0
BRF:4
BRH:0
end_of_record
TN:
SF:src\screens\OnboardingScreen.js
FN:34,(anonymous_0)
FN:44,OnboardingScreen
FN:101,(anonymous_2)
FN:106,(anonymous_3)
FN:107,(anonymous_4)
FN:109,(anonymous_5)
FN:113,(anonymous_6)
FN:129,(anonymous_7)
FN:132,(anonymous_8)
FN:136,(anonymous_9)
FN:175,(anonymous_10)
FN:188,(anonymous_11)
FN:192,(anonymous_12)
FN:200,(anonymous_13)
FN:200,(anonymous_14)
FN:202,(anonymous_15)
FN:203,(anonymous_16)
FN:209,(anonymous_17)
FN:214,(anonymous_18)
FN:220,(anonymous_19)
FN:224,(anonymous_20)
FN:230,(anonymous_21)
FN:240,(anonymous_22)
FN:241,(anonymous_23)
FN:243,(anonymous_24)
FN:250,(anonymous_25)
FN:270,(anonymous_26)
FN:278,(anonymous_27)
FN:279,(anonymous_28)
FN:282,(anonymous_29)
FN:282,(anonymous_30)
FN:286,(anonymous_31)
FN:287,(anonymous_32)
FN:288,(anonymous_33)
FN:289,(anonymous_34)
FN:290,(anonymous_35)
FN:291,(anonymous_36)
FN:299,(anonymous_37)
FN:300,(anonymous_38)
FN:315,(anonymous_39)
FN:317,(anonymous_40)
FN:321,(anonymous_41)
FN:322,(anonymous_42)
FN:331,(anonymous_43)
FN:333,(anonymous_44)
FN:339,(anonymous_45)
FN:340,(anonymous_46)
FN:348,(anonymous_47)
FN:354,(anonymous_48)
FN:366,(anonymous_49)
FN:368,(anonymous_50)
FN:372,(anonymous_51)
FN:383,(anonymous_52)
FN:385,(anonymous_53)
FN:390,(anonymous_54)
FN:393,(anonymous_55)
FN:402,(anonymous_56)
FN:412,(anonymous_57)
FN:420,(anonymous_58)
FN:422,(anonymous_59)
FN:466,(anonymous_60)
FN:470,(anonymous_61)
FNF:62
FNH:0
FNDA:0,(anonymous_0)
FNDA:0,OnboardingScreen
FNDA:0,(anonymous_2)
FNDA:0,(anonymous_3)
FNDA:0,(anonymous_4)
FNDA:0,(anonymous_5)
FNDA:0,(anonymous_6)
FNDA:0,(anonymous_7)
FNDA:0,(anonymous_8)
FNDA:0,(anonymous_9)
FNDA:0,(anonymous_10)
FNDA:0,(anonymous_11)
FNDA:0,(anonymous_12)
FNDA:0,(anonymous_13)
FNDA:0,(anonymous_14)
FNDA:0,(anonymous_15)
FNDA:0,(anonymous_16)
FNDA:0,(anonymous_17)
FNDA:0,(anonymous_18)
FNDA:0,(anonymous_19)
FNDA:0,(anonymous_20)
FNDA:0,(anonymous_21)
FNDA:0,(anonymous_22)
FNDA:0,(anonymous_23)
FNDA:0,(anonymous_24)
FNDA:0,(anonymous_25)
FNDA:0,(anonymous_26)
FNDA:0,(anonymous_27)
FNDA:0,(anonymous_28)
FNDA:0,(anonymous_29)
FNDA:0,(anonymous_30)
FNDA:0,(anonymous_31)
FNDA:0,(anonymous_32)
FNDA:0,(anonymous_33)
FNDA:0,(anonymous_34)
FNDA:0,(anonymous_35)
FNDA:0,(anonymous_36)
FNDA:0,(anonymous_37)
FNDA:0,(anonymous_38)
FNDA:0,(anonymous_39)
FNDA:0,(anonymous_40)
FNDA:0,(anonymous_41)
FNDA:0,(anonymous_42)
FNDA:0,(anonymous_43)
FNDA:0,(anonymous_44)
FNDA:0,(anonymous_45)
FNDA:0,(anonymous_46)
FNDA:0,(anonymous_47)
FNDA:0,(anonymous_48)
FNDA:0,(anonymous_49)
FNDA:0,(anonymous_50)
FNDA:0,(anonymous_51)
FNDA:0,(anonymous_52)
FNDA:0,(anonymous_53)
FNDA:0,(anonymous_54)
FNDA:0,(anonymous_55)
[...]
FNDA:0,(anonymous_4)
FNDA:0,(anonymous_5)
FNDA:0,(anonymous_6)
FNDA:0,(anonymous_7)
FNDA:0,(anonymous_8)
FNDA:0,(anonymous_9)
FNDA:0,(anonymous_10)
FNDA:0,(anonymous_11)
FNDA:0,(anonymous_12)
FNDA:0,(anonymous_13)
FNDA:0,(anonymous_14)
FNDA:0,(anonymous_15)
FNDA:0,(anonymous_16)
FNDA:0,(anonymous_17)
FNDA:0,(anonymous_18)
DA:24,0
DA:27,0
DA:29,0
DA:30,0
DA:31,0
DA:32,0
DA:33,0
DA:35,0
DA:36,0
DA:40,0
DA:41,0
DA:42,0
DA:43,0
DA:46,0
DA:49,0
DA:51,0
DA:53,0
DA:56,0
DA:63,0
DA:64,0
DA:65,0
DA:66,0
DA:67,0
DA:68,0
DA:69,0
DA:74,0
DA:76,0
DA:78,0
DA:82,0
DA:97,0
DA:125,0
DA:126,0
DA:144,0
DA:145,0
DA:162,0
DA:163,0
DA:165,0
DA:182,0
DA:183,0
DA:184,0
DA:212,0
DA:218,0
DA:220,0
DA:221,0
DA:224,0
DA:227,0
DA:234,0
DA:242,0
DA:253,0
LF:49
LH:0
BRDA:41,0,0,0
BRDA:41,0,1,0
BRDA:41,1,0,0
BRDA:41,1,1,0
BRDA:41,1,2,0
BRDA:53,2,0,0
BRDA:53,2,1,0
BRDA:64,3,0,0
BRDA:64,3,1,0
BRDA:68,4,0,0
BRDA:68,4,1,0
BRDA:103,5,0,0
BRDA:103,5,1,0
BRDA:117,6,0,0
BRDA:117,6,1,0
BRDA:118,7,0,0
BRDA:118,7,1,0
BRDA:134,8,0,0
BRDA:134,8,1,0
BRDA:135,9,0,0
BRDA:135,9,1,0
BRDA:153,10,0,0
BRDA:153,10,1,0
BRDA:154,11,0,0
BRDA:154,11,1,0
BRDA:166,12,0,0
BRDA:166,12,1,0
BRDA:174,13,0,0
BRDA:174,13,1,0
BRDA:175,14,0,0
BRDA:175,14,1,0
BRDA:192,15,0,0
BRDA:192,15,1,0
BRDA:196,16,0,0
BRDA:196,16,1,0
BRDA:220,17,0,0
BRDA:220,17,1,0
BRDA:221,18,0,0
BRDA:221,18,1,0
BRF:39
BRH:0
end_of_record
TN:
SF:src\screens\TipDetailScreen.js
FN:19,TipDetailScreen
FN:59,(anonymous_1)
FN:62,(anonymous_2)
FN:107,(anonymous_3)
FN:127,(anonymous_4)
FNF:5
FNH:0
FNDA:0,TipDetailScreen
FNDA:0,(anonymous_1)
FNDA:0,(anonymous_2)
FNDA:0,(anonymous_3)
FNDA:0,(anonymous_4)
DA:8,0
DA:17,0
DA:20,0
DA:21,0
DA:22,0
DA:24,0
DA:26,0
DA:29,0
DA:35,0
DA:59,0
DA:62,0
DA:108,0
DA:127,0
DA:142,0
LF:14
LH:0
BRDA:20,0,0,0
BRDA:20,0,1,0
BRDA:26,1,0,0
BRDA:26,1,1,0
BRDA:29,2,0,0
BRDA:29,2,1,0
BRDA:63,3,0,0
BRDA:63,3,1,0
BRDA:63,4,0,0
BRDA:63,4,1,0
BRDA:96,5,0,0
BRDA:96,5,1,0
BRDA:110,6,0,0
BRDA:110,6,1,0
BRDA:111,7,0,0
BRDA:111,7,1,0
BRDA:114,8,0,0
BRDA:114,8,1,0
BRDA:117,9,0,0
BRDA:117,9,1,0
BRDA:126,10,0,0
BRDA:126,10,1,0
BRDA:130,11,0,0
BRDA:130,11,1,0
BRDA:131,12,0,0
BRDA:131,12,1,0
BRDA:133,13,0,0
BRDA:133,13,1,0
BRF:28
BRH:0
end_of_record
TN:
SF:src\screens\UserListScreen.js
FN:19,UserListScreen
FN:27,(anonymous_1)
FN:28,(anonymous_2)
FN:51,(anonymous_3)
FN:73,(anonymous_4)
FN:77,(anonymous_5)
FN:85,(anonymous_6)
FN:89,(anonymous_7)
FN:108,(anonymous_8)
FN:121,(anonymous_9)
FN:136,(anonymous_10)
FNF:11
FNH:0
FNDA:0,UserListScreen
FNDA:0,(anonymous_1)
FNDA:0,(anonymous_2)
FNDA:0,(anonymous_3)
FNDA:0,(anonymous_4)
FNDA:0,(anonymous_5)
FNDA:0,(anonymous_6)
FNDA:0,(anonymous_7)
FNDA:0,(anonymous_8)
FNDA:0,(anonymous_9)
FNDA:0,(anonymous_10)
DA:10,0
DA:20,0
DA:21,0
DA:22,0
DA:24,0
DA:25,0
DA:27,0
DA:28,0
DA:29,0
DA:30,0
DA:31,0
DA:32,0
DA:35,0
DA:40,0
DA:41,0
DA:42,0
DA:45,0
DA:47,0
DA:48,0
DA:49,0
DA:50,0
DA:51,0
DA:55,0
DA:62,0
DA:64,0
DA:66,0
DA:70,0
DA:73,0
DA:74,0
DA:77,0
DA:78,0
DA:79,0
DA:81,0
DA:85,0
DA:86,0
DA:89,0
DA:108,0
DA:118,0
DA:121,0
DA:136,0
DA:149,0
LF:41
LH:0
BRDA:21,0,0,0
BRDA:21,1,0,0
BRDA:21,1,1,0
BRDA:29,2,0,0
BRDA:29,2,1,0
BRDA:29,3,0,0
BRDA:29,3,1,0
BRDA:48,4,0,0
BRDA:48,4,1,0
BRDA:78,5,0,0
BRDA:78,5,1,0
BRDA:89,6,0,0
BRDA:89,6,1,0
BRDA:92,7,0,0
BRDA:92,7,1,0
BRDA:96,8,0,0
BRDA:96,8,1,0
BRDA:101,9,0,0
BRDA:101,9,1,0
BRDA:105,10,0,0
BRDA:105,10,1,0
BRDA:107,11,0,0
BRDA:107,11,1,0
BRDA:110,12,0,0
BRDA:110,12,1,0
BRDA:111,13,0,0
BRDA:111,13,1,0
BRDA:124,14,0,0
BRDA:124,14,1,0
BRDA:128,15,0,0
BRDA:128,15,1,0
BRF:31
BRH:0
end_of_record
TN:
SF:src\screens\UserProfileScreen.js
FN:11,UserProfileScreen
FN:23,(anonymous_1)
FN:26,(anonymous_2)
FN:29,(anonymous_3)
FN:54,(anonymous_4)
FN:99,(anonymous_5)
FN:102,(anonymous_6)
FN:150,(anonymous_7)
FN:161,(anonymous_8)
FN:163,(anonymous_9)
FN:168,(anonymous_10)
FN:176,(anonymous_11)
FN:176,(anonymous_12)
FN:186,(anonymous_13)
FN:188,(anonymous_14)
FN:239,(anonymous_15)
FN:289,(anonymous_16)
FN:291,(anonymous_17)
FN:292,(anonymous_18)
FN:293,(anonymous_19)
FN:293,(anonymous_20)
FN:294,(anonymous_21)
FNF:22
FNH:0
FNDA:0,UserProfileScreen
FNDA:0,(anonymous_1)
FNDA:0,(anonymous_2)
FNDA:0,(anonymous_3)
FNDA:0,(anonymous_4)
FNDA:0,(anonymous_5)
FNDA:0,(anonymous_6)
FNDA:0,(anonymous_7)
FNDA:0,(anonymous_8)
FNDA:0,(anonymous_9)
FNDA:0,(anonymous_10)
FNDA:0,(anonymous_11)
FNDA:0,(anonymous_12)
FNDA:0,(anonymous_13)
FNDA:0,(anonymous_14)
FNDA:0,(anonymous_15)
FNDA:0,(anonymous_16)
FNDA:0,(anonymous_17)
FNDA:0,(anonymous_18)
FNDA:0,(anonymous_19)
FNDA:0,(anonymous_20)
FNDA:0,(anonymous_21)
DA:9,0
DA:12,0
DA:13,0
DA:14,0
DA:16,0
DA:21,0
DA:23,0
DA:24,0
DA:26,0
DA:27,0
DA:28,0
DA:29,0
DA:31,0
DA:54,0
DA:55,0
DA:56,0
DA:57,0
DA:59,0
DA:61,0
DA:62,0
DA:65,0
DA:66,0
DA:69,0
DA:70,0
DA:80,0
DA:83,0
DA:84,0
DA:95,0
DA:99,0
DA:100,0
DA:101,0
DA:102,0
DA:104,0
DA:126,0
DA:127,0
DA:137,0
DA:141,0
DA:145,0
DA:146,0
DA:147,0
DA:150,0
DA:151,0
DA:152,0
DA:154,0
DA:155,0
DA:157,0
DA:161,0
DA:162,0
DA:163,0
DA:164,0
DA:165,0
DA:168,0
DA:169,0
DA:170,0
DA:171,0
DA:172,0
DA:173,0
DA:176,0
DA:178,0
DA:179,0
DA:181,0
DA:186,0
DA:188,0
DA:240,0
DA:289,0
DA:291,0
DA:292,0
DA:293,0
DA:294,0
DA:302,0
LF:70
LH:0
BRDA:12,0,0,0
BRDA:12,0,1,0
BRDA:21,1,0,0
BRDA:21,1,1,0
BRDA:21,1,2,0
BRDA:24,2,0,0
BRDA:24,2,1,0
BRDA:26,3,0,0
BRDA:26,3,1,0
BRDA:28,4,0,0
BRDA:28,4,1,0
BRDA:29,5,0,0
BRDA:29,5,1,0
BRDA:37,6,0,0
BRDA:37,6,1,0
BRDA:38,7,0,0
BRDA:38,7,1,0
BRDA:39,8,0,0
BRDA:39,8,1,0
BRDA:43,9,0,0
BRDA:43,9,1,0
BRDA:44,10,0,0
BRDA:44,10,1,0
BRDA:61,11,0,0
BRDA:61,11,1,0
BRDA:65,12,0,0
BRDA:65,12,1,0
BRDA:69,13,0,0
BRDA:69,13,1,0
BRDA:71,14,0,0
BRDA:71,14,1,0
BRDA:73,15,0,0
BRDA:73,15,1,0
BRDA:83,16,0,0
BRDA:83,16,1,0
BRDA:83,17,0,0
BRDA:83,17,1,0
BRDA:85,18,0,0
BRDA:85,18,1,0
BRDA:87,19,0,0
BRDA:87,19,1,0
BRDA:99,20,0,0
BRDA:99,20,1,0
BRDA:99,21,0,0
BRDA:99,21,1,0
BRDA:100,22,0,0
BRDA:100,22,1,0
BRDA:101,23,0,0
BRDA:101,23,1,0
BRDA:101,24,0,0
BRDA:101,24,1,0
BRDA:102,25,0,0
BRDA:102,25,1,0
BRDA:105,26,0,0
BRDA:105,26,1,0
BRDA:108,27,0,0
BRDA:108,27,1,0
BRDA:109,28,0,0
BRDA:109,28,1,0
BRDA:110,29,0,0
BRDA:110,29,1,0
BRDA:111,30,0,0
BRDA:111,30,1,0
BRDA:112,31,0,0
BRDA:112,31,1,0
BRDA:116,32,0,0
BRDA:116,32,1,0
BRDA:117,33,0,0
BRDA:117,33,1,0
BRDA:145,34,0,0
BRDA:145,34,1,0
BRDA:146,35,0,0
BRDA:146,35,1,0
BRDA:147,36,0,0
BRDA:147,36,1,0
BRDA:154,37,0,0
BRDA:154,37,1,0
BRDA:154,38,0,0
BRDA:154,38,1,0
BRDA:154,38,2,0
BRDA:162,39,0,0
BRDA:162,39,1,0
BRDA:163,40,0,0
BRDA:163,40,1,0
BRDA:164,41,0,0
BRDA:164,41,1,0
BRDA:165,42,0,0
BRDA:165,42,1,0
BRDA:170,43,0,0
BRDA:170,43,1,0
BRDA:171,44,0,0
BRDA:171,44,1,0
BRDA:172,45,0,0
BRDA:172,45,1,0
BRDA:173,46,0,0
BRDA:173,46,1,0
BRDA:176,47,0,0
BRDA:176,47,1,0
BRDA:178,48,0,0
BRDA:178,48,1,0
BRDA:178,49,0,0
BRDA:178,49,1,0
BRDA:179,50,0,0
BRDA:179,50,1,0
BRDA:179,51,0,0
BRDA:179,51,1,0
BRDA:194,52,0,0
BRDA:194,52,1,0
BRDA:195,53,0,0
BRDA:195,53,1,0
BRDA:200,54,0,0
BRDA:200,54,1,0
BRDA:204,55,0,0
BRDA:204,55,1,0
BRDA:207,56,0,0
BRDA:207,56,1,0
BRDA:215,57,0,0
BRDA:215,57,1,0
BRDA:215,58,0,0
BRDA:215,58,1,0
BRDA:215,59,0,0
BRDA:215,59,1,0
BRDA:216,60,0,0
BRDA:216,60,1,0
BRDA:216,60,2,0
BRDA:216,60,3,0
BRDA:216,61,0,0
BRDA:216,61,1,0
BRDA:216,62,0,0
BRDA:216,62,1,0
BRDA:216,63,0,0
BRDA:216,63,1,0
BRDA:216,64,0,0
BRDA:216,64,1,0
BRDA:224,65,0,0
BRDA:224,65,1,0
BRDA:238,66,0,0
BRDA:238,66,1,0
BRDA:238,67,0,0
BRDA:238,67,1,0
BRDA:241,68,0,0
BRDA:241,68,1,0
BRDA:253,69,0,0
BRDA:253,69,1,0
BRDA:259,70,0,0
BRDA:259,70,1,0
BRDA:267,71,0,0
BRDA:267,71,1,0
BRDA:272,72,0,0
BRDA:272,72,1,0
BRDA:293,73,0,0
BRDA:293,73,1,0
BRDA:293,74,0,0
BRDA:293,74,1,0
BRDA:293,75,0,0
BRDA:293,75,1,0
BRF:156
BRH:0
end_of_record
TN:
SF:src\screens\WelcomeScreen.js
FN:7,WelcomeScreen
FN:9,(anonymous_1)
FN:39,(anonymous_2)
FN:46,(anonymous_3)
FNF:4
FNH:0
FNDA:0,WelcomeScreen
FNDA:0,(anonymous_1)
FNDA:0,(anonymous_2)
FNDA:0,(anonymous_3)
DA:9,0
DA:14,0
DA:39,0
DA:46,0
DA:59,0
LF:5
LH:0
BRF:0
BRH:0
end_of_record
TN:
SF:src\screens\WorkoutDetailScreen.js
FN:69,WorkoutDetailScreen
FN:93,(anonymous_1)
FN:100,(anonymous_2)
FN:101,(anonymous_3)
FN:108,(anonymous_4)
FN:113,(anonymous_5)
FN:153,(anonymous_6)
FN:154,(anonymous_7)
FN:155,(anonymous_8)
FN:157,(anonymous_9)
FN:160,(anonymous_10)
FN:167,(anonymous_11)
FN:176,(anonymous_12)
FN:184,(anonymous_13)
FN:203,(anonymous_14)
FN:215,(anonymous_15)
FN:222,(anonymous_16)
FN:223,(anonymous_17)
FN:227,(anonymous_18)
FN:227,(anonymous_19)
FN:230,(anonymous_20)
FN:234,(anonymous_21)
FN:237,(anonymous_22)
FN:239,(anonymous_23)
FN:244,(anonymous_24)
FN:246,(anonymous_25)
FN:247,(anonymous_26)
FN:252,(anonymous_27)
FN:271,(anonymous_28)
FN:307,(anonymous_29)
FN:313,(anonymous_30)
FN:346,(anonymous_31)
FN:353,(anonymous_32)
FN:354,(anonymous_33)
FN:356,(anonymous_34)
FN:357,(anonymous_35)
FN:358,(anonymous_36)
FN:370,(anonymous_37)
FN:371,(anonymous_38)
FN:373,(anonymous_39)
FN:374,(anonymous_40)
FN:380,(anonymous_41)
FN:385,(anonymous_42)
FN:386,(anonymous_43)
FN:388,(anonymous_44)
FN:389,(anonymous_45)
FN:390,(anonymous_46)
FN:398,(anonymous_47)
FN:403,(anonymous_48)
FN:404,(anonymous_49)
FN:406,(anonymous_50)
FN:407,(anonymous_51)
FN:408,(anonymous_52)
FNF:53
FNH:0
FNDA:0,WorkoutDetailScreen
FNDA:0,(anonymous_1)
FNDA:0,(anonymous_2)
FNDA:0,(anonymous_3)
FNDA:0,(anonymous_4)
FNDA:0,(anonymous_5)
FNDA:0,(anonymous_6)
FNDA:0,(anonymous_7)
FNDA:0,(anonymous_8)
FNDA:0,(anonymous_9)
FNDA:0,(anonymous_10)
FNDA:0,(anonymous_11)
FNDA:0,(anonymous_12)
FNDA:0,(anonymous_13)
FNDA:0,(anonymous_14)
FNDA:0,(anonymous_15)
FNDA:0,(anonymous_16)
FNDA:0,(anonymous_17)
FNDA:0,(anonymous_18)
FNDA:0,(anonymous_19)
FNDA:0,(anonymous_20)
FNDA:0,(anonymous_21)
FNDA:0,(anonymous_22)
FNDA:0,(anonymous_23)
FNDA:0,(anonymous_24)
FNDA:0,(anonymous_25)
FNDA:0,(anonymous_26)
FNDA:0,(anonymous_27)
FNDA:0,(anonymous_28)
FNDA:0,(anonymous_29)
FNDA:0,(anonymous_30)
FNDA:0,(anonymous_31)
FNDA:0,(anonymous_32)
FNDA:0,(anonymous_33)
FNDA:0,(anonymous_34)
FNDA:0,(anonymous_35)
FNDA:0,(anonymous_36)
FNDA:0,(anonymous_37)
FNDA:0,(anonymous_38)
FNDA:0,(anonymous_39)
FNDA:0,(anonymous_40)
FNDA:0,(anonymous_41)
FNDA:0,(anonymous_42)
FNDA:0,(anonymous_43)
FNDA:0,(anonymous_44)
FNDA:0,(anonymous_45)
FNDA:0,(anonymous_46)
FNDA:0,(anonymous_47)
FNDA:0,(anonymous_48)
FNDA:0,(anonymous_49)
FNDA:0,(anonymous_50)
FNDA:0,(anonymous_51)
FNDA:0,(anonymous_52)
DA:10,0
DA:12,0
DA:14,0
DA:55,0
DA:62,0
DA:71,0
DA:72,0
DA:75,0
DA:77,0
DA:78,0
DA:80,0
DA:81,0
DA:82,0
DA:83,0
DA:85,0
DA:86,0
DA:88,0
DA:93,0
DA:94,0
DA:100,0
DA:101,0
DA:102,0
DA:103,0
DA:108,0
DA:109,0
DA:110,0
DA:113,0
DA:115,0
DA:119,0
DA:120,0
DA:140,0
DA:141,0
DA:142,0
DA:143,0
DA:146,0
DA:153,0
DA:154,0
DA:155,0
DA:157,0
DA:158,0
DA:161,0
DA:162,0
DA:167,0
DA:169,0
DA:170,0
DA:171,0
DA:174,0
DA:175,0
DA:176,0
DA:177,0
DA:178,0
DA:179,0
DA:180,0
DA:182,0
DA:183,0
DA:184,0
DA:185,0
DA:197,0
DA:198,0
DA:200,0
DA:203,0
DA:204,0
DA:205,0
DA:206,0
DA:210,0
DA:211,0
DA:212,0
DA:215,0
DA:216,0
DA:217,0
DA:218,0
DA:219,0
DA:222,0
DA:223,0
DA:224,0
DA:225,0
DA:226,0
DA:227,0
DA:230,0
DA:231,0
DA:232,0
DA:233,0
DA:234,0
DA:237,0
DA:238,0
DA:239,0
DA:240,0
DA:241,0
DA:244,0
DA:246,0
DA:247,0
DA:248,0
DA:250,0
DA:252,0
DA:253,0
DA:262,0
DA:264,0
DA:271,0
DA:308,0
DA:314,0
DA:346,0
DA:353,0
DA:354,0
DA:356,0
DA:358,0
DA:370,0
DA:371,0
DA:373,0
DA:375,0
DA:380,0
DA:385,0
DA:386,0
DA:388,0
DA:390,0
DA:398,0
DA:403,0
DA:404,0
DA:406,0
DA:407,0
DA:408,0
DA:419,0
LF:121
LH:0
BRDA:71,0,0,0
BRDA:71,0,1,0
BRDA:72,1,0,0
BRDA:72,1,1,0
BRDA:75,2,0,0
BRDA:75,2,1,0
BRDA:75,2,2,0
BRDA:89,3,0,0
BRDA:89,3,1,0
BRDA:90,4,0,0
BRDA:90,4,1,0
BRDA:95,5,0,0
BRDA:95,5,1,0
BRDA:96,6,0,0
BRDA:96,6,1,0
BRDA:102,7,0,0
BRDA:102,7,1,0
BRDA:109,8,0,0
BRDA:109,8,1,0
BRDA:109,9,0,0
BRDA:109,9,1,0
BRDA:110,10,0,0
BRDA:110,10,1,0
BRDA:110,11,0,0
BRDA:110,11,1,0
BRDA:115,12,0,0
BRDA:115,12,1,0
BRDA:119,13,0,0
BRDA:119,13,1,0
BRDA:119,14,0,0
BRDA:119,14,1,0
BRDA:119,14,2,0
BRDA:119,14,3,0
BRDA:140,15,0,0
BRDA:140,15,1,0
BRDA:169,16,0,0
BRDA:169,16,1,0
BRDA:169,17,0,0
BRDA:169,17,1,0
BRDA:175,18,0,0
BRDA:175,18,1,0
BRDA:178,19,0,0
BRDA:178,19,1,0
BRDA:178,20,0,0
BRDA:178,20,1,0
BRDA:180,21,0,0
BRDA:180,21,1,0
BRDA:183,22,0,0
BRDA:183,22,1,0
BRDA:187,23,0,0
BRDA:187,23,1,0
BRDA:187,24,0,0
BRDA:187,24,1,0
BRDA:189,25,0,0
BRDA:189,25,1,0
BRDA:197,26,0,0
BRDA:197,26,1,0
BRDA:205,27,0,0
BRDA:205,27,1,0
BRDA:217,28,0,0
BRDA:217,28,1,0
BRDA:224,29,0,0
BRDA:224,29,1,0
BRDA:224,30,0,0
BRDA:224,30,1,0
BRDA:225,31,0,0
BRDA:225,31,1,0
BRDA:225,32,0,0
BRDA:225,32,1,0
BRDA:226,33,0,0
BRDA:226,33,1,0
BRDA:227,34,0,0
BRDA:227,34,1,0
BRDA:232,35,0,0
BRDA:232,35,1,0
BRDA:240,36,0,0
BRDA:240,36,1,0
BRDA:247,37,0,0
BRDA:247,37,1,0
BRDA:252,38,0,0
BRDA:255,39,0,0
BRDA:255,39,1,0
BRDA:262,40,0,0
BRDA:262,40,1,0
BRDA:284,41,0,0
BRDA:284,41,1,0
BRDA:286,42,0,0
BRDA:286,42,1,0
BRDA:291,43,0,0
BRDA:291,43,1,0
BRDA:304,44,0,0
BRDA:304,44,1,0
BRDA:307,45,0,0
BRDA:307,45,1,0
BRDA:309,46,0,0
BRDA:309,46,1,0
BRDA:310,47,0,0
BRDA:310,47,1,0
BRDA:311,48,0,0
BRDA:311,48,1,0
BRDA:313,49,0,0
BRDA:313,49,1,0
BRDA:315,50,0,0
BRDA:315,50,1,0
BRDA:320,51,0,0
BRDA:320,51,1,0
BRDA:320,52,0,0
BRDA:320,52,1,0
BRDA:320,53,0,0
BRDA:320,53,1,0
BRDA:320,54,0,0
BRDA:320,54,1,0
BRDA:320,55,0,0
BRDA:320,55,1,0
BRDA:335,56,0,0
BRDA:335,56,1,0
BRDA:339,57,0,0
BRDA:339,57,1,0
BRDA:339,58,0,0
BRDA:339,58,1,0
BRDA:340,59,0,0
BRDA:340,59,1,0
BRDA:341,60,0,0
BRDA:341,60,1,0
BRDA:345,61,0,0
BRDA:345,61,1,0
BRDA:346,62,0,0
BRDA:346,62,1,0
BRDA:347,63,0,0
BRDA:347,63,1,0
BRDA:358,64,0,0
BRDA:358,64,1,0
BRDA:360,65,0,0
BRDA:360,65,1,0
BRDA:360,66,0,0
BRDA:360,66,1,0
BRDA:362,67,0,0
BRDA:362,67,1,0
BRDA:363,68,0,0
BRDA:363,68,1,0
BRDA:390,69,0,0
BRDA:390,69,1,0
BRDA:392,70,0,0
BRDA:392,70,1,0
BRDA:392,71,0,0
BRDA:392,71,1,0
BRDA:392,72,0,0
BRDA:392,72,1,0
BRDA:394,73,0,0
BRDA:394,73,1,0
BRDA:395,74,0,0
BRDA:395,74,1,0
BRDA:409,75,0,0
BRDA:409,75,1,0
BRDA:409,76,0,0
BRDA:409,76,1,0
BRF:156
BRH:0
end_of_record
TN:
SF:src\services\aiCoach.js
FN:5,(anonymous_0)
FN:45,(anonymous_1)
FN:98,(anonymous_2)
FN:103,(anonymous_3)
FNF:4
FNH:0
FNDA:0,(anonymous_0)
FNDA:0,(anonymous_1)
FNDA:0,(anonymous_2)
FNDA:0,(anonymous_3)
DA:5,0
DA:7,0
DA:8,0
DA:9,0
DA:10,0
DA:13,0
DA:14,0
DA:19,0
DA:20,0
DA:30,0
DA:31,0
DA:41,0
DA:42,0
DA:43,0
DA:45,0
DA:48,0
DA:49,0
DA:50,0
DA:51,0
DA:52,0
DA:56,0
DA:57,0
DA:58,0
DA:59,0
DA:63,0
DA:66,0
DA:67,0
DA:77,0
DA:78,0
DA:88,0
DA:98,0
DA:100,0
DA:101,0
DA:103,0
DA:104,0
DA:105,0
DA:107,0
DA:108,0
DA:109,0
DA:110,0
DA:112,0
DA:113,0
DA:114,0
DA:119,0
LF:44
LH:0
BRDA:7,0,0,0
BRDA:7,0,1,0
BRDA:8,1,0,0
BRDA:8,1,1,0
BRDA:10,2,0,0
BRDA:10,2,1,0
BRDA:14,3,0,0
BRDA:14,3,1,0
BRDA:19,4,0,0
BRDA:19,4,1,0
BRDA:22,5,0,0
BRDA:22,5,1,0
BRDA:30,6,0,0
BRDA:30,6,1,0
BRDA:33,7,0,0
BRDA:33,7,1,0
BRDA:33,8,0,0
BRDA:33,8,1,0
BRDA:41,9,0,0
BRDA:41,9,1,0
BRDA:42,10,0,0
BRDA:42,10,1,0
BRDA:43,11,0,0
BRDA:43,11,1,0
BRDA:49,12,0,0
BRDA:49,12,1,0
BRDA:50,13,0,0
BRDA:50,13,1,0
BRDA:51,14,0,0
BRDA:51,14,1,0
BRDA:52,15,0,0
BRDA:52,15,1,0
BRDA:57,16,0,0
BRDA:57,16,1,0
BRDA:66,17,0,0
BRDA:66,17,1,0
BRDA:77,18,0,0
BRDA:77,18,1,0
BRDA:107,19,0,0
BRDA:107,19,1,0
BRDA:108,20,0,0
BRDA:108,20,1,0
BRDA:109,21,0,0
BRDA:109,21,1,0
BRDA:110,22,0,0
BRDA:110,22,1,0
BRDA:113,23,0,0
BRDA:113,23,1,0
BRDA:114,24,0,0
BRDA:114,24,1,0
BRF:50
BRH:0
end_of_record
TN:
SF:src\services\aiService.js
FN:16,(anonymous_0)
FN:29,(anonymous_1)
FN:30,(anonymous_2)
FN:38,(anonymous_3)
FN:48,(anonymous_4)
FN:56,(anonymous_5)
FN:92,(anonymous_6)
FNF:7
FNH:0
FNDA:0,(anonymous_0)
FNDA:0,(anonymous_1)
FNDA:0,(anonymous_2)
FNDA:0,(anonymous_3)
FNDA:0,(anonymous_4)
FNDA:0,(anonymous_5)
FNDA:0,(anonymous_6)
DA:4,0
DA:16,0
DA:18,0
DA:19,0
DA:20,0
DA:22,0
DA:24,0
DA:28,0
DA:29,0
DA:30,0
DA:31,0
DA:38,0
DA:39,0
DA:40,0
DA:41,0
DA:42,0
DA:44,0
DA:48,0
DA:49,0
DA:52,0
DA:56,0
DA:61,0
DA:77,0
DA:79,0
DA:80,0
DA:83,0
DA:84,0
DA:85,0
DA:86,0
DA:87,0
DA:88,0
DA:91,0
DA:92,0
DA:93,0
DA:96,0
DA:100,0
DA:104,0
DA:106,0
DA:107,0
DA:110,0
LF:40
LH:0
BRDA:18,0,0,0
BRDA:18,0,1,0
BRDA:40,1,0,0
BRDA:40,1,1,0
BRDA:41,2,0,0
BRDA:41,2,1,0
BRDA:41,3,0,0
BRDA:41,3,1,0
BRDA:54,4,0,0
BRDA:54,4,1,0
BRDA:55,5,0,0
BRDA:55,5,1,0
BRDA:56,6,0,0
BRDA:56,6,1,0
BRDA:79,7,0,0
BRDA:79,7,1,0
BRDA:83,8,0,0
BRDA:83,8,1,0
BRDA:83,9,0,0
BRDA:83,9,1,0
BRDA:91,10,0,0
BRDA:91,10,1,0
BRDA:93,11,0,0
BRDA:93,11,1,0
BRDA:100,12,0,0
BRDA:100,12,1,0
BRDA:106,13,0,0
BRDA:106,13,1,0
BRF:28
BRH:0
end_of_record
TN:
SF:src\services\badgeService.js
FN:10,(anonymous_0)
FN:16,(anonymous_1)
FN:19,(anonymous_2)
FNF:3
FNH:0
FNDA:0,(anonymous_0)
FNDA:0,(anonymous_1)
FNDA:0,(anonymous_2)
DA:10,0
DA:11,0
DA:15,0
DA:16,0
DA:19,0
DA:21,0
DA:24,0
DA:25,0
DA:27,0
DA:36,0
DA:39,0
DA:43,0
LF:12
LH:0
BRDA:16,0,0,0
BRDA:16,0,1,0
BRDA:16,1,0,0
BRDA:16,1,1,0
BRDA:21,2,0,0
BRDA:21,2,1,0
BRDA:25,3,0,0
BRDA:25,3,1,0
BRF:8
BRH:0
end_of_record
TN:
SF:src\services\contentService.js
FN:110,(anonymous_0)
FN:121,(anonymous_1)
FN:131,(anonymous_2)
FN:150,(anonymous_3)
FN:154,(anonymous_4)
FNF:5
FNH:0
FNDA:0,(anonymous_0)
FNDA:0,(anonymous_1)
FNDA:0,(anonymous_2)
FNDA:0,(anonymous_3)
FNDA:0,(anonymous_4)
DA:4,0
DA:7,0
DA:105,0
DA:111,0
DA:112,0
DA:113,0
DA:115,0
DA:116,0
DA:117,0
DA:118,0
DA:121,0
DA:123,0
DA:124,0
DA:132,0
DA:133,0
DA:135,0
DA:136,0
DA:137,0
DA:142,0
DA:151,0
DA:152,0
DA:154,0
DA:155,0
DA:156,0
DA:163,0
DA:164,0
DA:165,0
DA:167,0
DA:168,0
LF:29
LH:0
BRDA:115,0,0,0
BRDA:115,0,1,0
BRDA:136,1,0,0
BRDA:136,1,1,0
BRDA:138,2,0,0
BRDA:138,2,1,0
BRF:6
BRH:0
end_of_record
TN:
SF:src\services\notificationService.js
FN:2,(anonymous_0)
FNF:1
FNH:0
FNDA:0,(anonymous_0)
DA:2,0
DA:3,0
DA:4,0
DA:5,0
DA:8,0
DA:16,0
DA:17,0
DA:30,0
LF:8
LH:0
BRDA:2,0,0,0
BRDA:3,1,0,0
BRDA:3,1,1,0
BRF:3
BRH:0
end_of_record
TN:
SF:src\services\referralService.js
FN:13,(anonymous_0)
FN:20,(anonymous_1)
FN:41,(anonymous_2)
FN:45,(anonymous_3)
FNF:4
FNH:0
FNDA:0,(anonymous_0)
FNDA:0,(anonymous_1)
FNDA:0,(anonymous_2)
FNDA:0,(anonymous_3)
DA:13,0
DA:14,0
DA:15,0
DA:16,0
DA:20,0
DA:21,0
DA:23,0
DA:24,0
DA:25,0
DA:26,0
DA:28,0
DA:30,0
DA:31,0
DA:33,0
DA:35,0
DA:36,0
DA:41,0
DA:42,0
DA:44,0
DA:45,0
DA:46,0
DA:47,0
DA:49,0
DA:50,0
DA:51,0
DA:54,0
DA:55,0
DA:56,0
DA:57,0
DA:60,0
DA:61,0
DA:64,0
DA:72,0
DA:82,0
DA:83,0
DA:85,0
DA:86,0
LF:37
LH:0
BRDA:14,0,0,0
BRDA:14,0,1,0
BRDA:21,1,0,0
BRDA:21,1,1,0
BRDA:21,2,0,0
BRDA:21,2,1,0
BRDA:28,3,0,0
BRDA:28,3,1,0
BRDA:42,4,0,0
BRDA:42,4,1,0
BRDA:42,5,0,0
BRDA:42,5,1,0
BRDA:50,6,0,0
BRDA:50,6,1,0
BRDA:55,7,0,0
BRDA:55,7,1,0
BRDA:56,8,0,0
BRDA:56,8,1,0
BRDA:57,9,0,0
BRDA:57,9,1,0
BRDA:60,10,0,0
BRDA:60,10,1,0
BRF:22
BRH:0
end_of_record
TN:
SF:src\utils\countryFlags.js
FN:2,(anonymous_0)
FNF:1
FNH:0
FNDA:0,(anonymous_0)
DA:2,0
DA:3,0
DA:69,0
LF:3
LH:0
BRDA:69,0,0,0
BRDA:69,0,1,0
BRF:2
BRH:0
end_of_record
TN:
SF:src\utils\helpers.js
FN:3,(anonymous_0)
FN:9,(anonymous_1)
FN:30,(anonymous_2)
FN:45,(anonymous_3)
FN:50,(anonymous_4)
FNF:5
FNH:0
FNDA:0,(anonymous_0)
FNDA:0,(anonymous_1)
FNDA:0,(anonymous_2)
FNDA:0,(anonymous_3)
FNDA:0,(anonymous_4)
DA:3,0
DA:4,0
DA:6,0
DA:9,0
DA:10,0
DA:13,0
DA:14,0
DA:17,0
DA:21,0
DA:22,0
DA:25,0
DA:28,0
DA:31,0
DA:36,0
DA:45,0
DA:46,0
DA:47,0
DA:49,0
DA:50,0
DA:51,0
DA:54,0
LF:21
LH:0
BRDA:4,0,0,0
BRDA:4,0,1,0
BRDA:10,1,0,0
BRDA:10,1,1,0
BRDA:13,2,0,0
BRDA:13,2,1,0
BRDA:21,3,0,0
BRDA:21,3,1,0
BRDA:21,4,0,0
BRDA:21,4,1,0
BRDA:25,5,0,0
BRDA:25,5,1,0
BRDA:46,6,0,0
BRDA:46,6,1,0
BRDA:50,7,0,0
BRDA:50,7,1,0
BRF:16
BRH:0
end_of_record
TN:
SF:src\utils\units.js
FN:1,(anonymous_0)
FN:11,(anonymous_1)
FN:28,(anonymous_2)
FN:33,(anonymous_3)
FNF:4
FNH:0
FNDA:0,(anonymous_0)
FNDA:0,(anonymous_1)
FNDA:0,(anonymous_2)
FNDA:0,(anonymous_3)
DA:1,0
DA:2,0
DA:4,0
DA:5,0
DA:6,0
DA:8,0
DA:11,0
DA:12,0
DA:15,0
DA:16,0
DA:18,0
DA:20,0
DA:23,0
DA:24,0
DA:25,0
DA:28,0
DA:29,0
DA:33,0
DA:34,0
DA:35,0
DA:36,0
DA:38,0
LF:22
LH:0
BRDA:1,0,0,0
BRDA:1,1,0,0
BRDA:2,2,0,0
BRDA:2,2,1,0
BRDA:4,3,0,0
BRDA:4,3,1,0
BRDA:11,4,0,0
BRDA:12,5,0,0
BRDA:12,5,1,0
BRDA:12,6,0,0
BRDA:12,6,1,0
BRDA:18,7,0,0
BRDA:18,7,1,0
BRDA:25,8,0,0
BRDA:25,8,1,0
BRDA:28,9,0,0
BRDA:29,10,0,0
BRDA:29,10,1,0
BRDA:33,11,0,0
BRDA:34,12,0,0
BRDA:34,12,1,0
BRDA:35,13,0,0
BRDA:35,13,1,0
BRF:23
BRH:0
end_of_record
